[+] Loading bwa 0.7.17 on cn3283 
[bwa_index] Pack FASTA... 0.03 sec
[bwa_index] Construct BWT for the packed sequence...
[bwa_index] 0.94 seconds elapse.
[bwa_index] Update BWT... 0.02 sec
[bwa_index] Pack forward-only FASTA... 0.02 sec
[bwa_index] Construct SA from BWT and Occ... 0.48 sec
[main] Version: 0.7.17-r1188
[main] CMD: bwa index /data/NCBR/projects/NCBR-492/data/manual_analysis/MAGs/SF6_metawrap.bin.1.fa
[main] Real time: 1.554 sec; CPU: 1.500 sec
[M::bwa_idx_load_from_disk] read 0 ALT contigs
[M::process] read 1067044 sequences (160000056 bp)...
[M::mem_pestat] # candidate unique pairs for (FF, FR, RF, RR): (5, 504247, 36, 2)
[M::mem_pestat] skip orientation FF as there are not enough pairs
[M::mem_pestat] analyzing insert size distribution for orientation FR...
[M::mem_pestat] (25, 50, 75) percentile: (286, 333, 381)
[M::mem_pestat] low and high boundaries for computing mean and std.dev: (96, 571)
[M::mem_pestat] mean and std.dev: (334.54, 69.70)
[M::mem_pestat] low and high boundaries for proper pairs: (1, 666)
[M::mem_pestat] analyzing insert size distribution for orientation RF...
[M::mem_pestat] (25, 50, 75) percentile: (210, 215, 225)
[M::mem_pestat] low and high boundaries for computing mean and std.dev: (180, 255)
[M::mem_pestat] mean and std.dev: (216.60, 7.27)
[M::mem_pestat] low and high boundaries for proper pairs: (165, 270)
[M::mem_pestat] skip orientation RR as there are not enough pairs
[M::mem_pestat] skip orientation RF
[M::process] read 1067032 sequences (160000092 bp)...
[M::mem_process_seqs] Processed 1067044 reads in 84.417 CPU sec, 6.691 real sec
[M::process] read 1066980 sequences (160000080 bp)...
[M::mem_pestat] # candidate unique pairs for (FF, FR, RF, RR): (10, 504122, 26, 7)
[M::mem_pestat] analyzing insert size distribution for orientation FF...
[M::mem_pestat] (25, 50, 75) percentile: (7477, 9361, 9361)
[M::mem_pestat] low and high boundaries for computing mean and std.dev: (3709, 13129)
[M::mem_pestat] mean and std.dev: (8890.00, 815.80)
[M::mem_pestat] low and high boundaries for proper pairs: (1825, 15013)
[M::mem_pestat] analyzing insert size distribution for orientation FR...
[M::mem_pestat] (25, 50, 75) percentile: (289, 336, 383)
[M::mem_pestat] low and high boundaries for computing mean and std.dev: (101, 571)
[M::mem_pestat] mean and std.dev: (337.20, 69.74)
[M::mem_pestat] low and high boundaries for proper pairs: (7, 665)
[M::mem_pestat] analyzing insert size distribution for orientation RF...
[M::mem_pestat] (25, 50, 75) percentile: (4, 210, 230)
[M::mem_pestat] low and high boundaries for computing mean and std.dev: (1, 682)
[M::mem_pestat] mean and std.dev: (132.86, 104.73)
[M::mem_pestat] low and high boundaries for proper pairs: (1, 908)
[M::mem_pestat] skip orientation RR as there are not enough pairs
[M::mem_pestat] skip orientation FF
[M::mem_pestat] skip orientation RF
[M::mem_process_seqs] Processed 1067032 reads in 86.137 CPU sec, 5.706 real sec
[M::mem_pestat] # candidate unique pairs for (FF, FR, RF, RR): (1, 503916, 23, 1)
[M::mem_pestat] skip orientation FF as there are not enough pairs
[M::mem_pestat] analyzing insert size distribution for orientation FR...
[M::mem_pestat] (25, 50, 75) percentile: (290, 337, 384)
[M::mem_pestat] low and high boundaries for computing mean and std.dev: (102, 572)
[M::mem_pestat] mean and std.dev: (338.06, 69.41)
[M::mem_pestat] low and high boundaries for proper pairs: (8, 666)
[M::mem_pestat] analyzing insert size distribution for orientation RF...
[M::mem_pestat] (25, 50, 75) percentile: (27, 210, 232)
[M::mem_pestat] low and high boundaries for computing mean and std.dev: (1, 642)
[M::mem_pestat] mean and std.dev: (150.22, 98.96)
[M::mem_pestat] low and high boundaries for proper pairs: (1, 847)
[M::mem_pestat] skip orientation RR as there are not enough pairs
[M::mem_pestat] skip orientation RF
[M::process] read 1066986 sequences (160000220 bp)...
[M::mem_process_seqs] Processed 1066980 reads in 90.097 CPU sec, 6.056 real sec
[M::mem_pestat] # candidate unique pairs for (FF, FR, RF, RR): (6, 503632, 21, 7)
[M::mem_pestat] skip orientation FF as there are not enough pairs
[M::mem_pestat] analyzing insert size distribution for orientation FR...
[M::mem_pestat] (25, 50, 75) percentile: (289, 335, 383)
[M::mem_pestat] low and high boundaries for computing mean and std.dev: (101, 571)
[M::mem_pestat] mean and std.dev: (336.87, 69.26)
[M::mem_pestat] low and high boundaries for proper pairs: (7, 665)
[M::mem_pestat] analyzing insert size distribution for orientation RF...
[M::mem_pestat] (25, 50, 75) percentile: (210, 217, 220)
[M::mem_pestat] low and high boundaries for computing mean and std.dev: (190, 240)
[M::mem_pestat] mean and std.dev: (217.00, 5.65)
[M::mem_pestat] low and high boundaries for proper pairs: (180, 250)
[M::mem_pestat] skip orientation RR as there are not enough pairs
[M::mem_pestat] skip orientation RF
[M::process] read 1067010 sequences (160000026 bp)...
[M::mem_process_seqs] Processed 1066986 reads in 86.841 CPU sec, 5.637 real sec
[M::process] read 1067010 sequences (160000100 bp)...
[M::mem_pestat] # candidate unique pairs for (FF, FR, RF, RR): (5, 503793, 25, 7)
[M::mem_pestat] skip orientation FF as there are not enough pairs
[M::mem_pestat] analyzing insert size distribution for orientation FR...
[M::mem_pestat] (25, 50, 75) percentile: (289, 335, 382)
[M::mem_pestat] low and high boundaries for computing mean and std.dev: (103, 568)
[M::mem_pestat] mean and std.dev: (336.74, 68.96)
[M::mem_pestat] low and high boundaries for proper pairs: (10, 661)
[M::mem_pestat] analyzing insert size distribution for orientation RF...
[M::mem_pestat] (25, 50, 75) percentile: (209, 210, 235)
[M::mem_pestat] low and high boundaries for computing mean and std.dev: (157, 287)
[M::mem_pestat] mean and std.dev: (221.19, 13.30)
[M::mem_pestat] low and high boundaries for proper pairs: (131, 313)
[M::mem_pestat] skip orientation RR as there are not enough pairs
[M::mem_pestat] skip orientation RF
[M::mem_process_seqs] Processed 1067010 reads in 86.674 CPU sec, 5.670 real sec
[M::mem_pestat] # candidate unique pairs for (FF, FR, RF, RR): (1, 503940, 19, 5)
[M::mem_pestat] skip orientation FF as there are not enough pairs
[M::mem_pestat] analyzing insert size distribution for orientation FR...
[M::mem_pestat] (25, 50, 75) percentile: (291, 337, 384)
[M::mem_pestat] low and high boundaries for computing mean and std.dev: (105, 570)
[M::mem_pestat] mean and std.dev: (338.66, 68.95)
[M::mem_pestat] low and high boundaries for proper pairs: (12, 663)
[M::mem_pestat] analyzing insert size distribution for orientation RF...
[M::mem_pestat] (25, 50, 75) percentile: (210, 235, 4734)
[M::mem_pestat] low and high boundaries for computing mean and std.dev: (1, 13782)
[M::mem_pestat] mean and std.dev: (1851.68, 2202.53)
[M::mem_pestat] low and high boundaries for proper pairs: (1, 18306)
[M::mem_pestat] skip orientation RR as there are not enough pairs
[M::mem_pestat] skip orientation RF
[M::process] read 1067006 sequences (160000210 bp)...
[M::mem_process_seqs] Processed 1067010 reads in 87.431 CPU sec, 5.881 real sec
[M::mem_pestat] # candidate unique pairs for (FF, FR, RF, RR): (15, 503645, 25, 17)
[M::mem_pestat] analyzing insert size distribution for orientation FF...
[M::mem_pestat] (25, 50, 75) percentile: (1272, 1272, 2655)
[M::mem_pestat] low and high boundaries for computing mean and std.dev: (1, 5421)
[M::mem_pestat] mean and std.dev: (1562.54, 763.60)
[M::mem_pestat] low and high boundaries for proper pairs: (1, 6804)
[M::mem_pestat] analyzing insert size distribution for orientation FR...
[M::mem_pestat] (25, 50, 75) percentile: (292, 338, 385)
[M::mem_pestat] low and high boundaries for computing mean and std.dev: (106, 571)
[M::mem_pestat] mean and std.dev: (339.40, 69.40)
[M::mem_pestat] low and high boundaries for proper pairs: (13, 664)
[M::mem_pestat] analyzing insert size distribution for orientation RF...
[M::mem_pestat] (25, 50, 75) percentile: (35, 210, 221)
[M::mem_pestat] low and high boundaries for computing mean and std.dev: (1, 593)
[M::mem_pestat] mean and std.dev: (141.83, 93.43)
[M::mem_pestat] low and high boundaries for proper pairs: (1, 779)
[M::mem_pestat] analyzing insert size distribution for orientation RR...
[M::mem_pestat] (25, 50, 75) percentile: (310, 321, 8357)
[M::mem_pestat] low and high boundaries for computing mean and std.dev: (1, 24451)
[M::mem_pestat] mean and std.dev: (3080.29, 3793.73)
[M::mem_pestat] low and high boundaries for proper pairs: (1, 32498)
[M::mem_pestat] skip orientation FF
[M::mem_pestat] skip orientation RF
[M::mem_pestat] skip orientation RR
[M::mem_process_seqs] Processed 1067006 reads in 89.059 CPU sec, 6.007 real sec
[M::process] read 1067010 sequences (160000282 bp)...
[M::process] read 1067048 sequences (160000136 bp)...
[M::mem_pestat] # candidate unique pairs for (FF, FR, RF, RR): (2, 503556, 24, 6)
[M::mem_pestat] skip orientation FF as there are not enough pairs
[M::mem_pestat] analyzing insert size distribution for orientation FR...
[M::mem_pestat] (25, 50, 75) percentile: (290, 337, 384)
[M::mem_pestat] low and high boundaries for computing mean and std.dev: (102, 572)
[M::mem_pestat] mean and std.dev: (338.26, 69.50)
[M::mem_pestat] low and high boundaries for proper pairs: (8, 666)
[M::mem_pestat] analyzing insert size distribution for orientation RF...
[M::mem_pestat] (25, 50, 75) percentile: (34, 210, 213)
[M::mem_pestat] low and high boundaries for computing mean and std.dev: (1, 571)
[M::mem_pestat] mean and std.dev: (145.55, 94.30)
[M::mem_pestat] low and high boundaries for proper pairs: (1, 750)
[M::mem_pestat] skip orientation RR as there are not enough pairs
[M::mem_pestat] skip orientation RF
[M::mem_process_seqs] Processed 1067010 reads in 87.678 CPU sec, 5.853 real sec
[M::process] read 1067026 sequences (160000014 bp)...
[M::mem_pestat] # candidate unique pairs for (FF, FR, RF, RR): (5, 504052, 15, 3)
[M::mem_pestat] skip orientation FF as there are not enough pairs
[M::mem_pestat] analyzing insert size distribution for orientation FR...
[M::mem_pestat] (25, 50, 75) percentile: (288, 335, 383)
[M::mem_pestat] low and high boundaries for computing mean and std.dev: (98, 573)
[M::mem_pestat] mean and std.dev: (336.38, 70.44)
[M::mem_pestat] low and high boundaries for proper pairs: (3, 668)
[M::mem_pestat] analyzing insert size distribution for orientation RF...
[M::mem_pestat] (25, 50, 75) percentile: (20, 27, 219)
[M::mem_pestat] low and high boundaries for computing mean and std.dev: (1, 617)
[M::mem_pestat] mean and std.dev: (100.00, 100.06)
[M::mem_pestat] low and high boundaries for proper pairs: (1, 816)
[M::mem_pestat] skip orientation RR as there are not enough pairs
[M::mem_pestat] skip orientation RF
[M::mem_process_seqs] Processed 1067048 reads in 87.811 CPU sec, 5.929 real sec
[M::process] read 1067016 sequences (160000210 bp)...
[M::mem_pestat] # candidate unique pairs for (FF, FR, RF, RR): (5, 504164, 18, 6)
[M::mem_pestat] skip orientation FF as there are not enough pairs
[M::mem_pestat] analyzing insert size distribution for orientation FR...
[M::mem_pestat] (25, 50, 75) percentile: (291, 338, 385)
[M::mem_pestat] low and high boundaries for computing mean and std.dev: (103, 573)
[M::mem_pestat] mean and std.dev: (339.19, 70.26)
[M::mem_pestat] low and high boundaries for proper pairs: (9, 667)
[M::mem_pestat] analyzing insert size distribution for orientation RF...
[M::mem_pestat] (25, 50, 75) percentile: (34, 210, 213)
[M::mem_pestat] low and high boundaries for computing mean and std.dev: (1, 571)
[M::mem_pestat] mean and std.dev: (152.06, 90.14)
[M::mem_pestat] low and high boundaries for proper pairs: (1, 750)
[M::mem_pestat] skip orientation RR as there are not enough pairs
[M::mem_pestat] skip orientation RF
[M::mem_process_seqs] Processed 1067026 reads in 84.860 CPU sec, 5.805 real sec
[M::process] read 1066976 sequences (160000198 bp)...
[M::mem_pestat] # candidate unique pairs for (FF, FR, RF, RR): (5, 503516, 16, 10)
[M::mem_pestat] skip orientation FF as there are not enough pairs
[M::mem_pestat] analyzing insert size distribution for orientation FR...
[M::mem_pestat] (25, 50, 75) percentile: (292, 339, 386)
[M::mem_pestat] low and high boundaries for computing mean and std.dev: (104, 574)
[M::mem_pestat] mean and std.dev: (339.92, 69.62)
[M::mem_pestat] low and high boundaries for proper pairs: (10, 668)
[M::mem_pestat] analyzing insert size distribution for orientation RF...
[M::mem_pestat] (25, 50, 75) percentile: (7, 49, 216)
[M::mem_pestat] low and high boundaries for computing mean and std.dev: (1, 634)
[M::mem_pestat] mean and std.dev: (102.00, 98.41)
[M::mem_pestat] low and high boundaries for proper pairs: (1, 843)
[M::mem_pestat] analyzing insert size distribution for orientation RR...
[M::mem_pestat] (25, 50, 75) percentile: (263, 2295, 2295)
[M::mem_pestat] low and high boundaries for computing mean and std.dev: (1, 6359)
[M::mem_pestat] mean and std.dev: (1677.50, 1385.66)
[M::mem_pestat] low and high boundaries for proper pairs: (1, 8391)
[M::mem_pestat] skip orientation RF
[M::mem_pestat] skip orientation RR
[M::mem_process_seqs] Processed 1067016 reads in 86.458 CPU sec, 5.674 real sec
[M::process] read 1066958 sequences (160000128 bp)...
[M::mem_pestat] # candidate unique pairs for (FF, FR, RF, RR): (4, 504395, 43, 16)
[M::mem_pestat] skip orientation FF as there are not enough pairs
[M::mem_pestat] analyzing insert size distribution for orientation FR...
[M::mem_pestat] (25, 50, 75) percentile: (291, 338, 385)
[M::mem_pestat] low and high boundaries for computing mean and std.dev: (103, 573)
[M::mem_pestat] mean and std.dev: (338.95, 69.39)
[M::mem_pestat] low and high boundaries for proper pairs: (9, 667)
[M::mem_pestat] analyzing insert size distribution for orientation RF...
[M::mem_pestat] (25, 50, 75) percentile: (208, 210, 219)
[M::mem_pestat] low and high boundaries for computing mean and std.dev: (186, 241)
[M::mem_pestat] mean and std.dev: (215.06, 8.85)
[M::mem_pestat] low and high boundaries for proper pairs: (175, 252)
[M::mem_pestat] analyzing insert size distribution for orientation RR...
[M::mem_pestat] (25, 50, 75) percentile: (226, 2150, 2150)
[M::mem_pestat] low and high boundaries for computing mean and std.dev: (1, 5998)
[M::mem_pestat] mean and std.dev: (1444.80, 1477.79)
[M::mem_pestat] low and high boundaries for proper pairs: (1, 7922)
[M::mem_pestat] skip orientation RF
[M::mem_pestat] skip orientation RR
[M::mem_process_seqs] Processed 1066976 reads in 86.379 CPU sec, 5.805 real sec
[M::mem_pestat] # candidate unique pairs for (FF, FR, RF, RR): (6, 504133, 37, 0)
[M::mem_pestat] skip orientation FF as there are not enough pairs
[M::mem_pestat] analyzing insert size distribution for orientation FR...
[M::mem_pestat] (25, 50, 75) percentile: (291, 337, 384)
[M::mem_pestat] low and high boundaries for computing mean and std.dev: (105, 570)
[M::mem_pestat] mean and std.dev: (338.68, 68.97)
[M::mem_pestat] low and high boundaries for proper pairs: (12, 663)
[M::mem_pestat] analyzing insert size distribution for orientation RF...
[M::mem_pestat] (25, 50, 75) percentile: (210, 214, 229)
[M::mem_pestat] low and high boundaries for computing mean and std.dev: (172, 267)
[M::mem_pestat] mean and std.dev: (219.03, 10.85)
[M::mem_pestat] low and high boundaries for proper pairs: (153, 286)
[M::mem_pestat] skip orientation RR as there are not enough pairs
[M::mem_pestat] skip orientation RF
[M::process] read 1066976 sequences (160000080 bp)...
[M::mem_process_seqs] Processed 1066958 reads in 88.411 CPU sec, 5.925 real sec
[M::process] read 1066968 sequences (160000050 bp)...
[M::mem_pestat] # candidate unique pairs for (FF, FR, RF, RR): (1, 503980, 33, 6)
[M::mem_pestat] skip orientation FF as there are not enough pairs
[M::mem_pestat] analyzing insert size distribution for orientation FR...
[M::mem_pestat] (25, 50, 75) percentile: (292, 338, 385)
[M::mem_pestat] low and high boundaries for computing mean and std.dev: (106, 571)
[M::mem_pestat] mean and std.dev: (339.74, 68.92)
[M::mem_pestat] low and high boundaries for proper pairs: (13, 664)
[M::mem_pestat] analyzing insert size distribution for orientation RF...
[M::mem_pestat] (25, 50, 75) percentile: (19, 209, 210)
[M::mem_pestat] low and high boundaries for computing mean and std.dev: (1, 592)
[M::mem_pestat] mean and std.dev: (126.42, 93.76)
[M::mem_pestat] low and high boundaries for proper pairs: (1, 783)
[M::mem_pestat] skip orientation RR as there are not enough pairs
[M::mem_pestat] skip orientation RF
[M::mem_process_seqs] Processed 1066976 reads in 86.724 CPU sec, 5.857 real sec
[M::mem_pestat] # candidate unique pairs for (FF, FR, RF, RR): (5, 503876, 42, 13)
[M::mem_pestat] skip orientation FF as there are not enough pairs
[M::mem_pestat] analyzing insert size distribution for orientation FR...
[M::mem_pestat] (25, 50, 75) percentile: (292, 338, 385)
[M::mem_pestat] low and high boundaries for computing mean and std.dev: (106, 571)
[M::mem_pestat] mean and std.dev: (339.47, 69.09)
[M::mem_pestat] low and high boundaries for proper pairs: (13, 664)
[M::mem_pestat] analyzing insert size distribution for orientation RF...
[M::mem_pestat] (25, 50, 75) percentile: (40, 210, 224)
[M::mem_pestat] low and high boundaries for computing mean and std.dev: (1, 592)
[M::mem_pestat] mean and std.dev: (114.38, 93.87)
[M::mem_pestat] low and high boundaries for proper pairs: (1, 776)
[M::mem_pestat] analyzing insert size distribution for orientation RR...
[M::mem_pestat] (25, 50, 75) percentile: (854, 3323, 3323)
[M::mem_pestat] low and high boundaries for computing mean and std.dev: (1, 8261)
[M::mem_pestat] mean and std.dev: (2047.15, 1392.65)
[M::mem_pestat] low and high boundaries for proper pairs: (1, 10730)
[M::mem_pestat] skip orientation RF
[M::mem_pestat] skip orientation RR
[M::process] read 1066992 sequences (160000038 bp)...
[M::mem_process_seqs] Processed 1066968 reads in 88.761 CPU sec, 5.956 real sec
[M::process] read 1066992 sequences (160000188 bp)...
[M::mem_pestat] # candidate unique pairs for (FF, FR, RF, RR): (5, 504329, 38, 3)
[M::mem_pestat] skip orientation FF as there are not enough pairs
[M::mem_pestat] analyzing insert size distribution for orientation FR...
[M::mem_pestat] (25, 50, 75) percentile: (290, 337, 384)
[M::mem_pestat] low and high boundaries for computing mean and std.dev: (102, 572)
[M::mem_pestat] mean and std.dev: (338.17, 69.43)
[M::mem_pestat] low and high boundaries for proper pairs: (8, 666)
[M::mem_pestat] analyzing insert size distribution for orientation RF...
[M::mem_pestat] (25, 50, 75) percentile: (59, 210, 211)
[M::mem_pestat] low and high boundaries for computing mean and std.dev: (1, 515)
[M::mem_pestat] mean and std.dev: (152.73, 87.65)
[M::mem_pestat] low and high boundaries for proper pairs: (1, 667)
[M::mem_pestat] skip orientation RR as there are not enough pairs
[M::mem_pestat] skip orientation RF
[M::mem_process_seqs] Processed 1066992 reads in 88.267 CPU sec, 5.860 real sec
[M::mem_pestat] # candidate unique pairs for (FF, FR, RF, RR): (4, 504028, 25, 8)
[M::mem_pestat] skip orientation FF as there are not enough pairs
[M::mem_pestat] analyzing insert size distribution for orientation FR...
[M::mem_pestat] (25, 50, 75) percentile: (289, 336, 384)
[M::mem_pestat] low and high boundaries for computing mean and std.dev: (99, 574)
[M::mem_pestat] mean and std.dev: (337.67, 70.23)
[M::mem_pestat] low and high boundaries for proper pairs: (4, 669)
[M::mem_pestat] analyzing insert size distribution for orientation RF...
[M::mem_pestat] (25, 50, 75) percentile: (9, 19, 210)
[M::mem_pestat] low and high boundaries for computing mean and std.dev: (1, 612)
[M::mem_pestat] mean and std.dev: (85.78, 102.61)
[M::mem_pestat] low and high boundaries for proper pairs: (1, 813)
[M::mem_pestat] skip orientation RR as there are not enough pairs
[M::mem_pestat] skip orientation RF
[M::process] read 1067008 sequences (160000130 bp)...
[M::mem_process_seqs] Processed 1066992 reads in 89.990 CPU sec, 5.927 real sec
[M::process] read 1066946 sequences (160000192 bp)...
[M::mem_pestat] # candidate unique pairs for (FF, FR, RF, RR): (2, 503537, 36, 10)
[M::mem_pestat] skip orientation FF as there are not enough pairs
[M::mem_pestat] analyzing insert size distribution for orientation FR...
[M::mem_pestat] (25, 50, 75) percentile: (291, 338, 386)
[M::mem_pestat] low and high boundaries for computing mean and std.dev: (101, 576)
[M::mem_pestat] mean and std.dev: (339.64, 70.27)
[M::mem_pestat] low and high boundaries for proper pairs: (6, 671)
[M::mem_pestat] analyzing insert size distribution for orientation RF...
[M::mem_pestat] (25, 50, 75) percentile: (38, 210, 215)
[M::mem_pestat] low and high boundaries for computing mean and std.dev: (1, 569)
[M::mem_pestat] mean and std.dev: (141.36, 92.10)
[M::mem_pestat] low and high boundaries for proper pairs: (1, 746)
[M::mem_pestat] analyzing insert size distribution for orientation RR...
[M::mem_pestat] (25, 50, 75) percentile: (190, 214, 312)
[M::mem_pestat] low and high boundaries for computing mean and std.dev: (1, 556)
[M::mem_pestat] mean and std.dev: (234.22, 55.47)
[M::mem_pestat] low and high boundaries for proper pairs: (1, 678)
[M::mem_pestat] skip orientation RF
[M::mem_pestat] skip orientation RR
[M::mem_process_seqs] Processed 1067008 reads in 87.446 CPU sec, 5.701 real sec
[M::mem_pestat] # candidate unique pairs for (FF, FR, RF, RR): (6, 503903, 23, 5)
[M::mem_pestat] skip orientation FF as there are not enough pairs
[M::mem_pestat] analyzing insert size distribution for orientation FR...
[M::mem_pestat] (25, 50, 75) percentile: (293, 340, 387)
[M::mem_pestat] low and high boundaries for computing mean and std.dev: (105, 575)
[M::mem_pestat] mean and std.dev: (341.40, 69.74)
[M::mem_pestat] low and high boundaries for proper pairs: (11, 669)
[M::mem_pestat] analyzing insert size distribution for orientation RF...
[M::mem_pestat] (25, 50, 75) percentile: (210, 210, 219)
[M::mem_pestat] low and high boundaries for computing mean and std.dev: (192, 237)
[M::mem_pestat] mean and std.dev: (212.44, 4.14)
[M::mem_pestat] low and high boundaries for proper pairs: (183, 246)
[M::mem_pestat] skip orientation RR as there are not enough pairs
[M::mem_pestat] skip orientation RF
[M::process] read 1066986 sequences (160000146 bp)...
[M::mem_process_seqs] Processed 1066946 reads in 88.763 CPU sec, 5.976 real sec
[M::process] read 1066980 sequences (160000110 bp)...
[M::mem_pestat] # candidate unique pairs for (FF, FR, RF, RR): (0, 503676, 30, 8)
[M::mem_pestat] skip orientation FF as there are not enough pairs
[M::mem_pestat] analyzing insert size distribution for orientation FR...
[M::mem_pestat] (25, 50, 75) percentile: (292, 338, 385)
[M::mem_pestat] low and high boundaries for computing mean and std.dev: (106, 571)
[M::mem_pestat] mean and std.dev: (339.03, 69.23)
[M::mem_pestat] low and high boundaries for proper pairs: (13, 664)
[M::mem_pestat] analyzing insert size distribution for orientation RF...
[M::mem_pestat] (25, 50, 75) percentile: (210, 210, 1384)
[M::mem_pestat] low and high boundaries for computing mean and std.dev: (1, 3732)
[M::mem_pestat] mean and std.dev: (644.10, 790.05)
[M::mem_pestat] low and high boundaries for proper pairs: (1, 4906)
[M::mem_pestat] skip orientation RR as there are not enough pairs
[M::mem_pestat] skip orientation RF
[M::mem_process_seqs] Processed 1066986 reads in 87.721 CPU sec, 5.843 real sec
[M::mem_pestat] # candidate unique pairs for (FF, FR, RF, RR): (4, 504334, 21, 5)
[M::mem_pestat] skip orientation FF as there are not enough pairs
[M::mem_pestat] analyzing insert size distribution for orientation FR...
[M::mem_pestat] (25, 50, 75) percentile: (292, 338, 385)
[M::mem_pestat] low and high boundaries for computing mean and std.dev: (106, 571)
[M::mem_pestat] mean and std.dev: (339.19, 69.16)
[M::mem_pestat] low and high boundaries for proper pairs: (13, 664)
[M::mem_pestat] analyzing insert size distribution for orientation RF...
[M::mem_pestat] (25, 50, 75) percentile: (150, 210, 210)
[M::mem_pestat] low and high boundaries for computing mean and std.dev: (30, 330)
[M::mem_pestat] mean and std.dev: (186.28, 52.89)
[M::mem_pestat] low and high boundaries for proper pairs: (1, 398)
[M::mem_pestat] skip orientation RR as there are not enough pairs
[M::mem_pestat] skip orientation RF
[M::mem_process_seqs] Processed 1066980 reads in 88.176 CPU sec, 5.754 real sec
[M::process] read 1066996 sequences (160000154 bp)...
[M::process] read 1066968 sequences (160000166 bp)...
[M::mem_pestat] # candidate unique pairs for (FF, FR, RF, RR): (11, 503766, 21, 8)
[M::mem_pestat] analyzing insert size distribution for orientation FF...
[M::mem_pestat] (25, 50, 75) percentile: (294, 294, 4894)
[M::mem_pestat] low and high boundaries for computing mean and std.dev: (1, 14094)
[M::mem_pestat] mean and std.dev: (1530.00, 2060.37)
[M::mem_pestat] low and high boundaries for proper pairs: (1, 18694)
[M::mem_pestat] analyzing insert size distribution for orientation FR...
[M::mem_pestat] (25, 50, 75) percentile: (292, 338, 385)
[M::mem_pestat] low and high boundaries for computing mean and std.dev: (106, 571)
[M::mem_pestat] mean and std.dev: (339.40, 68.83)
[M::mem_pestat] low and high boundaries for proper pairs: (13, 664)
[M::mem_pestat] analyzing insert size distribution for orientation RF...
[M::mem_pestat] (25, 50, 75) percentile: (34, 61, 3222)
[M::mem_pestat] low and high boundaries for computing mean and std.dev: (1, 9598)
[M::mem_pestat] mean and std.dev: (1226.00, 2251.14)
[M::mem_pestat] low and high boundaries for proper pairs: (1, 12786)
[M::mem_pestat] skip orientation RR as there are not enough pairs
[M::mem_pestat] skip orientation FF
[M::mem_pestat] skip orientation RF
[M::mem_process_seqs] Processed 1066996 reads in 86.080 CPU sec, 5.735 real sec
[M::mem_pestat] # candidate unique pairs for (FF, FR, RF, RR): (4, 504208, 23, 6)
[M::mem_pestat] skip orientation FF as there are not enough pairs
[M::mem_pestat] analyzing insert size distribution for orientation FR...
[M::mem_pestat] (25, 50, 75) percentile: (292, 337, 384)
[M::mem_pestat] low and high boundaries for computing mean and std.dev: (108, 568)
[M::mem_pestat] mean and std.dev: (338.92, 68.84)
[M::mem_pestat] low and high boundaries for proper pairs: (16, 660)
[M::mem_pestat] analyzing insert size distribution for orientation RF...
[M::mem_pestat] (25, 50, 75) percentile: (21, 210, 216)
[M::mem_pestat] low and high boundaries for computing mean and std.dev: (1, 606)
[M::mem_pestat] mean and std.dev: (134.39, 98.57)
[M::mem_pestat] low and high boundaries for proper pairs: (1, 801)
[M::mem_pestat] skip orientation RR as there are not enough pairs
[M::mem_pestat] skip orientation RF
[M::mem_process_seqs] Processed 1066968 reads in 87.483 CPU sec, 5.740 real sec
[M::process] read 1067002 sequences (160000004 bp)...
[M::process] read 1067004 sequences (160000170 bp)...
[M::mem_pestat] # candidate unique pairs for (FF, FR, RF, RR): (12, 503686, 28, 7)
[M::mem_pestat] analyzing insert size distribution for orientation FF...
[M::mem_pestat] (25, 50, 75) percentile: (1554, 5046, 6009)
[M::mem_pestat] low and high boundaries for computing mean and std.dev: (1, 14919)
[M::mem_pestat] mean and std.dev: (3876.25, 2109.49)
[M::mem_pestat] low and high boundaries for proper pairs: (1, 19374)
[M::mem_pestat] analyzing insert size distribution for orientation FR...
[M::mem_pestat] (25, 50, 75) percentile: (291, 337, 384)
[M::mem_pestat] low and high boundaries for computing mean and std.dev: (105, 570)
[M::mem_pestat] mean and std.dev: (338.56, 69.42)
[M::mem_pestat] low and high boundaries for proper pairs: (12, 663)
[M::mem_pestat] analyzing insert size distribution for orientation RF...
[M::mem_pestat] (25, 50, 75) percentile: (44, 210, 222)
[M::mem_pestat] low and high boundaries for computing mean and std.dev: (1, 578)
[M::mem_pestat] mean and std.dev: (139.54, 92.79)
[M::mem_pestat] low and high boundaries for proper pairs: (1, 756)
[M::mem_pestat] skip orientation RR as there are not enough pairs
[M::mem_pestat] skip orientation FF
[M::mem_pestat] skip orientation RF
[M::mem_process_seqs] Processed 1067002 reads in 85.831 CPU sec, 5.789 real sec
[M::mem_pestat] # candidate unique pairs for (FF, FR, RF, RR): (18, 504095, 31, 5)
[M::mem_pestat] analyzing insert size distribution for orientation FF...
[M::mem_pestat] (25, 50, 75) percentile: (569, 569, 3569)
[M::mem_pestat] low and high boundaries for computing mean and std.dev: (1, 9569)
[M::mem_pestat] mean and std.dev: (2054.94, 2472.16)
[M::mem_pestat] low and high boundaries for proper pairs: (1, 12569)
[M::mem_pestat] analyzing insert size distribution for orientation FR...
[M::mem_pestat] (25, 50, 75) percentile: (290, 337, 384)
[M::mem_pestat] low and high boundaries for computing mean and std.dev: (102, 572)
[M::mem_pestat] mean and std.dev: (338.25, 69.72)
[M::mem_pestat] low and high boundaries for proper pairs: (8, 666)
[M::mem_pestat] analyzing insert size distribution for orientation RF...
[M::mem_pestat] (25, 50, 75) percentile: (30, 210, 225)
[M::mem_pestat] low and high boundaries for computing mean and std.dev: (1, 615)
[M::mem_pestat] mean and std.dev: (122.36, 96.35)
[M::mem_pestat] low and high boundaries for proper pairs: (1, 810)
[M::mem_pestat] skip orientation RR as there are not enough pairs
[M::mem_pestat] skip orientation FF
[M::mem_pestat] skip orientation RF
[M::process] read 1066978 sequences (160000238 bp)...
[M::mem_process_seqs] Processed 1067004 reads in 87.997 CPU sec, 6.044 real sec
[M::process] read 1066956 sequences (160000076 bp)...
[M::mem_pestat] # candidate unique pairs for (FF, FR, RF, RR): (21, 503571, 27, 9)
[M::mem_pestat] analyzing insert size distribution for orientation FF...
[M::mem_pestat] (25, 50, 75) percentile: (6343, 6343, 9039)
[M::mem_pestat] low and high boundaries for computing mean and std.dev: (951, 14431)
[M::mem_pestat] mean and std.dev: (7203.33, 1353.87)
[M::mem_pestat] low and high boundaries for proper pairs: (1, 17127)
[M::mem_pestat] analyzing insert size distribution for orientation FR...
[M::mem_pestat] (25, 50, 75) percentile: (290, 337, 384)
[M::mem_pestat] low and high boundaries for computing mean and std.dev: (102, 572)
[M::mem_pestat] mean and std.dev: (338.03, 70.16)
[M::mem_pestat] low and high boundaries for proper pairs: (8, 666)
[M::mem_pestat] analyzing insert size distribution for orientation RF...
[M::mem_pestat] (25, 50, 75) percentile: (210, 214, 242)
[M::mem_pestat] low and high boundaries for computing mean and std.dev: (146, 306)
[M::mem_pestat] mean and std.dev: (217.53, 21.70)
[M::mem_pestat] low and high boundaries for proper pairs: (114, 338)
[M::mem_pestat] skip orientation RR as there are not enough pairs
[M::mem_pestat] skip orientation FF
[M::mem_pestat] skip orientation RF
[M::mem_process_seqs] Processed 1066978 reads in 87.096 CPU sec, 5.863 real sec
[M::process] read 1066978 sequences (160000126 bp)...
[M::mem_pestat] # candidate unique pairs for (FF, FR, RF, RR): (0, 503585, 23, 4)
[M::mem_pestat] skip orientation FF as there are not enough pairs
[M::mem_pestat] analyzing insert size distribution for orientation FR...
[M::mem_pestat] (25, 50, 75) percentile: (293, 339, 387)
[M::mem_pestat] low and high boundaries for computing mean and std.dev: (105, 575)
[M::mem_pestat] mean and std.dev: (340.98, 70.21)
[M::mem_pestat] low and high boundaries for proper pairs: (11, 669)
[M::mem_pestat] analyzing insert size distribution for orientation RF...
[M::mem_pestat] (25, 50, 75) percentile: (195, 215, 244)
[M::mem_pestat] low and high boundaries for computing mean and std.dev: (97, 342)
[M::mem_pestat] mean and std.dev: (222.08, 14.22)
[M::mem_pestat] low and high boundaries for proper pairs: (48, 391)
[M::mem_pestat] skip orientation RR as there are not enough pairs
[M::mem_pestat] skip orientation RF
[M::mem_process_seqs] Processed 1066956 reads in 82.980 CPU sec, 6.174 real sec
[M::mem_pestat] # candidate unique pairs for (FF, FR, RF, RR): (5, 504010, 27, 2)
[M::mem_pestat] skip orientation FF as there are not enough pairs
[M::mem_pestat] analyzing insert size distribution for orientation FR...
[M::mem_pestat] (25, 50, 75) percentile: (292, 339, 386)
[M::mem_pestat] low and high boundaries for computing mean and std.dev: (104, 574)
[M::mem_pestat] mean and std.dev: (340.00, 69.58)
[M::mem_pestat] low and high boundaries for proper pairs: (10, 668)
[M::mem_pestat] analyzing insert size distribution for orientation RF...
[M::mem_pestat] (25, 50, 75) percentile: (210, 210, 242)
[M::mem_pestat] low and high boundaries for computing mean and std.dev: (146, 306)
[M::mem_pestat] mean and std.dev: (225.75, 15.79)
[M::mem_pestat] low and high boundaries for proper pairs: (114, 338)
[M::mem_pestat] skip orientation RR as there are not enough pairs
[M::mem_pestat] skip orientation RF
[M::process] read 1067012 sequences (160000128 bp)...
[M::mem_process_seqs] Processed 1066978 reads in 88.800 CPU sec, 5.909 real sec
[M::mem_pestat] # candidate unique pairs for (FF, FR, RF, RR): (4, 504520, 16, 11)
[M::mem_pestat] skip orientation FF as there are not enough pairs
[M::mem_pestat] analyzing insert size distribution for orientation FR...
[M::mem_pestat] (25, 50, 75) percentile: (291, 337, 385)
[M::mem_pestat] low and high boundaries for computing mean and std.dev: (103, 573)
[M::mem_pestat] mean and std.dev: (338.79, 69.64)
[M::mem_pestat] low and high boundaries for proper pairs: (9, 667)
[M::mem_pestat] analyzing insert size distribution for orientation RF...
[M::mem_pestat] (25, 50, 75) percentile: (40, 210, 220)
[M::mem_pestat] low and high boundaries for computing mean and std.dev: (1, 580)
[M::mem_pestat] mean and std.dev: (126.50, 93.18)
[M::mem_pestat] low and high boundaries for proper pairs: (1, 760)
[M::mem_pestat] analyzing insert size distribution for orientation RR...
[M::mem_pestat] (25, 50, 75) percentile: (3367, 3367, 6000)
[M::mem_pestat] low and high boundaries for computing mean and std.dev: (1, 11266)
[M::mem_pestat] mean and std.dev: (3674.73, 2607.09)
[M::mem_pestat] low and high boundaries for proper pairs: (1, 14103)
[M::mem_pestat] skip orientation RF
[M::mem_pestat] skip orientation RR
[M::process] read 1066950 sequences (160000298 bp)...
[M::mem_process_seqs] Processed 1067012 reads in 87.508 CPU sec, 5.853 real sec
[M::process] read 1066976 sequences (160000226 bp)...
[M::mem_pestat] # candidate unique pairs for (FF, FR, RF, RR): (2, 504413, 38, 0)
[M::mem_pestat] skip orientation FF as there are not enough pairs
[M::mem_pestat] analyzing insert size distribution for orientation FR...
[M::mem_pestat] (25, 50, 75) percentile: (292, 338, 385)
[M::mem_pestat] low and high boundaries for computing mean and std.dev: (106, 571)
[M::mem_pestat] mean and std.dev: (339.18, 68.93)
[M::mem_pestat] low and high boundaries for proper pairs: (13, 664)
[M::mem_pestat] analyzing insert size distribution for orientation RF...
[M::mem_pestat] (25, 50, 75) percentile: (23, 211, 240)
[M::mem_pestat] low and high boundaries for computing mean and std.dev: (1, 674)
[M::mem_pestat] mean and std.dev: (140.92, 102.37)
[M::mem_pestat] low and high boundaries for proper pairs: (1, 891)
[M::mem_pestat] skip orientation RR as there are not enough pairs
[M::mem_pestat] skip orientation RF
[M::mem_process_seqs] Processed 1066950 reads in 86.188 CPU sec, 5.705 real sec
[M::mem_pestat] # candidate unique pairs for (FF, FR, RF, RR): (7, 504294, 34, 6)
[M::mem_pestat] skip orientation FF as there are not enough pairs
[M::mem_pestat] analyzing insert size distribution for orientation FR...
[M::mem_pestat] (25, 50, 75) percentile: (291, 337, 384)
[M::mem_pestat] low and high boundaries for computing mean and std.dev: (105, 570)
[M::mem_pestat] mean and std.dev: (338.49, 69.05)
[M::mem_pestat] low and high boundaries for proper pairs: (12, 663)
[M::mem_pestat] analyzing insert size distribution for orientation RF...
[M::mem_pestat] (25, 50, 75) percentile: (38, 210, 225)
[M::mem_pestat] low and high boundaries for computing mean and std.dev: (1, 599)
[M::mem_pestat] mean and std.dev: (185.97, 145.57)
[M::mem_pestat] low and high boundaries for proper pairs: (1, 786)
[M::mem_pestat] skip orientation RR as there are not enough pairs
[M::mem_pestat] skip orientation RF
[M::process] read 1066978 sequences (160000262 bp)...
[M::mem_process_seqs] Processed 1066976 reads in 87.345 CPU sec, 5.989 real sec
[M::process] read 1067002 sequences (160000232 bp)...
[M::mem_pestat] # candidate unique pairs for (FF, FR, RF, RR): (6, 503599, 27, 4)
[M::mem_pestat] skip orientation FF as there are not enough pairs
[M::mem_pestat] analyzing insert size distribution for orientation FR...
[M::mem_pestat] (25, 50, 75) percentile: (291, 337, 384)
[M::mem_pestat] low and high boundaries for computing mean and std.dev: (105, 570)
[M::mem_pestat] mean and std.dev: (338.30, 69.23)
[M::mem_pestat] low and high boundaries for proper pairs: (12, 663)
[M::mem_pestat] analyzing insert size distribution for orientation RF...
[M::mem_pestat] (25, 50, 75) percentile: (210, 227, 624)
[M::mem_pestat] low and high boundaries for computing mean and std.dev: (1, 1452)
[M::mem_pestat] mean and std.dev: (221.05, 153.27)
[M::mem_pestat] low and high boundaries for proper pairs: (1, 1866)
[M::mem_pestat] skip orientation RR as there are not enough pairs
[M::mem_pestat] skip orientation RF
[M::mem_process_seqs] Processed 1066978 reads in 86.004 CPU sec, 5.652 real sec
[M::mem_pestat] # candidate unique pairs for (FF, FR, RF, RR): (6, 503954, 23, 7)
[M::mem_pestat] skip orientation FF as there are not enough pairs
[M::mem_pestat] analyzing insert size distribution for orientation FR...
[M::mem_pestat] (25, 50, 75) percentile: (289, 336, 383)
[M::mem_pestat] low and high boundaries for computing mean and std.dev: (101, 571)
[M::mem_pestat] mean and std.dev: (337.23, 69.50)
[M::mem_pestat] low and high boundaries for proper pairs: (7, 665)
[M::mem_pestat] analyzing insert size distribution for orientation RF...
[M::mem_pestat] (25, 50, 75) percentile: (210, 237, 1874)
[M::mem_pestat] low and high boundaries for computing mean and std.dev: (1, 5202)
[M::mem_pestat] mean and std.dev: (475.72, 628.24)
[M::mem_pestat] low and high boundaries for proper pairs: (1, 6866)
[M::mem_pestat] skip orientation RR as there are not enough pairs
[M::mem_pestat] skip orientation RF
[M::process] read 1067078 sequences (160000246 bp)...
[M::mem_process_seqs] Processed 1067002 reads in 88.025 CPU sec, 5.786 real sec
[M::process] read 1067078 sequences (160000094 bp)...
[M::mem_pestat] # candidate unique pairs for (FF, FR, RF, RR): (5, 503736, 34, 7)
[M::mem_pestat] skip orientation FF as there are not enough pairs
[M::mem_pestat] analyzing insert size distribution for orientation FR...
[M::mem_pestat] (25, 50, 75) percentile: (279, 326, 375)
[M::mem_pestat] low and high boundaries for computing mean and std.dev: (87, 567)
[M::mem_pestat] mean and std.dev: (328.27, 70.47)
[M::mem_pestat] low and high boundaries for proper pairs: (1, 663)
[M::mem_pestat] analyzing insert size distribution for orientation RF...
[M::mem_pestat] (25, 50, 75) percentile: (21, 210, 216)
[M::mem_pestat] low and high boundaries for computing mean and std.dev: (1, 606)
[M::mem_pestat] mean and std.dev: (132.87, 96.53)
[M::mem_pestat] low and high boundaries for proper pairs: (1, 801)
[M::mem_pestat] skip orientation RR as there are not enough pairs
[M::mem_pestat] skip orientation RF
[M::mem_process_seqs] Processed 1067078 reads in 84.309 CPU sec, 6.147 real sec
[M::mem_pestat] # candidate unique pairs for (FF, FR, RF, RR): (4, 503794, 35, 8)
[M::mem_pestat] skip orientation FF as there are not enough pairs
[M::mem_pestat] analyzing insert size distribution for orientation FR...
[M::mem_pestat] (25, 50, 75) percentile: (282, 330, 379)
[M::mem_pestat] low and high boundaries for computing mean and std.dev: (88, 573)
[M::mem_pestat] mean and std.dev: (331.86, 71.50)
[M::mem_pestat] low and high boundaries for proper pairs: (1, 670)
[M::mem_pestat] analyzing insert size distribution for orientation RF...
[M::mem_pestat] (25, 50, 75) percentile: (36, 210, 210)
[M::mem_pestat] low and high boundaries for computing mean and std.dev: (1, 558)
[M::mem_pestat] mean and std.dev: (122.61, 92.43)
[M::mem_pestat] low and high boundaries for proper pairs: (1, 732)
[M::mem_pestat] skip orientation RR as there are not enough pairs
[M::mem_pestat] skip orientation RF
[M::process] read 1067036 sequences (160000228 bp)...
[M::mem_process_seqs] Processed 1067078 reads in 89.846 CPU sec, 5.895 real sec
[M::process] read 1067032 sequences (160000136 bp)...
[M::mem_pestat] # candidate unique pairs for (FF, FR, RF, RR): (4, 503637, 24, 6)
[M::mem_pestat] skip orientation FF as there are not enough pairs
[M::mem_pestat] analyzing insert size distribution for orientation FR...
[M::mem_pestat] (25, 50, 75) percentile: (284, 331, 380)
[M::mem_pestat] low and high boundaries for computing mean and std.dev: (92, 572)
[M::mem_pestat] mean and std.dev: (333.46, 71.29)
[M::mem_pestat] low and high boundaries for proper pairs: (1, 668)
[M::mem_pestat] analyzing insert size distribution for orientation RF...
[M::mem_pestat] (25, 50, 75) percentile: (20, 210, 210)
[M::mem_pestat] low and high boundaries for computing mean and std.dev: (1, 590)
[M::mem_pestat] mean and std.dev: (129.75, 95.42)
[M::mem_pestat] low and high boundaries for proper pairs: (1, 780)
[M::mem_pestat] skip orientation RR as there are not enough pairs
[M::mem_pestat] skip orientation RF
[M::mem_process_seqs] Processed 1067036 reads in 85.963 CPU sec, 5.892 real sec
[M::process] read 1067036 sequences (160000196 bp)...
[M::mem_pestat] # candidate unique pairs for (FF, FR, RF, RR): (3, 503869, 25, 7)
[M::mem_pestat] skip orientation FF as there are not enough pairs
[M::mem_pestat] analyzing insert size distribution for orientation FR...
[M::mem_pestat] (25, 50, 75) percentile: (284, 331, 380)
[M::mem_pestat] low and high boundaries for computing mean and std.dev: (92, 572)
[M::mem_pestat] mean and std.dev: (333.41, 71.04)
[M::mem_pestat] low and high boundaries for proper pairs: (1, 668)
[M::mem_pestat] analyzing insert size distribution for orientation RF...
[M::mem_pestat] (25, 50, 75) percentile: (25, 210, 217)
[M::mem_pestat] low and high boundaries for computing mean and std.dev: (1, 601)
[M::mem_pestat] mean and std.dev: (146.60, 96.93)
[M::mem_pestat] low and high boundaries for proper pairs: (1, 793)
[M::mem_pestat] skip orientation RR as there are not enough pairs
[M::mem_pestat] skip orientation RF
[M::mem_process_seqs] Processed 1067032 reads in 90.086 CPU sec, 6.011 real sec
[M::mem_pestat] # candidate unique pairs for (FF, FR, RF, RR): (13, 503683, 14, 4)
[M::mem_pestat] analyzing insert size distribution for orientation FF...
[M::mem_pestat] (25, 50, 75) percentile: (214, 4571, 8423)
[M::mem_pestat] low and high boundaries for computing mean and std.dev: (1, 24841)
[M::mem_pestat] mean and std.dev: (4116.46, 3912.12)
[M::mem_pestat] low and high boundaries for proper pairs: (1, 33050)
[M::mem_pestat] analyzing insert size distribution for orientation FR...
[M::mem_pestat] (25, 50, 75) percentile: (286, 333, 382)
[M::mem_pestat] low and high boundaries for computing mean and std.dev: (94, 574)
[M::mem_pestat] mean and std.dev: (335.16, 70.93)
[M::mem_pestat] low and high boundaries for proper pairs: (1, 670)
[M::mem_pestat] analyzing insert size distribution for orientation RF...
[M::mem_pestat] (25, 50, 75) percentile: (41, 216, 229)
[M::mem_pestat] low and high boundaries for computing mean and std.dev: (1, 605)
[M::mem_pestat] mean and std.dev: (161.07, 93.10)
[M::mem_pestat] low and high boundaries for proper pairs: (1, 793)
[M::mem_pestat] skip orientation RR as there are not enough pairs
[M::mem_pestat] skip orientation FF
[M::mem_pestat] skip orientation RF
[M::mem_process_seqs] Processed 1067036 reads in 89.975 CPU sec, 5.925 real sec
[M::process] read 1067068 sequences (160000164 bp)...
[M::mem_pestat] # candidate unique pairs for (FF, FR, RF, RR): (3, 503516, 21, 3)
[M::mem_pestat] skip orientation FF as there are not enough pairs
[M::mem_pestat] analyzing insert size distribution for orientation FR...
[M::mem_pestat] (25, 50, 75) percentile: (286, 333, 382)
[M::mem_pestat] low and high boundaries for computing mean and std.dev: (94, 574)
[M::mem_pestat] mean and std.dev: (335.26, 71.04)
[M::mem_pestat] low and high boundaries for proper pairs: (1, 670)
[M::mem_pestat] analyzing insert size distribution for orientation RF...
[M::mem_pestat] (25, 50, 75) percentile: (138, 215, 241)
[M::mem_pestat] low and high boundaries for computing mean and std.dev: (1, 447)
[M::mem_pestat] mean and std.dev: (158.29, 89.53)
[M::mem_pestat] low and high boundaries for proper pairs: (1, 550)
[M::mem_pestat] skip orientation RR as there are not enough pairs
[M::mem_pestat] skip orientation RF
[M::mem_process_seqs] Processed 1067068 reads in 90.600 CPU sec, 6.036 real sec
[M::process] read 1067100 sequences (160000142 bp)...
[M::process] read 1067068 sequences (160000018 bp)...
[M::mem_pestat] # candidate unique pairs for (FF, FR, RF, RR): (6, 504162, 32, 4)
[M::mem_pestat] skip orientation FF as there are not enough pairs
[M::mem_pestat] analyzing insert size distribution for orientation FR...
[M::mem_pestat] (25, 50, 75) percentile: (278, 325, 374)
[M::mem_pestat] low and high boundaries for computing mean and std.dev: (86, 566)
[M::mem_pestat] mean and std.dev: (327.72, 70.59)
[M::mem_pestat] low and high boundaries for proper pairs: (1, 662)
[M::mem_pestat] analyzing insert size distribution for orientation RF...
[M::mem_pestat] (25, 50, 75) percentile: (30, 210, 214)
[M::mem_pestat] low and high boundaries for computing mean and std.dev: (1, 582)
[M::mem_pestat] mean and std.dev: (143.65, 94.69)
[M::mem_pestat] low and high boundaries for proper pairs: (1, 766)
[M::mem_pestat] skip orientation RR as there are not enough pairs
[M::mem_pestat] skip orientation RF
[M::mem_process_seqs] Processed 1067100 reads in 90.160 CPU sec, 6.033 real sec
[M::process] read 1067060 sequences (160000210 bp)...
[M::mem_pestat] # candidate unique pairs for (FF, FR, RF, RR): (3, 503955, 45, 5)
[M::mem_pestat] skip orientation FF as there are not enough pairs
[M::mem_pestat] analyzing insert size distribution for orientation FR...
[M::mem_pestat] (25, 50, 75) percentile: (281, 328, 377)
[M::mem_pestat] low and high boundaries for computing mean and std.dev: (89, 569)
[M::mem_pestat] mean and std.dev: (330.69, 71.16)
[M::mem_pestat] low and high boundaries for proper pairs: (1, 665)
[M::mem_pestat] analyzing insert size distribution for orientation RF...
[M::mem_pestat] (25, 50, 75) percentile: (40, 210, 223)
[M::mem_pestat] low and high boundaries for computing mean and std.dev: (1, 589)
[M::mem_pestat] mean and std.dev: (138.62, 94.02)
[M::mem_pestat] low and high boundaries for proper pairs: (1, 772)
[M::mem_pestat] skip orientation RR as there are not enough pairs
[M::mem_pestat] skip orientation RF
[M::mem_process_seqs] Processed 1067068 reads in 90.962 CPU sec, 5.966 real sec
[M::process] read 1067022 sequences (160000106 bp)...
[M::mem_pestat] # candidate unique pairs for (FF, FR, RF, RR): (2, 504121, 32, 9)
[M::mem_pestat] skip orientation FF as there are not enough pairs
[M::mem_pestat] analyzing insert size distribution for orientation FR...
[M::mem_pestat] (25, 50, 75) percentile: (283, 331, 380)
[M::mem_pestat] low and high boundaries for computing mean and std.dev: (89, 574)
[M::mem_pestat] mean and std.dev: (332.82, 70.97)
[M::mem_pestat] low and high boundaries for proper pairs: (1, 671)
[M::mem_pestat] analyzing insert size distribution for orientation RF...
[M::mem_pestat] (25, 50, 75) percentile: (22, 210, 222)
[M::mem_pestat] low and high boundaries for computing mean and std.dev: (1, 622)
[M::mem_pestat] mean and std.dev: (126.07, 89.56)
[M::mem_pestat] low and high boundaries for proper pairs: (1, 822)
[M::mem_pestat] skip orientation RR as there are not enough pairs
[M::mem_pestat] skip orientation RF
[M::mem_process_seqs] Processed 1067060 reads in 89.822 CPU sec, 5.985 real sec
[M::mem_pestat] # candidate unique pairs for (FF, FR, RF, RR): (3, 504158, 26, 1)
[M::mem_pestat] skip orientation FF as there are not enough pairs
[M::mem_pestat] analyzing insert size distribution for orientation FR...
[M::mem_pestat] (25, 50, 75) percentile: (284, 332, 381)
[M::mem_pestat] low and high boundaries for computing mean and std.dev: (90, 575)
[M::mem_pestat] mean and std.dev: (333.74, 70.75)
[M::mem_pestat] low and high boundaries for proper pairs: (1, 672)
[M::mem_pestat] analyzing insert size distribution for orientation RF...
[M::mem_pestat] (25, 50, 75) percentile: (210, 232, 698)
[M::mem_pestat] low and high boundaries for computing mean and std.dev: (1, 1674)
[M::mem_pestat] mean and std.dev: (296.14, 345.44)
[M::mem_pestat] low and high boundaries for proper pairs: (1, 2162)
[M::mem_pestat] skip orientation RR as there are not enough pairs
[M::mem_pestat] skip orientation RF
[M::process] read 1067016 sequences (160000296 bp)...
[M::mem_process_seqs] Processed 1067022 reads in 90.630 CPU sec, 5.983 real sec
[M::process] read 1067028 sequences (160000188 bp)...
[M::mem_pestat] # candidate unique pairs for (FF, FR, RF, RR): (5, 503849, 30, 2)
[M::mem_pestat] skip orientation FF as there are not enough pairs
[M::mem_pestat] analyzing insert size distribution for orientation FR...
[M::mem_pestat] (25, 50, 75) percentile: (287, 334, 383)
[M::mem_pestat] low and high boundaries for computing mean and std.dev: (95, 575)
[M::mem_pestat] mean and std.dev: (335.87, 70.82)
[M::mem_pestat] low and high boundaries for proper pairs: (1, 671)
[M::mem_pestat] analyzing insert size distribution for orientation RF...
[M::mem_pestat] (25, 50, 75) percentile: (209, 210, 216)
[M::mem_pestat] low and high boundaries for computing mean and std.dev: (195, 230)
[M::mem_pestat] mean and std.dev: (212.35, 4.80)
[M::mem_pestat] low and high boundaries for proper pairs: (188, 237)
[M::mem_pestat] skip orientation RR as there are not enough pairs
[M::mem_pestat] skip orientation RF
[M::mem_process_seqs] Processed 1067016 reads in 88.755 CPU sec, 5.924 real sec
[M::process] read 1067056 sequences (160000168 bp)...
[M::mem_pestat] # candidate unique pairs for (FF, FR, RF, RR): (15, 503697, 46, 11)
[M::mem_pestat] analyzing insert size distribution for orientation FF...
[M::mem_pestat] (25, 50, 75) percentile: (242, 8089, 9442)
[M::mem_pestat] low and high boundaries for computing mean and std.dev: (1, 27842)
[M::mem_pestat] mean and std.dev: (5623.53, 3977.20)
[M::mem_pestat] low and high boundaries for proper pairs: (1, 37042)
[M::mem_pestat] analyzing insert size distribution for orientation FR...
[M::mem_pestat] (25, 50, 75) percentile: (286, 334, 383)
[M::mem_pestat] low and high boundaries for computing mean and std.dev: (92, 577)
[M::mem_pestat] mean and std.dev: (335.93, 71.38)
[M::mem_pestat] low and high boundaries for proper pairs: (1, 674)
[M::mem_pestat] analyzing insert size distribution for orientation RF...
[M::mem_pestat] (25, 50, 75) percentile: (163, 210, 217)
[M::mem_pestat] low and high boundaries for computing mean and std.dev: (55, 325)
[M::mem_pestat] mean and std.dev: (205.31, 34.16)
[M::mem_pestat] low and high boundaries for proper pairs: (1, 379)
[M::mem_pestat] analyzing insert size distribution for orientation RR...
[M::mem_pestat] (25, 50, 75) percentile: (3464, 3464, 4272)
[M::mem_pestat] low and high boundaries for computing mean and std.dev: (1848, 5888)
[M::mem_pestat] mean and std.dev: (3868.00, 404.00)
[M::mem_pestat] low and high boundaries for proper pairs: (1040, 6696)
[M::mem_pestat] skip orientation FF
[M::mem_pestat] skip orientation RF
[M::mem_pestat] skip orientation RR
[M::mem_process_seqs] Processed 1067028 reads in 89.423 CPU sec, 6.018 real sec
[M::process] read 1067072 sequences (160000298 bp)...
[M::mem_pestat] # candidate unique pairs for (FF, FR, RF, RR): (8, 503957, 28, 9)
[M::mem_pestat] skip orientation FF as there are not enough pairs
[M::mem_pestat] analyzing insert size distribution for orientation FR...
[M::mem_pestat] (25, 50, 75) percentile: (280, 327, 377)
[M::mem_pestat] low and high boundaries for computing mean and std.dev: (86, 571)
[M::mem_pestat] mean and std.dev: (329.87, 71.31)
[M::mem_pestat] low and high boundaries for proper pairs: (1, 668)
[M::mem_pestat] analyzing insert size distribution for orientation RF...
[M::mem_pestat] (25, 50, 75) percentile: (42, 210, 211)
[M::mem_pestat] low and high boundaries for computing mean and std.dev: (1, 549)
[M::mem_pestat] mean and std.dev: (144.89, 92.11)
[M::mem_pestat] low and high boundaries for proper pairs: (1, 718)
[M::mem_pestat] skip orientation RR as there are not enough pairs
[M::mem_pestat] skip orientation RF
[M::mem_process_seqs] Processed 1067056 reads in 88.988 CPU sec, 6.035 real sec
[M::mem_pestat] # candidate unique pairs for (FF, FR, RF, RR): (7, 503308, 28, 2)
[M::mem_pestat] skip orientation FF as there are not enough pairs
[M::mem_pestat] analyzing insert size distribution for orientation FR...
[M::mem_pestat] (25, 50, 75) percentile: (282, 330, 380)
[M::mem_pestat] low and high boundaries for computing mean and std.dev: (86, 576)
[M::mem_pestat] mean and std.dev: (332.45, 71.85)
[M::mem_pestat] low and high boundaries for proper pairs: (1, 674)
[M::mem_pestat] analyzing insert size distribution for orientation RF...
[M::mem_pestat] (25, 50, 75) percentile: (29, 210, 218)
[M::mem_pestat] low and high boundaries for computing mean and std.dev: (1, 596)
[M::mem_pestat] mean and std.dev: (124.26, 94.64)
[M::mem_pestat] low and high boundaries for proper pairs: (1, 785)
[M::mem_pestat] skip orientation RR as there are not enough pairs
[M::mem_pestat] skip orientation RF
[M::mem_process_seqs] Processed 1067072 reads in 88.904 CPU sec, 5.894 real sec
[M::process] read 1067002 sequences (160000274 bp)...
[M::process] read 1067062 sequences (160000222 bp)...
[M::mem_pestat] # candidate unique pairs for (FF, FR, RF, RR): (8, 503567, 31, 10)
[M::mem_pestat] skip orientation FF as there are not enough pairs
[M::mem_pestat] analyzing insert size distribution for orientation FR...
[M::mem_pestat] (25, 50, 75) percentile: (285, 333, 381)
[M::mem_pestat] low and high boundaries for computing mean and std.dev: (93, 573)
[M::mem_pestat] mean and std.dev: (334.48, 71.19)
[M::mem_pestat] low and high boundaries for proper pairs: (1, 669)
[M::mem_pestat] analyzing insert size distribution for orientation RF...
[M::mem_pestat] (25, 50, 75) percentile: (45, 210, 234)
[M::mem_pestat] low and high boundaries for computing mean and std.dev: (1, 612)
[M::mem_pestat] mean and std.dev: (136.21, 97.67)
[M::mem_pestat] low and high boundaries for proper pairs: (1, 801)
[M::mem_pestat] analyzing insert size distribution for orientation RR...
[M::mem_pestat] (25, 50, 75) percentile: (339, 581, 1622)
[M::mem_pestat] low and high boundaries for computing mean and std.dev: (1, 4188)
[M::mem_pestat] mean and std.dev: (716.50, 532.65)
[M::mem_pestat] low and high boundaries for proper pairs: (1, 5471)
[M::mem_pestat] skip orientation RF
[M::mem_pestat] skip orientation RR
[M::mem_process_seqs] Processed 1067002 reads in 84.512 CPU sec, 6.184 real sec
[M::process] read 1067042 sequences (160000094 bp)...
[M::mem_pestat] # candidate unique pairs for (FF, FR, RF, RR): (5, 503912, 24, 2)
[M::mem_pestat] skip orientation FF as there are not enough pairs
[M::mem_pestat] analyzing insert size distribution for orientation FR...
[M::mem_pestat] (25, 50, 75) percentile: (286, 334, 382)
[M::mem_pestat] low and high boundaries for computing mean and std.dev: (94, 574)
[M::mem_pestat] mean and std.dev: (335.35, 70.85)
[M::mem_pestat] low and high boundaries for proper pairs: (1, 670)
[M::mem_pestat] analyzing insert size distribution for orientation RF...
[M::mem_pestat] (25, 50, 75) percentile: (18, 210, 239)
[M::mem_pestat] low and high boundaries for computing mean and std.dev: (1, 681)
[M::mem_pestat] mean and std.dev: (131.55, 102.74)
[M::mem_pestat] low and high boundaries for proper pairs: (1, 902)
[M::mem_pestat] skip orientation RR as there are not enough pairs
[M::mem_pestat] skip orientation RF
[M::mem_process_seqs] Processed 1067062 reads in 86.048 CPU sec, 5.809 real sec
[M::process] read 1067006 sequences (160000224 bp)...
[M::mem_pestat] # candidate unique pairs for (FF, FR, RF, RR): (0, 503244, 27, 6)
[M::mem_pestat] skip orientation FF as there are not enough pairs
[M::mem_pestat] analyzing insert size distribution for orientation FR...
[M::mem_pestat] (25, 50, 75) percentile: (287, 335, 383)
[M::mem_pestat] low and high boundaries for computing mean and std.dev: (95, 575)
[M::mem_pestat] mean and std.dev: (336.70, 71.06)
[M::mem_pestat] low and high boundaries for proper pairs: (1, 671)
[M::mem_pestat] analyzing insert size distribution for orientation RF...
[M::mem_pestat] (25, 50, 75) percentile: (41, 216, 229)
[M::mem_pestat] low and high boundaries for computing mean and std.dev: (1, 605)
[M::mem_pestat] mean and std.dev: (150.87, 99.42)
[M::mem_pestat] low and high boundaries for proper pairs: (1, 793)
[M::mem_pestat] skip orientation RR as there are not enough pairs
[M::mem_pestat] skip orientation RF
[M::mem_process_seqs] Processed 1067042 reads in 88.085 CPU sec, 5.904 real sec
[M::process] read 1067038 sequences (160000060 bp)...
[M::mem_pestat] # candidate unique pairs for (FF, FR, RF, RR): (4, 503579, 24, 5)
[M::mem_pestat] skip orientation FF as there are not enough pairs
[M::mem_pestat] analyzing insert size distribution for orientation FR...
[M::mem_pestat] (25, 50, 75) percentile: (288, 336, 385)
[M::mem_pestat] low and high boundaries for computing mean and std.dev: (94, 579)
[M::mem_pestat] mean and std.dev: (338.11, 71.46)
[M::mem_pestat] low and high boundaries for proper pairs: (1, 676)
[M::mem_pestat] analyzing insert size distribution for orientation RF...
[M::mem_pestat] (25, 50, 75) percentile: (24, 210, 214)
[M::mem_pestat] low and high boundaries for computing mean and std.dev: (1, 594)
[M::mem_pestat] mean and std.dev: (137.17, 97.30)
[M::mem_pestat] low and high boundaries for proper pairs: (1, 784)
[M::mem_pestat] skip orientation RR as there are not enough pairs
[M::mem_pestat] skip orientation RF
[M::mem_process_seqs] Processed 1067006 reads in 90.464 CPU sec, 5.963 real sec
[M::mem_pestat] # candidate unique pairs for (FF, FR, RF, RR): (6, 503866, 24, 8)
[M::mem_pestat] skip orientation FF as there are not enough pairs
[M::mem_pestat] analyzing insert size distribution for orientation FR...
[M::mem_pestat] (25, 50, 75) percentile: (282, 329, 379)
[M::mem_pestat] low and high boundaries for computing mean and std.dev: (88, 573)
[M::mem_pestat] mean and std.dev: (331.64, 71.36)
[M::mem_pestat] low and high boundaries for proper pairs: (1, 670)
[M::mem_pestat] analyzing insert size distribution for orientation RF...
[M::mem_pestat] (25, 50, 75) percentile: (210, 233, 3476)
[M::mem_pestat] low and high boundaries for computing mean and std.dev: (1, 10008)
[M::mem_pestat] mean and std.dev: (1541.62, 2126.98)
[M::mem_pestat] low and high boundaries for proper pairs: (1, 13274)
[M::mem_pestat] skip orientation RR as there are not enough pairs
[M::mem_pestat] skip orientation RF
[M::process] read 1067032 sequences (160000040 bp)...
[M::mem_process_seqs] Processed 1067038 reads in 92.971 CPU sec, 6.174 real sec
[M::mem_pestat] # candidate unique pairs for (FF, FR, RF, RR): (2, 503749, 17, 2)
[M::mem_pestat] skip orientation FF as there are not enough pairs
[M::mem_pestat] analyzing insert size distribution for orientation FR...
[M::mem_pestat] (25, 50, 75) percentile: (282, 330, 380)
[M::mem_pestat] low and high boundaries for computing mean and std.dev: (86, 576)
[M::mem_pestat] mean and std.dev: (332.51, 71.89)
[M::mem_pestat] low and high boundaries for proper pairs: (1, 674)
[M::mem_pestat] analyzing insert size distribution for orientation RF...
[M::mem_pestat] (25, 50, 75) percentile: (27, 210, 210)
[M::mem_pestat] low and high boundaries for computing mean and std.dev: (1, 576)
[M::mem_pestat] mean and std.dev: (131.19, 87.72)
[M::mem_pestat] low and high boundaries for proper pairs: (1, 759)
[M::mem_pestat] skip orientation RR as there are not enough pairs
[M::mem_pestat] skip orientation RF
[M::process] read 1067032 sequences (160000214 bp)...
[M::mem_process_seqs] Processed 1067032 reads in 91.701 CPU sec, 6.365 real sec
[M::mem_pestat] # candidate unique pairs for (FF, FR, RF, RR): (2, 503616, 34, 5)
[M::mem_pestat] skip orientation FF as there are not enough pairs
[M::mem_pestat] analyzing insert size distribution for orientation FR...
[M::mem_pestat] (25, 50, 75) percentile: (285, 333, 382)
[M::mem_pestat] low and high boundaries for computing mean and std.dev: (91, 576)
[M::mem_pestat] mean and std.dev: (334.94, 71.49)
[M::mem_pestat] low and high boundaries for proper pairs: (1, 673)
[M::mem_pestat] analyzing insert size distribution for orientation RF...
[M::mem_pestat] (25, 50, 75) percentile: (30, 209, 210)
[M::mem_pestat] low and high boundaries for computing mean and std.dev: (1, 570)
[M::mem_pestat] mean and std.dev: (127.59, 91.54)
[M::mem_pestat] low and high boundaries for proper pairs: (1, 750)
[M::mem_pestat] skip orientation RR as there are not enough pairs
[M::mem_pestat] skip orientation RF
[M::process] read 1067064 sequences (160000224 bp)...
[M::mem_process_seqs] Processed 1067032 reads in 89.686 CPU sec, 5.847 real sec
[M::process] read 1067006 sequences (160000002 bp)...
[M::mem_pestat] # candidate unique pairs for (FF, FR, RF, RR): (3, 504131, 26, 8)
[M::mem_pestat] skip orientation FF as there are not enough pairs
[M::mem_pestat] analyzing insert size distribution for orientation FR...
[M::mem_pestat] (25, 50, 75) percentile: (286, 334, 382)
[M::mem_pestat] low and high boundaries for computing mean and std.dev: (94, 574)
[M::mem_pestat] mean and std.dev: (335.68, 70.99)
[M::mem_pestat] low and high boundaries for proper pairs: (1, 670)
[M::mem_pestat] analyzing insert size distribution for orientation RF...
[M::mem_pestat] (25, 50, 75) percentile: (38, 151, 217)
[M::mem_pestat] low and high boundaries for computing mean and std.dev: (1, 575)
[M::mem_pestat] mean and std.dev: (121.38, 87.57)
[M::mem_pestat] low and high boundaries for proper pairs: (1, 754)
[M::mem_pestat] skip orientation RR as there are not enough pairs
[M::mem_pestat] skip orientation RF
[M::mem_process_seqs] Processed 1067064 reads in 90.418 CPU sec, 6.141 real sec
[M::mem_pestat] # candidate unique pairs for (FF, FR, RF, RR): (6, 503668, 33, 8)
[M::mem_pestat] skip orientation FF as there are not enough pairs
[M::mem_pestat] analyzing insert size distribution for orientation FR...
[M::mem_pestat] (25, 50, 75) percentile: (288, 335, 383)
[M::mem_pestat] low and high boundaries for computing mean and std.dev: (98, 573)
[M::mem_pestat] mean and std.dev: (337.03, 70.65)
[M::mem_pestat] low and high boundaries for proper pairs: (3, 668)
[M::mem_pestat] analyzing insert size distribution for orientation RF...
[M::mem_pestat] (25, 50, 75) percentile: (62, 210, 238)
[M::mem_pestat] low and high boundaries for computing mean and std.dev: (1, 590)
[M::mem_pestat] mean and std.dev: (127.81, 90.42)
[M::mem_pestat] low and high boundaries for proper pairs: (1, 766)
[M::mem_pestat] skip orientation RR as there are not enough pairs
[M::mem_pestat] skip orientation RF
[M::process] read 1066954 sequences (160000110 bp)...
[M::mem_process_seqs] Processed 1067006 reads in 88.535 CPU sec, 5.893 real sec
[M::process] read 1066970 sequences (160000262 bp)...
[M::mem_pestat] # candidate unique pairs for (FF, FR, RF, RR): (7, 502972, 20, 3)
[M::mem_pestat] skip orientation FF as there are not enough pairs
[M::mem_pestat] analyzing insert size distribution for orientation FR...
[M::mem_pestat] (25, 50, 75) percentile: (291, 338, 386)
[M::mem_pestat] low and high boundaries for computing mean and std.dev: (101, 576)
[M::mem_pestat] mean and std.dev: (339.60, 70.62)
[M::mem_pestat] low and high boundaries for proper pairs: (6, 671)
[M::mem_pestat] analyzing insert size distribution for orientation RF...
[M::mem_pestat] (25, 50, 75) percentile: (52, 210, 216)
[M::mem_pestat] low and high boundaries for computing mean and std.dev: (1, 544)
[M::mem_pestat] mean and std.dev: (147.50, 85.44)
[M::mem_pestat] low and high boundaries for proper pairs: (1, 708)
[M::mem_pestat] skip orientation RR as there are not enough pairs
[M::mem_pestat] skip orientation RF
[M::mem_process_seqs] Processed 1066954 reads in 87.533 CPU sec, 5.776 real sec
[M::process] read 9586 sequences (1437686 bp)...
[M::mem_pestat] # candidate unique pairs for (FF, FR, RF, RR): (4, 503040, 19, 5)
[M::mem_pestat] skip orientation FF as there are not enough pairs
[M::mem_pestat] analyzing insert size distribution for orientation FR...
[M::mem_pestat] (25, 50, 75) percentile: (289, 336, 385)
[M::mem_pestat] low and high boundaries for computing mean and std.dev: (97, 577)
[M::mem_pestat] mean and std.dev: (338.05, 71.27)
[M::mem_pestat] low and high boundaries for proper pairs: (1, 673)
[M::mem_pestat] analyzing insert size distribution for orientation RF...
[M::mem_pestat] (25, 50, 75) percentile: (58, 210, 231)
[M::mem_pestat] low and high boundaries for computing mean and std.dev: (1, 577)
[M::mem_pestat] mean and std.dev: (148.12, 87.36)
[M::mem_pestat] low and high boundaries for proper pairs: (1, 750)
[M::mem_pestat] skip orientation RR as there are not enough pairs
[M::mem_pestat] skip orientation RF
[M::mem_process_seqs] Processed 1066970 reads in 86.078 CPU sec, 5.802 real sec
[M::mem_pestat] # candidate unique pairs for (FF, FR, RF, RR): (0, 4502, 0, 0)
[M::mem_pestat] skip orientation FF as there are not enough pairs
[M::mem_pestat] analyzing insert size distribution for orientation FR...
[M::mem_pestat] (25, 50, 75) percentile: (286, 333, 379)
[M::mem_pestat] low and high boundaries for computing mean and std.dev: (100, 565)
[M::mem_pestat] mean and std.dev: (334.71, 71.53)
[M::mem_pestat] low and high boundaries for proper pairs: (7, 658)
[M::mem_pestat] skip orientation RF as there are not enough pairs
[M::mem_pestat] skip orientation RR as there are not enough pairs
[M::mem_process_seqs] Processed 9586 reads in 0.911 CPU sec, 0.080 real sec
[main] Version: 0.7.17-r1188
[main] CMD: bwa mem -t 16 /data/NCBR/projects/NCBR-492/data/manual_analysis/MAGs/SF6_metawrap.bin.1.fa /data/NCBR/projects/NCBR-492/data/manual_analysis/fastp/SF6.trimmed.R1.fastq /data/NCBR/projects/NCBR-492/data/manual_analysis/fastp/SF6.trimmed.R2.fastq
[main] Real time: 346.825 sec; CPU: 5109.057 sec
