[+] Loading bwa 0.7.17 on cn3270 
[bwa_index] Pack FASTA... 0.05 sec
[bwa_index] Construct BWT for the packed sequence...
[bwa_index] 1.65 seconds elapse.
[bwa_index] Update BWT... 0.03 sec
[bwa_index] Pack forward-only FASTA... 0.03 sec
[bwa_index] Construct SA from BWT and Occ... 0.67 sec
[main] Version: 0.7.17-r1188
[main] CMD: bwa index /data/NCBR/projects/NCBR-492/data/manual_analysis/MAGs/SF5_metawrap.bin.1.fa
[main] Real time: 2.523 sec; CPU: 2.425 sec
[M::bwa_idx_load_from_disk] read 0 ALT contigs
[M::process] read 1066902 sequences (160000190 bp)...
[M::process] read 1066896 sequences (160000082 bp)...
[M::mem_pestat] # candidate unique pairs for (FF, FR, RF, RR): (21, 519756, 8, 8)
[M::mem_pestat] analyzing insert size distribution for orientation FF...
[M::mem_pestat] (25, 50, 75) percentile: (47, 49, 55)
[M::mem_pestat] low and high boundaries for computing mean and std.dev: (31, 71)
[M::mem_pestat] mean and std.dev: (50.16, 4.77)
[M::mem_pestat] low and high boundaries for proper pairs: (23, 79)
[M::mem_pestat] analyzing insert size distribution for orientation FR...
[M::mem_pestat] (25, 50, 75) percentile: (314, 361, 409)
[M::mem_pestat] low and high boundaries for computing mean and std.dev: (124, 599)
[M::mem_pestat] mean and std.dev: (362.01, 71.86)
[M::mem_pestat] low and high boundaries for proper pairs: (29, 694)
[M::mem_pestat] skip orientation RF as there are not enough pairs
[M::mem_pestat] skip orientation RR as there are not enough pairs
[M::mem_pestat] skip orientation FF
[M::mem_process_seqs] Processed 1066902 reads in 141.727 CPU sec, 10.176 real sec
[M::process] read 1066890 sequences (160000258 bp)...
[M::mem_pestat] # candidate unique pairs for (FF, FR, RF, RR): (18, 519623, 7, 0)
[M::mem_pestat] analyzing insert size distribution for orientation FF...
[M::mem_pestat] (25, 50, 75) percentile: (44, 49, 52)
[M::mem_pestat] low and high boundaries for computing mean and std.dev: (28, 68)
[M::mem_pestat] mean and std.dev: (49.00, 4.74)
[M::mem_pestat] low and high boundaries for proper pairs: (20, 76)
[M::mem_pestat] analyzing insert size distribution for orientation FR...
[M::mem_pestat] (25, 50, 75) percentile: (316, 363, 411)
[M::mem_pestat] low and high boundaries for computing mean and std.dev: (126, 601)
[M::mem_pestat] mean and std.dev: (364.10, 71.50)
[M::mem_pestat] low and high boundaries for proper pairs: (31, 696)
[M::mem_pestat] skip orientation RF as there are not enough pairs
[M::mem_pestat] skip orientation RR as there are not enough pairs
[M::mem_pestat] skip orientation FF
[M::mem_process_seqs] Processed 1066896 reads in 137.758 CPU sec, 10.897 real sec
[M::process] read 1066918 sequences (160000094 bp)...
[M::mem_pestat] # candidate unique pairs for (FF, FR, RF, RR): (15, 519938, 8, 1)
[M::mem_pestat] analyzing insert size distribution for orientation FF...
[M::mem_pestat] (25, 50, 75) percentile: (49, 51, 5270)
[M::mem_pestat] low and high boundaries for computing mean and std.dev: (1, 15712)
[M::mem_pestat] mean and std.dev: (1892.87, 3097.18)
[M::mem_pestat] low and high boundaries for proper pairs: (1, 20933)
[M::mem_pestat] analyzing insert size distribution for orientation FR...
[M::mem_pestat] (25, 50, 75) percentile: (317, 364, 411)
[M::mem_pestat] low and high boundaries for computing mean and std.dev: (129, 599)
[M::mem_pestat] mean and std.dev: (364.58, 71.08)
[M::mem_pestat] low and high boundaries for proper pairs: (35, 693)
[M::mem_pestat] skip orientation RF as there are not enough pairs
[M::mem_pestat] skip orientation RR as there are not enough pairs
[M::mem_pestat] skip orientation FF
[M::mem_process_seqs] Processed 1066890 reads in 140.582 CPU sec, 11.342 real sec
[M::process] read 1066874 sequences (160000072 bp)...
[M::mem_pestat] # candidate unique pairs for (FF, FR, RF, RR): (29, 519790, 18, 5)
[M::mem_pestat] analyzing insert size distribution for orientation FF...
[M::mem_pestat] (25, 50, 75) percentile: (47, 49, 56)
[M::mem_pestat] low and high boundaries for computing mean and std.dev: (29, 74)
[M::mem_pestat] mean and std.dev: (48.58, 3.99)
[M::mem_pestat] low and high boundaries for proper pairs: (20, 83)
[M::mem_pestat] analyzing insert size distribution for orientation FR...
[M::mem_pestat] (25, 50, 75) percentile: (316, 363, 410)
[M::mem_pestat] low and high boundaries for computing mean and std.dev: (128, 598)
[M::mem_pestat] mean and std.dev: (363.36, 70.89)
[M::mem_pestat] low and high boundaries for proper pairs: (34, 692)
[M::mem_pestat] analyzing insert size distribution for orientation RF...
[M::mem_pestat] (25, 50, 75) percentile: (972, 1903, 9562)
[M::mem_pestat] low and high boundaries for computing mean and std.dev: (1, 26742)
[M::mem_pestat] mean and std.dev: (4556.61, 4068.97)
[M::mem_pestat] low and high boundaries for proper pairs: (1, 35332)
[M::mem_pestat] skip orientation RR as there are not enough pairs
[M::mem_pestat] skip orientation FF
[M::mem_pestat] skip orientation RF
[M::mem_process_seqs] Processed 1066918 reads in 141.348 CPU sec, 10.933 real sec
[M::process] read 1066880 sequences (160000208 bp)...
[M::mem_pestat] # candidate unique pairs for (FF, FR, RF, RR): (16, 519611, 1, 0)
[M::mem_pestat] analyzing insert size distribution for orientation FF...
[M::mem_pestat] (25, 50, 75) percentile: (46, 55, 260)
[M::mem_pestat] low and high boundaries for computing mean and std.dev: (1, 688)
[M::mem_pestat] mean and std.dev: (95.85, 88.55)
[M::mem_pestat] low and high boundaries for proper pairs: (1, 902)
[M::mem_pestat] analyzing insert size distribution for orientation FR...
[M::mem_pestat] (25, 50, 75) percentile: (315, 362, 409)
[M::mem_pestat] low and high boundaries for computing mean and std.dev: (127, 597)
[M::mem_pestat] mean and std.dev: (362.80, 70.65)
[M::mem_pestat] low and high boundaries for proper pairs: (33, 691)
[M::mem_pestat] skip orientation RF as there are not enough pairs
[M::mem_pestat] skip orientation RR as there are not enough pairs
[M::mem_pestat] skip orientation FF
[M::mem_process_seqs] Processed 1066874 reads in 140.849 CPU sec, 11.945 real sec
[M::process] read 1066866 sequences (160000258 bp)...
[M::mem_pestat] # candidate unique pairs for (FF, FR, RF, RR): (21, 519478, 6, 6)
[M::mem_pestat] analyzing insert size distribution for orientation FF...
[M::mem_pestat] (25, 50, 75) percentile: (47, 49, 55)
[M::mem_pestat] low and high boundaries for computing mean and std.dev: (31, 71)
[M::mem_pestat] mean and std.dev: (49.79, 4.98)
[M::mem_pestat] low and high boundaries for proper pairs: (23, 79)
[M::mem_pestat] analyzing insert size distribution for orientation FR...
[M::mem_pestat] (25, 50, 75) percentile: (316, 362, 410)
[M::mem_pestat] low and high boundaries for computing mean and std.dev: (128, 598)
[M::mem_pestat] mean and std.dev: (363.22, 70.71)
[M::mem_pestat] low and high boundaries for proper pairs: (34, 692)
[M::mem_pestat] skip orientation RF as there are not enough pairs
[M::mem_pestat] skip orientation RR as there are not enough pairs
[M::mem_pestat] skip orientation FF
[M::mem_process_seqs] Processed 1066880 reads in 139.962 CPU sec, 10.103 real sec
[M::process] read 1066876 sequences (160000104 bp)...
[M::mem_pestat] # candidate unique pairs for (FF, FR, RF, RR): (23, 519362, 1, 8)
[M::mem_pestat] analyzing insert size distribution for orientation FF...
[M::mem_pestat] (25, 50, 75) percentile: (47, 49, 49)
[M::mem_pestat] low and high boundaries for computing mean and std.dev: (43, 53)
[M::mem_pestat] mean and std.dev: (47.95, 2.16)
[M::mem_pestat] low and high boundaries for proper pairs: (39, 57)
[M::mem_pestat] analyzing insert size distribution for orientation FR...
[M::mem_pestat] (25, 50, 75) percentile: (315, 363, 410)
[M::mem_pestat] low and high boundaries for computing mean and std.dev: (125, 600)
[M::mem_pestat] mean and std.dev: (363.53, 71.39)
[M::mem_pestat] low and high boundaries for proper pairs: (30, 695)
[M::mem_pestat] skip orientation RF as there are not enough pairs
[M::mem_pestat] skip orientation RR as there are not enough pairs
[M::mem_pestat] skip orientation FF
[M::mem_process_seqs] Processed 1066866 reads in 146.963 CPU sec, 9.951 real sec
[M::process] read 1066916 sequences (160000008 bp)...
[M::mem_pestat] # candidate unique pairs for (FF, FR, RF, RR): (26, 519576, 7, 0)
[M::mem_pestat] analyzing insert size distribution for orientation FF...
[M::mem_pestat] (25, 50, 75) percentile: (47, 49, 52)
[M::mem_pestat] low and high boundaries for computing mean and std.dev: (37, 62)
[M::mem_pestat] mean and std.dev: (48.80, 4.20)
[M::mem_pestat] low and high boundaries for proper pairs: (32, 67)
[M::mem_pestat] analyzing insert size distribution for orientation FR...
[M::mem_pestat] (25, 50, 75) percentile: (314, 362, 410)
[M::mem_pestat] low and high boundaries for computing mean and std.dev: (122, 602)
[M::mem_pestat] mean and std.dev: (362.41, 72.00)
[M::mem_pestat] low and high boundaries for proper pairs: (26, 698)
[M::mem_pestat] skip orientation RF as there are not enough pairs
[M::mem_pestat] skip orientation RR as there are not enough pairs
[M::mem_pestat] skip orientation FF
[M::mem_process_seqs] Processed 1066876 reads in 150.751 CPU sec, 10.502 real sec
[M::process] read 1066900 sequences (160000130 bp)...
[M::mem_pestat] # candidate unique pairs for (FF, FR, RF, RR): (24, 519190, 3, 3)
[M::mem_pestat] analyzing insert size distribution for orientation FF...
[M::mem_pestat] (25, 50, 75) percentile: (48, 52, 5198)
[M::mem_pestat] low and high boundaries for computing mean and std.dev: (1, 15498)
[M::mem_pestat] mean and std.dev: (1336.83, 2229.25)
[M::mem_pestat] low and high boundaries for proper pairs: (1, 20648)
[M::mem_pestat] analyzing insert size distribution for orientation FR...
[M::mem_pestat] (25, 50, 75) percentile: (315, 363, 411)
[M::mem_pestat] low and high boundaries for computing mean and std.dev: (123, 603)
[M::mem_pestat] mean and std.dev: (363.84, 71.77)
[M::mem_pestat] low and high boundaries for proper pairs: (27, 699)
[M::mem_pestat] skip orientation RF as there are not enough pairs
[M::mem_pestat] skip orientation RR as there are not enough pairs
[M::mem_pestat] skip orientation FF
[M::mem_process_seqs] Processed 1066916 reads in 150.995 CPU sec, 10.444 real sec
[M::process] read 1066882 sequences (160000184 bp)...
[M::mem_pestat] # candidate unique pairs for (FF, FR, RF, RR): (19, 518997, 5, 11)
[M::mem_pestat] analyzing insert size distribution for orientation FF...
[M::mem_pestat] (25, 50, 75) percentile: (49, 52, 265)
[M::mem_pestat] low and high boundaries for computing mean and std.dev: (1, 697)
[M::mem_pestat] mean and std.dev: (106.40, 95.71)
[M::mem_pestat] low and high boundaries for proper pairs: (1, 913)
[M::mem_pestat] analyzing insert size distribution for orientation FR...
[M::mem_pestat] (25, 50, 75) percentile: (317, 364, 411)
[M::mem_pestat] low and high boundaries for computing mean and std.dev: (129, 599)
[M::mem_pestat] mean and std.dev: (364.18, 71.11)
[M::mem_pestat] low and high boundaries for proper pairs: (35, 693)
[M::mem_pestat] skip orientation RF as there are not enough pairs
[M::mem_pestat] analyzing insert size distribution for orientation RR...
[M::mem_pestat] (25, 50, 75) percentile: (7366, 7366, 7366)
[M::mem_pestat] low and high boundaries for computing mean and std.dev: (7366, 7366)
[M::mem_pestat] mean and std.dev: (7366.00, 0.00)
[M::mem_pestat] low and high boundaries for proper pairs: (7366, 7366)
[M::mem_pestat] skip orientation FF
[M::mem_pestat] skip orientation RR
[M::mem_process_seqs] Processed 1066900 reads in 158.615 CPU sec, 10.757 real sec
[M::process] read 1066902 sequences (160000184 bp)...
[M::mem_pestat] # candidate unique pairs for (FF, FR, RF, RR): (16, 519430, 6, 6)
[M::mem_pestat] analyzing insert size distribution for orientation FF...
[M::mem_pestat] (25, 50, 75) percentile: (47, 51, 2696)
[M::mem_pestat] low and high boundaries for computing mean and std.dev: (1, 7994)
[M::mem_pestat] mean and std.dev: (252.46, 705.40)
[M::mem_pestat] low and high boundaries for proper pairs: (1, 10643)
[M::mem_pestat] analyzing insert size distribution for orientation FR...
[M::mem_pestat] (25, 50, 75) percentile: (315, 363, 410)
[M::mem_pestat] low and high boundaries for computing mean and std.dev: (125, 600)
[M::mem_pestat] mean and std.dev: (363.21, 71.18)
[M::mem_pestat] low and high boundaries for proper pairs: (30, 695)
[M::mem_pestat] skip orientation RF as there are not enough pairs
[M::mem_pestat] skip orientation RR as there are not enough pairs
[M::mem_pestat] skip orientation FF
[M::mem_process_seqs] Processed 1066882 reads in 145.733 CPU sec, 10.066 real sec
[M::process] read 1066866 sequences (160000230 bp)...
[M::mem_pestat] # candidate unique pairs for (FF, FR, RF, RR): (24, 519346, 7, 3)
[M::mem_pestat] analyzing insert size distribution for orientation FF...
[M::mem_pestat] (25, 50, 75) percentile: (46, 49, 279)
[M::mem_pestat] low and high boundaries for computing mean and std.dev: (1, 745)
[M::mem_pestat] mean and std.dev: (91.14, 91.17)
[M::mem_pestat] low and high boundaries for proper pairs: (1, 978)
[M::mem_pestat] analyzing insert size distribution for orientation FR...
[M::mem_pestat] (25, 50, 75) percentile: (316, 363, 410)
[M::mem_pestat] low and high boundaries for computing mean and std.dev: (128, 598)
[M::mem_pestat] mean and std.dev: (363.56, 70.96)
[M::mem_pestat] low and high boundaries for proper pairs: (34, 692)
[M::mem_pestat] skip orientation RF as there are not enough pairs
[M::mem_pestat] skip orientation RR as there are not enough pairs
[M::mem_pestat] skip orientation FF
[M::mem_process_seqs] Processed 1066902 reads in 152.290 CPU sec, 9.888 real sec
[M::process] read 1066864 sequences (160000246 bp)...
[M::mem_pestat] # candidate unique pairs for (FF, FR, RF, RR): (14, 519354, 5, 7)
[M::mem_pestat] analyzing insert size distribution for orientation FF...
[M::mem_pestat] (25, 50, 75) percentile: (46, 49, 49)
[M::mem_pestat] low and high boundaries for computing mean and std.dev: (40, 55)
[M::mem_pestat] mean and std.dev: (46.75, 2.28)
[M::mem_pestat] low and high boundaries for proper pairs: (37, 58)
[M::mem_pestat] analyzing insert size distribution for orientation FR...
[M::mem_pestat] (25, 50, 75) percentile: (316, 363, 410)
[M::mem_pestat] low and high boundaries for computing mean and std.dev: (128, 598)
[M::mem_pestat] mean and std.dev: (363.67, 70.92)
[M::mem_pestat] low and high boundaries for proper pairs: (34, 692)
[M::mem_pestat] skip orientation RF as there are not enough pairs
[M::mem_pestat] skip orientation RR as there are not enough pairs
[M::mem_pestat] skip orientation FF
[M::mem_process_seqs] Processed 1066866 reads in 146.647 CPU sec, 9.615 real sec
[M::process] read 1066902 sequences (160000174 bp)...
[M::mem_pestat] # candidate unique pairs for (FF, FR, RF, RR): (26, 519351, 8, 3)
[M::mem_pestat] analyzing insert size distribution for orientation FF...
[M::mem_pestat] (25, 50, 75) percentile: (47, 52, 55)
[M::mem_pestat] low and high boundaries for computing mean and std.dev: (31, 71)
[M::mem_pestat] mean and std.dev: (49.05, 4.27)
[M::mem_pestat] low and high boundaries for proper pairs: (23, 79)
[M::mem_pestat] analyzing insert size distribution for orientation FR...
[M::mem_pestat] (25, 50, 75) percentile: (315, 363, 410)
[M::mem_pestat] low and high boundaries for computing mean and std.dev: (125, 600)
[M::mem_pestat] mean and std.dev: (363.41, 71.43)
[M::mem_pestat] low and high boundaries for proper pairs: (30, 695)
[M::mem_pestat] skip orientation RF as there are not enough pairs
[M::mem_pestat] skip orientation RR as there are not enough pairs
[M::mem_pestat] skip orientation FF
[M::mem_process_seqs] Processed 1066864 reads in 144.073 CPU sec, 9.606 real sec
[M::process] read 1066882 sequences (160000072 bp)...
[M::mem_pestat] # candidate unique pairs for (FF, FR, RF, RR): (28, 519925, 11, 6)
[M::mem_pestat] analyzing insert size distribution for orientation FF...
[M::mem_pestat] (25, 50, 75) percentile: (47, 49, 56)
[M::mem_pestat] low and high boundaries for computing mean and std.dev: (29, 74)
[M::mem_pestat] mean and std.dev: (49.48, 4.95)
[M::mem_pestat] low and high boundaries for proper pairs: (20, 83)
[M::mem_pestat] analyzing insert size distribution for orientation FR...
[M::mem_pestat] (25, 50, 75) percentile: (314, 361, 409)
[M::mem_pestat] low and high boundaries for computing mean and std.dev: (124, 599)
[M::mem_pestat] mean and std.dev: (361.69, 71.55)
[M::mem_pestat] low and high boundaries for proper pairs: (29, 694)
[M::mem_pestat] analyzing insert size distribution for orientation RF...
[M::mem_pestat] (25, 50, 75) percentile: (37, 1567, 3364)
[M::mem_pestat] low and high boundaries for computing mean and std.dev: (1, 10018)
[M::mem_pestat] mean and std.dev: (2907.09, 3293.64)
[M::mem_pestat] low and high boundaries for proper pairs: (1, 16082)
[M::mem_pestat] skip orientation RR as there are not enough pairs
[M::mem_pestat] skip orientation FF
[M::mem_pestat] skip orientation RF
[M::mem_process_seqs] Processed 1066902 reads in 143.973 CPU sec, 9.396 real sec
[M::process] read 1066838 sequences (160000182 bp)...
[M::mem_pestat] # candidate unique pairs for (FF, FR, RF, RR): (23, 519557, 3, 5)
[M::mem_pestat] analyzing insert size distribution for orientation FF...
[M::mem_pestat] (25, 50, 75) percentile: (49, 51, 61)
[M::mem_pestat] low and high boundaries for computing mean and std.dev: (25, 85)
[M::mem_pestat] mean and std.dev: (51.63, 5.36)
[M::mem_pestat] low and high boundaries for proper pairs: (13, 97)
[M::mem_pestat] analyzing insert size distribution for orientation FR...
[M::mem_pestat] (25, 50, 75) percentile: (315, 363, 411)
[M::mem_pestat] low and high boundaries for computing mean and std.dev: (123, 603)
[M::mem_pestat] mean and std.dev: (363.45, 72.01)
[M::mem_pestat] low and high boundaries for proper pairs: (27, 699)
[M::mem_pestat] skip orientation RF as there are not enough pairs
[M::mem_pestat] skip orientation RR as there are not enough pairs
[M::mem_pestat] skip orientation FF
[M::mem_process_seqs] Processed 1066882 reads in 144.586 CPU sec, 9.561 real sec
[M::process] read 1066898 sequences (160000024 bp)...
[M::mem_pestat] # candidate unique pairs for (FF, FR, RF, RR): (23, 519595, 6, 17)
[M::mem_pestat] analyzing insert size distribution for orientation FF...
[M::mem_pestat] (25, 50, 75) percentile: (47, 49, 60)
[M::mem_pestat] low and high boundaries for computing mean and std.dev: (21, 86)
[M::mem_pestat] mean and std.dev: (50.26, 4.88)
[M::mem_pestat] low and high boundaries for proper pairs: (8, 99)
[M::mem_pestat] analyzing insert size distribution for orientation FR...
[M::mem_pestat] (25, 50, 75) percentile: (316, 363, 411)
[M::mem_pestat] low and high boundaries for computing mean and std.dev: (126, 601)
[M::mem_pestat] mean and std.dev: (364.16, 71.39)
[M::mem_pestat] low and high boundaries for proper pairs: (31, 696)
[M::mem_pestat] skip orientation RF as there are not enough pairs
[M::mem_pestat] analyzing insert size distribution for orientation RR...
[M::mem_pestat] (25, 50, 75) percentile: (5782, 6059, 9962)
[M::mem_pestat] low and high boundaries for computing mean and std.dev: (1, 18322)
[M::mem_pestat] mean and std.dev: (6361.29, 2438.17)
[M::mem_pestat] low and high boundaries for proper pairs: (1, 22502)
[M::mem_pestat] skip orientation FF
[M::mem_pestat] skip orientation RR
[M::mem_process_seqs] Processed 1066838 reads in 142.114 CPU sec, 9.198 real sec
[M::process] read 1066894 sequences (160000084 bp)...
[M::mem_pestat] # candidate unique pairs for (FF, FR, RF, RR): (20, 519487, 3, 11)
[M::mem_pestat] analyzing insert size distribution for orientation FF...
[M::mem_pestat] (25, 50, 75) percentile: (52, 1238, 1238)
[M::mem_pestat] low and high boundaries for computing mean and std.dev: (1, 3610)
[M::mem_pestat] mean and std.dev: (628.58, 596.47)
[M::mem_pestat] low and high boundaries for proper pairs: (1, 4796)
[M::mem_pestat] analyzing insert size distribution for orientation FR...
[M::mem_pestat] (25, 50, 75) percentile: (315, 362, 409)
[M::mem_pestat] low and high boundaries for computing mean and std.dev: (127, 597)
[M::mem_pestat] mean and std.dev: (362.57, 70.84)
[M::mem_pestat] low and high boundaries for proper pairs: (33, 691)
[M::mem_pestat] skip orientation RF as there are not enough pairs
[M::mem_pestat] analyzing insert size distribution for orientation RR...
[M::mem_pestat] (25, 50, 75) percentile: (6459, 6459, 6728)
[M::mem_pestat] low and high boundaries for computing mean and std.dev: (5921, 7266)
[M::mem_pestat] mean and std.dev: (6488.89, 84.54)
[M::mem_pestat] low and high boundaries for proper pairs: (5652, 7535)
[M::mem_pestat] skip orientation FF
[M::mem_pestat] skip orientation RR
[M::mem_process_seqs] Processed 1066898 reads in 141.582 CPU sec, 9.210 real sec
[M::process] read 1066874 sequences (160000172 bp)...
[M::mem_pestat] # candidate unique pairs for (FF, FR, RF, RR): (16, 519491, 7, 4)
[M::mem_pestat] analyzing insert size distribution for orientation FF...
[M::mem_pestat] (25, 50, 75) percentile: (47, 49, 54)
[M::mem_pestat] low and high boundaries for computing mean and std.dev: (33, 68)
[M::mem_pestat] mean and std.dev: (48.50, 4.05)
[M::mem_pestat] low and high boundaries for proper pairs: (26, 75)
[M::mem_pestat] analyzing insert size distribution for orientation FR...
[M::mem_pestat] (25, 50, 75) percentile: (316, 362, 410)
[M::mem_pestat] low and high boundaries for computing mean and std.dev: (128, 598)
[M::mem_pestat] mean and std.dev: (363.18, 70.54)
[M::mem_pestat] low and high boundaries for proper pairs: (34, 692)
[M::mem_pestat] skip orientation RF as there are not enough pairs
[M::mem_pestat] skip orientation RR as there are not enough pairs
[M::mem_pestat] skip orientation FF
[M::mem_process_seqs] Processed 1066894 reads in 143.699 CPU sec, 9.386 real sec
[M::process] read 1066856 sequences (160000000 bp)...
[M::mem_pestat] # candidate unique pairs for (FF, FR, RF, RR): (17, 519386, 5, 5)
[M::mem_pestat] analyzing insert size distribution for orientation FF...
[M::mem_pestat] (25, 50, 75) percentile: (46, 49, 55)
[M::mem_pestat] low and high boundaries for computing mean and std.dev: (28, 73)
[M::mem_pestat] mean and std.dev: (49.25, 4.98)
[M::mem_pestat] low and high boundaries for proper pairs: (19, 82)
[M::mem_pestat] analyzing insert size distribution for orientation FR...
[M::mem_pestat] (25, 50, 75) percentile: (316, 363, 410)
[M::mem_pestat] low and high boundaries for computing mean and std.dev: (128, 598)
[M::mem_pestat] mean and std.dev: (363.73, 70.81)
[M::mem_pestat] low and high boundaries for proper pairs: (34, 692)
[M::mem_pestat] skip orientation RF as there are not enough pairs
[M::mem_pestat] skip orientation RR as there are not enough pairs
[M::mem_pestat] skip orientation FF
[M::mem_process_seqs] Processed 1066874 reads in 143.314 CPU sec, 9.517 real sec
[M::process] read 1066892 sequences (160000162 bp)...
[M::mem_pestat] # candidate unique pairs for (FF, FR, RF, RR): (16, 519484, 1, 6)
[M::mem_pestat] analyzing insert size distribution for orientation FF...
[M::mem_pestat] (25, 50, 75) percentile: (49, 51, 58)
[M::mem_pestat] low and high boundaries for computing mean and std.dev: (31, 76)
[M::mem_pestat] mean and std.dev: (50.71, 4.13)
[M::mem_pestat] low and high boundaries for proper pairs: (22, 85)
[M::mem_pestat] analyzing insert size distribution for orientation FR...
[M::mem_pestat] (25, 50, 75) percentile: (316, 363, 410)
[M::mem_pestat] low and high boundaries for computing mean and std.dev: (128, 598)
[M::mem_pestat] mean and std.dev: (363.59, 71.23)
[M::mem_pestat] low and high boundaries for proper pairs: (34, 692)
[M::mem_pestat] skip orientation RF as there are not enough pairs
[M::mem_pestat] skip orientation RR as there are not enough pairs
[M::mem_pestat] skip orientation FF
[M::mem_process_seqs] Processed 1066856 reads in 147.166 CPU sec, 9.686 real sec
[M::process] read 1066890 sequences (160000198 bp)...
[M::mem_pestat] # candidate unique pairs for (FF, FR, RF, RR): (21, 519451, 8, 3)
[M::mem_pestat] analyzing insert size distribution for orientation FF...
[M::mem_pestat] (25, 50, 75) percentile: (43, 47, 50)
[M::mem_pestat] low and high boundaries for computing mean and std.dev: (29, 64)
[M::mem_pestat] mean and std.dev: (46.17, 3.35)
[M::mem_pestat] low and high boundaries for proper pairs: (22, 71)
[M::mem_pestat] analyzing insert size distribution for orientation FR...
[M::mem_pestat] (25, 50, 75) percentile: (315, 362, 411)
[M::mem_pestat] low and high boundaries for computing mean and std.dev: (123, 603)
[M::mem_pestat] mean and std.dev: (363.31, 71.69)
[M::mem_pestat] low and high boundaries for proper pairs: (27, 699)
[M::mem_pestat] skip orientation RF as there are not enough pairs
[M::mem_pestat] skip orientation RR as there are not enough pairs
[M::mem_pestat] skip orientation FF
[M::mem_process_seqs] Processed 1066892 reads in 144.139 CPU sec, 9.521 real sec
[M::process] read 1066860 sequences (160000214 bp)...
[M::mem_pestat] # candidate unique pairs for (FF, FR, RF, RR): (28, 519600, 11, 2)
[M::mem_pestat] analyzing insert size distribution for orientation FF...
[M::mem_pestat] (25, 50, 75) percentile: (49, 246, 3100)
[M::mem_pestat] low and high boundaries for computing mean and std.dev: (1, 9202)
[M::mem_pestat] mean and std.dev: (1620.50, 2285.30)
[M::mem_pestat] low and high boundaries for proper pairs: (1, 12253)
[M::mem_pestat] analyzing insert size distribution for orientation FR...
[M::mem_pestat] (25, 50, 75) percentile: (315, 363, 411)
[M::mem_pestat] low and high boundaries for computing mean and std.dev: (123, 603)
[M::mem_pestat] mean and std.dev: (363.52, 71.80)
[M::mem_pestat] low and high boundaries for proper pairs: (27, 699)
[M::mem_pestat] analyzing insert size distribution for orientation RF...
[M::mem_pestat] (25, 50, 75) percentile: (1018, 3029, 7840)
[M::mem_pestat] low and high boundaries for computing mean and std.dev: (1, 21484)
[M::mem_pestat] mean and std.dev: (3387.36, 3001.31)
[M::mem_pestat] low and high boundaries for proper pairs: (1, 28306)
[M::mem_pestat] skip orientation RR as there are not enough pairs
[M::mem_pestat] skip orientation FF
[M::mem_pestat] skip orientation RF
[M::mem_process_seqs] Processed 1066890 reads in 143.938 CPU sec, 9.475 real sec
[M::process] read 1066876 sequences (160000006 bp)...
[M::mem_pestat] # candidate unique pairs for (FF, FR, RF, RR): (13, 519707, 7, 10)
[M::mem_pestat] analyzing insert size distribution for orientation FF...
[M::mem_pestat] (25, 50, 75) percentile: (46, 48, 52)
[M::mem_pestat] low and high boundaries for computing mean and std.dev: (34, 64)
[M::mem_pestat] mean and std.dev: (47.64, 2.93)
[M::mem_pestat] low and high boundaries for proper pairs: (28, 70)
[M::mem_pestat] analyzing insert size distribution for orientation FR...
[M::mem_pestat] (25, 50, 75) percentile: (317, 364, 411)
[M::mem_pestat] low and high boundaries for computing mean and std.dev: (129, 599)
[M::mem_pestat] mean and std.dev: (364.51, 71.23)
[M::mem_pestat] low and high boundaries for proper pairs: (35, 693)
[M::mem_pestat] skip orientation RF as there are not enough pairs
[M::mem_pestat] analyzing insert size distribution for orientation RR...
[M::mem_pestat] (25, 50, 75) percentile: (9036, 9366, 9366)
[M::mem_pestat] low and high boundaries for computing mean and std.dev: (8376, 10026)
[M::mem_pestat] mean and std.dev: (9297.62, 121.75)
[M::mem_pestat] low and high boundaries for proper pairs: (8046, 10356)
[M::mem_pestat] skip orientation FF
[M::mem_pestat] skip orientation RR
[M::mem_process_seqs] Processed 1066860 reads in 142.749 CPU sec, 9.406 real sec
[M::process] read 1066890 sequences (160000058 bp)...
[M::mem_pestat] # candidate unique pairs for (FF, FR, RF, RR): (24, 519284, 8, 10)
[M::mem_pestat] analyzing insert size distribution for orientation FF...
[M::mem_pestat] (25, 50, 75) percentile: (47, 51, 1509)
[M::mem_pestat] low and high boundaries for computing mean and std.dev: (1, 4433)
[M::mem_pestat] mean and std.dev: (403.95, 792.42)
[M::mem_pestat] low and high boundaries for proper pairs: (1, 5895)
[M::mem_pestat] analyzing insert size distribution for orientation FR...
[M::mem_pestat] (25, 50, 75) percentile: (315, 362, 409)
[M::mem_pestat] low and high boundaries for computing mean and std.dev: (127, 597)
[M::mem_pestat] mean and std.dev: (362.78, 71.16)
[M::mem_pestat] low and high boundaries for proper pairs: (33, 691)
[M::mem_pestat] skip orientation RF as there are not enough pairs
[M::mem_pestat] analyzing insert size distribution for orientation RR...
[M::mem_pestat] (25, 50, 75) percentile: (7767, 8868, 8868)
[M::mem_pestat] low and high boundaries for computing mean and std.dev: (5565, 11070)
[M::mem_pestat] mean and std.dev: (8705.62, 615.31)
[M::mem_pestat] low and high boundaries for proper pairs: (4464, 12171)
[M::mem_pestat] skip orientation FF
[M::mem_pestat] skip orientation RR
[M::mem_process_seqs] Processed 1066876 reads in 142.987 CPU sec, 9.367 real sec
[M::process] read 1066874 sequences (160000164 bp)...
[M::mem_pestat] # candidate unique pairs for (FF, FR, RF, RR): (10, 519799, 14, 4)
[M::mem_pestat] analyzing insert size distribution for orientation FF...
[M::mem_pestat] (25, 50, 75) percentile: (49, 51, 456)
[M::mem_pestat] low and high boundaries for computing mean and std.dev: (1, 1270)
[M::mem_pestat] mean and std.dev: (100.38, 134.43)
[M::mem_pestat] low and high boundaries for proper pairs: (1, 1677)
[M::mem_pestat] analyzing insert size distribution for orientation FR...
[M::mem_pestat] (25, 50, 75) percentile: (316, 362, 410)
[M::mem_pestat] low and high boundaries for computing mean and std.dev: (128, 598)
[M::mem_pestat] mean and std.dev: (363.22, 70.68)
[M::mem_pestat] low and high boundaries for proper pairs: (34, 692)
[M::mem_pestat] analyzing insert size distribution for orientation RF...
[M::mem_pestat] (25, 50, 75) percentile: (14, 569, 6153)
[M::mem_pestat] low and high boundaries for computing mean and std.dev: (1, 18431)
[M::mem_pestat] mean and std.dev: (2886.43, 3689.52)
[M::mem_pestat] low and high boundaries for proper pairs: (1, 24570)
[M::mem_pestat] skip orientation RR as there are not enough pairs
[M::mem_pestat] skip orientation FF
[M::mem_pestat] skip orientation RF
[M::mem_process_seqs] Processed 1066890 reads in 137.286 CPU sec, 9.181 real sec
[M::process] read 1066872 sequences (160000102 bp)...
[M::mem_pestat] # candidate unique pairs for (FF, FR, RF, RR): (31, 519774, 3, 2)
[M::mem_pestat] analyzing insert size distribution for orientation FF...
[M::mem_pestat] (25, 50, 75) percentile: (49, 51, 3069)
[M::mem_pestat] low and high boundaries for computing mean and std.dev: (1, 9109)
[M::mem_pestat] mean and std.dev: (857.94, 1370.04)
[M::mem_pestat] low and high boundaries for proper pairs: (1, 12129)
[M::mem_pestat] analyzing insert size distribution for orientation FR...
[M::mem_pestat] (25, 50, 75) percentile: (315, 362, 410)
[M::mem_pestat] low and high boundaries for computing mean and std.dev: (125, 600)
[M::mem_pestat] mean and std.dev: (363.11, 70.94)
[M::mem_pestat] low and high boundaries for proper pairs: (30, 695)
[M::mem_pestat] skip orientation RF as there are not enough pairs
[M::mem_pestat] skip orientation RR as there are not enough pairs
[M::mem_pestat] skip orientation FF
[M::mem_process_seqs] Processed 1066874 reads in 137.718 CPU sec, 8.974 real sec
[M::process] read 1066922 sequences (160000146 bp)...
[M::mem_pestat] # candidate unique pairs for (FF, FR, RF, RR): (25, 519911, 9, 2)
[M::mem_pestat] analyzing insert size distribution for orientation FF...
[M::mem_pestat] (25, 50, 75) percentile: (47, 49, 58)
[M::mem_pestat] low and high boundaries for computing mean and std.dev: (25, 80)
[M::mem_pestat] mean and std.dev: (49.30, 3.74)
[M::mem_pestat] low and high boundaries for proper pairs: (14, 91)
[M::mem_pestat] analyzing insert size distribution for orientation FR...
[M::mem_pestat] (25, 50, 75) percentile: (315, 362, 410)
[M::mem_pestat] low and high boundaries for computing mean and std.dev: (125, 600)
[M::mem_pestat] mean and std.dev: (363.31, 71.33)
[M::mem_pestat] low and high boundaries for proper pairs: (30, 695)
[M::mem_pestat] skip orientation RF as there are not enough pairs
[M::mem_pestat] skip orientation RR as there are not enough pairs
[M::mem_pestat] skip orientation FF
[M::mem_process_seqs] Processed 1066872 reads in 136.154 CPU sec, 9.034 real sec
[M::process] read 1066924 sequences (160000134 bp)...
[M::mem_pestat] # candidate unique pairs for (FF, FR, RF, RR): (28, 519505, 9, 3)
[M::mem_pestat] analyzing insert size distribution for orientation FF...
[M::mem_pestat] (25, 50, 75) percentile: (48, 49, 56)
[M::mem_pestat] low and high boundaries for computing mean and std.dev: (32, 72)
[M::mem_pestat] mean and std.dev: (50.24, 4.32)
[M::mem_pestat] low and high boundaries for proper pairs: (24, 80)
[M::mem_pestat] analyzing insert size distribution for orientation FR...
[M::mem_pestat] (25, 50, 75) percentile: (310, 358, 407)
[M::mem_pestat] low and high boundaries for computing mean and std.dev: (116, 601)
[M::mem_pestat] mean and std.dev: (359.19, 72.19)
[M::mem_pestat] low and high boundaries for proper pairs: (19, 698)
[M::mem_pestat] skip orientation RF as there are not enough pairs
[M::mem_pestat] skip orientation RR as there are not enough pairs
[M::mem_pestat] skip orientation FF
[M::mem_process_seqs] Processed 1066922 reads in 155.964 CPU sec, 10.161 real sec
[M::process] read 1066898 sequences (160000088 bp)...
[M::mem_pestat] # candidate unique pairs for (FF, FR, RF, RR): (32, 517878, 11, 6)
[M::mem_pestat] analyzing insert size distribution for orientation FF...
[M::mem_pestat] (25, 50, 75) percentile: (49, 51, 57)
[M::mem_pestat] low and high boundaries for computing mean and std.dev: (33, 73)
[M::mem_pestat] mean and std.dev: (51.03, 4.80)
[M::mem_pestat] low and high boundaries for proper pairs: (25, 81)
[M::mem_pestat] analyzing insert size distribution for orientation FR...
[M::mem_pestat] (25, 50, 75) percentile: (308, 356, 406)
[M::mem_pestat] low and high boundaries for computing mean and std.dev: (112, 602)
[M::mem_pestat] mean and std.dev: (357.65, 73.49)
[M::mem_pestat] low and high boundaries for proper pairs: (14, 700)
[M::mem_pestat] analyzing insert size distribution for orientation RF...
[M::mem_pestat] (25, 50, 75) percentile: (709, 7573, 9176)
[M::mem_pestat] low and high boundaries for computing mean and std.dev: (1, 26110)
[M::mem_pestat] mean and std.dev: (5014.73, 3937.17)
[M::mem_pestat] low and high boundaries for proper pairs: (1, 34577)
[M::mem_pestat] skip orientation RR as there are not enough pairs
[M::mem_pestat] skip orientation FF
[M::mem_pestat] skip orientation RF
[M::mem_process_seqs] Processed 1066924 reads in 189.255 CPU sec, 12.616 real sec
[M::process] read 1066904 sequences (160000086 bp)...
[M::mem_pestat] # candidate unique pairs for (FF, FR, RF, RR): (13, 518072, 10, 11)
[M::mem_pestat] analyzing insert size distribution for orientation FF...
[M::mem_pestat] (25, 50, 75) percentile: (49, 54, 3820)
[M::mem_pestat] low and high boundaries for computing mean and std.dev: (1, 11362)
[M::mem_pestat] mean and std.dev: (1381.46, 2018.93)
[M::mem_pestat] low and high boundaries for proper pairs: (1, 15133)
[M::mem_pestat] analyzing insert size distribution for orientation FR...
[M::mem_pestat] (25, 50, 75) percentile: (312, 361, 410)
[M::mem_pestat] low and high boundaries for computing mean and std.dev: (116, 606)
[M::mem_pestat] mean and std.dev: (361.39, 73.21)
[M::mem_pestat] low and high boundaries for proper pairs: (18, 704)
[M::mem_pestat] analyzing insert size distribution for orientation RF...
[M::mem_pestat] (25, 50, 75) percentile: (26, 1207, 1692)
[M::mem_pestat] low and high boundaries for computing mean and std.dev: (1, 5024)
[M::mem_pestat] mean and std.dev: (622.12, 719.30)
[M::mem_pestat] low and high boundaries for proper pairs: (1, 6690)
[M::mem_pestat] analyzing insert size distribution for orientation RR...
[M::mem_pestat] (25, 50, 75) percentile: (2881, 4280, 5573)
[M::mem_pestat] low and high boundaries for computing mean and std.dev: (1, 10957)
[M::mem_pestat] mean and std.dev: (4318.09, 2070.52)
[M::mem_pestat] low and high boundaries for proper pairs: (1, 13649)
[M::mem_pestat] skip orientation FF
[M::mem_pestat] skip orientation RF
[M::mem_pestat] skip orientation RR
[M::mem_process_seqs] Processed 1066898 reads in 185.420 CPU sec, 12.022 real sec
[M::process] read 1066922 sequences (160000140 bp)...
[M::mem_pestat] # candidate unique pairs for (FF, FR, RF, RR): (21, 518040, 6, 1)
[M::mem_pestat] analyzing insert size distribution for orientation FF...
[M::mem_pestat] (25, 50, 75) percentile: (49, 51, 1722)
[M::mem_pestat] low and high boundaries for computing mean and std.dev: (1, 5068)
[M::mem_pestat] mean and std.dev: (397.50, 1096.34)
[M::mem_pestat] low and high boundaries for proper pairs: (1, 6741)
[M::mem_pestat] analyzing insert size distribution for orientation FR...
[M::mem_pestat] (25, 50, 75) percentile: (312, 361, 410)
[M::mem_pestat] low and high boundaries for computing mean and std.dev: (116, 606)
[M::mem_pestat] mean and std.dev: (361.99, 73.05)
[M::mem_pestat] low and high boundaries for proper pairs: (18, 704)
[M::mem_pestat] skip orientation RF as there are not enough pairs
[M::mem_pestat] skip orientation RR as there are not enough pairs
[M::mem_pestat] skip orientation FF
[M::mem_process_seqs] Processed 1066904 reads in 183.505 CPU sec, 12.199 real sec
[M::process] read 1066898 sequences (160000284 bp)...
[M::mem_pestat] # candidate unique pairs for (FF, FR, RF, RR): (28, 518403, 4, 2)
[M::mem_pestat] analyzing insert size distribution for orientation FF...
[M::mem_pestat] (25, 50, 75) percentile: (49, 51, 1209)
[M::mem_pestat] low and high boundaries for computing mean and std.dev: (1, 3529)
[M::mem_pestat] mean and std.dev: (160.52, 326.81)
[M::mem_pestat] low and high boundaries for proper pairs: (1, 4689)
[M::mem_pestat] analyzing insert size distribution for orientation FR...
[M::mem_pestat] (25, 50, 75) percentile: (314, 362, 411)
[M::mem_pestat] low and high boundaries for computing mean and std.dev: (120, 605)
[M::mem_pestat] mean and std.dev: (363.10, 72.98)
[M::mem_pestat] low and high boundaries for proper pairs: (23, 702)
[M::mem_pestat] skip orientation RF as there are not enough pairs
[M::mem_pestat] skip orientation RR as there are not enough pairs
[M::mem_pestat] skip orientation FF
[M::mem_process_seqs] Processed 1066922 reads in 166.378 CPU sec, 11.066 real sec
[M::process] read 1066970 sequences (160000038 bp)...
[M::mem_pestat] # candidate unique pairs for (FF, FR, RF, RR): (32, 518626, 8, 3)
[M::mem_pestat] analyzing insert size distribution for orientation FF...
[M::mem_pestat] (25, 50, 75) percentile: (47, 52, 1789)
[M::mem_pestat] low and high boundaries for computing mean and std.dev: (1, 5273)
[M::mem_pestat] mean and std.dev: (875.72, 1436.93)
[M::mem_pestat] low and high boundaries for proper pairs: (1, 7015)
[M::mem_pestat] analyzing insert size distribution for orientation FR...
[M::mem_pestat] (25, 50, 75) percentile: (313, 362, 411)
[M::mem_pestat] low and high boundaries for computing mean and std.dev: (117, 607)
[M::mem_pestat] mean and std.dev: (363.08, 73.14)
[M::mem_pestat] low and high boundaries for proper pairs: (19, 705)
[M::mem_pestat] skip orientation RF as there are not enough pairs
[M::mem_pestat] skip orientation RR as there are not enough pairs
[M::mem_pestat] skip orientation FF
[M::mem_process_seqs] Processed 1066898 reads in 164.459 CPU sec, 11.132 real sec
[M::process] read 1066930 sequences (160000138 bp)...
[M::mem_pestat] # candidate unique pairs for (FF, FR, RF, RR): (25, 519960, 5, 6)
[M::mem_pestat] analyzing insert size distribution for orientation FF...
[M::mem_pestat] (25, 50, 75) percentile: (44, 50, 5928)
[M::mem_pestat] low and high boundaries for computing mean and std.dev: (1, 17696)
[M::mem_pestat] mean and std.dev: (2071.68, 3338.70)
[M::mem_pestat] low and high boundaries for proper pairs: (1, 23580)
[M::mem_pestat] analyzing insert size distribution for orientation FR...
[M::mem_pestat] (25, 50, 75) percentile: (305, 354, 403)
[M::mem_pestat] low and high boundaries for computing mean and std.dev: (109, 599)
[M::mem_pestat] mean and std.dev: (355.18, 73.00)
[M::mem_pestat] low and high boundaries for proper pairs: (11, 697)
[M::mem_pestat] skip orientation RF as there are not enough pairs
[M::mem_pestat] skip orientation RR as there are not enough pairs
[M::mem_pestat] skip orientation FF
[M::mem_process_seqs] Processed 1066970 reads in 155.859 CPU sec, 10.181 real sec
[M::process] read 1066942 sequences (160000298 bp)...
[M::mem_pestat] # candidate unique pairs for (FF, FR, RF, RR): (20, 519541, 4, 2)
[M::mem_pestat] analyzing insert size distribution for orientation FF...
[M::mem_pestat] (25, 50, 75) percentile: (45, 50, 54)
[M::mem_pestat] low and high boundaries for computing mean and std.dev: (27, 72)
[M::mem_pestat] mean and std.dev: (49.39, 4.69)
[M::mem_pestat] low and high boundaries for proper pairs: (18, 81)
[M::mem_pestat] analyzing insert size distribution for orientation FR...
[M::mem_pestat] (25, 50, 75) percentile: (308, 357, 406)
[M::mem_pestat] low and high boundaries for computing mean and std.dev: (112, 602)
[M::mem_pestat] mean and std.dev: (358.10, 73.08)
[M::mem_pestat] low and high boundaries for proper pairs: (14, 700)
[M::mem_pestat] skip orientation RF as there are not enough pairs
[M::mem_pestat] skip orientation RR as there are not enough pairs
[M::mem_pestat] skip orientation FF
[M::mem_process_seqs] Processed 1066930 reads in 157.694 CPU sec, 10.513 real sec
[M::process] read 1066910 sequences (160000134 bp)...
[M::mem_pestat] # candidate unique pairs for (FF, FR, RF, RR): (20, 518985, 2, 3)
[M::mem_pestat] analyzing insert size distribution for orientation FF...
[M::mem_pestat] (25, 50, 75) percentile: (45, 51, 257)
[M::mem_pestat] low and high boundaries for computing mean and std.dev: (1, 681)
[M::mem_pestat] mean and std.dev: (73.12, 67.34)
[M::mem_pestat] low and high boundaries for proper pairs: (1, 893)
[M::mem_pestat] analyzing insert size distribution for orientation FR...
[M::mem_pestat] (25, 50, 75) percentile: (312, 360, 409)
[M::mem_pestat] low and high boundaries for computing mean and std.dev: (118, 603)
[M::mem_pestat] mean and std.dev: (360.87, 72.49)
[M::mem_pestat] low and high boundaries for proper pairs: (21, 700)
[M::mem_pestat] skip orientation RF as there are not enough pairs
[M::mem_pestat] skip orientation RR as there are not enough pairs
[M::mem_pestat] skip orientation FF
[M::mem_process_seqs] Processed 1066942 reads in 162.464 CPU sec, 10.813 real sec
[M::process] read 1066868 sequences (160000128 bp)...
[M::mem_pestat] # candidate unique pairs for (FF, FR, RF, RR): (16, 518591, 4, 2)
[M::mem_pestat] analyzing insert size distribution for orientation FF...
[M::mem_pestat] (25, 50, 75) percentile: (48, 49, 53)
[M::mem_pestat] low and high boundaries for computing mean and std.dev: (38, 63)
[M::mem_pestat] mean and std.dev: (49.14, 2.97)
[M::mem_pestat] low and high boundaries for proper pairs: (33, 68)
[M::mem_pestat] analyzing insert size distribution for orientation FR...
[M::mem_pestat] (25, 50, 75) percentile: (313, 362, 410)
[M::mem_pestat] low and high boundaries for computing mean and std.dev: (119, 604)
[M::mem_pestat] mean and std.dev: (362.35, 72.62)
[M::mem_pestat] low and high boundaries for proper pairs: (22, 701)
[M::mem_pestat] skip orientation RF as there are not enough pairs
[M::mem_pestat] skip orientation RR as there are not enough pairs
[M::mem_pestat] skip orientation FF
[M::mem_process_seqs] Processed 1066910 reads in 175.678 CPU sec, 11.594 real sec
[M::process] read 1066934 sequences (160000240 bp)...
[M::mem_pestat] # candidate unique pairs for (FF, FR, RF, RR): (38, 518669, 14, 2)
[M::mem_pestat] analyzing insert size distribution for orientation FF...
[M::mem_pestat] (25, 50, 75) percentile: (47, 53, 658)
[M::mem_pestat] low and high boundaries for computing mean and std.dev: (1, 1880)
[M::mem_pestat] mean and std.dev: (129.61, 231.97)
[M::mem_pestat] low and high boundaries for proper pairs: (1, 2491)
[M::mem_pestat] analyzing insert size distribution for orientation FR...
[M::mem_pestat] (25, 50, 75) percentile: (314, 363, 412)
[M::mem_pestat] low and high boundaries for computing mean and std.dev: (118, 608)
[M::mem_pestat] mean and std.dev: (363.65, 72.83)
[M::mem_pestat] low and high boundaries for proper pairs: (20, 706)
[M::mem_pestat] analyzing insert size distribution for orientation RF...
[M::mem_pestat] (25, 50, 75) percentile: (3890, 5737, 5758)
[M::mem_pestat] low and high boundaries for computing mean and std.dev: (154, 9494)
[M::mem_pestat] mean and std.dev: (4836.40, 1148.43)
[M::mem_pestat] low and high boundaries for proper pairs: (1, 11362)
[M::mem_pestat] skip orientation RR as there are not enough pairs
[M::mem_pestat] skip orientation FF
[M::mem_pestat] skip orientation RF
[M::mem_process_seqs] Processed 1066868 reads in 176.134 CPU sec, 11.442 real sec
[M::process] read 1066948 sequences (160000262 bp)...
[M::mem_pestat] # candidate unique pairs for (FF, FR, RF, RR): (20, 517931, 11, 3)
[M::mem_pestat] analyzing insert size distribution for orientation FF...
[M::mem_pestat] (25, 50, 75) percentile: (49, 51, 58)
[M::mem_pestat] low and high boundaries for computing mean and std.dev: (31, 76)
[M::mem_pestat] mean and std.dev: (51.50, 4.41)
[M::mem_pestat] low and high boundaries for proper pairs: (22, 85)
[M::mem_pestat] analyzing insert size distribution for orientation FR...
[M::mem_pestat] (25, 50, 75) percentile: (310, 358, 408)
[M::mem_pestat] low and high boundaries for computing mean and std.dev: (114, 604)
[M::mem_pestat] mean and std.dev: (359.50, 73.48)
[M::mem_pestat] low and high boundaries for proper pairs: (16, 702)
[M::mem_pestat] analyzing insert size distribution for orientation RF...
[M::mem_pestat] (25, 50, 75) percentile: (48, 53, 8861)
[M::mem_pestat] low and high boundaries for computing mean and std.dev: (1, 26487)
[M::mem_pestat] mean and std.dev: (3444.91, 4232.33)
[M::mem_pestat] low and high boundaries for proper pairs: (1, 35300)
[M::mem_pestat] skip orientation RR as there are not enough pairs
[M::mem_pestat] skip orientation FF
[M::mem_pestat] skip orientation RF
[M::mem_process_seqs] Processed 1066934 reads in 188.521 CPU sec, 12.453 real sec
[M::process] read 1066944 sequences (160000148 bp)...
[M::mem_pestat] # candidate unique pairs for (FF, FR, RF, RR): (27, 518269, 5, 7)
[M::mem_pestat] analyzing insert size distribution for orientation FF...
[M::mem_pestat] (25, 50, 75) percentile: (49, 51, 59)
[M::mem_pestat] low and high boundaries for computing mean and std.dev: (29, 79)
[M::mem_pestat] mean and std.dev: (51.61, 5.27)
[M::mem_pestat] low and high boundaries for proper pairs: (19, 89)
[M::mem_pestat] analyzing insert size distribution for orientation FR...
[M::mem_pestat] (25, 50, 75) percentile: (308, 357, 407)
[M::mem_pestat] low and high boundaries for computing mean and std.dev: (110, 605)
[M::mem_pestat] mean and std.dev: (358.34, 73.76)
[M::mem_pestat] low and high boundaries for proper pairs: (11, 704)
[M::mem_pestat] skip orientation RF as there are not enough pairs
[M::mem_pestat] skip orientation RR as there are not enough pairs
[M::mem_pestat] skip orientation FF
[M::mem_process_seqs] Processed 1066948 reads in 177.759 CPU sec, 11.577 real sec
[M::process] read 1066922 sequences (160000110 bp)...
[M::mem_pestat] # candidate unique pairs for (FF, FR, RF, RR): (19, 518322, 9, 7)
[M::mem_pestat] analyzing insert size distribution for orientation FF...
[M::mem_pestat] (25, 50, 75) percentile: (49, 54, 59)
[M::mem_pestat] low and high boundaries for computing mean and std.dev: (29, 79)
[M::mem_pestat] mean and std.dev: (50.67, 4.73)
[M::mem_pestat] low and high boundaries for proper pairs: (19, 89)
[M::mem_pestat] analyzing insert size distribution for orientation FR...
[M::mem_pestat] (25, 50, 75) percentile: (312, 361, 410)
[M::mem_pestat] low and high boundaries for computing mean and std.dev: (116, 606)
[M::mem_pestat] mean and std.dev: (361.77, 73.29)
[M::mem_pestat] low and high boundaries for proper pairs: (18, 704)
[M::mem_pestat] skip orientation RF as there are not enough pairs
[M::mem_pestat] skip orientation RR as there are not enough pairs
[M::mem_pestat] skip orientation FF
[M::mem_process_seqs] Processed 1066944 reads in 170.772 CPU sec, 11.667 real sec
[M::process] read 1066886 sequences (160000212 bp)...
[M::mem_pestat] # candidate unique pairs for (FF, FR, RF, RR): (17, 518230, 2, 1)
[M::mem_pestat] analyzing insert size distribution for orientation FF...
[M::mem_pestat] (25, 50, 75) percentile: (47, 49, 57)
[M::mem_pestat] low and high boundaries for computing mean and std.dev: (27, 77)
[M::mem_pestat] mean and std.dev: (50.50, 5.04)
[M::mem_pestat] low and high boundaries for proper pairs: (17, 87)
[M::mem_pestat] analyzing insert size distribution for orientation FR...
[M::mem_pestat] (25, 50, 75) percentile: (313, 362, 410)
[M::mem_pestat] low and high boundaries for computing mean and std.dev: (119, 604)
[M::mem_pestat] mean and std.dev: (362.32, 72.54)
[M::mem_pestat] low and high boundaries for proper pairs: (22, 701)
[M::mem_pestat] skip orientation RF as there are not enough pairs
[M::mem_pestat] skip orientation RR as there are not enough pairs
[M::mem_pestat] skip orientation FF
[M::mem_process_seqs] Processed 1066922 reads in 175.540 CPU sec, 11.410 real sec
[M::process] read 1066904 sequences (160000184 bp)...
[M::mem_pestat] # candidate unique pairs for (FF, FR, RF, RR): (17, 517969, 4, 1)
[M::mem_pestat] analyzing insert size distribution for orientation FF...
[M::mem_pestat] (25, 50, 75) percentile: (50, 56, 412)
[M::mem_pestat] low and high boundaries for computing mean and std.dev: (1, 1136)
[M::mem_pestat] mean and std.dev: (117.00, 133.07)
[M::mem_pestat] low and high boundaries for proper pairs: (1, 1498)
[M::mem_pestat] analyzing insert size distribution for orientation FR...
[M::mem_pestat] (25, 50, 75) percentile: (315, 363, 412)
[M::mem_pestat] low and high boundaries for computing mean and std.dev: (121, 606)
[M::mem_pestat] mean and std.dev: (363.97, 72.66)
[M::mem_pestat] low and high boundaries for proper pairs: (24, 703)
[M::mem_pestat] skip orientation RF as there are not enough pairs
[M::mem_pestat] skip orientation RR as there are not enough pairs
[M::mem_pestat] skip orientation FF
[M::mem_process_seqs] Processed 1066886 reads in 173.763 CPU sec, 11.435 real sec
[M::process] read 1066974 sequences (160000284 bp)...
[M::mem_pestat] # candidate unique pairs for (FF, FR, RF, RR): (24, 518430, 14, 1)
[M::mem_pestat] analyzing insert size distribution for orientation FF...
[M::mem_pestat] (25, 50, 75) percentile: (45, 52, 63)
[M::mem_pestat] low and high boundaries for computing mean and std.dev: (9, 99)
[M::mem_pestat] mean and std.dev: (49.89, 6.18)
[M::mem_pestat] low and high boundaries for proper pairs: (1, 117)
[M::mem_pestat] analyzing insert size distribution for orientation FR...
[M::mem_pestat] (25, 50, 75) percentile: (315, 364, 413)
[M::mem_pestat] low and high boundaries for computing mean and std.dev: (119, 609)
[M::mem_pestat] mean and std.dev: (364.78, 73.20)
[M::mem_pestat] low and high boundaries for proper pairs: (21, 707)
[M::mem_pestat] analyzing insert size distribution for orientation RF...
[M::mem_pestat] (25, 50, 75) percentile: (2793, 5198, 5600)
[M::mem_pestat] low and high boundaries for computing mean and std.dev: (1, 11214)
[M::mem_pestat] mean and std.dev: (4142.50, 2042.16)
[M::mem_pestat] low and high boundaries for proper pairs: (1, 14021)
[M::mem_pestat] skip orientation RR as there are not enough pairs
[M::mem_pestat] skip orientation FF
[M::mem_pestat] skip orientation RF
[M::mem_process_seqs] Processed 1066904 reads in 169.671 CPU sec, 11.131 real sec
[M::process] read 1066950 sequences (160000168 bp)...
[M::mem_pestat] # candidate unique pairs for (FF, FR, RF, RR): (30, 519424, 7, 4)
[M::mem_pestat] analyzing insert size distribution for orientation FF...
[M::mem_pestat] (25, 50, 75) percentile: (44, 49, 59)
[M::mem_pestat] low and high boundaries for computing mean and std.dev: (14, 89)
[M::mem_pestat] mean and std.dev: (48.04, 4.82)
[M::mem_pestat] low and high boundaries for proper pairs: (1, 104)
[M::mem_pestat] analyzing insert size distribution for orientation FR...
[M::mem_pestat] (25, 50, 75) percentile: (306, 356, 405)
[M::mem_pestat] low and high boundaries for computing mean and std.dev: (108, 603)
[M::mem_pestat] mean and std.dev: (356.67, 73.65)
[M::mem_pestat] low and high boundaries for proper pairs: (9, 702)
[M::mem_pestat] skip orientation RF as there are not enough pairs
[M::mem_pestat] skip orientation RR as there are not enough pairs
[M::mem_pestat] skip orientation FF
[M::mem_process_seqs] Processed 1066974 reads in 153.767 CPU sec, 10.338 real sec
[M::process] read 1066914 sequences (160000258 bp)...
[M::mem_pestat] # candidate unique pairs for (FF, FR, RF, RR): (21, 518823, 6, 5)
[M::mem_pestat] analyzing insert size distribution for orientation FF...
[M::mem_pestat] (25, 50, 75) percentile: (47, 49, 1812)
[M::mem_pestat] low and high boundaries for computing mean and std.dev: (1, 5342)
[M::mem_pestat] mean and std.dev: (752.95, 1518.87)
[M::mem_pestat] low and high boundaries for proper pairs: (1, 7107)
[M::mem_pestat] analyzing insert size distribution for orientation FR...
[M::mem_pestat] (25, 50, 75) percentile: (312, 360, 410)
[M::mem_pestat] low and high boundaries for computing mean and std.dev: (116, 606)
[M::mem_pestat] mean and std.dev: (361.40, 73.58)
[M::mem_pestat] low and high boundaries for proper pairs: (18, 704)
[M::mem_pestat] skip orientation RF as there are not enough pairs
[M::mem_pestat] skip orientation RR as there are not enough pairs
[M::mem_pestat] skip orientation FF
[M::mem_process_seqs] Processed 1066950 reads in 157.145 CPU sec, 10.279 real sec
[M::process] read 1066944 sequences (160000210 bp)...
[M::mem_pestat] # candidate unique pairs for (FF, FR, RF, RR): (17, 518958, 5, 6)
[M::mem_pestat] analyzing insert size distribution for orientation FF...
[M::mem_pestat] (25, 50, 75) percentile: (47, 49, 9089)
[M::mem_pestat] low and high boundaries for computing mean and std.dev: (1, 27173)
[M::mem_pestat] mean and std.dev: (2246.88, 3962.61)
[M::mem_pestat] low and high boundaries for proper pairs: (1, 36215)
[M::mem_pestat] analyzing insert size distribution for orientation FR...
[M::mem_pestat] (25, 50, 75) percentile: (314, 362, 411)
[M::mem_pestat] low and high boundaries for computing mean and std.dev: (120, 605)
[M::mem_pestat] mean and std.dev: (362.69, 72.65)
[M::mem_pestat] low and high boundaries for proper pairs: (23, 702)
[M::mem_pestat] skip orientation RF as there are not enough pairs
[M::mem_pestat] skip orientation RR as there are not enough pairs
[M::mem_pestat] skip orientation FF
[M::mem_process_seqs] Processed 1066914 reads in 158.940 CPU sec, 10.668 real sec
[M::process] read 1066872 sequences (160000262 bp)...
[M::mem_pestat] # candidate unique pairs for (FF, FR, RF, RR): (24, 518773, 4, 1)
[M::mem_pestat] analyzing insert size distribution for orientation FF...
[M::mem_pestat] (25, 50, 75) percentile: (49, 52, 6199)
[M::mem_pestat] low and high boundaries for computing mean and std.dev: (1, 18499)
[M::mem_pestat] mean and std.dev: (1843.50, 2801.34)
[M::mem_pestat] low and high boundaries for proper pairs: (1, 24649)
[M::mem_pestat] analyzing insert size distribution for orientation FR...
[M::mem_pestat] (25, 50, 75) percentile: (315, 363, 412)
[M::mem_pestat] low and high boundaries for computing mean and std.dev: (121, 606)
[M::mem_pestat] mean and std.dev: (363.91, 72.42)
[M::mem_pestat] low and high boundaries for proper pairs: (24, 703)
[M::mem_pestat] skip orientation RF as there are not enough pairs
[M::mem_pestat] skip orientation RR as there are not enough pairs
[M::mem_pestat] skip orientation FF
[M::mem_process_seqs] Processed 1066944 reads in 159.179 CPU sec, 10.759 real sec
[M::process] read 865880 sequences (129855300 bp)...
[M::mem_pestat] # candidate unique pairs for (FF, FR, RF, RR): (23, 518501, 3, 2)
[M::mem_pestat] analyzing insert size distribution for orientation FF...
[M::mem_pestat] (25, 50, 75) percentile: (47, 54, 63)
[M::mem_pestat] low and high boundaries for computing mean and std.dev: (15, 95)
[M::mem_pestat] mean and std.dev: (51.00, 6.26)
[M::mem_pestat] low and high boundaries for proper pairs: (1, 111)
[M::mem_pestat] analyzing insert size distribution for orientation FR...
[M::mem_pestat] (25, 50, 75) percentile: (317, 365, 414)
[M::mem_pestat] low and high boundaries for computing mean and std.dev: (123, 608)
[M::mem_pestat] mean and std.dev: (365.93, 72.50)
[M::mem_pestat] low and high boundaries for proper pairs: (26, 705)
[M::mem_pestat] skip orientation RF as there are not enough pairs
[M::mem_pestat] skip orientation RR as there are not enough pairs
[M::mem_pestat] skip orientation FF
[M::mem_process_seqs] Processed 1066872 reads in 157.590 CPU sec, 13.342 real sec
[M::mem_pestat] # candidate unique pairs for (FF, FR, RF, RR): (19, 420690, 8, 2)
[M::mem_pestat] analyzing insert size distribution for orientation FF...
[M::mem_pestat] (25, 50, 75) percentile: (49, 54, 57)
[M::mem_pestat] low and high boundaries for computing mean and std.dev: (33, 73)
[M::mem_pestat] mean and std.dev: (51.00, 3.77)
[M::mem_pestat] low and high boundaries for proper pairs: (25, 81)
[M::mem_pestat] analyzing insert size distribution for orientation FR...
[M::mem_pestat] (25, 50, 75) percentile: (314, 362, 411)
[M::mem_pestat] low and high boundaries for computing mean and std.dev: (120, 605)
[M::mem_pestat] mean and std.dev: (363.27, 72.82)
[M::mem_pestat] low and high boundaries for proper pairs: (23, 702)
[M::mem_pestat] skip orientation RF as there are not enough pairs
[M::mem_pestat] skip orientation RR as there are not enough pairs
[M::mem_pestat] skip orientation FF
[M::mem_process_seqs] Processed 865880 reads in 135.534 CPU sec, 9.089 real sec
[main] Version: 0.7.17-r1188
[main] CMD: bwa mem -t 16 /data/NCBR/projects/NCBR-492/data/manual_analysis/MAGs/SF5_metawrap.bin.1.fa /data/NCBR/projects/NCBR-492/data/manual_analysis/fastp/SF5.trimmed.R1.fastq /data/NCBR/projects/NCBR-492/data/manual_analysis/fastp/SF5.trimmed.R2.fastq
[main] Real time: 537.204 sec; CPU: 7882.780 sec
