[+] Loading bwa 0.7.17 on cn3195 
[bwa_index] Pack FASTA... 0.05 sec
[bwa_index] Construct BWT for the packed sequence...
[bwa_index] 1.39 seconds elapse.
[bwa_index] Update BWT... 0.03 sec
[bwa_index] Pack forward-only FASTA... 0.03 sec
[bwa_index] Construct SA from BWT and Occ... 0.67 sec
[main] Version: 0.7.17-r1188
[main] CMD: bwa index /data/NCBR/projects/NCBR-492/data/manual_analysis/MAGs/SF3_metawrap.bin.1.fa
[main] Real time: 2.431 sec; CPU: 2.167 sec
[M::bwa_idx_load_from_disk] read 0 ALT contigs
[M::process] read 1066976 sequences (160000018 bp)...
[M::mem_pestat] # candidate unique pairs for (FF, FR, RF, RR): (9, 514896, 18, 6)
[M::mem_pestat] skip orientation FF as there are not enough pairs
[M::mem_pestat] analyzing insert size distribution for orientation FR...
[M::mem_pestat] (25, 50, 75) percentile: (308, 355, 402)
[M::mem_pestat] low and high boundaries for computing mean and std.dev: (120, 590)
[M::mem_pestat] mean and std.dev: (355.14, 70.42)
[M::mem_pestat] low and high boundaries for proper pairs: (26, 684)
[M::mem_pestat] analyzing insert size distribution for orientation RF...
[M::mem_pestat] (25, 50, 75) percentile: (9, 77, 1178)
[M::mem_pestat] low and high boundaries for computing mean and std.dev: (1, 3516)
[M::mem_pestat] mean and std.dev: (368.93, 599.88)
[M::mem_pestat] low and high boundaries for proper pairs: (1, 4685)
[M::mem_pestat] skip orientation RR as there are not enough pairs
[M::mem_pestat] skip orientation RF
[M::mem_process_seqs] Processed 1066976 reads in 90.133 CPU sec, 6.909 real sec
[M::process] read 1066908 sequences (160000036 bp)...
[M::mem_pestat] # candidate unique pairs for (FF, FR, RF, RR): (4, 514898, 39, 3)
[M::mem_pestat] skip orientation FF as there are not enough pairs
[M::mem_pestat] analyzing insert size distribution for orientation FR...
[M::mem_pestat] (25, 50, 75) percentile: (310, 357, 403)
[M::mem_pestat] low and high boundaries for computing mean and std.dev: (124, 589)
[M::mem_pestat] mean and std.dev: (357.09, 69.93)
[M::mem_pestat] low and high boundaries for proper pairs: (31, 682)
[M::mem_pestat] analyzing insert size distribution for orientation RF...
[M::mem_pestat] (25, 50, 75) percentile: (26, 87, 822)
[M::mem_pestat] low and high boundaries for computing mean and std.dev: (1, 2414)
[M::mem_pestat] mean and std.dev: (250.83, 322.18)
[M::mem_pestat] low and high boundaries for proper pairs: (1, 3210)
[M::mem_pestat] skip orientation RR as there are not enough pairs
[M::mem_pestat] skip orientation RF
[M::process] read 1066948 sequences (160000098 bp)...
[M::mem_process_seqs] Processed 1066908 reads in 94.941 CPU sec, 6.468 real sec
[M::process] read 1066934 sequences (160000190 bp)...
[M::mem_pestat] # candidate unique pairs for (FF, FR, RF, RR): (2, 514868, 24, 13)
[M::mem_pestat] skip orientation FF as there are not enough pairs
[M::mem_pestat] analyzing insert size distribution for orientation FR...
[M::mem_pestat] (25, 50, 75) percentile: (310, 357, 403)
[M::mem_pestat] low and high boundaries for computing mean and std.dev: (124, 589)
[M::mem_pestat] mean and std.dev: (357.10, 69.89)
[M::mem_pestat] low and high boundaries for proper pairs: (31, 682)
[M::mem_pestat] analyzing insert size distribution for orientation RF...
[M::mem_pestat] (25, 50, 75) percentile: (44, 116, 9031)
[M::mem_pestat] low and high boundaries for computing mean and std.dev: (1, 27005)
[M::mem_pestat] mean and std.dev: (2953.83, 4043.09)
[M::mem_pestat] low and high boundaries for proper pairs: (1, 35992)
[M::mem_pestat] analyzing insert size distribution for orientation RR...
[M::mem_pestat] (25, 50, 75) percentile: (1723, 1723, 9556)
[M::mem_pestat] low and high boundaries for computing mean and std.dev: (1, 25222)
[M::mem_pestat] mean and std.dev: (4776.15, 3430.11)
[M::mem_pestat] low and high boundaries for proper pairs: (1, 33055)
[M::mem_pestat] skip orientation RF
[M::mem_pestat] skip orientation RR
[M::mem_process_seqs] Processed 1066948 reads in 93.576 CPU sec, 6.376 real sec
[M::process] read 1066964 sequences (160000164 bp)...
[M::mem_pestat] # candidate unique pairs for (FF, FR, RF, RR): (3, 514940, 24, 2)
[M::mem_pestat] skip orientation FF as there are not enough pairs
[M::mem_pestat] analyzing insert size distribution for orientation FR...
[M::mem_pestat] (25, 50, 75) percentile: (309, 355, 401)
[M::mem_pestat] low and high boundaries for computing mean and std.dev: (125, 585)
[M::mem_pestat] mean and std.dev: (355.43, 69.46)
[M::mem_pestat] low and high boundaries for proper pairs: (33, 677)
[M::mem_pestat] analyzing insert size distribution for orientation RF...
[M::mem_pestat] (25, 50, 75) percentile: (43, 87, 289)
[M::mem_pestat] low and high boundaries for computing mean and std.dev: (1, 781)
[M::mem_pestat] mean and std.dev: (69.84, 63.54)
[M::mem_pestat] low and high boundaries for proper pairs: (1, 1027)
[M::mem_pestat] skip orientation RR as there are not enough pairs
[M::mem_pestat] skip orientation RF
[M::mem_process_seqs] Processed 1066934 reads in 93.630 CPU sec, 6.275 real sec
[M::process] read 1066940 sequences (160000202 bp)...
[M::mem_pestat] # candidate unique pairs for (FF, FR, RF, RR): (5, 515106, 8, 16)
[M::mem_pestat] skip orientation FF as there are not enough pairs
[M::mem_pestat] analyzing insert size distribution for orientation FR...
[M::mem_pestat] (25, 50, 75) percentile: (309, 356, 402)
[M::mem_pestat] low and high boundaries for computing mean and std.dev: (123, 588)
[M::mem_pestat] mean and std.dev: (356.08, 69.52)
[M::mem_pestat] low and high boundaries for proper pairs: (30, 681)
[M::mem_pestat] skip orientation RF as there are not enough pairs
[M::mem_pestat] analyzing insert size distribution for orientation RR...
[M::mem_pestat] (25, 50, 75) percentile: (282, 7034, 9853)
[M::mem_pestat] low and high boundaries for computing mean and std.dev: (1, 28995)
[M::mem_pestat] mean and std.dev: (5608.62, 3777.57)
[M::mem_pestat] low and high boundaries for proper pairs: (1, 38566)
[M::mem_pestat] skip orientation RR
[M::mem_process_seqs] Processed 1066964 reads in 95.325 CPU sec, 6.402 real sec
[M::process] read 1066968 sequences (160000008 bp)...
[M::mem_pestat] # candidate unique pairs for (FF, FR, RF, RR): (2, 514351, 18, 1)
[M::mem_pestat] skip orientation FF as there are not enough pairs
[M::mem_pestat] analyzing insert size distribution for orientation FR...
[M::mem_pestat] (25, 50, 75) percentile: (309, 356, 402)
[M::mem_pestat] low and high boundaries for computing mean and std.dev: (123, 588)
[M::mem_pestat] mean and std.dev: (356.29, 69.93)
[M::mem_pestat] low and high boundaries for proper pairs: (30, 681)
[M::mem_pestat] analyzing insert size distribution for orientation RF...
[M::mem_pestat] (25, 50, 75) percentile: (78, 242, 980)
[M::mem_pestat] low and high boundaries for computing mean and std.dev: (1, 2784)
[M::mem_pestat] mean and std.dev: (362.50, 397.21)
[M::mem_pestat] low and high boundaries for proper pairs: (1, 3686)
[M::mem_pestat] skip orientation RR as there are not enough pairs
[M::mem_pestat] skip orientation RF
[M::mem_process_seqs] Processed 1066940 reads in 95.525 CPU sec, 6.344 real sec
[M::process] read 1066958 sequences (160000206 bp)...
[M::mem_pestat] # candidate unique pairs for (FF, FR, RF, RR): (8, 513632, 22, 6)
[M::mem_pestat] skip orientation FF as there are not enough pairs
[M::mem_pestat] analyzing insert size distribution for orientation FR...
[M::mem_pestat] (25, 50, 75) percentile: (307, 355, 402)
[M::mem_pestat] low and high boundaries for computing mean and std.dev: (117, 592)
[M::mem_pestat] mean and std.dev: (355.15, 70.62)
[M::mem_pestat] low and high boundaries for proper pairs: (22, 687)
[M::mem_pestat] analyzing insert size distribution for orientation RF...
[M::mem_pestat] (25, 50, 75) percentile: (35, 74, 299)
[M::mem_pestat] low and high boundaries for computing mean and std.dev: (1, 827)
[M::mem_pestat] mean and std.dev: (137.30, 160.19)
[M::mem_pestat] low and high boundaries for proper pairs: (1, 1091)
[M::mem_pestat] skip orientation RR as there are not enough pairs
[M::mem_pestat] skip orientation RF
[M::mem_process_seqs] Processed 1066968 reads in 96.878 CPU sec, 6.558 real sec
[M::process] read 1066934 sequences (160000280 bp)...
[M::mem_pestat] # candidate unique pairs for (FF, FR, RF, RR): (4, 514075, 17, 11)
[M::mem_pestat] skip orientation FF as there are not enough pairs
[M::mem_pestat] analyzing insert size distribution for orientation FR...
[M::mem_pestat] (25, 50, 75) percentile: (310, 357, 404)
[M::mem_pestat] low and high boundaries for computing mean and std.dev: (122, 592)
[M::mem_pestat] mean and std.dev: (357.05, 70.33)
[M::mem_pestat] low and high boundaries for proper pairs: (28, 686)
[M::mem_pestat] analyzing insert size distribution for orientation RF...
[M::mem_pestat] (25, 50, 75) percentile: (50, 171, 310)
[M::mem_pestat] low and high boundaries for computing mean and std.dev: (1, 830)
[M::mem_pestat] mean and std.dev: (169.76, 114.56)
[M::mem_pestat] low and high boundaries for proper pairs: (1, 1090)
[M::mem_pestat] analyzing insert size distribution for orientation RR...
[M::mem_pestat] (25, 50, 75) percentile: (5139, 6919, 6919)
[M::mem_pestat] low and high boundaries for computing mean and std.dev: (1579, 10479)
[M::mem_pestat] mean and std.dev: (6220.64, 832.55)
[M::mem_pestat] low and high boundaries for proper pairs: (1, 12259)
[M::mem_pestat] skip orientation RF
[M::mem_pestat] skip orientation RR
[M::mem_process_seqs] Processed 1066958 reads in 94.206 CPU sec, 6.287 real sec
[M::mem_pestat] # candidate unique pairs for (FF, FR, RF, RR): (2, 514029, 8, 6)
[M::mem_pestat] skip orientation FF as there are not enough pairs
[M::mem_pestat] analyzing insert size distribution for orientation FR...
[M::mem_pestat] (25, 50, 75) percentile: (310, 357, 403)
[M::mem_pestat] low and high boundaries for computing mean and std.dev: (124, 589)
[M::mem_pestat] mean and std.dev: (356.94, 70.01)
[M::mem_pestat] low and high boundaries for proper pairs: (31, 682)
[M::mem_pestat] skip orientation RF as there are not enough pairs
[M::mem_pestat] skip orientation RR as there are not enough pairs
[M::process] read 1066944 sequences (160000072 bp)...
[M::mem_process_seqs] Processed 1066934 reads in 95.305 CPU sec, 6.466 real sec
[M::process] read 1066984 sequences (160000276 bp)...
[M::mem_pestat] # candidate unique pairs for (FF, FR, RF, RR): (5, 514625, 12, 1)
[M::mem_pestat] skip orientation FF as there are not enough pairs
[M::mem_pestat] analyzing insert size distribution for orientation FR...
[M::mem_pestat] (25, 50, 75) percentile: (309, 356, 402)
[M::mem_pestat] low and high boundaries for computing mean and std.dev: (123, 588)
[M::mem_pestat] mean and std.dev: (355.72, 69.51)
[M::mem_pestat] low and high boundaries for proper pairs: (30, 681)
[M::mem_pestat] analyzing insert size distribution for orientation RF...
[M::mem_pestat] (25, 50, 75) percentile: (55, 94, 2431)
[M::mem_pestat] low and high boundaries for computing mean and std.dev: (1, 7183)
[M::mem_pestat] mean and std.dev: (327.10, 704.00)
[M::mem_pestat] low and high boundaries for proper pairs: (1, 9559)
[M::mem_pestat] skip orientation RR as there are not enough pairs
[M::mem_pestat] skip orientation RF
[M::mem_process_seqs] Processed 1066944 reads in 94.569 CPU sec, 6.289 real sec
[M::mem_pestat] # candidate unique pairs for (FF, FR, RF, RR): (10, 514272, 19, 1)
[M::mem_pestat] analyzing insert size distribution for orientation FF...
[M::mem_pestat] (25, 50, 75) percentile: (1431, 3253, 3253)
[M::mem_pestat] low and high boundaries for computing mean and std.dev: (1, 6897)
[M::mem_pestat] mean and std.dev: (2893.70, 1090.23)
[M::mem_pestat] low and high boundaries for proper pairs: (1, 8719)
[M::mem_pestat] analyzing insert size distribution for orientation FR...
[M::mem_pestat] (25, 50, 75) percentile: (310, 356, 402)
[M::mem_pestat] low and high boundaries for computing mean and std.dev: (126, 586)
[M::mem_pestat] mean and std.dev: (356.05, 69.38)
[M::mem_pestat] low and high boundaries for proper pairs: (34, 678)
[M::mem_pestat] analyzing insert size distribution for orientation RF...
[M::mem_pestat] (25, 50, 75) percentile: (46, 61, 6381)
[M::mem_pestat] low and high boundaries for computing mean and std.dev: (1, 19051)
[M::mem_pestat] mean and std.dev: (2152.26, 3546.26)
[M::mem_pestat] low and high boundaries for proper pairs: (1, 25386)
[M::mem_pestat] skip orientation RR as there are not enough pairs
[M::mem_pestat] skip orientation FF
[M::mem_pestat] skip orientation RF
[M::process] read 1066918 sequences (160000286 bp)...
[M::mem_process_seqs] Processed 1066984 reads in 96.342 CPU sec, 6.394 real sec
[M::process] read 1066966 sequences (160000180 bp)...
[M::mem_pestat] # candidate unique pairs for (FF, FR, RF, RR): (4, 514553, 18, 6)
[M::mem_pestat] skip orientation FF as there are not enough pairs
[M::mem_pestat] analyzing insert size distribution for orientation FR...
[M::mem_pestat] (25, 50, 75) percentile: (309, 356, 402)
[M::mem_pestat] low and high boundaries for computing mean and std.dev: (123, 588)
[M::mem_pestat] mean and std.dev: (356.35, 69.70)
[M::mem_pestat] low and high boundaries for proper pairs: (30, 681)
[M::mem_pestat] analyzing insert size distribution for orientation RF...
[M::mem_pestat] (25, 50, 75) percentile: (69, 280, 2978)
[M::mem_pestat] low and high boundaries for computing mean and std.dev: (1, 8796)
[M::mem_pestat] mean and std.dev: (1697.65, 2263.22)
[M::mem_pestat] low and high boundaries for proper pairs: (1, 11705)
[M::mem_pestat] skip orientation RR as there are not enough pairs
[M::mem_pestat] skip orientation RF
[M::mem_process_seqs] Processed 1066918 reads in 95.671 CPU sec, 6.345 real sec
[M::process] read 1066928 sequences (160000070 bp)...
[M::mem_pestat] # candidate unique pairs for (FF, FR, RF, RR): (3, 514735, 17, 7)
[M::mem_pestat] skip orientation FF as there are not enough pairs
[M::mem_pestat] analyzing insert size distribution for orientation FR...
[M::mem_pestat] (25, 50, 75) percentile: (308, 355, 402)
[M::mem_pestat] low and high boundaries for computing mean and std.dev: (120, 590)
[M::mem_pestat] mean and std.dev: (355.22, 70.30)
[M::mem_pestat] low and high boundaries for proper pairs: (26, 684)
[M::mem_pestat] analyzing insert size distribution for orientation RF...
[M::mem_pestat] (25, 50, 75) percentile: (37, 87, 8713)
[M::mem_pestat] low and high boundaries for computing mean and std.dev: (1, 26065)
[M::mem_pestat] mean and std.dev: (2984.94, 3677.66)
[M::mem_pestat] low and high boundaries for proper pairs: (1, 34741)
[M::mem_pestat] skip orientation RR as there are not enough pairs
[M::mem_pestat] skip orientation RF
[M::mem_process_seqs] Processed 1066966 reads in 98.816 CPU sec, 6.544 real sec
[M::process] read 1066940 sequences (160000196 bp)...
[M::mem_pestat] # candidate unique pairs for (FF, FR, RF, RR): (8, 514749, 20, 3)
[M::mem_pestat] skip orientation FF as there are not enough pairs
[M::mem_pestat] analyzing insert size distribution for orientation FR...
[M::mem_pestat] (25, 50, 75) percentile: (309, 357, 403)
[M::mem_pestat] low and high boundaries for computing mean and std.dev: (121, 591)
[M::mem_pestat] mean and std.dev: (356.75, 70.33)
[M::mem_pestat] low and high boundaries for proper pairs: (27, 685)
[M::mem_pestat] analyzing insert size distribution for orientation RF...
[M::mem_pestat] (25, 50, 75) percentile: (58, 91, 8285)
[M::mem_pestat] low and high boundaries for computing mean and std.dev: (1, 24739)
[M::mem_pestat] mean and std.dev: (3289.95, 3657.69)
[M::mem_pestat] low and high boundaries for proper pairs: (1, 32966)
[M::mem_pestat] skip orientation RR as there are not enough pairs
[M::mem_pestat] skip orientation RF
[M::mem_process_seqs] Processed 1066928 reads in 94.947 CPU sec, 6.309 real sec
[M::process] read 1066958 sequences (160000074 bp)...
[M::mem_pestat] # candidate unique pairs for (FF, FR, RF, RR): (3, 514775, 18, 2)
[M::mem_pestat] skip orientation FF as there are not enough pairs
[M::mem_pestat] analyzing insert size distribution for orientation FR...
[M::mem_pestat] (25, 50, 75) percentile: (310, 357, 403)
[M::mem_pestat] low and high boundaries for computing mean and std.dev: (124, 589)
[M::mem_pestat] mean and std.dev: (356.81, 69.84)
[M::mem_pestat] low and high boundaries for proper pairs: (31, 682)
[M::mem_pestat] analyzing insert size distribution for orientation RF...
[M::mem_pestat] (25, 50, 75) percentile: (34, 223, 1080)
[M::mem_pestat] low and high boundaries for computing mean and std.dev: (1, 3172)
[M::mem_pestat] mean and std.dev: (308.13, 504.45)
[M::mem_pestat] low and high boundaries for proper pairs: (1, 4218)
[M::mem_pestat] skip orientation RR as there are not enough pairs
[M::mem_pestat] skip orientation RF
[M::mem_process_seqs] Processed 1066940 reads in 93.630 CPU sec, 6.663 real sec
[M::process] read 1066946 sequences (160000108 bp)...
[M::mem_pestat] # candidate unique pairs for (FF, FR, RF, RR): (6, 514487, 7, 1)
[M::mem_pestat] skip orientation FF as there are not enough pairs
[M::mem_pestat] analyzing insert size distribution for orientation FR...
[M::mem_pestat] (25, 50, 75) percentile: (309, 356, 402)
[M::mem_pestat] low and high boundaries for computing mean and std.dev: (123, 588)
[M::mem_pestat] mean and std.dev: (355.67, 69.38)
[M::mem_pestat] low and high boundaries for proper pairs: (30, 681)
[M::mem_pestat] skip orientation RF as there are not enough pairs
[M::mem_pestat] skip orientation RR as there are not enough pairs
[M::mem_process_seqs] Processed 1066958 reads in 94.902 CPU sec, 6.360 real sec
[M::mem_pestat] # candidate unique pairs for (FF, FR, RF, RR): (8, 514176, 20, 5)
[M::mem_pestat] skip orientation FF as there are not enough pairs
[M::mem_pestat] analyzing insert size distribution for orientation FR...
[M::mem_pestat] (25, 50, 75) percentile: (310, 356, 403)
[M::mem_pestat] low and high boundaries for computing mean and std.dev: (124, 589)
[M::mem_pestat] mean and std.dev: (356.66, 69.60)
[M::mem_pestat] low and high boundaries for proper pairs: (31, 682)
[M::mem_pestat] analyzing insert size distribution for orientation RF...
[M::mem_pestat] (25, 50, 75) percentile: (35, 89, 6731)
[M::mem_pestat] low and high boundaries for computing mean and std.dev: (1, 20123)
[M::mem_pestat] mean and std.dev: (2141.80, 3028.79)
[M::mem_pestat] low and high boundaries for proper pairs: (1, 26819)
[M::mem_pestat] skip orientation RR as there are not enough pairs
[M::mem_pestat] skip orientation RF
[M::process] read 1066888 sequences (160000082 bp)...
[M::mem_process_seqs] Processed 1066946 reads in 94.959 CPU sec, 6.313 real sec
[M::process] read 1066948 sequences (160000104 bp)...
[M::mem_pestat] # candidate unique pairs for (FF, FR, RF, RR): (4, 514401, 23, 6)
[M::mem_pestat] skip orientation FF as there are not enough pairs
[M::mem_pestat] analyzing insert size distribution for orientation FR...
[M::mem_pestat] (25, 50, 75) percentile: (310, 356, 402)
[M::mem_pestat] low and high boundaries for computing mean and std.dev: (126, 586)
[M::mem_pestat] mean and std.dev: (356.33, 69.64)
[M::mem_pestat] low and high boundaries for proper pairs: (34, 678)
[M::mem_pestat] analyzing insert size distribution for orientation RF...
[M::mem_pestat] (25, 50, 75) percentile: (129, 225, 4310)
[M::mem_pestat] low and high boundaries for computing mean and std.dev: (1, 12672)
[M::mem_pestat] mean and std.dev: (1980.30, 2942.46)
[M::mem_pestat] low and high boundaries for proper pairs: (1, 16853)
[M::mem_pestat] skip orientation RR as there are not enough pairs
[M::mem_pestat] skip orientation RF
[M::mem_process_seqs] Processed 1066888 reads in 78.204 CPU sec, 7.851 real sec
[M::process] read 1066964 sequences (160000214 bp)...
[M::mem_pestat] # candidate unique pairs for (FF, FR, RF, RR): (6, 514620, 22, 11)
[M::mem_pestat] skip orientation FF as there are not enough pairs
[M::mem_pestat] analyzing insert size distribution for orientation FR...
[M::mem_pestat] (25, 50, 75) percentile: (309, 356, 403)
[M::mem_pestat] low and high boundaries for computing mean and std.dev: (121, 591)
[M::mem_pestat] mean and std.dev: (355.98, 70.34)
[M::mem_pestat] low and high boundaries for proper pairs: (27, 685)
[M::mem_pestat] analyzing insert size distribution for orientation RF...
[M::mem_pestat] (25, 50, 75) percentile: (34, 70, 273)
[M::mem_pestat] low and high boundaries for computing mean and std.dev: (1, 751)
[M::mem_pestat] mean and std.dev: (137.95, 151.31)
[M::mem_pestat] low and high boundaries for proper pairs: (1, 990)
[M::mem_pestat] analyzing insert size distribution for orientation RR...
[M::mem_pestat] (25, 50, 75) percentile: (1729, 2211, 7855)
[M::mem_pestat] low and high boundaries for computing mean and std.dev: (1, 20107)
[M::mem_pestat] mean and std.dev: (3531.73, 2662.73)
[M::mem_pestat] low and high boundaries for proper pairs: (1, 26233)
[M::mem_pestat] skip orientation RF
[M::mem_pestat] skip orientation RR
[M::mem_process_seqs] Processed 1066948 reads in 86.182 CPU sec, 11.813 real sec
[M::process] read 1066928 sequences (160000022 bp)...
[M::mem_pestat] # candidate unique pairs for (FF, FR, RF, RR): (9, 514176, 22, 5)
[M::mem_pestat] skip orientation FF as there are not enough pairs
[M::mem_pestat] analyzing insert size distribution for orientation FR...
[M::mem_pestat] (25, 50, 75) percentile: (310, 357, 403)
[M::mem_pestat] low and high boundaries for computing mean and std.dev: (124, 589)
[M::mem_pestat] mean and std.dev: (356.87, 70.26)
[M::mem_pestat] low and high boundaries for proper pairs: (31, 682)
[M::mem_pestat] analyzing insert size distribution for orientation RF...
[M::mem_pestat] (25, 50, 75) percentile: (38, 101, 825)
[M::mem_pestat] low and high boundaries for computing mean and std.dev: (1, 2399)
[M::mem_pestat] mean and std.dev: (180.56, 241.95)
[M::mem_pestat] low and high boundaries for proper pairs: (1, 3186)
[M::mem_pestat] skip orientation RR as there are not enough pairs
[M::mem_pestat] skip orientation RF
[M::mem_process_seqs] Processed 1066964 reads in 85.417 CPU sec, 9.229 real sec
[M::process] read 1066934 sequences (160000032 bp)...
[M::mem_pestat] # candidate unique pairs for (FF, FR, RF, RR): (13, 513987, 22, 2)
[M::mem_pestat] analyzing insert size distribution for orientation FF...
[M::mem_pestat] (25, 50, 75) percentile: (5496, 6549, 9710)
[M::mem_pestat] low and high boundaries for computing mean and std.dev: (1, 18138)
[M::mem_pestat] mean and std.dev: (6943.15, 2268.02)
[M::mem_pestat] low and high boundaries for proper pairs: (1, 22352)
[M::mem_pestat] analyzing insert size distribution for orientation FR...
[M::mem_pestat] (25, 50, 75) percentile: (310, 357, 404)
[M::mem_pestat] low and high boundaries for computing mean and std.dev: (122, 592)
[M::mem_pestat] mean and std.dev: (357.38, 70.09)
[M::mem_pestat] low and high boundaries for proper pairs: (28, 686)
[M::mem_pestat] analyzing insert size distribution for orientation RF...
[M::mem_pestat] (25, 50, 75) percentile: (59, 242, 281)
[M::mem_pestat] low and high boundaries for computing mean and std.dev: (1, 725)
[M::mem_pestat] mean and std.dev: (133.24, 107.25)
[M::mem_pestat] low and high boundaries for proper pairs: (1, 947)
[M::mem_pestat] skip orientation RR as there are not enough pairs
[M::mem_pestat] skip orientation FF
[M::mem_pestat] skip orientation RF
[M::mem_process_seqs] Processed 1066928 reads in 90.125 CPU sec, 13.599 real sec
[M::process] read 1066926 sequences (160000032 bp)...
[M::mem_pestat] # candidate unique pairs for (FF, FR, RF, RR): (7, 514519, 23, 3)
[M::mem_pestat] skip orientation FF as there are not enough pairs
[M::mem_pestat] analyzing insert size distribution for orientation FR...
[M::mem_pestat] (25, 50, 75) percentile: (309, 356, 402)
[M::mem_pestat] low and high boundaries for computing mean and std.dev: (123, 588)
[M::mem_pestat] mean and std.dev: (355.94, 69.67)
[M::mem_pestat] low and high boundaries for proper pairs: (30, 681)
[M::mem_pestat] analyzing insert size distribution for orientation RF...
[M::mem_pestat] (25, 50, 75) percentile: (52, 116, 2473)
[M::mem_pestat] low and high boundaries for computing mean and std.dev: (1, 7315)
[M::mem_pestat] mean and std.dev: (570.42, 981.74)
[M::mem_pestat] low and high boundaries for proper pairs: (1, 9736)
[M::mem_pestat] skip orientation RR as there are not enough pairs
[M::mem_pestat] skip orientation RF
[M::mem_process_seqs] Processed 1066934 reads in 92.683 CPU sec, 15.671 real sec
[M::process] read 1066934 sequences (160000128 bp)...
[M::mem_pestat] # candidate unique pairs for (FF, FR, RF, RR): (1, 514614, 13, 6)
[M::mem_pestat] skip orientation FF as there are not enough pairs
[M::mem_pestat] analyzing insert size distribution for orientation FR...
[M::mem_pestat] (25, 50, 75) percentile: (309, 356, 402)
[M::mem_pestat] low and high boundaries for computing mean and std.dev: (123, 588)
[M::mem_pestat] mean and std.dev: (356.32, 69.68)
[M::mem_pestat] low and high boundaries for proper pairs: (30, 681)
[M::mem_pestat] analyzing insert size distribution for orientation RF...
[M::mem_pestat] (25, 50, 75) percentile: (63, 74, 377)
[M::mem_pestat] low and high boundaries for computing mean and std.dev: (1, 1005)
[M::mem_pestat] mean and std.dev: (141.55, 123.67)
[M::mem_pestat] low and high boundaries for proper pairs: (1, 1319)
[M::mem_pestat] skip orientation RR as there are not enough pairs
[M::mem_pestat] skip orientation RF
[M::mem_process_seqs] Processed 1066926 reads in 91.097 CPU sec, 6.303 real sec
[M::mem_pestat] # candidate unique pairs for (FF, FR, RF, RR): (10, 514533, 12, 4)
[M::mem_pestat] analyzing insert size distribution for orientation FF...
[M::mem_pestat] (25, 50, 75) percentile: (1912, 1912, 7492)
[M::mem_pestat] low and high boundaries for computing mean and std.dev: (1, 18652)
[M::mem_pestat] mean and std.dev: (3933.90, 2963.93)
[M::mem_pestat] low and high boundaries for proper pairs: (1, 24232)
[M::mem_pestat] analyzing insert size distribution for orientation FR...
[M::mem_pestat] (25, 50, 75) percentile: (309, 356, 402)
[M::mem_pestat] low and high boundaries for computing mean and std.dev: (123, 588)
[M::mem_pestat] mean and std.dev: (356.00, 69.91)
[M::mem_pestat] low and high boundaries for proper pairs: (30, 681)
[M::mem_pestat] analyzing insert size distribution for orientation RF...
[M::mem_pestat] (25, 50, 75) percentile: (60, 128, 264)
[M::mem_pestat] low and high boundaries for computing mean and std.dev: (1, 672)
[M::mem_pestat] mean and std.dev: (129.50, 85.32)
[M::mem_pestat] low and high boundaries for proper pairs: (1, 876)
[M::mem_pestat] skip orientation RR as there are not enough pairs
[M::mem_pestat] skip orientation FF
[M::mem_pestat] skip orientation RF
[M::process] read 1066962 sequences (160000242 bp)...
[M::mem_process_seqs] Processed 1066934 reads in 84.179 CPU sec, 8.213 real sec
[M::process] read 1066978 sequences (160000050 bp)...
[M::mem_pestat] # candidate unique pairs for (FF, FR, RF, RR): (7, 514333, 11, 2)
[M::mem_pestat] skip orientation FF as there are not enough pairs
[M::mem_pestat] analyzing insert size distribution for orientation FR...
[M::mem_pestat] (25, 50, 75) percentile: (305, 352, 400)
[M::mem_pestat] low and high boundaries for computing mean and std.dev: (115, 590)
[M::mem_pestat] mean and std.dev: (352.76, 70.83)
[M::mem_pestat] low and high boundaries for proper pairs: (20, 685)
[M::mem_pestat] analyzing insert size distribution for orientation RF...
[M::mem_pestat] (25, 50, 75) percentile: (115, 125, 296)
[M::mem_pestat] low and high boundaries for computing mean and std.dev: (1, 658)
[M::mem_pestat] mean and std.dev: (162.50, 100.58)
[M::mem_pestat] low and high boundaries for proper pairs: (1, 839)
[M::mem_pestat] skip orientation RR as there are not enough pairs
[M::mem_pestat] skip orientation RF
[M::mem_process_seqs] Processed 1066962 reads in 97.331 CPU sec, 6.456 real sec
[M::process] read 1066970 sequences (160000296 bp)...
[M::mem_pestat] # candidate unique pairs for (FF, FR, RF, RR): (1, 512958, 15, 5)
[M::mem_pestat] skip orientation FF as there are not enough pairs
[M::mem_pestat] analyzing insert size distribution for orientation FR...
[M::mem_pestat] (25, 50, 75) percentile: (301, 350, 398)
[M::mem_pestat] low and high boundaries for computing mean and std.dev: (107, 592)
[M::mem_pestat] mean and std.dev: (350.36, 72.09)
[M::mem_pestat] low and high boundaries for proper pairs: (10, 689)
[M::mem_pestat] analyzing insert size distribution for orientation RF...
[M::mem_pestat] (25, 50, 75) percentile: (63, 92, 4463)
[M::mem_pestat] low and high boundaries for computing mean and std.dev: (1, 13263)
[M::mem_pestat] mean and std.dev: (2163.27, 3361.15)
[M::mem_pestat] low and high boundaries for proper pairs: (1, 17663)
[M::mem_pestat] skip orientation RR as there are not enough pairs
[M::mem_pestat] skip orientation RF
[M::mem_process_seqs] Processed 1066978 reads in 91.156 CPU sec, 7.468 real sec
[M::process] read 1066970 sequences (160000206 bp)...
[M::mem_pestat] # candidate unique pairs for (FF, FR, RF, RR): (0, 513093, 11, 12)
[M::mem_pestat] skip orientation FF as there are not enough pairs
[M::mem_pestat] analyzing insert size distribution for orientation FR...
[M::mem_pestat] (25, 50, 75) percentile: (306, 354, 402)
[M::mem_pestat] low and high boundaries for computing mean and std.dev: (114, 594)
[M::mem_pestat] mean and std.dev: (354.20, 71.73)
[M::mem_pestat] low and high boundaries for proper pairs: (18, 690)
[M::mem_pestat] analyzing insert size distribution for orientation RF...
[M::mem_pestat] (25, 50, 75) percentile: (21, 22, 90)
[M::mem_pestat] low and high boundaries for computing mean and std.dev: (1, 228)
[M::mem_pestat] mean and std.dev: (43.45, 37.82)
[M::mem_pestat] low and high boundaries for proper pairs: (1, 297)
[M::mem_pestat] analyzing insert size distribution for orientation RR...
[M::mem_pestat] (25, 50, 75) percentile: (3259, 3259, 7337)
[M::mem_pestat] low and high boundaries for computing mean and std.dev: (1, 15493)
[M::mem_pestat] mean and std.dev: (4107.92, 2116.77)
[M::mem_pestat] low and high boundaries for proper pairs: (1, 19571)
[M::mem_pestat] skip orientation RF
[M::mem_pestat] skip orientation RR
[M::mem_process_seqs] Processed 1066970 reads in 95.346 CPU sec, 6.337 real sec
[M::process] read 1066966 sequences (160000140 bp)...
[M::mem_pestat] # candidate unique pairs for (FF, FR, RF, RR): (2, 513551, 17, 10)
[M::mem_pestat] skip orientation FF as there are not enough pairs
[M::mem_pestat] analyzing insert size distribution for orientation FR...
[M::mem_pestat] (25, 50, 75) percentile: (306, 354, 401)
[M::mem_pestat] low and high boundaries for computing mean and std.dev: (116, 591)
[M::mem_pestat] mean and std.dev: (354.16, 71.31)
[M::mem_pestat] low and high boundaries for proper pairs: (21, 686)
[M::mem_pestat] analyzing insert size distribution for orientation RF...
[M::mem_pestat] (25, 50, 75) percentile: (34, 94, 4177)
[M::mem_pestat] low and high boundaries for computing mean and std.dev: (1, 12463)
[M::mem_pestat] mean and std.dev: (1696.53, 2783.33)
[M::mem_pestat] low and high boundaries for proper pairs: (1, 16606)
[M::mem_pestat] analyzing insert size distribution for orientation RR...
[M::mem_pestat] (25, 50, 75) percentile: (6643, 6946, 6946)
[M::mem_pestat] low and high boundaries for computing mean and std.dev: (6037, 7552)
[M::mem_pestat] mean and std.dev: (6902.71, 106.03)
[M::mem_pestat] low and high boundaries for proper pairs: (5734, 7855)
[M::mem_pestat] skip orientation RF
[M::mem_pestat] skip orientation RR
[M::mem_process_seqs] Processed 1066970 reads in 83.325 CPU sec, 7.536 real sec
[M::process] read 1066972 sequences (160000120 bp)...
[M::mem_pestat] # candidate unique pairs for (FF, FR, RF, RR): (6, 513956, 18, 8)
[M::mem_pestat] skip orientation FF as there are not enough pairs
[M::mem_pestat] analyzing insert size distribution for orientation FR...
[M::mem_pestat] (25, 50, 75) percentile: (307, 355, 403)
[M::mem_pestat] low and high boundaries for computing mean and std.dev: (115, 595)
[M::mem_pestat] mean and std.dev: (355.60, 71.25)
[M::mem_pestat] low and high boundaries for proper pairs: (19, 691)
[M::mem_pestat] analyzing insert size distribution for orientation RF...
[M::mem_pestat] (25, 50, 75) percentile: (35, 266, 6009)
[M::mem_pestat] low and high boundaries for computing mean and std.dev: (1, 17957)
[M::mem_pestat] mean and std.dev: (2142.94, 2828.79)
[M::mem_pestat] low and high boundaries for proper pairs: (1, 23931)
[M::mem_pestat] skip orientation RR as there are not enough pairs
[M::mem_pestat] skip orientation RF
[M::mem_process_seqs] Processed 1066966 reads in 95.584 CPU sec, 7.190 real sec
[M::process] read 1067016 sequences (160000126 bp)...
[M::mem_pestat] # candidate unique pairs for (FF, FR, RF, RR): (3, 514349, 17, 11)
[M::mem_pestat] skip orientation FF as there are not enough pairs
[M::mem_pestat] analyzing insert size distribution for orientation FR...
[M::mem_pestat] (25, 50, 75) percentile: (303, 351, 399)
[M::mem_pestat] low and high boundaries for computing mean and std.dev: (111, 591)
[M::mem_pestat] mean and std.dev: (351.51, 71.61)
[M::mem_pestat] low and high boundaries for proper pairs: (15, 687)
[M::mem_pestat] analyzing insert size distribution for orientation RF...
[M::mem_pestat] (25, 50, 75) percentile: (38, 54, 249)
[M::mem_pestat] low and high boundaries for computing mean and std.dev: (1, 671)
[M::mem_pestat] mean and std.dev: (95.50, 89.63)
[M::mem_pestat] low and high boundaries for proper pairs: (1, 882)
[M::mem_pestat] analyzing insert size distribution for orientation RR...
[M::mem_pestat] (25, 50, 75) percentile: (544, 544, 4788)
[M::mem_pestat] low and high boundaries for computing mean and std.dev: (1, 13276)
[M::mem_pestat] mean and std.dev: (2799.82, 2763.30)
[M::mem_pestat] low and high boundaries for proper pairs: (1, 17520)
[M::mem_pestat] skip orientation RF
[M::mem_pestat] skip orientation RR
[M::mem_process_seqs] Processed 1066972 reads in 102.085 CPU sec, 17.325 real sec
[M::process] read 1066988 sequences (160000048 bp)...
[M::mem_pestat] # candidate unique pairs for (FF, FR, RF, RR): (3, 515056, 13, 3)
[M::mem_pestat] skip orientation FF as there are not enough pairs
[M::mem_pestat] analyzing insert size distribution for orientation FR...
[M::mem_pestat] (25, 50, 75) percentile: (301, 349, 397)
[M::mem_pestat] low and high boundaries for computing mean and std.dev: (109, 589)
[M::mem_pestat] mean and std.dev: (349.63, 71.82)
[M::mem_pestat] low and high boundaries for proper pairs: (13, 685)
[M::mem_pestat] analyzing insert size distribution for orientation RF...
[M::mem_pestat] (25, 50, 75) percentile: (38, 81, 7324)
[M::mem_pestat] low and high boundaries for computing mean and std.dev: (1, 21896)
[M::mem_pestat] mean and std.dev: (1871.23, 3259.71)
[M::mem_pestat] low and high boundaries for proper pairs: (1, 29182)
[M::mem_pestat] skip orientation RR as there are not enough pairs
[M::mem_pestat] skip orientation RF
[M::mem_process_seqs] Processed 1067016 reads in 100.001 CPU sec, 16.210 real sec
[M::process] read 1066980 sequences (160000294 bp)...
[M::mem_pestat] # candidate unique pairs for (FF, FR, RF, RR): (2, 514329, 9, 7)
[M::mem_pestat] skip orientation FF as there are not enough pairs
[M::mem_pestat] analyzing insert size distribution for orientation FR...
[M::mem_pestat] (25, 50, 75) percentile: (304, 353, 400)
[M::mem_pestat] low and high boundaries for computing mean and std.dev: (112, 592)
[M::mem_pestat] mean and std.dev: (352.75, 71.34)
[M::mem_pestat] low and high boundaries for proper pairs: (16, 688)
[M::mem_pestat] skip orientation RF as there are not enough pairs
[M::mem_pestat] skip orientation RR as there are not enough pairs
[M::mem_process_seqs] Processed 1066988 reads in 97.443 CPU sec, 16.521 real sec
[M::process] read 1066932 sequences (160000082 bp)...
[M::mem_pestat] # candidate unique pairs for (FF, FR, RF, RR): (7, 514140, 16, 6)
[M::mem_pestat] skip orientation FF as there are not enough pairs
[M::mem_pestat] analyzing insert size distribution for orientation FR...
[M::mem_pestat] (25, 50, 75) percentile: (307, 355, 402)
[M::mem_pestat] low and high boundaries for computing mean and std.dev: (117, 592)
[M::mem_pestat] mean and std.dev: (354.69, 71.16)
[M::mem_pestat] low and high boundaries for proper pairs: (22, 687)
[M::mem_pestat] analyzing insert size distribution for orientation RF...
[M::mem_pestat] (25, 50, 75) percentile: (26, 84, 2085)
[M::mem_pestat] low and high boundaries for computing mean and std.dev: (1, 6203)
[M::mem_pestat] mean and std.dev: (745.93, 1198.09)
[M::mem_pestat] low and high boundaries for proper pairs: (1, 8262)
[M::mem_pestat] skip orientation RR as there are not enough pairs
[M::mem_pestat] skip orientation RF
[M::mem_process_seqs] Processed 1066980 reads in 95.195 CPU sec, 15.281 real sec
[M::process] read 1067006 sequences (160000108 bp)...
[M::mem_pestat] # candidate unique pairs for (FF, FR, RF, RR): (3, 513322, 18, 3)
[M::mem_pestat] skip orientation FF as there are not enough pairs
[M::mem_pestat] analyzing insert size distribution for orientation FR...
[M::mem_pestat] (25, 50, 75) percentile: (308, 356, 403)
[M::mem_pestat] low and high boundaries for computing mean and std.dev: (118, 593)
[M::mem_pestat] mean and std.dev: (356.02, 71.30)
[M::mem_pestat] low and high boundaries for proper pairs: (23, 688)
[M::mem_pestat] analyzing insert size distribution for orientation RF...
[M::mem_pestat] (25, 50, 75) percentile: (48, 64, 151)
[M::mem_pestat] low and high boundaries for computing mean and std.dev: (1, 357)
[M::mem_pestat] mean and std.dev: (87.31, 67.95)
[M::mem_pestat] low and high boundaries for proper pairs: (1, 460)
[M::mem_pestat] skip orientation RR as there are not enough pairs
[M::mem_pestat] skip orientation RF
[M::mem_process_seqs] Processed 1066932 reads in 94.565 CPU sec, 15.284 real sec
[M::process] read 1067024 sequences (160000124 bp)...
[M::mem_pestat] # candidate unique pairs for (FF, FR, RF, RR): (4, 513495, 13, 9)
[M::mem_pestat] skip orientation FF as there are not enough pairs
[M::mem_pestat] analyzing insert size distribution for orientation FR...
[M::mem_pestat] (25, 50, 75) percentile: (303, 351, 399)
[M::mem_pestat] low and high boundaries for computing mean and std.dev: (111, 591)
[M::mem_pestat] mean and std.dev: (351.68, 71.95)
[M::mem_pestat] low and high boundaries for proper pairs: (15, 687)
[M::mem_pestat] analyzing insert size distribution for orientation RF...
[M::mem_pestat] (25, 50, 75) percentile: (58, 95, 269)
[M::mem_pestat] low and high boundaries for computing mean and std.dev: (1, 691)
[M::mem_pestat] mean and std.dev: (128.27, 99.10)
[M::mem_pestat] low and high boundaries for proper pairs: (1, 902)
[M::mem_pestat] skip orientation RR as there are not enough pairs
[M::mem_pestat] skip orientation RF
[M::mem_process_seqs] Processed 1067006 reads in 85.536 CPU sec, 8.688 real sec
[M::process] read 1066964 sequences (160000026 bp)...
[M::mem_pestat] # candidate unique pairs for (FF, FR, RF, RR): (1, 513029, 22, 3)
[M::mem_pestat] skip orientation FF as there are not enough pairs
[M::mem_pestat] analyzing insert size distribution for orientation FR...
[M::mem_pestat] (25, 50, 75) percentile: (303, 351, 400)
[M::mem_pestat] low and high boundaries for computing mean and std.dev: (109, 594)
[M::mem_pestat] mean and std.dev: (351.94, 72.11)
[M::mem_pestat] low and high boundaries for proper pairs: (12, 691)
[M::mem_pestat] analyzing insert size distribution for orientation RF...
[M::mem_pestat] (25, 50, 75) percentile: (48, 116, 4497)
[M::mem_pestat] low and high boundaries for computing mean and std.dev: (1, 13395)
[M::mem_pestat] mean and std.dev: (2233.59, 3507.00)
[M::mem_pestat] low and high boundaries for proper pairs: (1, 17844)
[M::mem_pestat] skip orientation RR as there are not enough pairs
[M::mem_pestat] skip orientation RF
[M::mem_process_seqs] Processed 1067024 reads in 93.960 CPU sec, 15.966 real sec
[M::mem_pestat] # candidate unique pairs for (FF, FR, RF, RR): (8, 513406, 26, 2)
[M::mem_pestat] skip orientation FF as there are not enough pairs
[M::mem_pestat] analyzing insert size distribution for orientation FR...
[M::mem_pestat] (25, 50, 75) percentile: (306, 354, 402)
[M::mem_pestat] low and high boundaries for computing mean and std.dev: (114, 594)
[M::mem_pestat] mean and std.dev: (354.57, 71.36)
[M::mem_pestat] low and high boundaries for proper pairs: (18, 690)
[M::mem_pestat] analyzing insert size distribution for orientation RF...
[M::mem_pestat] (25, 50, 75) percentile: (70, 215, 305)
[M::mem_pestat] low and high boundaries for computing mean and std.dev: (1, 775)
[M::mem_pestat] mean and std.dev: (138.15, 103.55)
[M::mem_pestat] low and high boundaries for proper pairs: (1, 1010)
[M::mem_pestat] skip orientation RR as there are not enough pairs
[M::mem_pestat] skip orientation RF
[M::process] read 1066968 sequences (160000208 bp)...
[M::mem_process_seqs] Processed 1066964 reads in 93.617 CPU sec, 7.390 real sec
[M::process] read 1066928 sequences (160000044 bp)...
[M::mem_pestat] # candidate unique pairs for (FF, FR, RF, RR): (3, 513462, 17, 2)
[M::mem_pestat] skip orientation FF as there are not enough pairs
[M::mem_pestat] analyzing insert size distribution for orientation FR...
[M::mem_pestat] (25, 50, 75) percentile: (307, 355, 402)
[M::mem_pestat] low and high boundaries for computing mean and std.dev: (117, 592)
[M::mem_pestat] mean and std.dev: (355.36, 71.11)
[M::mem_pestat] low and high boundaries for proper pairs: (22, 687)
[M::mem_pestat] analyzing insert size distribution for orientation RF...
[M::mem_pestat] (25, 50, 75) percentile: (34, 71, 3040)
[M::mem_pestat] low and high boundaries for computing mean and std.dev: (1, 9052)
[M::mem_pestat] mean and std.dev: (782.12, 1256.12)
[M::mem_pestat] low and high boundaries for proper pairs: (1, 12058)
[M::mem_pestat] skip orientation RR as there are not enough pairs
[M::mem_pestat] skip orientation RF
[M::mem_process_seqs] Processed 1066968 reads in 94.901 CPU sec, 16.047 real sec
[M::process] read 1067014 sequences (160000258 bp)...
[M::mem_pestat] # candidate unique pairs for (FF, FR, RF, RR): (0, 513094, 12, 8)
[M::mem_pestat] skip orientation FF as there are not enough pairs
[M::mem_pestat] analyzing insert size distribution for orientation FR...
[M::mem_pestat] (25, 50, 75) percentile: (309, 357, 405)
[M::mem_pestat] low and high boundaries for computing mean and std.dev: (117, 597)
[M::mem_pestat] mean and std.dev: (357.24, 71.40)
[M::mem_pestat] low and high boundaries for proper pairs: (21, 693)
[M::mem_pestat] analyzing insert size distribution for orientation RF...
[M::mem_pestat] (25, 50, 75) percentile: (43, 279, 7541)
[M::mem_pestat] low and high boundaries for computing mean and std.dev: (1, 22537)
[M::mem_pestat] mean and std.dev: (2003.08, 3199.15)
[M::mem_pestat] low and high boundaries for proper pairs: (1, 30035)
[M::mem_pestat] skip orientation RR as there are not enough pairs
[M::mem_pestat] skip orientation RF
[M::mem_process_seqs] Processed 1066928 reads in 97.110 CPU sec, 16.400 real sec
[M::process] read 1066988 sequences (160000002 bp)...
[M::mem_pestat] # candidate unique pairs for (FF, FR, RF, RR): (6, 514237, 19, 5)
[M::mem_pestat] skip orientation FF as there are not enough pairs
[M::mem_pestat] analyzing insert size distribution for orientation FR...
[M::mem_pestat] (25, 50, 75) percentile: (302, 351, 399)
[M::mem_pestat] low and high boundaries for computing mean and std.dev: (108, 593)
[M::mem_pestat] mean and std.dev: (351.20, 71.92)
[M::mem_pestat] low and high boundaries for proper pairs: (11, 690)
[M::mem_pestat] analyzing insert size distribution for orientation RF...
[M::mem_pestat] (25, 50, 75) percentile: (54, 74, 251)
[M::mem_pestat] low and high boundaries for computing mean and std.dev: (1, 645)
[M::mem_pestat] mean and std.dev: (91.40, 82.40)
[M::mem_pestat] low and high boundaries for proper pairs: (1, 842)
[M::mem_pestat] skip orientation RR as there are not enough pairs
[M::mem_pestat] skip orientation RF
[M::mem_process_seqs] Processed 1067014 reads in 85.451 CPU sec, 10.240 real sec
[M::process] read 1066974 sequences (160000104 bp)...
[M::mem_pestat] # candidate unique pairs for (FF, FR, RF, RR): (9, 514111, 20, 2)
[M::mem_pestat] skip orientation FF as there are not enough pairs
[M::mem_pestat] analyzing insert size distribution for orientation FR...
[M::mem_pestat] (25, 50, 75) percentile: (305, 353, 402)
[M::mem_pestat] low and high boundaries for computing mean and std.dev: (111, 596)
[M::mem_pestat] mean and std.dev: (353.88, 72.36)
[M::mem_pestat] low and high boundaries for proper pairs: (14, 693)
[M::mem_pestat] analyzing insert size distribution for orientation RF...
[M::mem_pestat] (25, 50, 75) percentile: (49, 71, 256)
[M::mem_pestat] low and high boundaries for computing mean and std.dev: (1, 670)
[M::mem_pestat] mean and std.dev: (108.44, 96.64)
[M::mem_pestat] low and high boundaries for proper pairs: (1, 877)
[M::mem_pestat] skip orientation RR as there are not enough pairs
[M::mem_pestat] skip orientation RF
[M::mem_process_seqs] Processed 1066988 reads in 91.868 CPU sec, 8.196 real sec
[M::process] read 1066930 sequences (160000212 bp)...
[M::mem_pestat] # candidate unique pairs for (FF, FR, RF, RR): (1, 514132, 20, 7)
[M::mem_pestat] skip orientation FF as there are not enough pairs
[M::mem_pestat] analyzing insert size distribution for orientation FR...
[M::mem_pestat] (25, 50, 75) percentile: (307, 355, 403)
[M::mem_pestat] low and high boundaries for computing mean and std.dev: (115, 595)
[M::mem_pestat] mean and std.dev: (355.30, 71.25)
[M::mem_pestat] low and high boundaries for proper pairs: (19, 691)
[M::mem_pestat] analyzing insert size distribution for orientation RF...
[M::mem_pestat] (25, 50, 75) percentile: (41, 70, 176)
[M::mem_pestat] low and high boundaries for computing mean and std.dev: (1, 446)
[M::mem_pestat] mean and std.dev: (109.05, 97.84)
[M::mem_pestat] low and high boundaries for proper pairs: (1, 581)
[M::mem_pestat] skip orientation RR as there are not enough pairs
[M::mem_pestat] skip orientation RF
[M::mem_process_seqs] Processed 1066974 reads in 96.522 CPU sec, 6.502 real sec
[M::mem_pestat] # candidate unique pairs for (FF, FR, RF, RR): (8, 514132, 16, 8)
[M::mem_pestat] skip orientation FF as there are not enough pairs
[M::mem_pestat] analyzing insert size distribution for orientation FR...
[M::mem_pestat] (25, 50, 75) percentile: (309, 356, 403)
[M::mem_pestat] low and high boundaries for computing mean and std.dev: (121, 591)
[M::mem_pestat] mean and std.dev: (356.45, 70.66)
[M::mem_pestat] low and high boundaries for proper pairs: (27, 685)
[M::mem_pestat] analyzing insert size distribution for orientation RF...
[M::mem_pestat] (25, 50, 75) percentile: (14, 48, 93)
[M::mem_pestat] low and high boundaries for computing mean and std.dev: (1, 251)
[M::mem_pestat] mean and std.dev: (61.47, 78.26)
[M::mem_pestat] low and high boundaries for proper pairs: (1, 374)
[M::mem_pestat] skip orientation RR as there are not enough pairs
[M::mem_pestat] skip orientation RF
[M::process] read 1066930 sequences (160000018 bp)...
[M::mem_process_seqs] Processed 1066930 reads in 97.803 CPU sec, 6.838 real sec
[M::process] read 497498 sequences (74603470 bp)...
[M::mem_pestat] # candidate unique pairs for (FF, FR, RF, RR): (0, 513392, 14, 4)
[M::mem_pestat] skip orientation FF as there are not enough pairs
[M::mem_pestat] analyzing insert size distribution for orientation FR...
[M::mem_pestat] (25, 50, 75) percentile: (310, 358, 404)
[M::mem_pestat] low and high boundaries for computing mean and std.dev: (122, 592)
[M::mem_pestat] mean and std.dev: (357.50, 70.95)
[M::mem_pestat] low and high boundaries for proper pairs: (28, 686)
[M::mem_pestat] analyzing insert size distribution for orientation RF...
[M::mem_pestat] (25, 50, 75) percentile: (36, 293, 7113)
[M::mem_pestat] low and high boundaries for computing mean and std.dev: (1, 21267)
[M::mem_pestat] mean and std.dev: (2320.29, 3132.48)
[M::mem_pestat] low and high boundaries for proper pairs: (1, 28344)
[M::mem_pestat] skip orientation RR as there are not enough pairs
[M::mem_pestat] skip orientation RF
[M::mem_process_seqs] Processed 1066930 reads in 96.710 CPU sec, 6.632 real sec
[M::mem_pestat] # candidate unique pairs for (FF, FR, RF, RR): (1, 239488, 11, 9)
[M::mem_pestat] skip orientation FF as there are not enough pairs
[M::mem_pestat] analyzing insert size distribution for orientation FR...
[M::mem_pestat] (25, 50, 75) percentile: (306, 354, 402)
[M::mem_pestat] low and high boundaries for computing mean and std.dev: (114, 594)
[M::mem_pestat] mean and std.dev: (354.78, 71.63)
[M::mem_pestat] low and high boundaries for proper pairs: (18, 690)
[M::mem_pestat] analyzing insert size distribution for orientation RF...
[M::mem_pestat] (25, 50, 75) percentile: (22, 34, 70)
[M::mem_pestat] low and high boundaries for computing mean and std.dev: (1, 166)
[M::mem_pestat] mean and std.dev: (46.73, 23.19)
[M::mem_pestat] low and high boundaries for proper pairs: (1, 214)
[M::mem_pestat] skip orientation RR as there are not enough pairs
[M::mem_pestat] skip orientation RF
[M::mem_process_seqs] Processed 497498 reads in 47.420 CPU sec, 3.234 real sec
[main] Version: 0.7.17-r1188
[main] CMD: bwa mem -t 16 /data/NCBR/projects/NCBR-492/data/manual_analysis/MAGs/SF3_metawrap.bin.1.fa /data/NCBR/projects/NCBR-492/data/manual_analysis/fastp/SF3.trimmed.R1.fastq /data/NCBR/projects/NCBR-492/data/manual_analysis/fastp/SF3.trimmed.R2.fastq
[main] Real time: 405.609 sec; CPU: 4156.003 sec
