[+] Loading bwa 0.7.17 on cn3209 
[bwa_index] Pack FASTA... 0.05 sec
[bwa_index] Construct BWT for the packed sequence...
[bwa_index] 1.49 seconds elapse.
[bwa_index] Update BWT... 0.03 sec
[bwa_index] Pack forward-only FASTA... 0.03 sec
[bwa_index] Construct SA from BWT and Occ... 0.98 sec
[main] Version: 0.7.17-r1188
[main] CMD: bwa index /data/NCBR/projects/NCBR-492/data/manual_analysis/MAGs/SF4_metawrap.bin.1.fa
[main] Real time: 2.862 sec; CPU: 2.573 sec
[M::bwa_idx_load_from_disk] read 0 ALT contigs
[M::process] read 1067304 sequences (160000156 bp)...
[M::mem_pestat] # candidate unique pairs for (FF, FR, RF, RR): (11, 455030, 40, 12)
[M::mem_pestat] analyzing insert size distribution for orientation FF...
[M::mem_pestat] (25, 50, 75) percentile: (2341, 2453, 4432)
[M::mem_pestat] low and high boundaries for computing mean and std.dev: (1, 8614)
[M::mem_pestat] mean and std.dev: (2697.50, 1566.61)
[M::mem_pestat] low and high boundaries for proper pairs: (1, 10705)
[M::mem_pestat] analyzing insert size distribution for orientation FR...
[M::mem_pestat] (25, 50, 75) percentile: (295, 344, 392)
[M::mem_pestat] low and high boundaries for computing mean and std.dev: (101, 586)
[M::mem_pestat] mean and std.dev: (343.64, 73.01)
[M::mem_pestat] low and high boundaries for proper pairs: (4, 683)
[M::mem_pestat] analyzing insert size distribution for orientation RF...
[M::mem_pestat] (25, 50, 75) percentile: (30, 438, 2254)
[M::mem_pestat] low and high boundaries for computing mean and std.dev: (1, 6702)
[M::mem_pestat] mean and std.dev: (1097.00, 1609.66)
[M::mem_pestat] low and high boundaries for proper pairs: (1, 8926)
[M::mem_pestat] analyzing insert size distribution for orientation RR...
[M::mem_pestat] (25, 50, 75) percentile: (2651, 4843, 7174)
[M::mem_pestat] low and high boundaries for computing mean and std.dev: (1, 16220)
[M::mem_pestat] mean and std.dev: (4658.50, 2246.88)
[M::mem_pestat] low and high boundaries for proper pairs: (1, 20743)
[M::mem_pestat] skip orientation FF
[M::mem_pestat] skip orientation RF
[M::mem_pestat] skip orientation RR
[M::process] read 1067284 sequences (160000158 bp)...
[M::mem_process_seqs] Processed 1067304 reads in 104.486 CPU sec, 7.784 real sec
[M::process] read 1067266 sequences (160000168 bp)...
[M::mem_pestat] # candidate unique pairs for (FF, FR, RF, RR): (2, 455701, 31, 12)
[M::mem_pestat] skip orientation FF as there are not enough pairs
[M::mem_pestat] analyzing insert size distribution for orientation FR...
[M::mem_pestat] (25, 50, 75) percentile: (297, 346, 394)
[M::mem_pestat] low and high boundaries for computing mean and std.dev: (103, 588)
[M::mem_pestat] mean and std.dev: (345.44, 73.21)
[M::mem_pestat] low and high boundaries for proper pairs: (6, 685)
[M::mem_pestat] analyzing insert size distribution for orientation RF...
[M::mem_pestat] (25, 50, 75) percentile: (65, 244, 1150)
[M::mem_pestat] low and high boundaries for computing mean and std.dev: (1, 3320)
[M::mem_pestat] mean and std.dev: (326.96, 591.50)
[M::mem_pestat] low and high boundaries for proper pairs: (1, 4405)
[M::mem_pestat] analyzing insert size distribution for orientation RR...
[M::mem_pestat] (25, 50, 75) percentile: (3065, 6548, 7840)
[M::mem_pestat] low and high boundaries for computing mean and std.dev: (1, 17390)
[M::mem_pestat] mean and std.dev: (5252.92, 3411.06)
[M::mem_pestat] low and high boundaries for proper pairs: (1, 22165)
[M::mem_pestat] skip orientation RF
[M::mem_pestat] skip orientation RR
[M::mem_process_seqs] Processed 1067284 reads in 107.638 CPU sec, 7.194 real sec
[M::process] read 1067242 sequences (160000278 bp)...
[M::mem_pestat] # candidate unique pairs for (FF, FR, RF, RR): (10, 454698, 51, 14)
[M::mem_pestat] analyzing insert size distribution for orientation FF...
[M::mem_pestat] (25, 50, 75) percentile: (1381, 2366, 3022)
[M::mem_pestat] low and high boundaries for computing mean and std.dev: (1, 6304)
[M::mem_pestat] mean and std.dev: (1748.38, 891.95)
[M::mem_pestat] low and high boundaries for proper pairs: (1, 7945)
[M::mem_pestat] analyzing insert size distribution for orientation FR...
[M::mem_pestat] (25, 50, 75) percentile: (295, 344, 392)
[M::mem_pestat] low and high boundaries for computing mean and std.dev: (101, 586)
[M::mem_pestat] mean and std.dev: (344.22, 73.31)
[M::mem_pestat] low and high boundaries for proper pairs: (4, 683)
[M::mem_pestat] analyzing insert size distribution for orientation RF...
[M::mem_pestat] (25, 50, 75) percentile: (37, 292, 2304)
[M::mem_pestat] low and high boundaries for computing mean and std.dev: (1, 6838)
[M::mem_pestat] mean and std.dev: (954.71, 1714.16)
[M::mem_pestat] low and high boundaries for proper pairs: (1, 9105)
[M::mem_pestat] analyzing insert size distribution for orientation RR...
[M::mem_pestat] (25, 50, 75) percentile: (420, 2417, 4678)
[M::mem_pestat] low and high boundaries for computing mean and std.dev: (1, 13194)
[M::mem_pestat] mean and std.dev: (3054.43, 2648.09)
[M::mem_pestat] low and high boundaries for proper pairs: (1, 17452)
[M::mem_pestat] skip orientation FF
[M::mem_pestat] skip orientation RF
[M::mem_pestat] skip orientation RR
[M::mem_process_seqs] Processed 1067266 reads in 108.408 CPU sec, 7.249 real sec
[M::mem_pestat] # candidate unique pairs for (FF, FR, RF, RR): (8, 454576, 40, 14)
[M::mem_pestat] skip orientation FF as there are not enough pairs
[M::mem_pestat] analyzing insert size distribution for orientation FR...
[M::mem_pestat] (25, 50, 75) percentile: (295, 344, 393)
[M::mem_pestat] low and high boundaries for computing mean and std.dev: (99, 589)
[M::mem_pestat] mean and std.dev: (344.51, 73.60)
[M::mem_pestat] low and high boundaries for proper pairs: (1, 687)
[M::mem_pestat] analyzing insert size distribution for orientation RF...
[M::mem_pestat] (25, 50, 75) percentile: (402, 950, 5530)
[M::mem_pestat] low and high boundaries for computing mean and std.dev: (1, 15786)
[M::mem_pestat] mean and std.dev: (2368.72, 2910.49)
[M::mem_pestat] low and high boundaries for proper pairs: (1, 20914)
[M::mem_pestat] analyzing insert size distribution for orientation RR...
[M::mem_pestat] (25, 50, 75) percentile: (2542, 4146, 7640)
[M::mem_pestat] low and high boundaries for computing mean and std.dev: (1, 17836)
[M::mem_pestat] mean and std.dev: (4530.86, 2793.27)
[M::mem_pestat] low and high boundaries for proper pairs: (1, 22934)
[M::mem_pestat] skip orientation RF
[M::mem_pestat] skip orientation RR
[M::process] read 1067246 sequences (160000100 bp)...
[M::mem_process_seqs] Processed 1067242 reads in 109.235 CPU sec, 7.190 real sec
[M::process] read 1067316 sequences (160000258 bp)...
[M::mem_pestat] # candidate unique pairs for (FF, FR, RF, RR): (15, 455023, 53, 6)
[M::mem_pestat] analyzing insert size distribution for orientation FF...
[M::mem_pestat] (25, 50, 75) percentile: (3412, 4019, 6368)
[M::mem_pestat] low and high boundaries for computing mean and std.dev: (1, 12280)
[M::mem_pestat] mean and std.dev: (4631.93, 2791.53)
[M::mem_pestat] low and high boundaries for proper pairs: (1, 15798)
[M::mem_pestat] analyzing insert size distribution for orientation FR...
[M::mem_pestat] (25, 50, 75) percentile: (296, 345, 394)
[M::mem_pestat] low and high boundaries for computing mean and std.dev: (100, 590)
[M::mem_pestat] mean and std.dev: (345.32, 73.97)
[M::mem_pestat] low and high boundaries for proper pairs: (2, 688)
[M::mem_pestat] analyzing insert size distribution for orientation RF...
[M::mem_pestat] (25, 50, 75) percentile: (84, 409, 5671)
[M::mem_pestat] low and high boundaries for computing mean and std.dev: (1, 16845)
[M::mem_pestat] mean and std.dev: (2562.91, 3341.14)
[M::mem_pestat] low and high boundaries for proper pairs: (1, 22432)
[M::mem_pestat] skip orientation RR as there are not enough pairs
[M::mem_pestat] skip orientation FF
[M::mem_pestat] skip orientation RF
[M::mem_process_seqs] Processed 1067246 reads in 105.603 CPU sec, 6.995 real sec
[M::process] read 1067268 sequences (160000246 bp)...
[M::mem_pestat] # candidate unique pairs for (FF, FR, RF, RR): (15, 454129, 35, 25)
[M::mem_pestat] analyzing insert size distribution for orientation FF...
[M::mem_pestat] (25, 50, 75) percentile: (5110, 8309, 8556)
[M::mem_pestat] low and high boundaries for computing mean and std.dev: (1, 15448)
[M::mem_pestat] mean and std.dev: (6989.87, 2539.74)
[M::mem_pestat] low and high boundaries for proper pairs: (1, 18894)
[M::mem_pestat] analyzing insert size distribution for orientation FR...
[M::mem_pestat] (25, 50, 75) percentile: (296, 345, 393)
[M::mem_pestat] low and high boundaries for computing mean and std.dev: (102, 587)
[M::mem_pestat] mean and std.dev: (345.10, 73.62)
[M::mem_pestat] low and high boundaries for proper pairs: (5, 684)
[M::mem_pestat] analyzing insert size distribution for orientation RF...
[M::mem_pestat] (25, 50, 75) percentile: (32, 229, 1261)
[M::mem_pestat] low and high boundaries for computing mean and std.dev: (1, 3719)
[M::mem_pestat] mean and std.dev: (573.42, 975.67)
[M::mem_pestat] low and high boundaries for proper pairs: (1, 4948)
[M::mem_pestat] analyzing insert size distribution for orientation RR...
[M::mem_pestat] (25, 50, 75) percentile: (1722, 6456, 9177)
[M::mem_pestat] low and high boundaries for computing mean and std.dev: (1, 24087)
[M::mem_pestat] mean and std.dev: (5192.08, 3428.37)
[M::mem_pestat] low and high boundaries for proper pairs: (1, 31542)
[M::mem_pestat] skip orientation FF
[M::mem_pestat] skip orientation RF
[M::mem_pestat] skip orientation RR
[M::mem_process_seqs] Processed 1067316 reads in 108.225 CPU sec, 7.260 real sec
[M::process] read 1067294 sequences (160000290 bp)...
[M::mem_pestat] # candidate unique pairs for (FF, FR, RF, RR): (21, 454055, 24, 25)
[M::mem_pestat] analyzing insert size distribution for orientation FF...
[M::mem_pestat] (25, 50, 75) percentile: (1118, 3775, 5870)
[M::mem_pestat] low and high boundaries for computing mean and std.dev: (1, 15374)
[M::mem_pestat] mean and std.dev: (4091.38, 3010.12)
[M::mem_pestat] low and high boundaries for proper pairs: (1, 20126)
[M::mem_pestat] analyzing insert size distribution for orientation FR...
[M::mem_pestat] (25, 50, 75) percentile: (297, 346, 395)
[M::mem_pestat] low and high boundaries for computing mean and std.dev: (101, 591)
[M::mem_pestat] mean and std.dev: (346.36, 73.81)
[M::mem_pestat] low and high boundaries for proper pairs: (3, 689)
[M::mem_pestat] analyzing insert size distribution for orientation RF...
[M::mem_pestat] (25, 50, 75) percentile: (253, 3710, 7602)
[M::mem_pestat] low and high boundaries for computing mean and std.dev: (1, 22300)
[M::mem_pestat] mean and std.dev: (3724.92, 3226.80)
[M::mem_pestat] low and high boundaries for proper pairs: (1, 29649)
[M::mem_pestat] analyzing insert size distribution for orientation RR...
[M::mem_pestat] (25, 50, 75) percentile: (2151, 3807, 8902)
[M::mem_pestat] low and high boundaries for computing mean and std.dev: (1, 22404)
[M::mem_pestat] mean and std.dev: (4920.64, 3267.55)
[M::mem_pestat] low and high boundaries for proper pairs: (1, 29155)
[M::mem_pestat] skip orientation FF
[M::mem_pestat] skip orientation RF
[M::mem_pestat] skip orientation RR
[M::mem_process_seqs] Processed 1067268 reads in 105.243 CPU sec, 6.876 real sec
[M::process] read 1067268 sequences (160000118 bp)...
[M::mem_pestat] # candidate unique pairs for (FF, FR, RF, RR): (7, 455061, 27, 18)
[M::mem_pestat] skip orientation FF as there are not enough pairs
[M::mem_pestat] analyzing insert size distribution for orientation FR...
[M::mem_pestat] (25, 50, 75) percentile: (297, 346, 394)
[M::mem_pestat] low and high boundaries for computing mean and std.dev: (103, 588)
[M::mem_pestat] mean and std.dev: (345.84, 73.49)
[M::mem_pestat] low and high boundaries for proper pairs: (6, 685)
[M::mem_pestat] analyzing insert size distribution for orientation RF...
[M::mem_pestat] (25, 50, 75) percentile: (59, 489, 4354)
[M::mem_pestat] low and high boundaries for computing mean and std.dev: (1, 12944)
[M::mem_pestat] mean and std.dev: (1832.78, 2283.42)
[M::mem_pestat] low and high boundaries for proper pairs: (1, 17239)
[M::mem_pestat] analyzing insert size distribution for orientation RR...
[M::mem_pestat] (25, 50, 75) percentile: (4544, 5079, 6039)
[M::mem_pestat] low and high boundaries for computing mean and std.dev: (1554, 9029)
[M::mem_pestat] mean and std.dev: (5039.25, 1719.15)
[M::mem_pestat] low and high boundaries for proper pairs: (1, 11916)
[M::mem_pestat] skip orientation RF
[M::mem_pestat] skip orientation RR
[M::mem_process_seqs] Processed 1067294 reads in 104.643 CPU sec, 6.877 real sec
[M::process] read 1067332 sequences (160000274 bp)...
[M::mem_pestat] # candidate unique pairs for (FF, FR, RF, RR): (11, 455343, 21, 12)
[M::mem_pestat] analyzing insert size distribution for orientation FF...
[M::mem_pestat] (25, 50, 75) percentile: (156, 364, 8646)
[M::mem_pestat] low and high boundaries for computing mean and std.dev: (1, 25626)
[M::mem_pestat] mean and std.dev: (3308.27, 3859.69)
[M::mem_pestat] low and high boundaries for proper pairs: (1, 34116)
[M::mem_pestat] analyzing insert size distribution for orientation FR...
[M::mem_pestat] (25, 50, 75) percentile: (295, 344, 393)
[M::mem_pestat] low and high boundaries for computing mean and std.dev: (99, 589)
[M::mem_pestat] mean and std.dev: (344.59, 73.68)
[M::mem_pestat] low and high boundaries for proper pairs: (1, 687)
[M::mem_pestat] analyzing insert size distribution for orientation RF...
[M::mem_pestat] (25, 50, 75) percentile: (51, 268, 4849)
[M::mem_pestat] low and high boundaries for computing mean and std.dev: (1, 14445)
[M::mem_pestat] mean and std.dev: (2290.33, 2568.80)
[M::mem_pestat] low and high boundaries for proper pairs: (1, 19243)
[M::mem_pestat] analyzing insert size distribution for orientation RR...
[M::mem_pestat] (25, 50, 75) percentile: (2182, 3529, 6397)
[M::mem_pestat] low and high boundaries for computing mean and std.dev: (1, 14827)
[M::mem_pestat] mean and std.dev: (3659.42, 1934.60)
[M::mem_pestat] low and high boundaries for proper pairs: (1, 19042)
[M::mem_pestat] skip orientation FF
[M::mem_pestat] skip orientation RF
[M::mem_pestat] skip orientation RR
[M::mem_process_seqs] Processed 1067268 reads in 104.606 CPU sec, 7.379 real sec
[M::process] read 1067308 sequences (160000122 bp)...
[M::mem_pestat] # candidate unique pairs for (FF, FR, RF, RR): (8, 454728, 32, 11)
[M::mem_pestat] skip orientation FF as there are not enough pairs
[M::mem_pestat] analyzing insert size distribution for orientation FR...
[M::mem_pestat] (25, 50, 75) percentile: (295, 344, 393)
[M::mem_pestat] low and high boundaries for computing mean and std.dev: (99, 589)
[M::mem_pestat] mean and std.dev: (344.37, 74.11)
[M::mem_pestat] low and high boundaries for proper pairs: (1, 687)
[M::mem_pestat] analyzing insert size distribution for orientation RF...
[M::mem_pestat] (25, 50, 75) percentile: (61, 359, 5342)
[M::mem_pestat] low and high boundaries for computing mean and std.dev: (1, 15904)
[M::mem_pestat] mean and std.dev: (2389.12, 3319.04)
[M::mem_pestat] low and high boundaries for proper pairs: (1, 21185)
[M::mem_pestat] analyzing insert size distribution for orientation RR...
[M::mem_pestat] (25, 50, 75) percentile: (2792, 2974, 5843)
[M::mem_pestat] low and high boundaries for computing mean and std.dev: (1, 11945)
[M::mem_pestat] mean and std.dev: (4028.27, 2804.74)
[M::mem_pestat] low and high boundaries for proper pairs: (1, 15247)
[M::mem_pestat] skip orientation RF
[M::mem_pestat] skip orientation RR
[M::mem_process_seqs] Processed 1067332 reads in 105.761 CPU sec, 6.896 real sec
[M::process] read 1067332 sequences (160000152 bp)...
[M::mem_pestat] # candidate unique pairs for (FF, FR, RF, RR): (14, 454587, 28, 11)
[M::mem_pestat] analyzing insert size distribution for orientation FF...
[M::mem_pestat] (25, 50, 75) percentile: (4115, 5913, 7718)
[M::mem_pestat] low and high boundaries for computing mean and std.dev: (1, 14924)
[M::mem_pestat] mean and std.dev: (5230.29, 2532.16)
[M::mem_pestat] low and high boundaries for proper pairs: (1, 18527)
[M::mem_pestat] analyzing insert size distribution for orientation FR...
[M::mem_pestat] (25, 50, 75) percentile: (297, 345, 394)
[M::mem_pestat] low and high boundaries for computing mean and std.dev: (103, 588)
[M::mem_pestat] mean and std.dev: (345.58, 73.52)
[M::mem_pestat] low and high boundaries for proper pairs: (6, 685)
[M::mem_pestat] analyzing insert size distribution for orientation RF...
[M::mem_pestat] (25, 50, 75) percentile: (170, 579, 5187)
[M::mem_pestat] low and high boundaries for computing mean and std.dev: (1, 15221)
[M::mem_pestat] mean and std.dev: (2335.64, 2646.83)
[M::mem_pestat] low and high boundaries for proper pairs: (1, 20238)
[M::mem_pestat] analyzing insert size distribution for orientation RR...
[M::mem_pestat] (25, 50, 75) percentile: (1901, 2431, 8560)
[M::mem_pestat] low and high boundaries for computing mean and std.dev: (1, 21878)
[M::mem_pestat] mean and std.dev: (3452.45, 3275.23)
[M::mem_pestat] low and high boundaries for proper pairs: (1, 28537)
[M::mem_pestat] skip orientation FF
[M::mem_pestat] skip orientation RF
[M::mem_pestat] skip orientation RR
[M::mem_process_seqs] Processed 1067308 reads in 110.093 CPU sec, 7.423 real sec
[M::process] read 1067314 sequences (160000244 bp)...
[M::mem_pestat] # candidate unique pairs for (FF, FR, RF, RR): (10, 455130, 41, 10)
[M::mem_pestat] analyzing insert size distribution for orientation FF...
[M::mem_pestat] (25, 50, 75) percentile: (766, 2590, 6551)
[M::mem_pestat] low and high boundaries for computing mean and std.dev: (1, 18121)
[M::mem_pestat] mean and std.dev: (3533.50, 3367.71)
[M::mem_pestat] low and high boundaries for proper pairs: (1, 23906)
[M::mem_pestat] analyzing insert size distribution for orientation FR...
[M::mem_pestat] (25, 50, 75) percentile: (296, 345, 393)
[M::mem_pestat] low and high boundaries for computing mean and std.dev: (102, 587)
[M::mem_pestat] mean and std.dev: (344.62, 73.38)
[M::mem_pestat] low and high boundaries for proper pairs: (5, 684)
[M::mem_pestat] analyzing insert size distribution for orientation RF...
[M::mem_pestat] (25, 50, 75) percentile: (74, 457, 1695)
[M::mem_pestat] low and high boundaries for computing mean and std.dev: (1, 4937)
[M::mem_pestat] mean and std.dev: (933.53, 1370.10)
[M::mem_pestat] low and high boundaries for proper pairs: (1, 6558)
[M::mem_pestat] analyzing insert size distribution for orientation RR...
[M::mem_pestat] (25, 50, 75) percentile: (1764, 4590, 7493)
[M::mem_pestat] low and high boundaries for computing mean and std.dev: (1, 18951)
[M::mem_pestat] mean and std.dev: (4469.20, 3277.84)
[M::mem_pestat] low and high boundaries for proper pairs: (1, 24680)
[M::mem_pestat] skip orientation FF
[M::mem_pestat] skip orientation RF
[M::mem_pestat] skip orientation RR
[M::mem_process_seqs] Processed 1067332 reads in 111.110 CPU sec, 7.317 real sec
[M::process] read 1067258 sequences (160000072 bp)...
[M::mem_pestat] # candidate unique pairs for (FF, FR, RF, RR): (10, 455244, 38, 24)
[M::mem_pestat] analyzing insert size distribution for orientation FF...
[M::mem_pestat] (25, 50, 75) percentile: (1781, 4088, 5066)
[M::mem_pestat] low and high boundaries for computing mean and std.dev: (1, 11636)
[M::mem_pestat] mean and std.dev: (3673.20, 2460.41)
[M::mem_pestat] low and high boundaries for proper pairs: (1, 14921)
[M::mem_pestat] analyzing insert size distribution for orientation FR...
[M::mem_pestat] (25, 50, 75) percentile: (297, 346, 395)
[M::mem_pestat] low and high boundaries for computing mean and std.dev: (101, 591)
[M::mem_pestat] mean and std.dev: (346.23, 73.34)
[M::mem_pestat] low and high boundaries for proper pairs: (3, 689)
[M::mem_pestat] analyzing insert size distribution for orientation RF...
[M::mem_pestat] (25, 50, 75) percentile: (65, 312, 3918)
[M::mem_pestat] low and high boundaries for computing mean and std.dev: (1, 11624)
[M::mem_pestat] mean and std.dev: (1836.05, 2673.66)
[M::mem_pestat] low and high boundaries for proper pairs: (1, 15477)
[M::mem_pestat] analyzing insert size distribution for orientation RR...
[M::mem_pestat] (25, 50, 75) percentile: (566, 1776, 7195)
[M::mem_pestat] low and high boundaries for computing mean and std.dev: (1, 20453)
[M::mem_pestat] mean and std.dev: (3760.75, 3552.01)
[M::mem_pestat] low and high boundaries for proper pairs: (1, 27082)
[M::mem_pestat] skip orientation FF
[M::mem_pestat] skip orientation RF
[M::mem_pestat] skip orientation RR
[M::mem_process_seqs] Processed 1067314 reads in 109.884 CPU sec, 7.370 real sec
[M::process] read 1067304 sequences (160000036 bp)...
[M::mem_pestat] # candidate unique pairs for (FF, FR, RF, RR): (19, 454914, 39, 15)
[M::mem_pestat] analyzing insert size distribution for orientation FF...
[M::mem_pestat] (25, 50, 75) percentile: (258, 5597, 7093)
[M::mem_pestat] low and high boundaries for computing mean and std.dev: (1, 20763)
[M::mem_pestat] mean and std.dev: (4246.63, 3322.00)
[M::mem_pestat] low and high boundaries for proper pairs: (1, 27598)
[M::mem_pestat] analyzing insert size distribution for orientation FR...
[M::mem_pestat] (25, 50, 75) percentile: (295, 345, 394)
[M::mem_pestat] low and high boundaries for computing mean and std.dev: (97, 592)
[M::mem_pestat] mean and std.dev: (344.89, 73.80)
[M::mem_pestat] low and high boundaries for proper pairs: (1, 691)
[M::mem_pestat] analyzing insert size distribution for orientation RF...
[M::mem_pestat] (25, 50, 75) percentile: (88, 335, 5072)
[M::mem_pestat] low and high boundaries for computing mean and std.dev: (1, 15040)
[M::mem_pestat] mean and std.dev: (2101.92, 2841.87)
[M::mem_pestat] low and high boundaries for proper pairs: (1, 20024)
[M::mem_pestat] analyzing insert size distribution for orientation RR...
[M::mem_pestat] (25, 50, 75) percentile: (1337, 3182, 4419)
[M::mem_pestat] low and high boundaries for computing mean and std.dev: (1, 10583)
[M::mem_pestat] mean and std.dev: (2914.47, 2240.42)
[M::mem_pestat] low and high boundaries for proper pairs: (1, 13665)
[M::mem_pestat] skip orientation FF
[M::mem_pestat] skip orientation RF
[M::mem_pestat] skip orientation RR
[M::mem_process_seqs] Processed 1067258 reads in 107.534 CPU sec, 7.134 real sec
[M::process] read 1067298 sequences (160000158 bp)...
[M::mem_pestat] # candidate unique pairs for (FF, FR, RF, RR): (14, 454594, 25, 19)
[M::mem_pestat] analyzing insert size distribution for orientation FF...
[M::mem_pestat] (25, 50, 75) percentile: (1012, 5380, 6656)
[M::mem_pestat] low and high boundaries for computing mean and std.dev: (1, 17944)
[M::mem_pestat] mean and std.dev: (4417.50, 3124.80)
[M::mem_pestat] low and high boundaries for proper pairs: (1, 23588)
[M::mem_pestat] analyzing insert size distribution for orientation FR...
[M::mem_pestat] (25, 50, 75) percentile: (294, 344, 393)
[M::mem_pestat] low and high boundaries for computing mean and std.dev: (96, 591)
[M::mem_pestat] mean and std.dev: (343.99, 74.05)
[M::mem_pestat] low and high boundaries for proper pairs: (1, 690)
[M::mem_pestat] analyzing insert size distribution for orientation RF...
[M::mem_pestat] (25, 50, 75) percentile: (34, 854, 4622)
[M::mem_pestat] low and high boundaries for computing mean and std.dev: (1, 13798)
[M::mem_pestat] mean and std.dev: (2316.96, 2777.53)
[M::mem_pestat] low and high boundaries for proper pairs: (1, 18386)
[M::mem_pestat] analyzing insert size distribution for orientation RR...
[M::mem_pestat] (25, 50, 75) percentile: (1816, 3964, 6977)
[M::mem_pestat] low and high boundaries for computing mean and std.dev: (1, 17299)
[M::mem_pestat] mean and std.dev: (4572.47, 3397.84)
[M::mem_pestat] low and high boundaries for proper pairs: (1, 22460)
[M::mem_pestat] skip orientation FF
[M::mem_pestat] skip orientation RF
[M::mem_pestat] skip orientation RR
[M::mem_process_seqs] Processed 1067304 reads in 107.454 CPU sec, 7.147 real sec
[M::process] read 1067270 sequences (160000290 bp)...
[M::mem_pestat] # candidate unique pairs for (FF, FR, RF, RR): (7, 454411, 46, 15)
[M::mem_pestat] skip orientation FF as there are not enough pairs
[M::mem_pestat] analyzing insert size distribution for orientation FR...
[M::mem_pestat] (25, 50, 75) percentile: (295, 345, 393)
[M::mem_pestat] low and high boundaries for computing mean and std.dev: (99, 589)
[M::mem_pestat] mean and std.dev: (344.88, 73.83)
[M::mem_pestat] low and high boundaries for proper pairs: (1, 687)
[M::mem_pestat] analyzing insert size distribution for orientation RF...
[M::mem_pestat] (25, 50, 75) percentile: (85, 583, 2495)
[M::mem_pestat] low and high boundaries for computing mean and std.dev: (1, 7315)
[M::mem_pestat] mean and std.dev: (934.14, 1182.22)
[M::mem_pestat] low and high boundaries for proper pairs: (1, 9725)
[M::mem_pestat] analyzing insert size distribution for orientation RR...
[M::mem_pestat] (25, 50, 75) percentile: (4179, 5405, 7086)
[M::mem_pestat] low and high boundaries for computing mean and std.dev: (1, 12900)
[M::mem_pestat] mean and std.dev: (4873.33, 2724.51)
[M::mem_pestat] low and high boundaries for proper pairs: (1, 15807)
[M::mem_pestat] skip orientation RF
[M::mem_pestat] skip orientation RR
[M::mem_process_seqs] Processed 1067298 reads in 105.887 CPU sec, 6.990 real sec
[M::mem_pestat] # candidate unique pairs for (FF, FR, RF, RR): (28, 454477, 36, 13)
[M::mem_pestat] analyzing insert size distribution for orientation FF...
[M::mem_pestat] (25, 50, 75) percentile: (3947, 5342, 7427)
[M::mem_pestat] low and high boundaries for computing mean and std.dev: (1, 14387)
[M::mem_pestat] mean and std.dev: (5118.96, 2591.25)
[M::mem_pestat] low and high boundaries for proper pairs: (1, 17867)
[M::mem_pestat] analyzing insert size distribution for orientation FR...
[M::mem_pestat] (25, 50, 75) percentile: (296, 345, 393)
[M::mem_pestat] low and high boundaries for computing mean and std.dev: (102, 587)
[M::mem_pestat] mean and std.dev: (345.19, 72.96)
[M::mem_pestat] low and high boundaries for proper pairs: (5, 684)
[M::mem_pestat] analyzing insert size distribution for orientation RF...
[M::mem_pestat] (25, 50, 75) percentile: (132, 362, 2622)
[M::mem_pestat] low and high boundaries for computing mean and std.dev: (1, 7602)
[M::mem_pestat] mean and std.dev: (896.77, 1472.95)
[M::mem_pestat] low and high boundaries for proper pairs: (1, 10092)
[M::mem_pestat] analyzing insert size distribution for orientation RR...
[M::mem_pestat] (25, 50, 75) percentile: (5781, 6548, 9094)
[M::mem_pestat] low and high boundaries for computing mean and std.dev: (1, 15720)
[M::mem_pestat] mean and std.dev: (6441.15, 2816.35)
[M::mem_pestat] low and high boundaries for proper pairs: (1, 19033)
[M::mem_pestat] skip orientation FF
[M::mem_pestat] skip orientation RF
[M::mem_pestat] skip orientation RR
[M::process] read 1067274 sequences (160000144 bp)...
[M::mem_process_seqs] Processed 1067270 reads in 109.632 CPU sec, 7.197 real sec
[M::process] read 1067216 sequences (160000264 bp)...
[M::mem_pestat] # candidate unique pairs for (FF, FR, RF, RR): (9, 453811, 49, 9)
[M::mem_pestat] skip orientation FF as there are not enough pairs
[M::mem_pestat] analyzing insert size distribution for orientation FR...
[M::mem_pestat] (25, 50, 75) percentile: (297, 346, 394)
[M::mem_pestat] low and high boundaries for computing mean and std.dev: (103, 588)
[M::mem_pestat] mean and std.dev: (345.87, 73.23)
[M::mem_pestat] low and high boundaries for proper pairs: (6, 685)
[M::mem_pestat] analyzing insert size distribution for orientation RF...
[M::mem_pestat] (25, 50, 75) percentile: (44, 320, 2006)
[M::mem_pestat] low and high boundaries for computing mean and std.dev: (1, 5930)
[M::mem_pestat] mean and std.dev: (901.56, 1493.98)
[M::mem_pestat] low and high boundaries for proper pairs: (1, 7892)
[M::mem_pestat] skip orientation RR as there are not enough pairs
[M::mem_pestat] skip orientation RF
[M::mem_process_seqs] Processed 1067274 reads in 103.565 CPU sec, 6.821 real sec
[M::process] read 1067274 sequences (160000174 bp)...
[M::mem_pestat] # candidate unique pairs for (FF, FR, RF, RR): (26, 454795, 23, 16)
[M::mem_pestat] analyzing insert size distribution for orientation FF...
[M::mem_pestat] (25, 50, 75) percentile: (2388, 5328, 6841)
[M::mem_pestat] low and high boundaries for computing mean and std.dev: (1, 15747)
[M::mem_pestat] mean and std.dev: (4974.46, 3038.06)
[M::mem_pestat] low and high boundaries for proper pairs: (1, 20200)
[M::mem_pestat] analyzing insert size distribution for orientation FR...
[M::mem_pestat] (25, 50, 75) percentile: (298, 346, 394)
[M::mem_pestat] low and high boundaries for computing mean and std.dev: (106, 586)
[M::mem_pestat] mean and std.dev: (346.45, 73.04)
[M::mem_pestat] low and high boundaries for proper pairs: (10, 682)
[M::mem_pestat] analyzing insert size distribution for orientation RF...
[M::mem_pestat] (25, 50, 75) percentile: (330, 1726, 5269)
[M::mem_pestat] low and high boundaries for computing mean and std.dev: (1, 15147)
[M::mem_pestat] mean and std.dev: (3300.61, 3303.96)
[M::mem_pestat] low and high boundaries for proper pairs: (1, 20086)
[M::mem_pestat] analyzing insert size distribution for orientation RR...
[M::mem_pestat] (25, 50, 75) percentile: (1784, 4085, 5501)
[M::mem_pestat] low and high boundaries for computing mean and std.dev: (1, 12935)
[M::mem_pestat] mean and std.dev: (3858.44, 2733.28)
[M::mem_pestat] low and high boundaries for proper pairs: (1, 16652)
[M::mem_pestat] skip orientation FF
[M::mem_pestat] skip orientation RF
[M::mem_pestat] skip orientation RR
[M::mem_process_seqs] Processed 1067216 reads in 104.717 CPU sec, 7.338 real sec
[M::mem_pestat] # candidate unique pairs for (FF, FR, RF, RR): (15, 455047, 24, 18)
[M::mem_pestat] analyzing insert size distribution for orientation FF...
[M::mem_pestat] (25, 50, 75) percentile: (1934, 4582, 6923)
[M::mem_pestat] low and high boundaries for computing mean and std.dev: (1, 16901)
[M::mem_pestat] mean and std.dev: (4504.20, 3323.43)
[M::mem_pestat] low and high boundaries for proper pairs: (1, 21890)
[M::mem_pestat] analyzing insert size distribution for orientation FR...
[M::mem_pestat] (25, 50, 75) percentile: (296, 345, 394)
[M::mem_pestat] low and high boundaries for computing mean and std.dev: (100, 590)
[M::mem_pestat] mean and std.dev: (345.38, 73.54)
[M::mem_pestat] low and high boundaries for proper pairs: (2, 688)
[M::mem_pestat] analyzing insert size distribution for orientation RF...
[M::mem_pestat] (25, 50, 75) percentile: (84, 354, 1908)
[M::mem_pestat] low and high boundaries for computing mean and std.dev: (1, 5556)
[M::mem_pestat] mean and std.dev: (981.33, 1301.30)
[M::mem_pestat] low and high boundaries for proper pairs: (1, 7380)
[M::mem_pestat] analyzing insert size distribution for orientation RR...
[M::mem_pestat] (25, 50, 75) percentile: (555, 3146, 7376)
[M::mem_pestat] low and high boundaries for computing mean and std.dev: (1, 21018)
[M::mem_pestat] mean and std.dev: (3848.89, 3004.53)
[M::mem_pestat] low and high boundaries for proper pairs: (1, 27839)
[M::mem_pestat] skip orientation FF
[M::mem_pestat] skip orientation RF
[M::mem_pestat] skip orientation RR
[M::process] read 1067248 sequences (160000116 bp)...
[M::mem_process_seqs] Processed 1067274 reads in 108.425 CPU sec, 7.360 real sec
[M::mem_pestat] # candidate unique pairs for (FF, FR, RF, RR): (23, 454479, 33, 9)
[M::mem_pestat] analyzing insert size distribution for orientation FF...
[M::mem_pestat] (25, 50, 75) percentile: (1682, 2153, 4732)
[M::mem_pestat] low and high boundaries for computing mean and std.dev: (1, 10832)
[M::mem_pestat] mean and std.dev: (2833.39, 2029.14)
[M::mem_pestat] low and high boundaries for proper pairs: (1, 13882)
[M::mem_pestat] analyzing insert size distribution for orientation FR...
[M::process] read 1067252 sequences (160000062 bp)...
[M::mem_pestat] (25, 50, 75) percentile: (295, 345, 394)
[M::mem_pestat] low and high boundaries for computing mean and std.dev: (97, 592)
[M::mem_pestat] mean and std.dev: (345.07, 74.14)
[M::mem_pestat] low and high boundaries for proper pairs: (1, 691)
[M::mem_pestat] analyzing insert size distribution for orientation RF...
[M::mem_pestat] (25, 50, 75) percentile: (139, 891, 4798)
[M::mem_pestat] low and high boundaries for computing mean and std.dev: (1, 14116)
[M::mem_pestat] mean and std.dev: (2559.48, 3125.75)
[M::mem_pestat] low and high boundaries for proper pairs: (1, 18775)
[M::mem_pestat] skip orientation RR as there are not enough pairs
[M::mem_pestat] skip orientation FF
[M::mem_pestat] skip orientation RF
[M::mem_process_seqs] Processed 1067248 reads in 106.219 CPU sec, 7.014 real sec
[M::process] read 1067336 sequences (160000228 bp)...
[M::mem_pestat] # candidate unique pairs for (FF, FR, RF, RR): (11, 454668, 56, 7)
[M::mem_pestat] analyzing insert size distribution for orientation FF...
[M::mem_pestat] (25, 50, 75) percentile: (2825, 4703, 8935)
[M::mem_pestat] low and high boundaries for computing mean and std.dev: (1, 21155)
[M::mem_pestat] mean and std.dev: (5194.64, 3242.55)
[M::mem_pestat] low and high boundaries for proper pairs: (1, 27265)
[M::mem_pestat] analyzing insert size distribution for orientation FR...
[M::mem_pestat] (25, 50, 75) percentile: (296, 345, 394)
[M::mem_pestat] low and high boundaries for computing mean and std.dev: (100, 590)
[M::mem_pestat] mean and std.dev: (345.42, 73.84)
[M::mem_pestat] low and high boundaries for proper pairs: (2, 688)
[M::mem_pestat] analyzing insert size distribution for orientation RF...
[M::mem_pestat] (25, 50, 75) percentile: (10, 94, 1147)
[M::mem_pestat] low and high boundaries for computing mean and std.dev: (1, 3421)
[M::mem_pestat] mean and std.dev: (380.41, 627.85)
[M::mem_pestat] low and high boundaries for proper pairs: (1, 4558)
[M::mem_pestat] skip orientation RR as there are not enough pairs
[M::mem_pestat] skip orientation FF
[M::mem_pestat] skip orientation RF
[M::mem_process_seqs] Processed 1067252 reads in 108.096 CPU sec, 7.393 real sec
[M::process] read 1067346 sequences (160000228 bp)...
[M::mem_pestat] # candidate unique pairs for (FF, FR, RF, RR): (13, 453405, 29, 22)
[M::mem_pestat] analyzing insert size distribution for orientation FF...
[M::mem_pestat] (25, 50, 75) percentile: (1448, 3033, 7836)
[M::mem_pestat] low and high boundaries for computing mean and std.dev: (1, 20612)
[M::mem_pestat] mean and std.dev: (4688.62, 3232.34)
[M::mem_pestat] low and high boundaries for proper pairs: (1, 27000)
[M::mem_pestat] analyzing insert size distribution for orientation FR...
[M::mem_pestat] (25, 50, 75) percentile: (293, 344, 393)
[M::mem_pestat] low and high boundaries for computing mean and std.dev: (93, 593)
[M::mem_pestat] mean and std.dev: (343.56, 74.53)
[M::mem_pestat] low and high boundaries for proper pairs: (1, 693)
[M::mem_pestat] analyzing insert size distribution for orientation RF...
[M::mem_pestat] (25, 50, 75) percentile: (57, 630, 3095)
[M::mem_pestat] low and high boundaries for computing mean and std.dev: (1, 9171)
[M::mem_pestat] mean and std.dev: (2026.59, 2685.17)
[M::mem_pestat] low and high boundaries for proper pairs: (1, 12767)
[M::mem_pestat] analyzing insert size distribution for orientation RR...
[M::mem_pestat] (25, 50, 75) percentile: (3091, 5173, 7492)
[M::mem_pestat] low and high boundaries for computing mean and std.dev: (1, 16294)
[M::mem_pestat] mean and std.dev: (5249.00, 2653.90)
[M::mem_pestat] low and high boundaries for proper pairs: (1, 20695)
[M::mem_pestat] skip orientation FF
[M::mem_pestat] skip orientation RF
[M::mem_pestat] skip orientation RR
[M::mem_process_seqs] Processed 1067336 reads in 107.464 CPU sec, 7.043 real sec
[M::process] read 1067326 sequences (160000212 bp)...
[M::mem_pestat] # candidate unique pairs for (FF, FR, RF, RR): (19, 454632, 34, 13)
[M::mem_pestat] analyzing insert size distribution for orientation FF...
[M::mem_pestat] (25, 50, 75) percentile: (3217, 5528, 7177)
[M::mem_pestat] low and high boundaries for computing mean and std.dev: (1, 15097)
[M::mem_pestat] mean and std.dev: (4989.74, 2918.81)
[M::mem_pestat] low and high boundaries for proper pairs: (1, 19057)
[M::mem_pestat] analyzing insert size distribution for orientation FR...
[M::mem_pestat] (25, 50, 75) percentile: (294, 344, 393)
[M::mem_pestat] low and high boundaries for computing mean and std.dev: (96, 591)
[M::mem_pestat] mean and std.dev: (343.80, 74.16)
[M::mem_pestat] low and high boundaries for proper pairs: (1, 690)
[M::mem_pestat] analyzing insert size distribution for orientation RF...
[M::mem_pestat] (25, 50, 75) percentile: (99, 265, 1424)
[M::mem_pestat] low and high boundaries for computing mean and std.dev: (1, 4074)
[M::mem_pestat] mean and std.dev: (389.52, 690.98)
[M::mem_pestat] low and high boundaries for proper pairs: (1, 5399)
[M::mem_pestat] analyzing insert size distribution for orientation RR...
[M::mem_pestat] (25, 50, 75) percentile: (4400, 5216, 7843)
[M::mem_pestat] low and high boundaries for computing mean and std.dev: (1, 14729)
[M::mem_pestat] mean and std.dev: (5298.23, 2813.25)
[M::mem_pestat] low and high boundaries for proper pairs: (1, 18172)
[M::mem_pestat] skip orientation FF
[M::mem_pestat] skip orientation RF
[M::mem_pestat] skip orientation RR
[M::mem_process_seqs] Processed 1067346 reads in 108.025 CPU sec, 7.076 real sec
[M::process] read 1067294 sequences (160000188 bp)...
[M::mem_pestat] # candidate unique pairs for (FF, FR, RF, RR): (11, 453475, 20, 18)
[M::mem_pestat] analyzing insert size distribution for orientation FF...
[M::mem_pestat] (25, 50, 75) percentile: (2295, 2295, 8838)
[M::mem_pestat] low and high boundaries for computing mean and std.dev: (1, 21924)
[M::mem_pestat] mean and std.dev: (4034.00, 3356.44)
[M::mem_pestat] low and high boundaries for proper pairs: (1, 28467)
[M::mem_pestat] analyzing insert size distribution for orientation FR...
[M::mem_pestat] (25, 50, 75) percentile: (297, 346, 395)
[M::mem_pestat] low and high boundaries for computing mean and std.dev: (101, 591)
[M::mem_pestat] mean and std.dev: (346.19, 73.99)
[M::mem_pestat] low and high boundaries for proper pairs: (3, 689)
[M::mem_pestat] analyzing insert size distribution for orientation RF...
[M::mem_pestat] (25, 50, 75) percentile: (25, 965, 7995)
[M::mem_pestat] low and high boundaries for computing mean and std.dev: (1, 23935)
[M::mem_pestat] mean and std.dev: (3239.65, 3662.24)
[M::mem_pestat] low and high boundaries for proper pairs: (1, 31905)
[M::mem_pestat] analyzing insert size distribution for orientation RR...
[M::mem_pestat] (25, 50, 75) percentile: (4291, 6321, 8671)
[M::mem_pestat] low and high boundaries for computing mean and std.dev: (1, 17431)
[M::mem_pestat] mean and std.dev: (5740.83, 2786.22)
[M::mem_pestat] low and high boundaries for proper pairs: (1, 21811)
[M::mem_pestat] skip orientation FF
[M::mem_pestat] skip orientation RF
[M::mem_pestat] skip orientation RR
[M::mem_process_seqs] Processed 1067326 reads in 117.063 CPU sec, 7.688 real sec
[M::process] read 1067308 sequences (160000246 bp)...
[M::mem_pestat] # candidate unique pairs for (FF, FR, RF, RR): (9, 454174, 30, 13)
[M::mem_pestat] skip orientation FF as there are not enough pairs
[M::mem_pestat] analyzing insert size distribution for orientation FR...
[M::mem_pestat] (25, 50, 75) percentile: (299, 349, 397)
[M::mem_pestat] low and high boundaries for computing mean and std.dev: (103, 593)
[M::mem_pestat] mean and std.dev: (348.29, 74.15)
[M::mem_pestat] low and high boundaries for proper pairs: (5, 691)
[M::mem_pestat] analyzing insert size distribution for orientation RF...
[M::mem_pestat] (25, 50, 75) percentile: (122, 229, 1215)
[M::mem_pestat] low and high boundaries for computing mean and std.dev: (1, 3401)
[M::mem_pestat] mean and std.dev: (367.12, 520.21)
[M::mem_pestat] low and high boundaries for proper pairs: (1, 4494)
[M::mem_pestat] analyzing insert size distribution for orientation RR...
[M::mem_pestat] (25, 50, 75) percentile: (1755, 5134, 6870)
[M::mem_pestat] low and high boundaries for computing mean and std.dev: (1, 17100)
[M::mem_pestat] mean and std.dev: (3885.77, 2430.72)
[M::mem_pestat] low and high boundaries for proper pairs: (1, 22215)
[M::mem_pestat] skip orientation RF
[M::mem_pestat] skip orientation RR
[M::mem_process_seqs] Processed 1067294 reads in 106.105 CPU sec, 7.257 real sec
[M::process] read 1067336 sequences (160000220 bp)...
[M::mem_pestat] # candidate unique pairs for (FF, FR, RF, RR): (18, 454867, 27, 11)
[M::mem_pestat] analyzing insert size distribution for orientation FF...
[M::mem_pestat] (25, 50, 75) percentile: (547, 1476, 3262)
[M::mem_pestat] low and high boundaries for computing mean and std.dev: (1, 8692)
[M::mem_pestat] mean and std.dev: (2210.89, 2044.63)
[M::mem_pestat] low and high boundaries for proper pairs: (1, 11407)
[M::mem_pestat] analyzing insert size distribution for orientation FR...
[M::mem_pestat] (25, 50, 75) percentile: (297, 347, 396)
[M::mem_pestat] low and high boundaries for computing mean and std.dev: (99, 594)
[M::mem_pestat] mean and std.dev: (347.01, 74.68)
[M::mem_pestat] low and high boundaries for proper pairs: (1, 693)
[M::mem_pestat] analyzing insert size distribution for orientation RF...
[M::mem_pestat] (25, 50, 75) percentile: (148, 457, 2552)
[M::mem_pestat] low and high boundaries for computing mean and std.dev: (1, 7360)
[M::mem_pestat] mean and std.dev: (1305.60, 1794.11)
[M::mem_pestat] low and high boundaries for proper pairs: (1, 9764)
[M::mem_pestat] analyzing insert size distribution for orientation RR...
[M::mem_pestat] (25, 50, 75) percentile: (3738, 7306, 8841)
[M::mem_pestat] low and high boundaries for computing mean and std.dev: (1, 19047)
[M::mem_pestat] mean and std.dev: (5567.36, 3595.16)
[M::mem_pestat] low and high boundaries for proper pairs: (1, 24150)
[M::mem_pestat] skip orientation FF
[M::mem_pestat] skip orientation RF
[M::mem_pestat] skip orientation RR
[M::mem_process_seqs] Processed 1067308 reads in 112.940 CPU sec, 7.462 real sec
[M::process] read 1067414 sequences (160000050 bp)...
[M::mem_pestat] # candidate unique pairs for (FF, FR, RF, RR): (14, 453824, 24, 11)
[M::mem_pestat] analyzing insert size distribution for orientation FF...
[M::mem_pestat] (25, 50, 75) percentile: (364, 3599, 6068)
[M::mem_pestat] low and high boundaries for computing mean and std.dev: (1, 17476)
[M::mem_pestat] mean and std.dev: (3364.71, 2661.88)
[M::mem_pestat] low and high boundaries for proper pairs: (1, 23180)
[M::mem_pestat] analyzing insert size distribution for orientation FR...
[M::mem_pestat] (25, 50, 75) percentile: (292, 343, 392)
[M::mem_pestat] low and high boundaries for computing mean and std.dev: (92, 592)
[M::mem_pestat] mean and std.dev: (342.70, 74.87)
[M::mem_pestat] low and high boundaries for proper pairs: (1, 692)
[M::mem_pestat] analyzing insert size distribution for orientation RF...
[M::mem_pestat] (25, 50, 75) percentile: (160, 809, 6775)
[M::mem_pestat] low and high boundaries for computing mean and std.dev: (1, 20005)
[M::mem_pestat] mean and std.dev: (2769.42, 3572.66)
[M::mem_pestat] low and high boundaries for proper pairs: (1, 26620)
[M::mem_pestat] analyzing insert size distribution for orientation RR...
[M::mem_pestat] (25, 50, 75) percentile: (4022, 6771, 7944)
[M::mem_pestat] low and high boundaries for computing mean and std.dev: (1, 15788)
[M::mem_pestat] mean and std.dev: (5788.36, 2617.70)
[M::mem_pestat] low and high boundaries for proper pairs: (1, 19710)
[M::mem_pestat] skip orientation FF
[M::mem_pestat] skip orientation RF
[M::mem_pestat] skip orientation RR
[M::mem_process_seqs] Processed 1067336 reads in 116.242 CPU sec, 7.935 real sec
[M::process] read 1067280 sequences (160000064 bp)...
[M::mem_pestat] # candidate unique pairs for (FF, FR, RF, RR): (19, 454195, 30, 15)
[M::mem_pestat] analyzing insert size distribution for orientation FF...
[M::mem_pestat] (25, 50, 75) percentile: (172, 1535, 4011)
[M::mem_pestat] low and high boundaries for computing mean and std.dev: (1, 11689)
[M::mem_pestat] mean and std.dev: (2434.84, 2271.90)
[M::mem_pestat] low and high boundaries for proper pairs: (1, 15528)
[M::mem_pestat] analyzing insert size distribution for orientation FR...
[M::mem_pestat] (25, 50, 75) percentile: (293, 343, 392)
[M::mem_pestat] low and high boundaries for computing mean and std.dev: (95, 590)
[M::mem_pestat] mean and std.dev: (342.57, 74.44)
[M::mem_pestat] low and high boundaries for proper pairs: (1, 689)
[M::mem_pestat] analyzing insert size distribution for orientation RF...
[M::mem_pestat] (25, 50, 75) percentile: (48, 252, 2862)
[M::mem_pestat] low and high boundaries for computing mean and std.dev: (1, 8490)
[M::mem_pestat] mean and std.dev: (1429.03, 2317.46)
[M::mem_pestat] low and high boundaries for proper pairs: (1, 11304)
[M::mem_pestat] analyzing insert size distribution for orientation RR...
[M::mem_pestat] (25, 50, 75) percentile: (2796, 4179, 7478)
[M::mem_pestat] low and high boundaries for computing mean and std.dev: (1, 16842)
[M::mem_pestat] mean and std.dev: (5040.20, 2530.12)
[M::mem_pestat] low and high boundaries for proper pairs: (1, 21524)
[M::mem_pestat] skip orientation FF
[M::mem_pestat] skip orientation RF
[M::mem_pestat] skip orientation RR
[M::mem_process_seqs] Processed 1067414 reads in 108.466 CPU sec, 7.566 real sec
[M::process] read 1067262 sequences (160000184 bp)...
[M::mem_pestat] # candidate unique pairs for (FF, FR, RF, RR): (23, 454205, 44, 19)
[M::mem_pestat] analyzing insert size distribution for orientation FF...
[M::mem_pestat] (25, 50, 75) percentile: (537, 3474, 6879)
[M::mem_pestat] low and high boundaries for computing mean and std.dev: (1, 19563)
[M::mem_pestat] mean and std.dev: (3665.83, 3275.69)
[M::mem_pestat] low and high boundaries for proper pairs: (1, 25905)
[M::mem_pestat] analyzing insert size distribution for orientation FR...
[M::mem_pestat] (25, 50, 75) percentile: (295, 345, 394)
[M::mem_pestat] low and high boundaries for computing mean and std.dev: (97, 592)
[M::mem_pestat] mean and std.dev: (345.00, 74.00)
[M::mem_pestat] low and high boundaries for proper pairs: (1, 691)
[M::mem_pestat] analyzing insert size distribution for orientation RF...
[M::mem_pestat] (25, 50, 75) percentile: (84, 321, 1111)
[M::mem_pestat] low and high boundaries for computing mean and std.dev: (1, 3165)
[M::mem_pestat] mean and std.dev: (370.72, 455.17)
[M::mem_pestat] low and high boundaries for proper pairs: (1, 4192)
[M::mem_pestat] analyzing insert size distribution for orientation RR...
[M::mem_pestat] (25, 50, 75) percentile: (437, 6364, 8045)
[M::mem_pestat] low and high boundaries for computing mean and std.dev: (1, 23261)
[M::mem_pestat] mean and std.dev: (5118.74, 3617.19)
[M::mem_pestat] low and high boundaries for proper pairs: (1, 30869)
[M::mem_pestat] skip orientation FF
[M::mem_pestat] skip orientation RF
[M::mem_pestat] skip orientation RR
[M::mem_process_seqs] Processed 1067280 reads in 118.068 CPU sec, 8.001 real sec
[M::process] read 1067262 sequences (160000046 bp)...
[M::mem_pestat] # candidate unique pairs for (FF, FR, RF, RR): (20, 453282, 41, 28)
[M::mem_pestat] analyzing insert size distribution for orientation FF...
[M::mem_pestat] (25, 50, 75) percentile: (2153, 4328, 6377)
[M::mem_pestat] low and high boundaries for computing mean and std.dev: (1, 14825)
[M::mem_pestat] mean and std.dev: (3880.70, 2006.49)
[M::mem_pestat] low and high boundaries for proper pairs: (1, 19049)
[M::mem_pestat] analyzing insert size distribution for orientation FR...
[M::mem_pestat] (25, 50, 75) percentile: (297, 347, 396)
[M::mem_pestat] low and high boundaries for computing mean and std.dev: (99, 594)
[M::mem_pestat] mean and std.dev: (346.99, 74.32)
[M::mem_pestat] low and high boundaries for proper pairs: (1, 693)
[M::mem_pestat] analyzing insert size distribution for orientation RF...
[M::mem_pestat] (25, 50, 75) percentile: (114, 466, 2463)
[M::mem_pestat] low and high boundaries for computing mean and std.dev: (1, 7161)
[M::mem_pestat] mean and std.dev: (1344.44, 1675.95)
[M::mem_pestat] low and high boundaries for proper pairs: (1, 9510)
[M::mem_pestat] analyzing insert size distribution for orientation RR...
[M::mem_pestat] (25, 50, 75) percentile: (3143, 6360, 8965)
[M::mem_pestat] low and high boundaries for computing mean and std.dev: (1, 20609)
[M::mem_pestat] mean and std.dev: (5818.00, 3239.19)
[M::mem_pestat] low and high boundaries for proper pairs: (1, 26431)
[M::mem_pestat] skip orientation FF
[M::mem_pestat] skip orientation RF
[M::mem_pestat] skip orientation RR
[M::mem_process_seqs] Processed 1067262 reads in 112.269 CPU sec, 7.465 real sec
[M::process] read 1067432 sequences (160000292 bp)...
[M::mem_pestat] # candidate unique pairs for (FF, FR, RF, RR): (19, 453896, 40, 5)
[M::mem_pestat] analyzing insert size distribution for orientation FF...
[M::mem_pestat] (25, 50, 75) percentile: (1130, 4808, 6384)
[M::mem_pestat] low and high boundaries for computing mean and std.dev: (1, 16892)
[M::mem_pestat] mean and std.dev: (4505.74, 2841.84)
[M::mem_pestat] low and high boundaries for proper pairs: (1, 22146)
[M::mem_pestat] analyzing insert size distribution for orientation FR...
[M::mem_pestat] (25, 50, 75) percentile: (297, 347, 397)
[M::mem_pestat] low and high boundaries for computing mean and std.dev: (97, 597)
[M::mem_pestat] mean and std.dev: (347.27, 74.78)
[M::mem_pestat] low and high boundaries for proper pairs: (1, 697)
[M::mem_pestat] analyzing insert size distribution for orientation RF...
[M::mem_pestat] (25, 50, 75) percentile: (104, 388, 6796)
[M::mem_pestat] low and high boundaries for computing mean and std.dev: (1, 20180)
[M::mem_pestat] mean and std.dev: (2782.80, 3504.40)
[M::mem_pestat] low and high boundaries for proper pairs: (1, 26872)
[M::mem_pestat] skip orientation RR as there are not enough pairs
[M::mem_pestat] skip orientation FF
[M::mem_pestat] skip orientation RF
[M::mem_process_seqs] Processed 1067262 reads in 126.396 CPU sec, 8.354 real sec
[M::process] read 1067320 sequences (160000062 bp)...
[M::mem_pestat] # candidate unique pairs for (FF, FR, RF, RR): (14, 453604, 36, 11)
[M::mem_pestat] analyzing insert size distribution for orientation FF...
[M::mem_pestat] (25, 50, 75) percentile: (233, 4375, 4909)
[M::mem_pestat] low and high boundaries for computing mean and std.dev: (1, 14261)
[M::mem_pestat] mean and std.dev: (3599.57, 3575.09)
[M::mem_pestat] low and high boundaries for proper pairs: (1, 18937)
[M::mem_pestat] analyzing insert size distribution for orientation FR...
[M::mem_pestat] (25, 50, 75) percentile: (291, 342, 391)
[M::mem_pestat] low and high boundaries for computing mean and std.dev: (91, 591)
[M::mem_pestat] mean and std.dev: (341.43, 74.50)
[M::mem_pestat] low and high boundaries for proper pairs: (1, 691)
[M::mem_pestat] analyzing insert size distribution for orientation RF...
[M::mem_pestat] (25, 50, 75) percentile: (70, 2133, 8863)
[M::mem_pestat] low and high boundaries for computing mean and std.dev: (1, 26449)
[M::mem_pestat] mean and std.dev: (3740.39, 3903.36)
[M::mem_pestat] low and high boundaries for proper pairs: (1, 35242)
[M::mem_pestat] analyzing insert size distribution for orientation RR...
[M::mem_pestat] (25, 50, 75) percentile: (2386, 6253, 8987)
[M::mem_pestat] low and high boundaries for computing mean and std.dev: (1, 22189)
[M::mem_pestat] mean and std.dev: (5465.73, 3422.13)
[M::mem_pestat] low and high boundaries for proper pairs: (1, 28790)
[M::mem_pestat] skip orientation FF
[M::mem_pestat] skip orientation RF
[M::mem_pestat] skip orientation RR
[M::mem_process_seqs] Processed 1067432 reads in 133.361 CPU sec, 8.844 real sec
[M::process] read 1067324 sequences (160000210 bp)...
[M::mem_pestat] # candidate unique pairs for (FF, FR, RF, RR): (17, 454015, 37, 12)
[M::mem_pestat] analyzing insert size distribution for orientation FF...
[M::mem_pestat] (25, 50, 75) percentile: (2460, 4749, 5140)
[M::mem_pestat] low and high boundaries for computing mean and std.dev: (1, 10500)
[M::mem_pestat] mean and std.dev: (4599.18, 2625.87)
[M::mem_pestat] low and high boundaries for proper pairs: (1, 15103)
[M::mem_pestat] analyzing insert size distribution for orientation FR...
[M::mem_pestat] (25, 50, 75) percentile: (294, 344, 393)
[M::mem_pestat] low and high boundaries for computing mean and std.dev: (96, 591)
[M::mem_pestat] mean and std.dev: (343.82, 74.03)
[M::mem_pestat] low and high boundaries for proper pairs: (1, 690)
[M::mem_pestat] analyzing insert size distribution for orientation RF...
[M::mem_pestat] (25, 50, 75) percentile: (291, 375, 4331)
[M::mem_pestat] low and high boundaries for computing mean and std.dev: (1, 12411)
[M::mem_pestat] mean and std.dev: (2079.24, 2809.47)
[M::mem_pestat] low and high boundaries for proper pairs: (1, 16451)
[M::mem_pestat] analyzing insert size distribution for orientation RR...
[M::mem_pestat] (25, 50, 75) percentile: (1017, 6610, 7285)
[M::mem_pestat] low and high boundaries for computing mean and std.dev: (1, 19821)
[M::mem_pestat] mean and std.dev: (4551.25, 3528.61)
[M::mem_pestat] low and high boundaries for proper pairs: (1, 26089)
[M::mem_pestat] skip orientation FF
[M::mem_pestat] skip orientation RF
[M::mem_pestat] skip orientation RR
[M::mem_process_seqs] Processed 1067320 reads in 109.686 CPU sec, 7.356 real sec
[M::process] read 1067336 sequences (160000064 bp)...
[M::mem_pestat] # candidate unique pairs for (FF, FR, RF, RR): (9, 453351, 42, 14)
[M::mem_pestat] skip orientation FF as there are not enough pairs
[M::mem_pestat] analyzing insert size distribution for orientation FR...
[M::mem_pestat] (25, 50, 75) percentile: (296, 346, 395)
[M::mem_pestat] low and high boundaries for computing mean and std.dev: (98, 593)
[M::mem_pestat] mean and std.dev: (345.72, 74.37)
[M::mem_pestat] low and high boundaries for proper pairs: (1, 692)
[M::mem_pestat] analyzing insert size distribution for orientation RF...
[M::mem_pestat] (25, 50, 75) percentile: (27, 720, 5054)
[M::mem_pestat] low and high boundaries for computing mean and std.dev: (1, 15108)
[M::mem_pestat] mean and std.dev: (2759.83, 3471.76)
[M::mem_pestat] low and high boundaries for proper pairs: (1, 20135)
[M::mem_pestat] analyzing insert size distribution for orientation RR...
[M::mem_pestat] (25, 50, 75) percentile: (2450, 4517, 7195)
[M::mem_pestat] low and high boundaries for computing mean and std.dev: (1, 16685)
[M::mem_pestat] mean and std.dev: (4277.36, 2779.89)
[M::mem_pestat] low and high boundaries for proper pairs: (1, 21430)
[M::mem_pestat] skip orientation RF
[M::mem_pestat] skip orientation RR
[M::mem_process_seqs] Processed 1067324 reads in 113.436 CPU sec, 7.557 real sec
[M::process] read 1067324 sequences (160000034 bp)...
[M::mem_pestat] # candidate unique pairs for (FF, FR, RF, RR): (20, 452807, 48, 22)
[M::mem_pestat] analyzing insert size distribution for orientation FF...
[M::mem_pestat] (25, 50, 75) percentile: (3093, 4299, 8750)
[M::mem_pestat] low and high boundaries for computing mean and std.dev: (1, 20064)
[M::mem_pestat] mean and std.dev: (4691.10, 3153.49)
[M::mem_pestat] low and high boundaries for proper pairs: (1, 25721)
[M::mem_pestat] analyzing insert size distribution for orientation FR...
[M::mem_pestat] (25, 50, 75) percentile: (297, 347, 396)
[M::mem_pestat] low and high boundaries for computing mean and std.dev: (99, 594)
[M::mem_pestat] mean and std.dev: (347.18, 74.37)
[M::mem_pestat] low and high boundaries for proper pairs: (1, 693)
[M::mem_pestat] analyzing insert size distribution for orientation RF...
[M::mem_pestat] (25, 50, 75) percentile: (52, 402, 4977)
[M::mem_pestat] low and high boundaries for computing mean and std.dev: (1, 14827)
[M::mem_pestat] mean and std.dev: (2351.23, 3123.67)
[M::mem_pestat] low and high boundaries for proper pairs: (1, 19752)
[M::mem_pestat] analyzing insert size distribution for orientation RR...
[M::mem_pestat] (25, 50, 75) percentile: (522, 1405, 3859)
[M::mem_pestat] low and high boundaries for computing mean and std.dev: (1, 10533)
[M::mem_pestat] mean and std.dev: (2541.18, 2697.04)
[M::mem_pestat] low and high boundaries for proper pairs: (1, 13870)
[M::mem_pestat] skip orientation FF
[M::mem_pestat] skip orientation RF
[M::mem_pestat] skip orientation RR
[M::mem_process_seqs] Processed 1067336 reads in 110.688 CPU sec, 7.338 real sec
[M::process] read 1067440 sequences (160000042 bp)...
[M::mem_pestat] # candidate unique pairs for (FF, FR, RF, RR): (12, 454427, 36, 18)
[M::mem_pestat] analyzing insert size distribution for orientation FF...
[M::mem_pestat] (25, 50, 75) percentile: (1531, 7489, 9317)
[M::mem_pestat] low and high boundaries for computing mean and std.dev: (1, 24889)
[M::mem_pestat] mean and std.dev: (5597.42, 3644.26)
[M::mem_pestat] low and high boundaries for proper pairs: (1, 32675)
[M::mem_pestat] analyzing insert size distribution for orientation FR...
[M::mem_pestat] (25, 50, 75) percentile: (294, 344, 394)
[M::mem_pestat] low and high boundaries for computing mean and std.dev: (94, 594)
[M::mem_pestat] mean and std.dev: (344.56, 74.72)
[M::mem_pestat] low and high boundaries for proper pairs: (1, 694)
[M::mem_pestat] analyzing insert size distribution for orientation RF...
[M::mem_pestat] (25, 50, 75) percentile: (98, 530, 3331)
[M::mem_pestat] low and high boundaries for computing mean and std.dev: (1, 9797)
[M::mem_pestat] mean and std.dev: (1847.85, 2602.19)
[M::mem_pestat] low and high boundaries for proper pairs: (1, 13030)
[M::mem_pestat] analyzing insert size distribution for orientation RR...
[M::mem_pestat] (25, 50, 75) percentile: (3193, 4560, 7015)
[M::mem_pestat] low and high boundaries for computing mean and std.dev: (1, 14659)
[M::mem_pestat] mean and std.dev: (4773.33, 2586.73)
[M::mem_pestat] low and high boundaries for proper pairs: (1, 18481)
[M::mem_pestat] skip orientation FF
[M::mem_pestat] skip orientation RF
[M::mem_pestat] skip orientation RR
[M::mem_process_seqs] Processed 1067324 reads in 149.826 CPU sec, 9.733 real sec
[M::process] read 1067324 sequences (160000066 bp)...
[M::mem_pestat] # candidate unique pairs for (FF, FR, RF, RR): (13, 453379, 26, 12)
[M::mem_pestat] analyzing insert size distribution for orientation FF...
[M::mem_pestat] (25, 50, 75) percentile: (1789, 4386, 8130)
[M::mem_pestat] low and high boundaries for computing mean and std.dev: (1, 20812)
[M::mem_pestat] mean and std.dev: (4289.85, 2898.02)
[M::mem_pestat] low and high boundaries for proper pairs: (1, 27153)
[M::mem_pestat] analyzing insert size distribution for orientation FR...
[M::mem_pestat] (25, 50, 75) percentile: (291, 341, 390)
[M::mem_pestat] low and high boundaries for computing mean and std.dev: (93, 588)
[M::mem_pestat] mean and std.dev: (340.89, 74.15)
[M::mem_pestat] low and high boundaries for proper pairs: (1, 687)
[M::mem_pestat] analyzing insert size distribution for orientation RF...
[M::mem_pestat] (25, 50, 75) percentile: (62, 209, 330)
[M::mem_pestat] low and high boundaries for computing mean and std.dev: (1, 866)
[M::mem_pestat] mean and std.dev: (154.14, 127.13)
[M::mem_pestat] low and high boundaries for proper pairs: (1, 1134)
[M::mem_pestat] analyzing insert size distribution for orientation RR...
[M::mem_pestat] (25, 50, 75) percentile: (3779, 6084, 7476)
[M::mem_pestat] low and high boundaries for computing mean and std.dev: (1, 14870)
[M::mem_pestat] mean and std.dev: (5282.92, 2988.05)
[M::mem_pestat] low and high boundaries for proper pairs: (1, 18567)
[M::mem_pestat] skip orientation FF
[M::mem_pestat] skip orientation RF
[M::mem_pestat] skip orientation RR
[M::mem_process_seqs] Processed 1067440 reads in 115.874 CPU sec, 7.794 real sec
[M::process] read 1067292 sequences (160000038 bp)...
[M::mem_pestat] # candidate unique pairs for (FF, FR, RF, RR): (10, 453980, 30, 17)
[M::mem_pestat] analyzing insert size distribution for orientation FF...
[M::mem_pestat] (25, 50, 75) percentile: (236, 4393, 5942)
[M::mem_pestat] low and high boundaries for computing mean and std.dev: (1, 17354)
[M::mem_pestat] mean and std.dev: (3540.80, 3281.98)
[M::mem_pestat] low and high boundaries for proper pairs: (1, 23060)
[M::mem_pestat] analyzing insert size distribution for orientation FR...
[M::mem_pestat] (25, 50, 75) percentile: (295, 345, 394)
[M::mem_pestat] low and high boundaries for computing mean and std.dev: (97, 592)
[M::mem_pestat] mean and std.dev: (345.02, 74.06)
[M::mem_pestat] low and high boundaries for proper pairs: (1, 691)
[M::mem_pestat] analyzing insert size distribution for orientation RF...
[M::mem_pestat] (25, 50, 75) percentile: (285, 2234, 5051)
[M::mem_pestat] low and high boundaries for computing mean and std.dev: (1, 14583)
[M::mem_pestat] mean and std.dev: (2842.53, 2951.30)
[M::mem_pestat] low and high boundaries for proper pairs: (1, 19349)
[M::mem_pestat] analyzing insert size distribution for orientation RR...
[M::mem_pestat] (25, 50, 75) percentile: (4918, 7107, 8091)
[M::mem_pestat] low and high boundaries for computing mean and std.dev: (1, 14437)
[M::mem_pestat] mean and std.dev: (6395.82, 2315.56)
[M::mem_pestat] low and high boundaries for proper pairs: (1, 17610)
[M::mem_pestat] skip orientation FF
[M::mem_pestat] skip orientation RF
[M::mem_pestat] skip orientation RR
[M::mem_process_seqs] Processed 1067324 reads in 114.281 CPU sec, 7.467 real sec
[M::process] read 1067314 sequences (160000222 bp)...
[M::mem_pestat] # candidate unique pairs for (FF, FR, RF, RR): (18, 453582, 32, 20)
[M::mem_pestat] analyzing insert size distribution for orientation FF...
[M::mem_pestat] (25, 50, 75) percentile: (607, 1259, 4073)
[M::mem_pestat] low and high boundaries for computing mean and std.dev: (1, 11005)
[M::mem_pestat] mean and std.dev: (3038.94, 3300.67)
[M::mem_pestat] low and high boundaries for proper pairs: (1, 16242)
[M::mem_pestat] analyzing insert size distribution for orientation FR...
[M::mem_pestat] (25, 50, 75) percentile: (297, 347, 395)
[M::mem_pestat] low and high boundaries for computing mean and std.dev: (101, 591)
[M::mem_pestat] mean and std.dev: (346.28, 74.14)
[M::mem_pestat] low and high boundaries for proper pairs: (3, 689)
[M::mem_pestat] analyzing insert size distribution for orientation RF...
[M::mem_pestat] (25, 50, 75) percentile: (186, 610, 4087)
[M::mem_pestat] low and high boundaries for computing mean and std.dev: (1, 11889)
[M::mem_pestat] mean and std.dev: (2395.81, 3036.27)
[M::mem_pestat] low and high boundaries for proper pairs: (1, 15790)
[M::mem_pestat] analyzing insert size distribution for orientation RR...
[M::mem_pestat] (25, 50, 75) percentile: (2815, 8026, 8255)
[M::mem_pestat] low and high boundaries for computing mean and std.dev: (1, 19135)
[M::mem_pestat] mean and std.dev: (5519.25, 3518.72)
[M::mem_pestat] low and high boundaries for proper pairs: (1, 24575)
[M::mem_pestat] skip orientation FF
[M::mem_pestat] skip orientation RF
[M::mem_pestat] skip orientation RR
[M::mem_process_seqs] Processed 1067292 reads in 111.936 CPU sec, 7.337 real sec
[M::process] read 1024330 sequences (153561820 bp)...
[M::mem_pestat] # candidate unique pairs for (FF, FR, RF, RR): (21, 453833, 39, 12)
[M::mem_pestat] analyzing insert size distribution for orientation FF...
[M::mem_pestat] (25, 50, 75) percentile: (4805, 5589, 8230)
[M::mem_pestat] low and high boundaries for computing mean and std.dev: (1, 15080)
[M::mem_pestat] mean and std.dev: (6346.43, 2181.02)
[M::mem_pestat] low and high boundaries for proper pairs: (1, 18505)
[M::mem_pestat] analyzing insert size distribution for orientation FR...
[M::mem_pestat] (25, 50, 75) percentile: (297, 347, 396)
[M::mem_pestat] low and high boundaries for computing mean and std.dev: (99, 594)
[M::mem_pestat] mean and std.dev: (346.93, 74.38)
[M::mem_pestat] low and high boundaries for proper pairs: (1, 693)
[M::mem_pestat] analyzing insert size distribution for orientation RF...
[M::mem_pestat] (25, 50, 75) percentile: (109, 285, 2076)
[M::mem_pestat] low and high boundaries for computing mean and std.dev: (1, 6010)
[M::mem_pestat] mean and std.dev: (1057.81, 1507.62)
[M::mem_pestat] low and high boundaries for proper pairs: (1, 7977)
[M::mem_pestat] analyzing insert size distribution for orientation RR...
[M::mem_pestat] (25, 50, 75) percentile: (1285, 4014, 6919)
[M::mem_pestat] low and high boundaries for computing mean and std.dev: (1, 18187)
[M::mem_pestat] mean and std.dev: (3714.50, 3055.45)
[M::mem_pestat] low and high boundaries for proper pairs: (1, 23821)
[M::mem_pestat] skip orientation FF
[M::mem_pestat] skip orientation RF
[M::mem_pestat] skip orientation RR
[M::mem_process_seqs] Processed 1067314 reads in 111.851 CPU sec, 7.498 real sec
[M::mem_pestat] # candidate unique pairs for (FF, FR, RF, RR): (13, 436019, 35, 14)
[M::mem_pestat] analyzing insert size distribution for orientation FF...
[M::mem_pestat] (25, 50, 75) percentile: (312, 2453, 8128)
[M::mem_pestat] low and high boundaries for computing mean and std.dev: (1, 23760)
[M::mem_pestat] mean and std.dev: (3673.23, 3332.65)
[M::mem_pestat] low and high boundaries for proper pairs: (1, 31576)
[M::mem_pestat] analyzing insert size distribution for orientation FR...
[M::mem_pestat] (25, 50, 75) percentile: (296, 345, 395)
[M::mem_pestat] low and high boundaries for computing mean and std.dev: (98, 593)
[M::mem_pestat] mean and std.dev: (345.82, 74.66)
[M::mem_pestat] low and high boundaries for proper pairs: (1, 692)
[M::mem_pestat] analyzing insert size distribution for orientation RF...
[M::mem_pestat] (25, 50, 75) percentile: (75, 295, 4627)
[M::mem_pestat] low and high boundaries for computing mean and std.dev: (1, 13731)
[M::mem_pestat] mean and std.dev: (2350.14, 3092.44)
[M::mem_pestat] low and high boundaries for proper pairs: (1, 18283)
[M::mem_pestat] analyzing insert size distribution for orientation RR...
[M::mem_pestat] (25, 50, 75) percentile: (2321, 4554, 7838)
[M::mem_pestat] low and high boundaries for computing mean and std.dev: (1, 18872)
[M::mem_pestat] mean and std.dev: (5102.29, 2750.25)
[M::mem_pestat] low and high boundaries for proper pairs: (1, 24389)
[M::mem_pestat] skip orientation FF
[M::mem_pestat] skip orientation RF
[M::mem_pestat] skip orientation RR
[M::mem_process_seqs] Processed 1024330 reads in 114.482 CPU sec, 7.558 real sec
[main] Version: 0.7.17-r1188
[main] CMD: bwa mem -t 16 /data/NCBR/projects/NCBR-492/data/manual_analysis/MAGs/SF4_metawrap.bin.1.fa /data/NCBR/projects/NCBR-492/data/manual_analysis/fastp/SF4.trimmed.R1.fastq /data/NCBR/projects/NCBR-492/data/manual_analysis/fastp/SF4.trimmed.R2.fastq
[main] Real time: 314.853 sec; CPU: 4677.162 sec
