[+] Loading bwa 0.7.17 on cn4302 
[bwa_index] Pack FASTA... 0.02 sec
[bwa_index] Construct BWT for the packed sequence...
[bwa_index] 0.52 seconds elapse.
[bwa_index] Update BWT... 0.01 sec
[bwa_index] Pack forward-only FASTA... 0.01 sec
[bwa_index] Construct SA from BWT and Occ... 0.20 sec
[main] Version: 0.7.17-r1188
[main] CMD: bwa index /data/NCBR/projects/NCBR-492/data/manual_analysis/MAGs/SF10_metawrap.bin.1.fa
[main] Real time: 0.815 sec; CPU: 0.758 sec
[M::bwa_idx_load_from_disk] read 0 ALT contigs
[M::process] read 1067218 sequences (160000040 bp)...
[M::mem_pestat] # candidate unique pairs for (FF, FR, RF, RR): (6, 448647, 5, 7)
[M::mem_pestat] skip orientation FF as there are not enough pairs
[M::mem_pestat] analyzing insert size distribution for orientation FR...
[M::mem_pestat] (25, 50, 75) percentile: (293, 341, 389)
[M::mem_pestat] low and high boundaries for computing mean and std.dev: (101, 581)
[M::mem_pestat] mean and std.dev: (341.81, 72.26)
[M::mem_pestat] low and high boundaries for proper pairs: (5, 677)
[M::mem_pestat] skip orientation RF as there are not enough pairs
[M::mem_pestat] skip orientation RR as there are not enough pairs
[M::mem_process_seqs] Processed 1067218 reads in 63.453 CPU sec, 5.094 real sec
[M::process] read 1067162 sequences (160000065 bp)...
[M::mem_pestat] # candidate unique pairs for (FF, FR, RF, RR): (1, 447616, 13, 8)
[M::mem_pestat] skip orientation FF as there are not enough pairs
[M::mem_pestat] analyzing insert size distribution for orientation FR...
[M::mem_pestat] (25, 50, 75) percentile: (296, 343, 392)
[M::mem_pestat] low and high boundaries for computing mean and std.dev: (104, 584)
[M::mem_pestat] mean and std.dev: (344.55, 72.21)
[M::mem_pestat] low and high boundaries for proper pairs: (8, 680)
[M::mem_pestat] analyzing insert size distribution for orientation RF...
[M::mem_pestat] (25, 50, 75) percentile: (30, 8628, 8628)
[M::mem_pestat] low and high boundaries for computing mean and std.dev: (1, 25824)
[M::mem_pestat] mean and std.dev: (5265.23, 3897.61)
[M::mem_pestat] low and high boundaries for proper pairs: (1, 34422)
[M::mem_pestat] skip orientation RR as there are not enough pairs
[M::mem_pestat] skip orientation RF
[M::mem_process_seqs] Processed 1067162 reads in 59.328 CPU sec, 4.758 real sec
[M::process] read 1067182 sequences (160000115 bp)...
[M::process] read 1067212 sequences (160000166 bp)...
[M::mem_pestat] # candidate unique pairs for (FF, FR, RF, RR): (11, 448009, 9, 4)
[M::mem_pestat] analyzing insert size distribution for orientation FF...
[M::mem_pestat] (25, 50, 75) percentile: (153, 192, 3496)
[M::mem_pestat] low and high boundaries for computing mean and std.dev: (1, 10182)
[M::mem_pestat] mean and std.dev: (2064.82, 3354.25)
[M::mem_pestat] low and high boundaries for proper pairs: (1, 15482)
[M::mem_pestat] analyzing insert size distribution for orientation FR...
[M::mem_pestat] (25, 50, 75) percentile: (298, 344, 392)
[M::mem_pestat] low and high boundaries for computing mean and std.dev: (110, 580)
[M::mem_pestat] mean and std.dev: (345.71, 71.13)
[M::mem_pestat] low and high boundaries for proper pairs: (16, 674)
[M::mem_pestat] skip orientation RF as there are not enough pairs
[M::mem_pestat] skip orientation RR as there are not enough pairs
[M::mem_pestat] skip orientation FF
[M::mem_process_seqs] Processed 1067182 reads in 59.776 CPU sec, 4.025 real sec
[M::process] read 1067174 sequences (160000110 bp)...
[M::mem_pestat] # candidate unique pairs for (FF, FR, RF, RR): (7, 447473, 7, 9)
[M::mem_pestat] skip orientation FF as there are not enough pairs
[M::mem_pestat] analyzing insert size distribution for orientation FR...
[M::mem_pestat] (25, 50, 75) percentile: (296, 343, 391)
[M::mem_pestat] low and high boundaries for computing mean and std.dev: (106, 581)
[M::mem_pestat] mean and std.dev: (344.24, 71.32)
[M::mem_pestat] low and high boundaries for proper pairs: (11, 676)
[M::mem_pestat] skip orientation RF as there are not enough pairs
[M::mem_pestat] skip orientation RR as there are not enough pairs
[M::mem_process_seqs] Processed 1067212 reads in 56.803 CPU sec, 4.061 real sec
[M::mem_pestat] # candidate unique pairs for (FF, FR, RF, RR): (7, 447088, 10, 28)
[M::mem_pestat] skip orientation FF as there are not enough pairs
[M::mem_pestat] analyzing insert size distribution for orientation FR...
[M::mem_pestat] (25, 50, 75) percentile: (297, 344, 392)
[M::mem_pestat] low and high boundaries for computing mean and std.dev: (107, 582)
[M::mem_pestat] mean and std.dev: (345.11, 71.01)
[M::mem_pestat] low and high boundaries for proper pairs: (12, 677)
[M::mem_pestat] analyzing insert size distribution for orientation RF...
[M::mem_pestat] (25, 50, 75) percentile: (166, 166, 166)
[M::mem_pestat] low and high boundaries for computing mean and std.dev: (166, 166)
[M::mem_pestat] mean and std.dev: (166.00, 0.00)
[M::mem_pestat] low and high boundaries for proper pairs: (166, 166)
[M::mem_pestat] analyzing insert size distribution for orientation RR...
[M::mem_pestat] (25, 50, 75) percentile: (336, 369, 1995)
[M::mem_pestat] low and high boundaries for computing mean and std.dev: (1, 5313)
[M::mem_pestat] mean and std.dev: (792.50, 1054.82)
[M::mem_pestat] low and high boundaries for proper pairs: (1, 6972)
[M::mem_pestat] skip orientation RF
[M::mem_pestat] skip orientation RR
[M::mem_process_seqs] Processed 1067174 reads in 58.118 CPU sec, 4.521 real sec
[M::process] read 1067154 sequences (160000108 bp)...
[M::process] read 1067158 sequences (160000037 bp)...
[M::mem_pestat] # candidate unique pairs for (FF, FR, RF, RR): (21, 446974, 10, 15)
[M::mem_pestat] analyzing insert size distribution for orientation FF...
[M::mem_pestat] (25, 50, 75) percentile: (413, 496, 8322)
[M::mem_pestat] low and high boundaries for computing mean and std.dev: (1, 24140)
[M::mem_pestat] mean and std.dev: (4051.90, 3916.47)
[M::mem_pestat] low and high boundaries for proper pairs: (1, 32049)
[M::mem_pestat] analyzing insert size distribution for orientation FR...
[M::mem_pestat] (25, 50, 75) percentile: (299, 346, 394)
[M::mem_pestat] low and high boundaries for computing mean and std.dev: (109, 584)
[M::mem_pestat] mean and std.dev: (347.46, 71.36)
[M::mem_pestat] low and high boundaries for proper pairs: (14, 679)
[M::mem_pestat] analyzing insert size distribution for orientation RF...
[M::mem_pestat] (25, 50, 75) percentile: (12, 8039, 9177)
[M::mem_pestat] low and high boundaries for computing mean and std.dev: (1, 27507)
[M::mem_pestat] mean and std.dev: (4728.60, 4138.98)
[M::mem_pestat] low and high boundaries for proper pairs: (1, 36672)
[M::mem_pestat] analyzing insert size distribution for orientation RR...
[M::mem_pestat] (25, 50, 75) percentile: (236, 302, 1798)
[M::mem_pestat] low and high boundaries for computing mean and std.dev: (1, 4922)
[M::mem_pestat] mean and std.dev: (892.87, 801.66)
[M::mem_pestat] low and high boundaries for proper pairs: (1, 6484)
[M::mem_pestat] skip orientation FF
[M::mem_pestat] skip orientation RF
[M::mem_pestat] skip orientation RR
[M::mem_process_seqs] Processed 1067154 reads in 54.101 CPU sec, 6.091 real sec
[M::process] read 1067192 sequences (160000085 bp)...
[M::mem_pestat] # candidate unique pairs for (FF, FR, RF, RR): (10, 447265, 9, 3)
[M::mem_pestat] analyzing insert size distribution for orientation FF...
[M::mem_pestat] (25, 50, 75) percentile: (266, 266, 878)
[M::mem_pestat] low and high boundaries for computing mean and std.dev: (1, 2102)
[M::mem_pestat] mean and std.dev: (320.25, 223.51)
[M::mem_pestat] low and high boundaries for proper pairs: (1, 2714)
[M::mem_pestat] analyzing insert size distribution for orientation FR...
[M::mem_pestat] (25, 50, 75) percentile: (300, 346, 395)
[M::mem_pestat] low and high boundaries for computing mean and std.dev: (110, 585)
[M::mem_pestat] mean and std.dev: (348.16, 71.77)
[M::mem_pestat] low and high boundaries for proper pairs: (15, 680)
[M::mem_pestat] skip orientation RF as there are not enough pairs
[M::mem_pestat] skip orientation RR as there are not enough pairs
[M::mem_pestat] skip orientation FF
[M::mem_process_seqs] Processed 1067158 reads in 54.999 CPU sec, 5.882 real sec
[M::process] read 1067220 sequences (160000043 bp)...
[M::mem_pestat] # candidate unique pairs for (FF, FR, RF, RR): (4, 446515, 7, 7)
[M::mem_pestat] skip orientation FF as there are not enough pairs
[M::mem_pestat] analyzing insert size distribution for orientation FR...
[M::mem_pestat] (25, 50, 75) percentile: (297, 344, 393)
[M::mem_pestat] low and high boundaries for computing mean and std.dev: (105, 585)
[M::mem_pestat] mean and std.dev: (345.71, 72.12)
[M::mem_pestat] low and high boundaries for proper pairs: (9, 681)
[M::mem_pestat] skip orientation RF as there are not enough pairs
[M::mem_pestat] skip orientation RR as there are not enough pairs
[M::mem_process_seqs] Processed 1067192 reads in 57.464 CPU sec, 4.870 real sec
[M::mem_pestat] # candidate unique pairs for (FF, FR, RF, RR): (10, 447658, 1, 4)
[M::mem_pestat] analyzing insert size distribution for orientation FF...
[M::mem_pestat] (25, 50, 75) percentile: (360, 1561, 1561)
[M::mem_pestat] low and high boundaries for computing mean and std.dev: (1, 3963)
[M::mem_pestat] mean and std.dev: (908.90, 658.20)
[M::mem_pestat] low and high boundaries for proper pairs: (1, 5164)
[M::mem_pestat] analyzing insert size distribution for orientation FR...
[M::mem_pestat] (25, 50, 75) percentile: (295, 343, 392)
[M::mem_pestat] low and high boundaries for computing mean and std.dev: (101, 586)
[M::mem_pestat] mean and std.dev: (344.51, 72.88)
[M::mem_pestat] low and high boundaries for proper pairs: (4, 683)
[M::mem_pestat] skip orientation RF as there are not enough pairs
[M::mem_pestat] skip orientation RR as there are not enough pairs
[M::mem_pestat] skip orientation FF
[M::process] read 1067166 sequences (160000111 bp)...
[M::mem_process_seqs] Processed 1067220 reads in 58.240 CPU sec, 5.048 real sec
[M::process] read 1067198 sequences (160000209 bp)...
[M::mem_pestat] # candidate unique pairs for (FF, FR, RF, RR): (4, 446533, 3, 4)
[M::mem_pestat] skip orientation FF as there are not enough pairs
[M::mem_pestat] analyzing insert size distribution for orientation FR...
[M::mem_pestat] (25, 50, 75) percentile: (299, 347, 395)
[M::mem_pestat] low and high boundaries for computing mean and std.dev: (107, 587)
[M::mem_pestat] mean and std.dev: (348.09, 72.42)
[M::mem_pestat] low and high boundaries for proper pairs: (11, 683)
[M::mem_pestat] skip orientation RF as there are not enough pairs
[M::mem_pestat] skip orientation RR as there are not enough pairs
[M::mem_process_seqs] Processed 1067166 reads in 52.662 CPU sec, 6.101 real sec
[M::process] read 1067160 sequences (160000129 bp)...
[M::mem_pestat] # candidate unique pairs for (FF, FR, RF, RR): (11, 446528, 15, 10)
[M::mem_pestat] analyzing insert size distribution for orientation FF...
[M::mem_pestat] (25, 50, 75) percentile: (157, 7353, 7689)
[M::mem_pestat] low and high boundaries for computing mean and std.dev: (1, 22753)
[M::mem_pestat] mean and std.dev: (4385.45, 3883.29)
[M::mem_pestat] low and high boundaries for proper pairs: (1, 30285)
[M::mem_pestat] analyzing insert size distribution for orientation FR...
[M::mem_pestat] (25, 50, 75) percentile: (300, 347, 395)
[M::mem_pestat] low and high boundaries for computing mean and std.dev: (110, 585)
[M::mem_pestat] mean and std.dev: (348.49, 71.84)
[M::mem_pestat] low and high boundaries for proper pairs: (15, 680)
[M::mem_pestat] analyzing insert size distribution for orientation RF...
[M::mem_pestat] (25, 50, 75) percentile: (17, 444, 1626)
[M::mem_pestat] low and high boundaries for computing mean and std.dev: (1, 4844)
[M::mem_pestat] mean and std.dev: (669.08, 764.57)
[M::mem_pestat] low and high boundaries for proper pairs: (1, 6453)
[M::mem_pestat] analyzing insert size distribution for orientation RR...
[M::mem_pestat] (25, 50, 75) percentile: (251, 3407, 8061)
[M::mem_pestat] low and high boundaries for computing mean and std.dev: (1, 23681)
[M::mem_pestat] mean and std.dev: (3251.80, 3418.42)
[M::mem_pestat] low and high boundaries for proper pairs: (1, 31491)
[M::mem_pestat] skip orientation FF
[M::mem_pestat] skip orientation RF
[M::mem_pestat] skip orientation RR
[M::mem_process_seqs] Processed 1067198 reads in 57.639 CPU sec, 5.250 real sec
[M::process] read 1067152 sequences (160000257 bp)...
[M::mem_pestat] # candidate unique pairs for (FF, FR, RF, RR): (5, 446842, 8, 9)
[M::mem_pestat] skip orientation FF as there are not enough pairs
[M::mem_pestat] analyzing insert size distribution for orientation FR...
[M::mem_pestat] (25, 50, 75) percentile: (299, 346, 394)
[M::mem_pestat] low and high boundaries for computing mean and std.dev: (109, 584)
[M::mem_pestat] mean and std.dev: (347.58, 71.68)
[M::mem_pestat] low and high boundaries for proper pairs: (14, 679)
[M::mem_pestat] skip orientation RF as there are not enough pairs
[M::mem_pestat] skip orientation RR as there are not enough pairs
[M::mem_process_seqs] Processed 1067160 reads in 59.211 CPU sec, 4.075 real sec
[M::process] read 1067128 sequences (160000095 bp)...
[M::mem_pestat] # candidate unique pairs for (FF, FR, RF, RR): (8, 447290, 9, 3)
[M::mem_pestat] skip orientation FF as there are not enough pairs
[M::mem_pestat] analyzing insert size distribution for orientation FR...
[M::mem_pestat] (25, 50, 75) percentile: (299, 346, 394)
[M::mem_pestat] low and high boundaries for computing mean and std.dev: (109, 584)
[M::mem_pestat] mean and std.dev: (347.46, 71.36)
[M::mem_pestat] low and high boundaries for proper pairs: (14, 679)
[M::mem_pestat] skip orientation RF as there are not enough pairs
[M::mem_pestat] skip orientation RR as there are not enough pairs
[M::mem_process_seqs] Processed 1067152 reads in 54.983 CPU sec, 6.776 real sec
[M::process] read 1067112 sequences (160000186 bp)...
[M::mem_pestat] # candidate unique pairs for (FF, FR, RF, RR): (3, 447013, 13, 8)
[M::mem_pestat] skip orientation FF as there are not enough pairs
[M::mem_pestat] analyzing insert size distribution for orientation FR...
[M::mem_pestat] (25, 50, 75) percentile: (300, 346, 394)
[M::mem_pestat] low and high boundaries for computing mean and std.dev: (112, 582)
[M::mem_pestat] mean and std.dev: (347.60, 70.98)
[M::mem_pestat] low and high boundaries for proper pairs: (18, 676)
[M::mem_pestat] analyzing insert size distribution for orientation RF...
[M::mem_pestat] (25, 50, 75) percentile: (42, 4044, 6090)
[M::mem_pestat] low and high boundaries for computing mean and std.dev: (1, 18186)
[M::mem_pestat] mean and std.dev: (3506.31, 2913.67)
[M::mem_pestat] low and high boundaries for proper pairs: (1, 24234)
[M::mem_pestat] skip orientation RR as there are not enough pairs
[M::mem_pestat] skip orientation RF
[M::mem_process_seqs] Processed 1067128 reads in 53.478 CPU sec, 4.794 real sec
[M::process] read 1067192 sequences (160000127 bp)...
[M::mem_pestat] # candidate unique pairs for (FF, FR, RF, RR): (6, 447002, 1, 7)
[M::mem_pestat] skip orientation FF as there are not enough pairs
[M::mem_pestat] analyzing insert size distribution for orientation FR...
[M::mem_pestat] (25, 50, 75) percentile: (299, 346, 394)
[M::mem_pestat] low and high boundaries for computing mean and std.dev: (109, 584)
[M::mem_pestat] mean and std.dev: (347.62, 71.55)
[M::mem_pestat] low and high boundaries for proper pairs: (14, 679)
[M::mem_pestat] skip orientation RF as there are not enough pairs
[M::mem_pestat] skip orientation RR as there are not enough pairs
[M::mem_process_seqs] Processed 1067112 reads in 55.822 CPU sec, 4.218 real sec
[M::process] read 1067216 sequences (160000137 bp)...
[M::mem_pestat] # candidate unique pairs for (FF, FR, RF, RR): (10, 446873, 10, 14)
[M::mem_pestat] analyzing insert size distribution for orientation FF...
[M::mem_pestat] (25, 50, 75) percentile: (235, 401, 6779)
[M::mem_pestat] low and high boundaries for computing mean and std.dev: (1, 19867)
[M::mem_pestat] mean and std.dev: (2763.10, 3787.99)
[M::mem_pestat] low and high boundaries for proper pairs: (1, 26411)
[M::mem_pestat] analyzing insert size distribution for orientation FR...
[M::mem_pestat] (25, 50, 75) percentile: (297, 344, 392)
[M::mem_pestat] low and high boundaries for computing mean and std.dev: (107, 582)
[M::mem_pestat] mean and std.dev: (345.52, 71.69)
[M::mem_pestat] low and high boundaries for proper pairs: (12, 677)
[M::mem_pestat] analyzing insert size distribution for orientation RF...
[M::mem_pestat] (25, 50, 75) percentile: (16, 18, 37)
[M::mem_pestat] low and high boundaries for computing mean and std.dev: (1, 79)
[M::mem_pestat] mean and std.dev: (20.00, 10.12)
[M::mem_pestat] low and high boundaries for proper pairs: (1, 100)
[M::mem_pestat] analyzing insert size distribution for orientation RR...
[M::mem_pestat] (25, 50, 75) percentile: (235, 323, 434)
[M::mem_pestat] low and high boundaries for computing mean and std.dev: (1, 832)
[M::mem_pestat] mean and std.dev: (276.45, 64.55)
[M::mem_pestat] low and high boundaries for proper pairs: (1, 1031)
[M::mem_pestat] skip orientation FF
[M::mem_pestat] skip orientation RF
[M::mem_pestat] skip orientation RR
[M::mem_process_seqs] Processed 1067192 reads in 57.938 CPU sec, 4.723 real sec
[M::process] read 1067216 sequences (160000001 bp)...
[M::mem_pestat] # candidate unique pairs for (FF, FR, RF, RR): (12, 446284, 8, 18)
[M::mem_pestat] analyzing insert size distribution for orientation FF...
[M::mem_pestat] (25, 50, 75) percentile: (215, 264, 268)
[M::mem_pestat] low and high boundaries for computing mean and std.dev: (109, 374)
[M::mem_pestat] mean and std.dev: (226.64, 51.29)
[M::mem_pestat] low and high boundaries for proper pairs: (21, 432)
[M::mem_pestat] analyzing insert size distribution for orientation FR...
[M::mem_pestat] (25, 50, 75) percentile: (297, 345, 393)
[M::mem_pestat] low and high boundaries for computing mean and std.dev: (105, 585)
[M::mem_pestat] mean and std.dev: (345.81, 72.62)
[M::mem_pestat] low and high boundaries for proper pairs: (9, 681)
[M::mem_pestat] skip orientation RF as there are not enough pairs
[M::mem_pestat] analyzing insert size distribution for orientation RR...
[M::mem_pestat] (25, 50, 75) percentile: (303, 1779, 4665)
[M::mem_pestat] low and high boundaries for computing mean and std.dev: (1, 13389)
[M::mem_pestat] mean and std.dev: (2646.22, 2352.76)
[M::mem_pestat] low and high boundaries for proper pairs: (1, 17751)
[M::mem_pestat] skip orientation FF
[M::mem_pestat] skip orientation RR
[M::mem_process_seqs] Processed 1067216 reads in 55.896 CPU sec, 6.792 real sec
[M::process] read 1067162 sequences (160000120 bp)...
[M::mem_pestat] # candidate unique pairs for (FF, FR, RF, RR): (10, 446522, 7, 7)
[M::mem_pestat] analyzing insert size distribution for orientation FF...
[M::mem_pestat] (25, 50, 75) percentile: (298, 349, 349)
[M::mem_pestat] low and high boundaries for computing mean and std.dev: (196, 451)
[M::mem_pestat] mean and std.dev: (317.30, 33.90)
[M::mem_pestat] low and high boundaries for proper pairs: (145, 502)
[M::mem_pestat] analyzing insert size distribution for orientation FR...
[M::mem_pestat] (25, 50, 75) percentile: (299, 347, 396)
[M::mem_pestat] low and high boundaries for computing mean and std.dev: (105, 590)
[M::mem_pestat] mean and std.dev: (348.43, 72.78)
[M::mem_pestat] low and high boundaries for proper pairs: (8, 687)
[M::mem_pestat] skip orientation RF as there are not enough pairs
[M::mem_pestat] skip orientation RR as there are not enough pairs
[M::mem_pestat] skip orientation FF
[M::mem_process_seqs] Processed 1067216 reads in 58.894 CPU sec, 4.670 real sec
[M::process] read 1067180 sequences (160000184 bp)...
[M::mem_pestat] # candidate unique pairs for (FF, FR, RF, RR): (9, 446511, 8, 18)
[M::mem_pestat] skip orientation FF as there are not enough pairs
[M::mem_pestat] analyzing insert size distribution for orientation FR...
[M::mem_pestat] (25, 50, 75) percentile: (302, 349, 397)
[M::mem_pestat] low and high boundaries for computing mean and std.dev: (112, 587)
[M::mem_pestat] mean and std.dev: (349.94, 71.79)
[M::mem_pestat] low and high boundaries for proper pairs: (17, 682)
[M::mem_pestat] skip orientation RF as there are not enough pairs
[M::mem_pestat] analyzing insert size distribution for orientation RR...
[M::mem_pestat] (25, 50, 75) percentile: (271, 761, 7103)
[M::mem_pestat] low and high boundaries for computing mean and std.dev: (1, 20767)
[M::mem_pestat] mean and std.dev: (3366.06, 3747.25)
[M::mem_pestat] low and high boundaries for proper pairs: (1, 27599)
[M::mem_pestat] skip orientation RR
[M::mem_process_seqs] Processed 1067162 reads in 56.260 CPU sec, 4.347 real sec
[M::process] read 1067168 sequences (160000138 bp)...
[M::mem_pestat] # candidate unique pairs for (FF, FR, RF, RR): (3, 447095, 4, 7)
[M::mem_pestat] skip orientation FF as there are not enough pairs
[M::mem_pestat] analyzing insert size distribution for orientation FR...
[M::mem_pestat] (25, 50, 75) percentile: (299, 346, 394)
[M::mem_pestat] low and high boundaries for computing mean and std.dev: (109, 584)
[M::mem_pestat] mean and std.dev: (347.11, 71.62)
[M::mem_pestat] low and high boundaries for proper pairs: (14, 679)
[M::mem_pestat] skip orientation RF as there are not enough pairs
[M::mem_pestat] skip orientation RR as there are not enough pairs
[M::mem_process_seqs] Processed 1067180 reads in 54.434 CPU sec, 5.968 real sec
[M::process] read 1067150 sequences (160000035 bp)...
[M::mem_pestat] # candidate unique pairs for (FF, FR, RF, RR): (1, 447352, 10, 10)
[M::mem_pestat] skip orientation FF as there are not enough pairs
[M::mem_pestat] analyzing insert size distribution for orientation FR...
[M::mem_pestat] (25, 50, 75) percentile: (300, 346, 394)
[M::mem_pestat] low and high boundaries for computing mean and std.dev: (112, 582)
[M::mem_pestat] mean and std.dev: (347.69, 71.34)
[M::mem_pestat] low and high boundaries for proper pairs: (18, 676)
[M::mem_pestat] analyzing insert size distribution for orientation RF...
[M::mem_pestat] (25, 50, 75) percentile: (20, 447, 7297)
[M::mem_pestat] low and high boundaries for computing mean and std.dev: (1, 21851)
[M::mem_pestat] mean and std.dev: (3015.40, 3499.42)
[M::mem_pestat] low and high boundaries for proper pairs: (1, 29128)
[M::mem_pestat] analyzing insert size distribution for orientation RR...
[M::mem_pestat] (25, 50, 75) percentile: (148, 317, 449)
[M::mem_pestat] low and high boundaries for computing mean and std.dev: (1, 1051)
[M::mem_pestat] mean and std.dev: (291.80, 125.57)
[M::mem_pestat] low and high boundaries for proper pairs: (1, 1352)
[M::mem_pestat] skip orientation RF
[M::mem_pestat] skip orientation RR
[M::mem_process_seqs] Processed 1067168 reads in 56.343 CPU sec, 4.964 real sec
[M::process] read 1067166 sequences (160000177 bp)...
[M::mem_pestat] # candidate unique pairs for (FF, FR, RF, RR): (3, 446792, 11, 4)
[M::mem_pestat] skip orientation FF as there are not enough pairs
[M::mem_pestat] analyzing insert size distribution for orientation FR...
[M::mem_pestat] (25, 50, 75) percentile: (300, 346, 394)
[M::mem_pestat] low and high boundaries for computing mean and std.dev: (112, 582)
[M::mem_pestat] mean and std.dev: (347.83, 71.17)
[M::mem_pestat] low and high boundaries for proper pairs: (18, 676)
[M::mem_pestat] analyzing insert size distribution for orientation RF...
[M::mem_pestat] (25, 50, 75) percentile: (36, 447, 3764)
[M::mem_pestat] low and high boundaries for computing mean and std.dev: (1, 11220)
[M::mem_pestat] mean and std.dev: (1693.91, 1934.48)
[M::mem_pestat] low and high boundaries for proper pairs: (1, 14948)
[M::mem_pestat] skip orientation RR as there are not enough pairs
[M::mem_pestat] skip orientation RF
[M::mem_process_seqs] Processed 1067150 reads in 57.193 CPU sec, 4.452 real sec
[M::process] read 1067200 sequences (160000002 bp)...
[M::mem_pestat] # candidate unique pairs for (FF, FR, RF, RR): (7, 447441, 7, 13)
[M::mem_pestat] skip orientation FF as there are not enough pairs
[M::mem_pestat] analyzing insert size distribution for orientation FR...
[M::mem_pestat] (25, 50, 75) percentile: (299, 345, 393)
[M::mem_pestat] low and high boundaries for computing mean and std.dev: (111, 581)
[M::mem_pestat] mean and std.dev: (347.16, 71.36)
[M::mem_pestat] low and high boundaries for proper pairs: (17, 675)
[M::mem_pestat] skip orientation RF as there are not enough pairs
[M::mem_pestat] analyzing insert size distribution for orientation RR...
[M::mem_pestat] (25, 50, 75) percentile: (198, 280, 9728)
[M::mem_pestat] low and high boundaries for computing mean and std.dev: (1, 28788)
[M::mem_pestat] mean and std.dev: (3139.31, 4393.16)
[M::mem_pestat] low and high boundaries for proper pairs: (1, 38318)
[M::mem_pestat] skip orientation RR
[M::mem_process_seqs] Processed 1067166 reads in 55.347 CPU sec, 6.580 real sec
[M::process] read 1067190 sequences (160000025 bp)...
[M::mem_pestat] # candidate unique pairs for (FF, FR, RF, RR): (5, 446593, 4, 6)
[M::mem_pestat] skip orientation FF as there are not enough pairs
[M::mem_pestat] analyzing insert size distribution for orientation FR...
[M::mem_pestat] (25, 50, 75) percentile: (298, 345, 393)
[M::mem_pestat] low and high boundaries for computing mean and std.dev: (108, 583)
[M::mem_pestat] mean and std.dev: (346.29, 71.52)
[M::mem_pestat] low and high boundaries for proper pairs: (13, 678)
[M::mem_pestat] skip orientation RF as there are not enough pairs
[M::mem_pestat] skip orientation RR as there are not enough pairs
[M::mem_process_seqs] Processed 1067200 reads in 55.365 CPU sec, 5.420 real sec
[M::process] read 1067260 sequences (160000005 bp)...
[M::mem_pestat] # candidate unique pairs for (FF, FR, RF, RR): (14, 446485, 12, 15)
[M::mem_pestat] analyzing insert size distribution for orientation FF...
[M::mem_pestat] (25, 50, 75) percentile: (224, 324, 6027)
[M::mem_pestat] low and high boundaries for computing mean and std.dev: (1, 17633)
[M::mem_pestat] mean and std.dev: (2658.43, 3338.44)
[M::mem_pestat] low and high boundaries for proper pairs: (1, 23436)
[M::mem_pestat] analyzing insert size distribution for orientation FR...
[M::mem_pestat] (25, 50, 75) percentile: (298, 344, 393)
[M::mem_pestat] low and high boundaries for computing mean and std.dev: (108, 583)
[M::mem_pestat] mean and std.dev: (345.97, 71.79)
[M::mem_pestat] low and high boundaries for proper pairs: (13, 678)
[M::mem_pestat] analyzing insert size distribution for orientation RF...
[M::mem_pestat] (25, 50, 75) percentile: (404, 4877, 5520)
[M::mem_pestat] low and high boundaries for computing mean and std.dev: (1, 15752)
[M::mem_pestat] mean and std.dev: (3620.83, 3030.27)
[M::mem_pestat] low and high boundaries for proper pairs: (1, 20868)
[M::mem_pestat] analyzing insert size distribution for orientation RR...
[M::mem_pestat] (25, 50, 75) percentile: (226, 300, 368)
[M::mem_pestat] low and high boundaries for computing mean and std.dev: (1, 652)
[M::mem_pestat] mean and std.dev: (265.00, 105.34)
[M::mem_pestat] low and high boundaries for proper pairs: (1, 794)
[M::mem_pestat] skip orientation FF
[M::mem_pestat] skip orientation RF
[M::mem_pestat] skip orientation RR
[M::mem_process_seqs] Processed 1067190 reads in 57.575 CPU sec, 4.472 real sec
[M::process] read 1067210 sequences (160000281 bp)...
[M::mem_pestat] # candidate unique pairs for (FF, FR, RF, RR): (8, 447180, 5, 3)
[M::mem_pestat] skip orientation FF as there are not enough pairs
[M::mem_pestat] analyzing insert size distribution for orientation FR...
[M::mem_pestat] (25, 50, 75) percentile: (297, 345, 393)
[M::mem_pestat] low and high boundaries for computing mean and std.dev: (105, 585)
[M::mem_pestat] mean and std.dev: (346.02, 72.63)
[M::mem_pestat] low and high boundaries for proper pairs: (9, 681)
[M::mem_pestat] skip orientation RF as there are not enough pairs
[M::mem_pestat] skip orientation RR as there are not enough pairs
[M::mem_process_seqs] Processed 1067260 reads in 60.007 CPU sec, 4.198 real sec
[M::process] read 1067190 sequences (160000029 bp)...
[M::mem_pestat] # candidate unique pairs for (FF, FR, RF, RR): (12, 447884, 3, 13)
[M::mem_pestat] analyzing insert size distribution for orientation FF...
[M::mem_pestat] (25, 50, 75) percentile: (252, 283, 290)
[M::mem_pestat] low and high boundaries for computing mean and std.dev: (176, 366)
[M::mem_pestat] mean and std.dev: (272.36, 27.06)
[M::mem_pestat] low and high boundaries for proper pairs: (138, 404)
[M::mem_pestat] analyzing insert size distribution for orientation FR...
[M::mem_pestat] (25, 50, 75) percentile: (300, 348, 397)
[M::mem_pestat] low and high boundaries for computing mean and std.dev: (106, 591)
[M::mem_pestat] mean and std.dev: (349.13, 72.45)
[M::mem_pestat] low and high boundaries for proper pairs: (9, 688)
[M::mem_pestat] skip orientation RF as there are not enough pairs
[M::mem_pestat] analyzing insert size distribution for orientation RR...
[M::mem_pestat] (25, 50, 75) percentile: (125, 160, 434)
[M::mem_pestat] low and high boundaries for computing mean and std.dev: (1, 1052)
[M::mem_pestat] mean and std.dev: (226.31, 123.45)
[M::mem_pestat] low and high boundaries for proper pairs: (1, 1361)
[M::mem_pestat] skip orientation FF
[M::mem_pestat] skip orientation RR
[M::mem_process_seqs] Processed 1067210 reads in 55.838 CPU sec, 7.146 real sec
[M::process] read 1067204 sequences (160000290 bp)...
[M::mem_pestat] # candidate unique pairs for (FF, FR, RF, RR): (7, 447257, 6, 6)
[M::mem_pestat] skip orientation FF as there are not enough pairs
[M::mem_pestat] analyzing insert size distribution for orientation FR...
[M::mem_pestat] (25, 50, 75) percentile: (300, 347, 395)
[M::mem_pestat] low and high boundaries for computing mean and std.dev: (110, 585)
[M::mem_pestat] mean and std.dev: (348.53, 71.65)
[M::mem_pestat] low and high boundaries for proper pairs: (15, 680)
[M::mem_pestat] skip orientation RF as there are not enough pairs
[M::mem_pestat] skip orientation RR as there are not enough pairs
[M::mem_process_seqs] Processed 1067190 reads in 53.508 CPU sec, 6.146 real sec
[M::process] read 1067200 sequences (160000148 bp)...
[M::mem_pestat] # candidate unique pairs for (FF, FR, RF, RR): (4, 448252, 7, 9)
[M::mem_pestat] skip orientation FF as there are not enough pairs
[M::mem_pestat] analyzing insert size distribution for orientation FR...
[M::mem_pestat] (25, 50, 75) percentile: (298, 345, 393)
[M::mem_pestat] low and high boundaries for computing mean and std.dev: (108, 583)
[M::mem_pestat] mean and std.dev: (346.50, 71.56)
[M::mem_pestat] low and high boundaries for proper pairs: (13, 678)
[M::mem_pestat] skip orientation RF as there are not enough pairs
[M::mem_pestat] skip orientation RR as there are not enough pairs
[M::mem_process_seqs] Processed 1067204 reads in 61.330 CPU sec, 4.058 real sec
[M::process] read 1067110 sequences (160000210 bp)...
[M::mem_pestat] # candidate unique pairs for (FF, FR, RF, RR): (13, 447892, 5, 8)
[M::mem_pestat] analyzing insert size distribution for orientation FF...
[M::mem_pestat] (25, 50, 75) percentile: (5709, 5709, 5709)
[M::mem_pestat] low and high boundaries for computing mean and std.dev: (5709, 5709)
[M::mem_pestat] mean and std.dev: (5709.00, 0.00)
[M::mem_pestat] low and high boundaries for proper pairs: (5709, 5709)
[M::mem_pestat] analyzing insert size distribution for orientation FR...
[M::mem_pestat] (25, 50, 75) percentile: (299, 345, 393)
[M::mem_pestat] low and high boundaries for computing mean and std.dev: (111, 581)
[M::mem_pestat] mean and std.dev: (346.73, 71.26)
[M::mem_pestat] low and high boundaries for proper pairs: (17, 675)
[M::mem_pestat] skip orientation RF as there are not enough pairs
[M::mem_pestat] skip orientation RR as there are not enough pairs
[M::mem_pestat] skip orientation FF
[M::mem_process_seqs] Processed 1067200 reads in 59.361 CPU sec, 3.976 real sec
[M::process] read 1067172 sequences (160000273 bp)...
[M::mem_pestat] # candidate unique pairs for (FF, FR, RF, RR): (6, 447953, 3, 6)
[M::mem_pestat] skip orientation FF as there are not enough pairs
[M::mem_pestat] analyzing insert size distribution for orientation FR...
[M::mem_pestat] (25, 50, 75) percentile: (299, 345, 393)
[M::mem_pestat] low and high boundaries for computing mean and std.dev: (111, 581)
[M::mem_pestat] mean and std.dev: (346.57, 71.22)
[M::mem_pestat] low and high boundaries for proper pairs: (17, 675)
[M::mem_pestat] skip orientation RF as there are not enough pairs
[M::mem_pestat] skip orientation RR as there are not enough pairs
[M::mem_process_seqs] Processed 1067110 reads in 57.697 CPU sec, 4.057 real sec
[M::process] read 1067212 sequences (160000114 bp)...
[M::mem_pestat] # candidate unique pairs for (FF, FR, RF, RR): (7, 447570, 11, 6)
[M::mem_pestat] skip orientation FF as there are not enough pairs
[M::mem_pestat] analyzing insert size distribution for orientation FR...
[M::mem_pestat] (25, 50, 75) percentile: (298, 345, 393)
[M::mem_pestat] low and high boundaries for computing mean and std.dev: (108, 583)
[M::mem_pestat] mean and std.dev: (346.52, 71.59)
[M::mem_pestat] low and high boundaries for proper pairs: (13, 678)
[M::mem_pestat] analyzing insert size distribution for orientation RF...
[M::mem_pestat] (25, 50, 75) percentile: (24, 27, 9298)
[M::mem_pestat] low and high boundaries for computing mean and std.dev: (1, 27846)
[M::mem_pestat] mean and std.dev: (3089.00, 3958.73)
[M::mem_pestat] low and high boundaries for proper pairs: (1, 37120)
[M::mem_pestat] skip orientation RR as there are not enough pairs
[M::mem_pestat] skip orientation RF
[M::mem_process_seqs] Processed 1067172 reads in 59.247 CPU sec, 4.262 real sec
[M::process] read 1067270 sequences (160000239 bp)...
[M::mem_pestat] # candidate unique pairs for (FF, FR, RF, RR): (9, 447251, 6, 10)
[M::mem_pestat] skip orientation FF as there are not enough pairs
[M::mem_pestat] analyzing insert size distribution for orientation FR...
[M::mem_pestat] (25, 50, 75) percentile: (296, 343, 391)
[M::mem_pestat] low and high boundaries for computing mean and std.dev: (106, 581)
[M::mem_pestat] mean and std.dev: (344.67, 71.67)
[M::mem_pestat] low and high boundaries for proper pairs: (11, 676)
[M::mem_pestat] skip orientation RF as there are not enough pairs
[M::mem_pestat] analyzing insert size distribution for orientation RR...
[M::mem_pestat] (25, 50, 75) percentile: (209, 272, 352)
[M::mem_pestat] low and high boundaries for computing mean and std.dev: (1, 638)
[M::mem_pestat] mean and std.dev: (262.33, 54.64)
[M::mem_pestat] low and high boundaries for proper pairs: (1, 781)
[M::mem_pestat] skip orientation RR
[M::mem_process_seqs] Processed 1067212 reads in 58.495 CPU sec, 4.063 real sec
[M::process] read 1067358 sequences (160000019 bp)...
[M::mem_pestat] # candidate unique pairs for (FF, FR, RF, RR): (3, 448885, 4, 10)
[M::mem_pestat] skip orientation FF as there are not enough pairs
[M::mem_pestat] analyzing insert size distribution for orientation FR...
[M::mem_pestat] (25, 50, 75) percentile: (288, 336, 386)
[M::mem_pestat] low and high boundaries for computing mean and std.dev: (92, 582)
[M::mem_pestat] mean and std.dev: (338.39, 73.44)
[M::mem_pestat] low and high boundaries for proper pairs: (1, 680)
[M::mem_pestat] skip orientation RF as there are not enough pairs
[M::mem_pestat] analyzing insert size distribution for orientation RR...
[M::mem_pestat] (25, 50, 75) percentile: (194, 329, 415)
[M::mem_pestat] low and high boundaries for computing mean and std.dev: (1, 857)
[M::mem_pestat] mean and std.dev: (280.44, 99.70)
[M::mem_pestat] low and high boundaries for proper pairs: (1, 1078)
[M::mem_pestat] skip orientation RR
[M::mem_process_seqs] Processed 1067270 reads in 55.764 CPU sec, 6.570 real sec
[M::process] read 1067282 sequences (160000122 bp)...
[M::mem_pestat] # candidate unique pairs for (FF, FR, RF, RR): (7, 448550, 18, 9)
[M::mem_pestat] skip orientation FF as there are not enough pairs
[M::mem_pestat] analyzing insert size distribution for orientation FR...
[M::mem_pestat] (25, 50, 75) percentile: (288, 337, 388)
[M::mem_pestat] low and high boundaries for computing mean and std.dev: (88, 588)
[M::mem_pestat] mean and std.dev: (338.94, 75.04)
[M::mem_pestat] low and high boundaries for proper pairs: (1, 688)
[M::mem_pestat] analyzing insert size distribution for orientation RF...
[M::mem_pestat] (25, 50, 75) percentile: (25, 4198, 5161)
[M::mem_pestat] low and high boundaries for computing mean and std.dev: (1, 15433)
[M::mem_pestat] mean and std.dev: (3567.28, 3745.11)
[M::mem_pestat] low and high boundaries for proper pairs: (1, 20569)
[M::mem_pestat] skip orientation RR as there are not enough pairs
[M::mem_pestat] skip orientation RF
[M::mem_process_seqs] Processed 1067358 reads in 60.017 CPU sec, 5.363 real sec
[M::process] read 1067334 sequences (160000067 bp)...
[M::mem_pestat] # candidate unique pairs for (FF, FR, RF, RR): (19, 448527, 9, 13)
[M::mem_pestat] analyzing insert size distribution for orientation FF...
[M::mem_pestat] (25, 50, 75) percentile: (263, 277, 310)
[M::mem_pestat] low and high boundaries for computing mean and std.dev: (169, 404)
[M::mem_pestat] mean and std.dev: (284.28, 26.07)
[M::mem_pestat] low and high boundaries for proper pairs: (122, 451)
[M::mem_pestat] analyzing insert size distribution for orientation FR...
[M::mem_pestat] (25, 50, 75) percentile: (290, 339, 390)
[M::mem_pestat] low and high boundaries for computing mean and std.dev: (90, 590)
[M::mem_pestat] mean and std.dev: (341.19, 74.27)
[M::mem_pestat] low and high boundaries for proper pairs: (1, 690)
[M::mem_pestat] skip orientation RF as there are not enough pairs
[M::mem_pestat] analyzing insert size distribution for orientation RR...
[M::mem_pestat] (25, 50, 75) percentile: (254, 254, 9633)
[M::mem_pestat] low and high boundaries for computing mean and std.dev: (1, 28391)
[M::mem_pestat] mean and std.dev: (3074.38, 4236.24)
[M::mem_pestat] low and high boundaries for proper pairs: (1, 37770)
[M::mem_pestat] skip orientation FF
[M::mem_pestat] skip orientation RR
[M::mem_process_seqs] Processed 1067282 reads in 61.049 CPU sec, 5.532 real sec
[M::process] read 1067236 sequences (160000187 bp)...
[M::mem_pestat] # candidate unique pairs for (FF, FR, RF, RR): (2, 447142, 6, 3)
[M::mem_pestat] skip orientation FF as there are not enough pairs
[M::mem_pestat] analyzing insert size distribution for orientation FR...
[M::mem_pestat] (25, 50, 75) percentile: (290, 339, 389)
[M::mem_pestat] low and high boundaries for computing mean and std.dev: (92, 587)
[M::mem_pestat] mean and std.dev: (340.75, 73.83)
[M::mem_pestat] low and high boundaries for proper pairs: (1, 686)
[M::mem_pestat] skip orientation RF as there are not enough pairs
[M::mem_pestat] skip orientation RR as there are not enough pairs
[M::mem_process_seqs] Processed 1067334 reads in 58.931 CPU sec, 7.231 real sec
[M::process] read 1067220 sequences (160000039 bp)...
[M::mem_pestat] # candidate unique pairs for (FF, FR, RF, RR): (9, 446681, 4, 23)
[M::mem_pestat] skip orientation FF as there are not enough pairs
[M::mem_pestat] analyzing insert size distribution for orientation FR...
[M::mem_pestat] (25, 50, 75) percentile: (293, 342, 392)
[M::mem_pestat] low and high boundaries for computing mean and std.dev: (95, 590)
[M::mem_pestat] mean and std.dev: (343.62, 73.88)
[M::mem_pestat] low and high boundaries for proper pairs: (1, 689)
[M::mem_pestat] skip orientation RF as there are not enough pairs
[M::mem_pestat] analyzing insert size distribution for orientation RR...
[M::mem_pestat] (25, 50, 75) percentile: (177, 190, 282)
[M::mem_pestat] low and high boundaries for computing mean and std.dev: (1, 492)
[M::mem_pestat] mean and std.dev: (248.39, 93.30)
[M::mem_pestat] low and high boundaries for proper pairs: (1, 622)
[M::mem_pestat] skip orientation RR
[M::mem_process_seqs] Processed 1067236 reads in 58.463 CPU sec, 4.878 real sec
[M::process] read 1067354 sequences (160000011 bp)...
[M::mem_pestat] # candidate unique pairs for (FF, FR, RF, RR): (2, 446243, 8, 10)
[M::mem_pestat] skip orientation FF as there are not enough pairs
[M::mem_pestat] analyzing insert size distribution for orientation FR...
[M::mem_pestat] (25, 50, 75) percentile: (293, 341, 391)
[M::mem_pestat] low and high boundaries for computing mean and std.dev: (97, 587)
[M::mem_pestat] mean and std.dev: (342.90, 73.68)
[M::mem_pestat] low and high boundaries for proper pairs: (1, 685)
[M::mem_pestat] skip orientation RF as there are not enough pairs
[M::mem_pestat] analyzing insert size distribution for orientation RR...
[M::mem_pestat] (25, 50, 75) percentile: (214, 664, 4662)
[M::mem_pestat] low and high boundaries for computing mean and std.dev: (1, 13558)
[M::mem_pestat] mean and std.dev: (2730.00, 3295.12)
[M::mem_pestat] low and high boundaries for proper pairs: (1, 18006)
[M::mem_pestat] skip orientation RR
[M::mem_process_seqs] Processed 1067220 reads in 57.238 CPU sec, 5.104 real sec
[M::process] read 1067350 sequences (160000250 bp)...
[M::mem_pestat] # candidate unique pairs for (FF, FR, RF, RR): (7, 450710, 8, 3)
[M::mem_pestat] skip orientation FF as there are not enough pairs
[M::mem_pestat] analyzing insert size distribution for orientation FR...
[M::mem_pestat] (25, 50, 75) percentile: (284, 332, 383)
[M::mem_pestat] low and high boundaries for computing mean and std.dev: (86, 581)
[M::mem_pestat] mean and std.dev: (334.76, 74.32)
[M::mem_pestat] low and high boundaries for proper pairs: (1, 680)
[M::mem_pestat] skip orientation RF as there are not enough pairs
[M::mem_pestat] skip orientation RR as there are not enough pairs
[M::mem_process_seqs] Processed 1067354 reads in 62.564 CPU sec, 5.161 real sec
[M::process] read 1067330 sequences (160000122 bp)...
[M::mem_pestat] # candidate unique pairs for (FF, FR, RF, RR): (5, 450120, 16, 4)
[M::mem_pestat] skip orientation FF as there are not enough pairs
[M::mem_pestat] analyzing insert size distribution for orientation FR...
[M::mem_pestat] (25, 50, 75) percentile: (288, 337, 388)
[M::mem_pestat] low and high boundaries for computing mean and std.dev: (88, 588)
[M::mem_pestat] mean and std.dev: (338.92, 74.38)
[M::mem_pestat] low and high boundaries for proper pairs: (1, 688)
[M::mem_pestat] analyzing insert size distribution for orientation RF...
[M::mem_pestat] (25, 50, 75) percentile: (17, 444, 489)
[M::mem_pestat] low and high boundaries for computing mean and std.dev: (1, 1433)
[M::mem_pestat] mean and std.dev: (263.50, 331.65)
[M::mem_pestat] low and high boundaries for proper pairs: (1, 1905)
[M::mem_pestat] skip orientation RR as there are not enough pairs
[M::mem_pestat] skip orientation RF
[M::mem_process_seqs] Processed 1067350 reads in 61.489 CPU sec, 4.251 real sec
[M::process] read 1067344 sequences (160000203 bp)...
[M::mem_pestat] # candidate unique pairs for (FF, FR, RF, RR): (6, 449104, 17, 6)
[M::mem_pestat] skip orientation FF as there are not enough pairs
[M::mem_pestat] analyzing insert size distribution for orientation FR...
[M::mem_pestat] (25, 50, 75) percentile: (291, 339, 389)
[M::mem_pestat] low and high boundaries for computing mean and std.dev: (95, 585)
[M::mem_pestat] mean and std.dev: (340.62, 73.61)
[M::mem_pestat] low and high boundaries for proper pairs: (1, 683)
[M::mem_pestat] analyzing insert size distribution for orientation RF...
[M::mem_pestat] (25, 50, 75) percentile: (14, 20, 56)
[M::mem_pestat] low and high boundaries for computing mean and std.dev: (1, 140)
[M::mem_pestat] mean and std.dev: (22.60, 15.71)
[M::mem_pestat] low and high boundaries for proper pairs: (1, 182)
[M::mem_pestat] skip orientation RR as there are not enough pairs
[M::mem_pestat] skip orientation RF
[M::mem_process_seqs] Processed 1067330 reads in 59.625 CPU sec, 4.856 real sec
[M::process] read 1067308 sequences (160000062 bp)...
[M::mem_pestat] # candidate unique pairs for (FF, FR, RF, RR): (7, 448497, 8, 11)
[M::mem_pestat] skip orientation FF as there are not enough pairs
[M::mem_pestat] analyzing insert size distribution for orientation FR...
[M::mem_pestat] (25, 50, 75) percentile: (293, 342, 391)
[M::mem_pestat] low and high boundaries for computing mean and std.dev: (97, 587)
[M::mem_pestat] mean and std.dev: (343.15, 73.69)
[M::mem_pestat] low and high boundaries for proper pairs: (1, 685)
[M::mem_pestat] skip orientation RF as there are not enough pairs
[M::mem_pestat] analyzing insert size distribution for orientation RR...
[M::mem_pestat] (25, 50, 75) percentile: (260, 1504, 1504)
[M::mem_pestat] low and high boundaries for computing mean and std.dev: (1, 3992)
[M::mem_pestat] mean and std.dev: (886.70, 620.12)
[M::mem_pestat] low and high boundaries for proper pairs: (1, 5236)
[M::mem_pestat] skip orientation RR
[M::mem_process_seqs] Processed 1067344 reads in 60.576 CPU sec, 4.457 real sec
[M::process] read 1067332 sequences (160000260 bp)...
[M::mem_pestat] # candidate unique pairs for (FF, FR, RF, RR): (3, 447100, 11, 7)
[M::mem_pestat] skip orientation FF as there are not enough pairs
[M::mem_pestat] analyzing insert size distribution for orientation FR...
[M::mem_pestat] (25, 50, 75) percentile: (294, 343, 393)
[M::mem_pestat] low and high boundaries for computing mean and std.dev: (96, 591)
[M::mem_pestat] mean and std.dev: (344.82, 74.28)
[M::mem_pestat] low and high boundaries for proper pairs: (1, 690)
[M::mem_pestat] analyzing insert size distribution for orientation RF...
[M::mem_pestat] (25, 50, 75) percentile: (16, 16, 39)
[M::mem_pestat] low and high boundaries for computing mean and std.dev: (1, 85)
[M::mem_pestat] mean and std.dev: (16.00, 9.98)
[M::mem_pestat] low and high boundaries for proper pairs: (1, 108)
[M::mem_pestat] skip orientation RR as there are not enough pairs
[M::mem_pestat] skip orientation RF
[M::mem_process_seqs] Processed 1067308 reads in 56.401 CPU sec, 5.413 real sec
[M::process] read 1067298 sequences (160000216 bp)...
[M::mem_pestat] # candidate unique pairs for (FF, FR, RF, RR): (8, 447533, 4, 2)
[M::mem_pestat] skip orientation FF as there are not enough pairs
[M::mem_pestat] analyzing insert size distribution for orientation FR...
[M::mem_pestat] (25, 50, 75) percentile: (289, 338, 389)
[M::mem_pestat] low and high boundaries for computing mean and std.dev: (89, 589)
[M::mem_pestat] mean and std.dev: (340.56, 74.66)
[M::mem_pestat] low and high boundaries for proper pairs: (1, 689)
[M::mem_pestat] skip orientation RF as there are not enough pairs
[M::mem_pestat] skip orientation RR as there are not enough pairs
[M::mem_process_seqs] Processed 1067332 reads in 62.075 CPU sec, 4.480 real sec
[M::process] read 1067296 sequences (160000062 bp)...
[M::mem_pestat] # candidate unique pairs for (FF, FR, RF, RR): (12, 450167, 9, 4)
[M::mem_pestat] analyzing insert size distribution for orientation FF...
[M::mem_pestat] (25, 50, 75) percentile: (199, 4449, 4449)
[M::mem_pestat] low and high boundaries for computing mean and std.dev: (1, 12949)
[M::mem_pestat] mean and std.dev: (2737.08, 2815.35)
[M::mem_pestat] low and high boundaries for proper pairs: (1, 17199)
[M::mem_pestat] analyzing insert size distribution for orientation FR...
[M::mem_pestat] (25, 50, 75) percentile: (287, 336, 387)
[M::mem_pestat] low and high boundaries for computing mean and std.dev: (87, 587)
[M::mem_pestat] mean and std.dev: (338.59, 75.20)
[M::mem_pestat] low and high boundaries for proper pairs: (1, 687)
[M::mem_pestat] skip orientation RF as there are not enough pairs
[M::mem_pestat] skip orientation RR as there are not enough pairs
[M::mem_pestat] skip orientation FF
[M::mem_process_seqs] Processed 1067298 reads in 58.465 CPU sec, 4.574 real sec
[M::process] read 1067250 sequences (160000285 bp)...
[M::mem_pestat] # candidate unique pairs for (FF, FR, RF, RR): (5, 449761, 7, 11)
[M::mem_pestat] skip orientation FF as there are not enough pairs
[M::mem_pestat] analyzing insert size distribution for orientation FR...
[M::mem_pestat] (25, 50, 75) percentile: (291, 341, 392)
[M::mem_pestat] low and high boundaries for computing mean and std.dev: (89, 594)
[M::mem_pestat] mean and std.dev: (342.67, 74.91)
[M::mem_pestat] low and high boundaries for proper pairs: (1, 695)
[M::mem_pestat] skip orientation RF as there are not enough pairs
[M::mem_pestat] analyzing insert size distribution for orientation RR...
[M::mem_pestat] (25, 50, 75) percentile: (321, 323, 379)
[M::mem_pestat] low and high boundaries for computing mean and std.dev: (205, 495)
[M::mem_pestat] mean and std.dev: (322.14, 52.78)
[M::mem_pestat] low and high boundaries for proper pairs: (111, 553)
[M::mem_pestat] skip orientation RR
[M::mem_process_seqs] Processed 1067296 reads in 59.048 CPU sec, 4.065 real sec
[M::process] read 1067288 sequences (160000220 bp)...
[M::mem_pestat] # candidate unique pairs for (FF, FR, RF, RR): (8, 448635, 5, 11)
[M::mem_pestat] skip orientation FF as there are not enough pairs
[M::mem_pestat] analyzing insert size distribution for orientation FR...
[M::mem_pestat] (25, 50, 75) percentile: (293, 341, 391)
[M::mem_pestat] low and high boundaries for computing mean and std.dev: (97, 587)
[M::mem_pestat] mean and std.dev: (343.20, 73.58)
[M::mem_pestat] low and high boundaries for proper pairs: (1, 685)
[M::mem_pestat] skip orientation RF as there are not enough pairs
[M::mem_pestat] analyzing insert size distribution for orientation RR...
[M::mem_pestat] (25, 50, 75) percentile: (410, 5129, 5129)
[M::mem_pestat] low and high boundaries for computing mean and std.dev: (1, 14567)
[M::mem_pestat] mean and std.dev: (3321.27, 2313.10)
[M::mem_pestat] low and high boundaries for proper pairs: (1, 19286)
[M::mem_pestat] skip orientation RR
[M::mem_process_seqs] Processed 1067250 reads in 60.967 CPU sec, 5.009 real sec
[M::process] read 1067216 sequences (160000045 bp)...
[M::mem_pestat] # candidate unique pairs for (FF, FR, RF, RR): (10, 447345, 4, 12)
[M::mem_pestat] analyzing insert size distribution for orientation FF...
[M::mem_pestat] (25, 50, 75) percentile: (160, 632, 757)
[M::mem_pestat] low and high boundaries for computing mean and std.dev: (1, 1951)
[M::mem_pestat] mean and std.dev: (427.56, 251.86)
[M::mem_pestat] low and high boundaries for proper pairs: (1, 2548)
[M::mem_pestat] analyzing insert size distribution for orientation FR...
[M::mem_pestat] (25, 50, 75) percentile: (294, 343, 393)
[M::mem_pestat] low and high boundaries for computing mean and std.dev: (96, 591)
[M::mem_pestat] mean and std.dev: (344.49, 73.85)
[M::mem_pestat] low and high boundaries for proper pairs: (1, 690)
[M::mem_pestat] skip orientation RF as there are not enough pairs
[M::mem_pestat] analyzing insert size distribution for orientation RR...
[M::mem_pestat] (25, 50, 75) percentile: (287, 300, 2391)
[M::mem_pestat] low and high boundaries for computing mean and std.dev: (1, 6599)
[M::mem_pestat] mean and std.dev: (1192.09, 1790.04)
[M::mem_pestat] low and high boundaries for proper pairs: (1, 8703)
[M::mem_pestat] skip orientation FF
[M::mem_pestat] skip orientation RR
[M::mem_process_seqs] Processed 1067288 reads in 57.338 CPU sec, 6.212 real sec
[M::process] read 1067284 sequences (160000207 bp)...
[M::mem_pestat] # candidate unique pairs for (FF, FR, RF, RR): (8, 446419, 10, 12)
[M::mem_pestat] skip orientation FF as there are not enough pairs
[M::mem_pestat] analyzing insert size distribution for orientation FR...
[M::mem_pestat] (25, 50, 75) percentile: (296, 345, 395)
[M::mem_pestat] low and high boundaries for computing mean and std.dev: (98, 593)
[M::mem_pestat] mean and std.dev: (346.67, 74.05)
[M::mem_pestat] low and high boundaries for proper pairs: (1, 692)
[M::mem_pestat] analyzing insert size distribution for orientation RF...
[M::mem_pestat] (25, 50, 75) percentile: (16, 35, 331)
[M::mem_pestat] low and high boundaries for computing mean and std.dev: (1, 961)
[M::mem_pestat] mean and std.dev: (62.62, 102.31)
[M::mem_pestat] low and high boundaries for proper pairs: (1, 1276)
[M::mem_pestat] analyzing insert size distribution for orientation RR...
[M::mem_pestat] (25, 50, 75) percentile: (170, 261, 266)
[M::mem_pestat] low and high boundaries for computing mean and std.dev: (1, 458)
[M::mem_pestat] mean and std.dev: (221.75, 82.62)
[M::mem_pestat] low and high boundaries for proper pairs: (1, 554)
[M::mem_pestat] skip orientation RF
[M::mem_pestat] skip orientation RR
[M::mem_process_seqs] Processed 1067216 reads in 58.361 CPU sec, 5.434 real sec
[M::process] read 1067370 sequences (160000099 bp)...
[M::mem_pestat] # candidate unique pairs for (FF, FR, RF, RR): (5, 447565, 16, 15)
[M::mem_pestat] skip orientation FF as there are not enough pairs
[M::mem_pestat] analyzing insert size distribution for orientation FR...
[M::mem_pestat] (25, 50, 75) percentile: (289, 339, 390)
[M::mem_pestat] low and high boundaries for computing mean and std.dev: (87, 592)
[M::mem_pestat] mean and std.dev: (340.91, 75.15)
[M::mem_pestat] low and high boundaries for proper pairs: (1, 693)
[M::mem_pestat] analyzing insert size distribution for orientation RF...
[M::mem_pestat] (25, 50, 75) percentile: (14, 39, 4755)
[M::mem_pestat] low and high boundaries for computing mean and std.dev: (1, 14237)
[M::mem_pestat] mean and std.dev: (1422.69, 2441.41)
[M::mem_pestat] low and high boundaries for proper pairs: (1, 18978)
[M::mem_pestat] analyzing insert size distribution for orientation RR...
[M::mem_pestat] (25, 50, 75) percentile: (338, 352, 5661)
[M::mem_pestat] low and high boundaries for computing mean and std.dev: (1, 16307)
[M::mem_pestat] mean and std.dev: (2260.47, 2887.07)
[M::mem_pestat] low and high boundaries for proper pairs: (1, 21630)
[M::mem_pestat] skip orientation RF
[M::mem_pestat] skip orientation RR
[M::mem_process_seqs] Processed 1067284 reads in 55.430 CPU sec, 6.431 real sec
[M::process] read 1067276 sequences (160000272 bp)...
[M::mem_pestat] # candidate unique pairs for (FF, FR, RF, RR): (14, 450116, 5, 5)
[M::mem_pestat] analyzing insert size distribution for orientation FF...
[M::mem_pestat] (25, 50, 75) percentile: (199, 217, 239)
[M::mem_pestat] low and high boundaries for computing mean and std.dev: (119, 319)
[M::mem_pestat] mean and std.dev: (217.46, 23.10)
[M::mem_pestat] low and high boundaries for proper pairs: (79, 359)
[M::mem_pestat] analyzing insert size distribution for orientation FR...
[M::mem_pestat] (25, 50, 75) percentile: (288, 338, 390)
[M::mem_pestat] low and high boundaries for computing mean and std.dev: (84, 594)
[M::mem_pestat] mean and std.dev: (340.20, 75.44)
[M::mem_pestat] low and high boundaries for proper pairs: (1, 696)
[M::mem_pestat] skip orientation RF as there are not enough pairs
[M::mem_pestat] skip orientation RR as there are not enough pairs
[M::mem_pestat] skip orientation FF
[M::mem_process_seqs] Processed 1067370 reads in 59.375 CPU sec, 4.620 real sec
[M::process] read 1067270 sequences (160000000 bp)...
[M::mem_pestat] # candidate unique pairs for (FF, FR, RF, RR): (11, 449605, 4, 3)
[M::mem_pestat] analyzing insert size distribution for orientation FF...
[M::mem_pestat] (25, 50, 75) percentile: (241, 260, 407)
[M::mem_pestat] low and high boundaries for computing mean and std.dev: (1, 739)
[M::mem_pestat] mean and std.dev: (255.67, 65.42)
[M::mem_pestat] low and high boundaries for proper pairs: (1, 905)
[M::mem_pestat] analyzing insert size distribution for orientation FR...
[M::mem_pestat] (25, 50, 75) percentile: (293, 341, 392)
[M::mem_pestat] low and high boundaries for computing mean and std.dev: (95, 590)
[M::mem_pestat] mean and std.dev: (343.36, 74.63)
[M::mem_pestat] low and high boundaries for proper pairs: (1, 689)
[M::mem_pestat] skip orientation RF as there are not enough pairs
[M::mem_pestat] skip orientation RR as there are not enough pairs
[M::mem_pestat] skip orientation FF
[M::mem_process_seqs] Processed 1067276 reads in 57.418 CPU sec, 4.945 real sec
[M::process] read 1067188 sequences (160000030 bp)...
[M::mem_pestat] # candidate unique pairs for (FF, FR, RF, RR): (6, 448925, 8, 6)
[M::mem_pestat] skip orientation FF as there are not enough pairs
[M::mem_pestat] analyzing insert size distribution for orientation FR...
[M::mem_pestat] (25, 50, 75) percentile: (294, 342, 392)
[M::mem_pestat] low and high boundaries for computing mean and std.dev: (98, 588)
[M::mem_pestat] mean and std.dev: (343.51, 73.45)
[M::mem_pestat] low and high boundaries for proper pairs: (1, 686)
[M::mem_pestat] skip orientation RF as there are not enough pairs
[M::mem_pestat] skip orientation RR as there are not enough pairs
[M::mem_process_seqs] Processed 1067270 reads in 55.417 CPU sec, 5.628 real sec
[M::process] read 1067196 sequences (160000273 bp)...
[M::mem_pestat] # candidate unique pairs for (FF, FR, RF, RR): (8, 446891, 7, 6)
[M::mem_pestat] skip orientation FF as there are not enough pairs
[M::mem_pestat] analyzing insert size distribution for orientation FR...
[M::mem_pestat] (25, 50, 75) percentile: (297, 345, 394)
[M::mem_pestat] low and high boundaries for computing mean and std.dev: (103, 588)
[M::mem_pestat] mean and std.dev: (346.10, 73.17)
[M::mem_pestat] low and high boundaries for proper pairs: (6, 685)
[M::mem_pestat] skip orientation RF as there are not enough pairs
[M::mem_pestat] skip orientation RR as there are not enough pairs
[M::mem_process_seqs] Processed 1067188 reads in 56.944 CPU sec, 4.789 real sec
[M::process] read 1031278 sequences (154612263 bp)...
[M::mem_pestat] # candidate unique pairs for (FF, FR, RF, RR): (1, 446564, 0, 4)
[M::mem_pestat] skip orientation FF as there are not enough pairs
[M::mem_pestat] analyzing insert size distribution for orientation FR...
[M::mem_pestat] (25, 50, 75) percentile: (299, 348, 398)
[M::mem_pestat] low and high boundaries for computing mean and std.dev: (101, 596)
[M::mem_pestat] mean and std.dev: (349.44, 73.83)
[M::mem_pestat] low and high boundaries for proper pairs: (2, 695)
[M::mem_pestat] skip orientation RF as there are not enough pairs
[M::mem_pestat] skip orientation RR as there are not enough pairs
[M::mem_process_seqs] Processed 1067196 reads in 57.052 CPU sec, 4.735 real sec
[M::mem_pestat] # candidate unique pairs for (FF, FR, RF, RR): (9, 429707, 6, 20)
[M::mem_pestat] skip orientation FF as there are not enough pairs
[M::mem_pestat] analyzing insert size distribution for orientation FR...
[M::mem_pestat] (25, 50, 75) percentile: (297, 346, 397)
[M::mem_pestat] low and high boundaries for computing mean and std.dev: (97, 597)
[M::mem_pestat] mean and std.dev: (347.74, 74.81)
[M::mem_pestat] low and high boundaries for proper pairs: (1, 697)
[M::mem_pestat] skip orientation RF as there are not enough pairs
[M::mem_pestat] analyzing insert size distribution for orientation RR...
[M::mem_pestat] (25, 50, 75) percentile: (286, 287, 5613)
[M::mem_pestat] low and high boundaries for computing mean and std.dev: (1, 16267)
[M::mem_pestat] mean and std.dev: (2310.25, 2866.41)
[M::mem_pestat] low and high boundaries for proper pairs: (1, 21594)
[M::mem_pestat] skip orientation RR
[M::mem_process_seqs] Processed 1031278 reads in 58.117 CPU sec, 3.915 real sec
[main] Version: 0.7.17-r1188
[main] CMD: bwa mem -t 16 /data/NCBR/projects/NCBR-492/data/manual_analysis/MAGs/SF10_metawrap.bin.1.fa /data/NCBR/projects/NCBR-492/data/manual_analysis/fastp/SF10.trimmed.R1.fastq /data/NCBR/projects/NCBR-492/data/manual_analysis/fastp/SF10.trimmed.R2.fastq
[main] Real time: 291.221 sec; CPU: 3296.978 sec
