[+] Loading bwa 0.7.17 on cn0049 
[bwa_index] Pack FASTA... 0.02 sec
[bwa_index] Construct BWT for the packed sequence...
[bwa_index] 0.66 seconds elapse.
[bwa_index] Update BWT... 0.01 sec
[bwa_index] Pack forward-only FASTA... 0.01 sec
[bwa_index] Construct SA from BWT and Occ... 0.29 sec
[main] Version: 0.7.17-r1188
[main] CMD: bwa index /data/NCBR/projects/NCBR-492/data/manual_analysis/MAGs/SF18_metawrap.bin.1.fa
[main] Real time: 1.088 sec; CPU: 0.989 sec
[M::bwa_idx_load_from_disk] read 0 ALT contigs
[M::process] read 1067296 sequences (160000040 bp)...
[M::process] read 1067348 sequences (160000246 bp)...
[M::mem_pestat] # candidate unique pairs for (FF, FR, RF, RR): (163, 517765, 9, 8)
[M::mem_pestat] analyzing insert size distribution for orientation FF...
[M::mem_pestat] (25, 50, 75) percentile: (1, 1, 3)
[M::mem_pestat] low and high boundaries for computing mean and std.dev: (1, 7)
[M::mem_pestat] mean and std.dev: (1.80, 0.94)
[M::mem_pestat] low and high boundaries for proper pairs: (1, 9)
[M::mem_pestat] analyzing insert size distribution for orientation FR...
[M::mem_pestat] (25, 50, 75) percentile: (285, 334, 381)
[M::mem_pestat] low and high boundaries for computing mean and std.dev: (93, 573)
[M::mem_pestat] mean and std.dev: (333.28, 70.46)
[M::mem_pestat] low and high boundaries for proper pairs: (1, 669)
[M::mem_pestat] skip orientation RF as there are not enough pairs
[M::mem_pestat] skip orientation RR as there are not enough pairs
[M::mem_pestat] skip orientation FF
[M::mem_process_seqs] Processed 1067296 reads in 65.738 CPU sec, 4.493 real sec
[M::process] read 1067332 sequences (160000106 bp)...
[M::mem_pestat] # candidate unique pairs for (FF, FR, RF, RR): (155, 517638, 17, 10)
[M::mem_pestat] analyzing insert size distribution for orientation FF...
[M::mem_pestat] (25, 50, 75) percentile: (1, 1, 3)
[M::mem_pestat] low and high boundaries for computing mean and std.dev: (1, 7)
[M::mem_pestat] mean and std.dev: (1.78, 1.01)
[M::mem_pestat] low and high boundaries for proper pairs: (1, 9)
[M::mem_pestat] analyzing insert size distribution for orientation FR...
[M::mem_pestat] (25, 50, 75) percentile: (284, 332, 379)
[M::mem_pestat] low and high boundaries for computing mean and std.dev: (94, 569)
[M::mem_pestat] mean and std.dev: (332.11, 70.23)
[M::mem_pestat] low and high boundaries for proper pairs: (1, 664)
[M::mem_pestat] analyzing insert size distribution for orientation RF...
[M::mem_pestat] (25, 50, 75) percentile: (875, 4953, 8563)
[M::mem_pestat] low and high boundaries for computing mean and std.dev: (1, 23939)
[M::mem_pestat] mean and std.dev: (4633.82, 3554.30)
[M::mem_pestat] low and high boundaries for proper pairs: (1, 31627)
[M::mem_pestat] analyzing insert size distribution for orientation RR...
[M::mem_pestat] (25, 50, 75) percentile: (11, 13, 14)
[M::mem_pestat] low and high boundaries for computing mean and std.dev: (5, 20)
[M::mem_pestat] mean and std.dev: (12.25, 1.39)
[M::mem_pestat] low and high boundaries for proper pairs: (2, 23)
[M::mem_pestat] skip orientation FF
[M::mem_pestat] skip orientation RF
[M::mem_pestat] skip orientation RR
[M::mem_process_seqs] Processed 1067348 reads in 67.468 CPU sec, 4.378 real sec
[M::process] read 1067324 sequences (160000130 bp)...
[M::mem_pestat] # candidate unique pairs for (FF, FR, RF, RR): (137, 517415, 7, 9)
[M::mem_pestat] analyzing insert size distribution for orientation FF...
[M::mem_pestat] (25, 50, 75) percentile: (1, 1, 3)
[M::mem_pestat] low and high boundaries for computing mean and std.dev: (1, 7)
[M::mem_pestat] mean and std.dev: (1.89, 0.96)
[M::mem_pestat] low and high boundaries for proper pairs: (1, 9)
[M::mem_pestat] analyzing insert size distribution for orientation FR...
[M::mem_pestat] (25, 50, 75) percentile: (284, 333, 380)
[M::mem_pestat] low and high boundaries for computing mean and std.dev: (92, 572)
[M::mem_pestat] mean and std.dev: (332.54, 70.36)
[M::mem_pestat] low and high boundaries for proper pairs: (1, 668)
[M::mem_pestat] skip orientation RF as there are not enough pairs
[M::mem_pestat] skip orientation RR as there are not enough pairs
[M::mem_pestat] skip orientation FF
[M::mem_process_seqs] Processed 1067332 reads in 72.256 CPU sec, 4.690 real sec
[M::process] read 1067300 sequences (160000076 bp)...
[M::mem_pestat] # candidate unique pairs for (FF, FR, RF, RR): (105, 517183, 13, 13)
[M::mem_pestat] analyzing insert size distribution for orientation FF...
[M::mem_pestat] (25, 50, 75) percentile: (1, 2, 3)
[M::mem_pestat] low and high boundaries for computing mean and std.dev: (1, 7)
[M::mem_pestat] mean and std.dev: (1.88, 0.93)
[M::mem_pestat] low and high boundaries for proper pairs: (1, 9)
[M::mem_pestat] analyzing insert size distribution for orientation FR...
[M::mem_pestat] (25, 50, 75) percentile: (285, 333, 381)
[M::mem_pestat] low and high boundaries for computing mean and std.dev: (93, 573)
[M::mem_pestat] mean and std.dev: (333.31, 70.37)
[M::mem_pestat] low and high boundaries for proper pairs: (1, 669)
[M::mem_pestat] analyzing insert size distribution for orientation RF...
[M::mem_pestat] (25, 50, 75) percentile: (327, 4279, 6838)
[M::mem_pestat] low and high boundaries for computing mean and std.dev: (1, 19860)
[M::mem_pestat] mean and std.dev: (4155.00, 2995.23)
[M::mem_pestat] low and high boundaries for proper pairs: (1, 26371)
[M::mem_pestat] analyzing insert size distribution for orientation RR...
[M::mem_pestat] (25, 50, 75) percentile: (1264, 1460, 6779)
[M::mem_pestat] low and high boundaries for computing mean and std.dev: (1, 17809)
[M::mem_pestat] mean and std.dev: (3545.62, 3044.81)
[M::mem_pestat] low and high boundaries for proper pairs: (1, 23324)
[M::mem_pestat] skip orientation FF
[M::mem_pestat] skip orientation RF
[M::mem_pestat] skip orientation RR
[M::mem_process_seqs] Processed 1067324 reads in 70.912 CPU sec, 4.635 real sec
[M::process] read 1067308 sequences (160000098 bp)...
[M::mem_pestat] # candidate unique pairs for (FF, FR, RF, RR): (154, 516865, 5, 4)
[M::mem_pestat] analyzing insert size distribution for orientation FF...
[M::mem_pestat] (25, 50, 75) percentile: (1, 1, 3)
[M::mem_pestat] low and high boundaries for computing mean and std.dev: (1, 7)
[M::mem_pestat] mean and std.dev: (1.61, 0.88)
[M::mem_pestat] low and high boundaries for proper pairs: (1, 9)
[M::mem_pestat] analyzing insert size distribution for orientation FR...
[M::mem_pestat] (25, 50, 75) percentile: (285, 334, 381)
[M::mem_pestat] low and high boundaries for computing mean and std.dev: (93, 573)
[M::mem_pestat] mean and std.dev: (333.62, 70.55)
[M::mem_pestat] low and high boundaries for proper pairs: (1, 669)
[M::mem_pestat] skip orientation RF as there are not enough pairs
[M::mem_pestat] skip orientation RR as there are not enough pairs
[M::mem_pestat] skip orientation FF
[M::mem_process_seqs] Processed 1067300 reads in 74.693 CPU sec, 4.930 real sec
[M::process] read 1067334 sequences (160000260 bp)...
[M::mem_pestat] # candidate unique pairs for (FF, FR, RF, RR): (171, 516606, 9, 9)
[M::mem_pestat] analyzing insert size distribution for orientation FF...
[M::mem_pestat] (25, 50, 75) percentile: (1, 1, 3)
[M::mem_pestat] low and high boundaries for computing mean and std.dev: (1, 7)
[M::mem_pestat] mean and std.dev: (1.69, 0.93)
[M::mem_pestat] low and high boundaries for proper pairs: (1, 9)
[M::mem_pestat] analyzing insert size distribution for orientation FR...
[M::mem_pestat] (25, 50, 75) percentile: (286, 335, 382)
[M::mem_pestat] low and high boundaries for computing mean and std.dev: (94, 574)
[M::mem_pestat] mean and std.dev: (334.48, 70.49)
[M::mem_pestat] low and high boundaries for proper pairs: (1, 670)
[M::mem_pestat] skip orientation RF as there are not enough pairs
[M::mem_pestat] skip orientation RR as there are not enough pairs
[M::mem_pestat] skip orientation FF
[M::mem_process_seqs] Processed 1067308 reads in 73.158 CPU sec, 4.749 real sec
[M::process] read 1067318 sequences (160000208 bp)...
[M::mem_pestat] # candidate unique pairs for (FF, FR, RF, RR): (162, 517207, 5, 14)
[M::mem_pestat] analyzing insert size distribution for orientation FF...
[M::mem_pestat] (25, 50, 75) percentile: (1, 1, 3)
[M::mem_pestat] low and high boundaries for computing mean and std.dev: (1, 7)
[M::mem_pestat] mean and std.dev: (1.69, 0.90)
[M::mem_pestat] low and high boundaries for proper pairs: (1, 9)
[M::mem_pestat] analyzing insert size distribution for orientation FR...
[M::mem_pestat] (25, 50, 75) percentile: (284, 333, 380)
[M::mem_pestat] low and high boundaries for computing mean and std.dev: (92, 572)
[M::mem_pestat] mean and std.dev: (332.93, 70.51)
[M::mem_pestat] low and high boundaries for proper pairs: (1, 668)
[M::mem_pestat] skip orientation RF as there are not enough pairs
[M::mem_pestat] analyzing insert size distribution for orientation RR...
[M::mem_pestat] (25, 50, 75) percentile: (10, 13, 1626)
[M::mem_pestat] low and high boundaries for computing mean and std.dev: (1, 4858)
[M::mem_pestat] mean and std.dev: (664.14, 1001.63)
[M::mem_pestat] low and high boundaries for proper pairs: (1, 6474)
[M::mem_pestat] skip orientation FF
[M::mem_pestat] skip orientation RR
[M::mem_process_seqs] Processed 1067334 reads in 70.204 CPU sec, 4.615 real sec
[M::process] read 1067276 sequences (160000154 bp)...
[M::mem_pestat] # candidate unique pairs for (FF, FR, RF, RR): (139, 517499, 10, 13)
[M::mem_pestat] analyzing insert size distribution for orientation FF...
[M::mem_pestat] (25, 50, 75) percentile: (1, 1, 3)
[M::mem_pestat] low and high boundaries for computing mean and std.dev: (1, 7)
[M::mem_pestat] mean and std.dev: (1.81, 0.92)
[M::mem_pestat] low and high boundaries for proper pairs: (1, 9)
[M::mem_pestat] analyzing insert size distribution for orientation FR...
[M::mem_pestat] (25, 50, 75) percentile: (284, 332, 380)
[M::mem_pestat] low and high boundaries for computing mean and std.dev: (92, 572)
[M::mem_pestat] mean and std.dev: (332.42, 70.35)
[M::mem_pestat] low and high boundaries for proper pairs: (1, 668)
[M::mem_pestat] analyzing insert size distribution for orientation RF...
[M::mem_pestat] (25, 50, 75) percentile: (296, 2417, 2862)
[M::mem_pestat] low and high boundaries for computing mean and std.dev: (1, 7994)
[M::mem_pestat] mean and std.dev: (1925.80, 2002.06)
[M::mem_pestat] low and high boundaries for proper pairs: (1, 10560)
[M::mem_pestat] analyzing insert size distribution for orientation RR...
[M::mem_pestat] (25, 50, 75) percentile: (879, 2662, 6669)
[M::mem_pestat] low and high boundaries for computing mean and std.dev: (1, 18249)
[M::mem_pestat] mean and std.dev: (3154.54, 2643.92)
[M::mem_pestat] low and high boundaries for proper pairs: (1, 24039)
[M::mem_pestat] skip orientation FF
[M::mem_pestat] skip orientation RF
[M::mem_pestat] skip orientation RR
[M::mem_process_seqs] Processed 1067318 reads in 69.490 CPU sec, 4.551 real sec
[M::process] read 1067342 sequences (160000138 bp)...
[M::mem_pestat] # candidate unique pairs for (FF, FR, RF, RR): (130, 517408, 4, 7)
[M::mem_pestat] analyzing insert size distribution for orientation FF...
[M::mem_pestat] (25, 50, 75) percentile: (1, 2, 3)
[M::mem_pestat] low and high boundaries for computing mean and std.dev: (1, 7)
[M::mem_pestat] mean and std.dev: (1.90, 0.98)
[M::mem_pestat] low and high boundaries for proper pairs: (1, 9)
[M::mem_pestat] analyzing insert size distribution for orientation FR...
[M::mem_pestat] (25, 50, 75) percentile: (285, 333, 380)
[M::mem_pestat] low and high boundaries for computing mean and std.dev: (95, 570)
[M::mem_pestat] mean and std.dev: (333.19, 70.37)
[M::mem_pestat] low and high boundaries for proper pairs: (1, 665)
[M::mem_pestat] skip orientation RF as there are not enough pairs
[M::mem_pestat] skip orientation RR as there are not enough pairs
[M::mem_pestat] skip orientation FF
[M::mem_process_seqs] Processed 1067276 reads in 68.782 CPU sec, 4.640 real sec
[M::process] read 1067306 sequences (160000118 bp)...
[M::mem_pestat] # candidate unique pairs for (FF, FR, RF, RR): (172, 517565, 2, 16)
[M::mem_pestat] analyzing insert size distribution for orientation FF...
[M::mem_pestat] (25, 50, 75) percentile: (1, 1, 3)
[M::mem_pestat] low and high boundaries for computing mean and std.dev: (1, 7)
[M::mem_pestat] mean and std.dev: (1.70, 0.90)
[M::mem_pestat] low and high boundaries for proper pairs: (1, 9)
[M::mem_pestat] analyzing insert size distribution for orientation FR...
[M::mem_pestat] (25, 50, 75) percentile: (285, 333, 380)
[M::mem_pestat] low and high boundaries for computing mean and std.dev: (95, 570)
[M::mem_pestat] mean and std.dev: (333.12, 70.36)
[M::mem_pestat] low and high boundaries for proper pairs: (1, 665)
[M::mem_pestat] skip orientation RF as there are not enough pairs
[M::mem_pestat] analyzing insert size distribution for orientation RR...
[M::mem_pestat] (25, 50, 75) percentile: (11, 12, 13)
[M::mem_pestat] low and high boundaries for computing mean and std.dev: (7, 17)
[M::mem_pestat] mean and std.dev: (11.50, 1.55)
[M::mem_pestat] low and high boundaries for proper pairs: (5, 19)
[M::mem_pestat] skip orientation FF
[M::mem_pestat] skip orientation RR
[M::mem_process_seqs] Processed 1067342 reads in 68.879 CPU sec, 4.515 real sec
[M::process] read 1067340 sequences (160000236 bp)...
[M::mem_pestat] # candidate unique pairs for (FF, FR, RF, RR): (134, 517415, 5, 16)
[M::mem_pestat] analyzing insert size distribution for orientation FF...
[M::mem_pestat] (25, 50, 75) percentile: (1, 2, 3)
[M::mem_pestat] low and high boundaries for computing mean and std.dev: (1, 7)
[M::mem_pestat] mean and std.dev: (1.83, 0.90)
[M::mem_pestat] low and high boundaries for proper pairs: (1, 9)
[M::mem_pestat] analyzing insert size distribution for orientation FR...
[M::mem_pestat] (25, 50, 75) percentile: (283, 332, 379)
[M::mem_pestat] low and high boundaries for computing mean and std.dev: (91, 571)
[M::mem_pestat] mean and std.dev: (331.77, 70.34)
[M::mem_pestat] low and high boundaries for proper pairs: (1, 667)
[M::mem_pestat] skip orientation RF as there are not enough pairs
[M::mem_pestat] analyzing insert size distribution for orientation RR...
[M::mem_pestat] (25, 50, 75) percentile: (13, 1605, 3990)
[M::mem_pestat] low and high boundaries for computing mean and std.dev: (1, 11944)
[M::mem_pestat] mean and std.dev: (2539.44, 3275.80)
[M::mem_pestat] low and high boundaries for proper pairs: (1, 15921)
[M::mem_pestat] skip orientation FF
[M::mem_pestat] skip orientation RR
[M::mem_process_seqs] Processed 1067306 reads in 68.654 CPU sec, 4.489 real sec
[M::process] read 1067302 sequences (160000194 bp)...
[M::mem_pestat] # candidate unique pairs for (FF, FR, RF, RR): (151, 517464, 12, 5)
[M::mem_pestat] analyzing insert size distribution for orientation FF...
[M::mem_pestat] (25, 50, 75) percentile: (1, 1, 3)
[M::mem_pestat] low and high boundaries for computing mean and std.dev: (1, 7)
[M::mem_pestat] mean and std.dev: (1.74, 0.92)
[M::mem_pestat] low and high boundaries for proper pairs: (1, 9)
[M::mem_pestat] analyzing insert size distribution for orientation FR...
[M::mem_pestat] (25, 50, 75) percentile: (283, 332, 379)
[M::mem_pestat] low and high boundaries for computing mean and std.dev: (91, 571)
[M::mem_pestat] mean and std.dev: (331.61, 70.41)
[M::mem_pestat] low and high boundaries for proper pairs: (1, 667)
[M::mem_pestat] analyzing insert size distribution for orientation RF...
[M::mem_pestat] (25, 50, 75) percentile: (251, 3720, 6022)
[M::mem_pestat] low and high boundaries for computing mean and std.dev: (1, 17564)
[M::mem_pestat] mean and std.dev: (3184.67, 2825.96)
[M::mem_pestat] low and high boundaries for proper pairs: (1, 23335)
[M::mem_pestat] skip orientation RR as there are not enough pairs
[M::mem_pestat] skip orientation FF
[M::mem_pestat] skip orientation RF
[M::mem_process_seqs] Processed 1067340 reads in 70.708 CPU sec, 4.590 real sec
[M::process] read 1067320 sequences (160000222 bp)...
[M::mem_pestat] # candidate unique pairs for (FF, FR, RF, RR): (144, 517309, 7, 7)
[M::mem_pestat] analyzing insert size distribution for orientation FF...
[M::mem_pestat] (25, 50, 75) percentile: (1, 2, 3)
[M::mem_pestat] low and high boundaries for computing mean and std.dev: (1, 7)
[M::mem_pestat] mean and std.dev: (1.88, 0.94)
[M::mem_pestat] low and high boundaries for proper pairs: (1, 9)
[M::mem_pestat] analyzing insert size distribution for orientation FR...
[M::mem_pestat] (25, 50, 75) percentile: (284, 333, 380)
[M::mem_pestat] low and high boundaries for computing mean and std.dev: (92, 572)
[M::mem_pestat] mean and std.dev: (332.77, 70.45)
[M::mem_pestat] low and high boundaries for proper pairs: (1, 668)
[M::mem_pestat] skip orientation RF as there are not enough pairs
[M::mem_pestat] skip orientation RR as there are not enough pairs
[M::mem_pestat] skip orientation FF
[M::mem_process_seqs] Processed 1067302 reads in 70.744 CPU sec, 4.781 real sec
[M::process] read 1067388 sequences (160000066 bp)...
[M::mem_pestat] # candidate unique pairs for (FF, FR, RF, RR): (163, 517142, 18, 13)
[M::mem_pestat] analyzing insert size distribution for orientation FF...
[M::mem_pestat] (25, 50, 75) percentile: (1, 1, 3)
[M::mem_pestat] low and high boundaries for computing mean and std.dev: (1, 7)
[M::mem_pestat] mean and std.dev: (1.78, 0.95)
[M::mem_pestat] low and high boundaries for proper pairs: (1, 9)
[M::mem_pestat] analyzing insert size distribution for orientation FR...
[M::mem_pestat] (25, 50, 75) percentile: (285, 333, 380)
[M::mem_pestat] low and high boundaries for computing mean and std.dev: (95, 570)
[M::mem_pestat] mean and std.dev: (333.16, 70.41)
[M::mem_pestat] low and high boundaries for proper pairs: (1, 665)
[M::mem_pestat] analyzing insert size distribution for orientation RF...
[M::mem_pestat] (25, 50, 75) percentile: (2220, 3868, 7074)
[M::mem_pestat] low and high boundaries for computing mean and std.dev: (1, 16782)
[M::mem_pestat] mean and std.dev: (4858.94, 3350.47)
[M::mem_pestat] low and high boundaries for proper pairs: (1, 21636)
[M::mem_pestat] analyzing insert size distribution for orientation RR...
[M::mem_pestat] (25, 50, 75) percentile: (11, 14, 3570)
[M::mem_pestat] low and high boundaries for computing mean and std.dev: (1, 10688)
[M::mem_pestat] mean and std.dev: (1736.46, 3110.69)
[M::mem_pestat] low and high boundaries for proper pairs: (1, 14247)
[M::mem_pestat] skip orientation FF
[M::mem_pestat] skip orientation RF
[M::mem_pestat] skip orientation RR
[M::mem_process_seqs] Processed 1067320 reads in 71.782 CPU sec, 4.936 real sec
[M::process] read 1067376 sequences (160000044 bp)...
[M::mem_pestat] # candidate unique pairs for (FF, FR, RF, RR): (190, 516887, 3, 6)
[M::mem_pestat] analyzing insert size distribution for orientation FF...
[M::mem_pestat] (25, 50, 75) percentile: (1, 1, 3)
[M::mem_pestat] low and high boundaries for computing mean and std.dev: (1, 7)
[M::mem_pestat] mean and std.dev: (1.82, 0.95)
[M::mem_pestat] low and high boundaries for proper pairs: (1, 9)
[M::mem_pestat] analyzing insert size distribution for orientation FR...
[M::mem_pestat] (25, 50, 75) percentile: (285, 334, 381)
[M::mem_pestat] low and high boundaries for computing mean and std.dev: (93, 573)
[M::mem_pestat] mean and std.dev: (333.70, 70.43)
[M::mem_pestat] low and high boundaries for proper pairs: (1, 669)
[M::mem_pestat] skip orientation RF as there are not enough pairs
[M::mem_pestat] skip orientation RR as there are not enough pairs
[M::mem_pestat] skip orientation FF
[M::mem_process_seqs] Processed 1067388 reads in 70.889 CPU sec, 4.614 real sec
[M::process] read 1067292 sequences (160000260 bp)...
[M::mem_pestat] # candidate unique pairs for (FF, FR, RF, RR): (125, 517235, 4, 12)
[M::mem_pestat] analyzing insert size distribution for orientation FF...
[M::mem_pestat] (25, 50, 75) percentile: (1, 1, 3)
[M::mem_pestat] low and high boundaries for computing mean and std.dev: (1, 7)
[M::mem_pestat] mean and std.dev: (1.81, 0.94)
[M::mem_pestat] low and high boundaries for proper pairs: (1, 9)
[M::mem_pestat] analyzing insert size distribution for orientation FR...
[M::mem_pestat] (25, 50, 75) percentile: (284, 333, 381)
[M::mem_pestat] low and high boundaries for computing mean and std.dev: (90, 575)
[M::mem_pestat] mean and std.dev: (332.91, 70.63)
[M::mem_pestat] low and high boundaries for proper pairs: (1, 672)
[M::mem_pestat] skip orientation RF as there are not enough pairs
[M::mem_pestat] analyzing insert size distribution for orientation RR...
[M::mem_pestat] (25, 50, 75) percentile: (12, 14, 6385)
[M::mem_pestat] low and high boundaries for computing mean and std.dev: (1, 19131)
[M::mem_pestat] mean and std.dev: (1962.25, 2782.85)
[M::mem_pestat] low and high boundaries for proper pairs: (1, 25504)
[M::mem_pestat] skip orientation FF
[M::mem_pestat] skip orientation RR
[M::mem_process_seqs] Processed 1067376 reads in 69.128 CPU sec, 4.484 real sec
[M::process] read 1067394 sequences (160000298 bp)...
[M::mem_pestat] # candidate unique pairs for (FF, FR, RF, RR): (122, 517779, 15, 11)
[M::mem_pestat] analyzing insert size distribution for orientation FF...
[M::mem_pestat] (25, 50, 75) percentile: (1, 2, 3)
[M::mem_pestat] low and high boundaries for computing mean and std.dev: (1, 7)
[M::mem_pestat] mean and std.dev: (1.92, 1.00)
[M::mem_pestat] low and high boundaries for proper pairs: (1, 9)
[M::mem_pestat] analyzing insert size distribution for orientation FR...
[M::mem_pestat] (25, 50, 75) percentile: (283, 332, 379)
[M::mem_pestat] low and high boundaries for computing mean and std.dev: (91, 571)
[M::mem_pestat] mean and std.dev: (331.81, 70.34)
[M::mem_pestat] low and high boundaries for proper pairs: (1, 667)
[M::mem_pestat] analyzing insert size distribution for orientation RF...
[M::mem_pestat] (25, 50, 75) percentile: (384, 545, 6787)
[M::mem_pestat] low and high boundaries for computing mean and std.dev: (1, 19593)
[M::mem_pestat] mean and std.dev: (3323.60, 3828.79)
[M::mem_pestat] low and high boundaries for proper pairs: (1, 25996)
[M::mem_pestat] analyzing insert size distribution for orientation RR...
[M::mem_pestat] (25, 50, 75) percentile: (1293, 3010, 7083)
[M::mem_pestat] low and high boundaries for computing mean and std.dev: (1, 18663)
[M::mem_pestat] mean and std.dev: (3578.55, 2701.07)
[M::mem_pestat] low and high boundaries for proper pairs: (1, 24453)
[M::mem_pestat] skip orientation FF
[M::mem_pestat] skip orientation RF
[M::mem_pestat] skip orientation RR
[M::mem_process_seqs] Processed 1067292 reads in 67.043 CPU sec, 4.395 real sec
[M::process] read 1067332 sequences (160000088 bp)...
[M::mem_pestat] # candidate unique pairs for (FF, FR, RF, RR): (137, 518082, 12, 12)
[M::mem_pestat] analyzing insert size distribution for orientation FF...
[M::mem_pestat] (25, 50, 75) percentile: (1, 1, 3)
[M::mem_pestat] low and high boundaries for computing mean and std.dev: (1, 7)
[M::mem_pestat] mean and std.dev: (1.64, 0.88)
[M::mem_pestat] low and high boundaries for proper pairs: (1, 9)
[M::mem_pestat] analyzing insert size distribution for orientation FR...
[M::mem_pestat] (25, 50, 75) percentile: (284, 332, 379)
[M::mem_pestat] low and high boundaries for computing mean and std.dev: (94, 569)
[M::mem_pestat] mean and std.dev: (332.14, 70.42)
[M::mem_pestat] low and high boundaries for proper pairs: (1, 664)
[M::mem_pestat] analyzing insert size distribution for orientation RF...
[M::mem_pestat] (25, 50, 75) percentile: (922, 2992, 7435)
[M::mem_pestat] low and high boundaries for computing mean and std.dev: (1, 20461)
[M::mem_pestat] mean and std.dev: (3940.25, 3540.75)
[M::mem_pestat] low and high boundaries for proper pairs: (1, 26974)
[M::mem_pestat] analyzing insert size distribution for orientation RR...
[M::mem_pestat] (25, 50, 75) percentile: (12, 3976, 8241)
[M::mem_pestat] low and high boundaries for computing mean and std.dev: (1, 24699)
[M::mem_pestat] mean and std.dev: (3887.92, 4104.40)
[M::mem_pestat] low and high boundaries for proper pairs: (1, 32928)
[M::mem_pestat] skip orientation FF
[M::mem_pestat] skip orientation RF
[M::mem_pestat] skip orientation RR
[M::mem_process_seqs] Processed 1067394 reads in 69.589 CPU sec, 4.535 real sec
[M::process] read 1067312 sequences (160000072 bp)...
[M::mem_pestat] # candidate unique pairs for (FF, FR, RF, RR): (149, 517069, 10, 18)
[M::mem_pestat] analyzing insert size distribution for orientation FF...
[M::mem_pestat] (25, 50, 75) percentile: (1, 1, 3)
[M::mem_pestat] low and high boundaries for computing mean and std.dev: (1, 7)
[M::mem_pestat] mean and std.dev: (1.77, 0.90)
[M::mem_pestat] low and high boundaries for proper pairs: (1, 9)
[M::mem_pestat] analyzing insert size distribution for orientation FR...
[M::mem_pestat] (25, 50, 75) percentile: (286, 336, 384)
[M::mem_pestat] low and high boundaries for computing mean and std.dev: (90, 580)
[M::mem_pestat] mean and std.dev: (335.51, 71.37)
[M::mem_pestat] low and high boundaries for proper pairs: (1, 678)
[M::mem_pestat] analyzing insert size distribution for orientation RF...
[M::mem_pestat] (25, 50, 75) percentile: (2495, 4364, 7118)
[M::mem_pestat] low and high boundaries for computing mean and std.dev: (1, 16364)
[M::mem_pestat] mean and std.dev: (4327.80, 2343.72)
[M::mem_pestat] low and high boundaries for proper pairs: (1, 20987)
[M::mem_pestat] analyzing insert size distribution for orientation RR...
[M::mem_pestat] (25, 50, 75) percentile: (18, 5350, 8352)
[M::mem_pestat] low and high boundaries for computing mean and std.dev: (1, 25020)
[M::mem_pestat] mean and std.dev: (4091.39, 3479.07)
[M::mem_pestat] low and high boundaries for proper pairs: (1, 33354)
[M::mem_pestat] skip orientation FF
[M::mem_pestat] skip orientation RF
[M::mem_pestat] skip orientation RR
[M::mem_process_seqs] Processed 1067332 reads in 72.362 CPU sec, 4.762 real sec
[M::process] read 1067312 sequences (160000044 bp)...
[M::mem_pestat] # candidate unique pairs for (FF, FR, RF, RR): (130, 517217, 14, 11)
[M::mem_pestat] analyzing insert size distribution for orientation FF...
[M::mem_pestat] (25, 50, 75) percentile: (1, 1, 3)
[M::mem_pestat] low and high boundaries for computing mean and std.dev: (1, 7)
[M::mem_pestat] mean and std.dev: (1.77, 0.93)
[M::mem_pestat] low and high boundaries for proper pairs: (1, 9)
[M::mem_pestat] analyzing insert size distribution for orientation FR...
[M::mem_pestat] (25, 50, 75) percentile: (286, 335, 383)
[M::mem_pestat] low and high boundaries for computing mean and std.dev: (92, 577)
[M::mem_pestat] mean and std.dev: (335.09, 71.04)
[M::mem_pestat] low and high boundaries for proper pairs: (1, 674)
[M::mem_pestat] analyzing insert size distribution for orientation RF...
[M::mem_pestat] (25, 50, 75) percentile: (352, 1472, 8582)
[M::mem_pestat] low and high boundaries for computing mean and std.dev: (1, 25042)
[M::mem_pestat] mean and std.dev: (3347.50, 3688.34)
[M::mem_pestat] low and high boundaries for proper pairs: (1, 33272)
[M::mem_pestat] analyzing insert size distribution for orientation RR...
[M::mem_pestat] (25, 50, 75) percentile: (12, 1787, 5859)
[M::mem_pestat] low and high boundaries for computing mean and std.dev: (1, 17553)
[M::mem_pestat] mean and std.dev: (3124.73, 3474.12)
[M::mem_pestat] low and high boundaries for proper pairs: (1, 23400)
[M::mem_pestat] skip orientation FF
[M::mem_pestat] skip orientation RF
[M::mem_pestat] skip orientation RR
[M::mem_process_seqs] Processed 1067312 reads in 70.817 CPU sec, 4.586 real sec
[M::process] read 1067262 sequences (160000212 bp)...
[M::mem_pestat] # candidate unique pairs for (FF, FR, RF, RR): (129, 517066, 5, 3)
[M::mem_pestat] analyzing insert size distribution for orientation FF...
[M::mem_pestat] (25, 50, 75) percentile: (1, 1, 3)
[M::mem_pestat] low and high boundaries for computing mean and std.dev: (1, 7)
[M::mem_pestat] mean and std.dev: (1.85, 0.95)
[M::mem_pestat] low and high boundaries for proper pairs: (1, 9)
[M::mem_pestat] analyzing insert size distribution for orientation FR...
[M::mem_pestat] (25, 50, 75) percentile: (285, 334, 381)
[M::mem_pestat] low and high boundaries for computing mean and std.dev: (93, 573)
[M::mem_pestat] mean and std.dev: (333.82, 70.83)
[M::mem_pestat] low and high boundaries for proper pairs: (1, 669)
[M::mem_pestat] skip orientation RF as there are not enough pairs
[M::mem_pestat] skip orientation RR as there are not enough pairs
[M::mem_pestat] skip orientation FF
[M::mem_process_seqs] Processed 1067312 reads in 67.022 CPU sec, 4.527 real sec
[M::process] read 1067340 sequences (160000168 bp)...
[M::mem_pestat] # candidate unique pairs for (FF, FR, RF, RR): (104, 517116, 3, 5)
[M::mem_pestat] analyzing insert size distribution for orientation FF...
[M::mem_pestat] (25, 50, 75) percentile: (1, 1, 3)
[M::mem_pestat] low and high boundaries for computing mean and std.dev: (1, 7)
[M::mem_pestat] mean and std.dev: (1.69, 0.89)
[M::mem_pestat] low and high boundaries for proper pairs: (1, 9)
[M::mem_pestat] analyzing insert size distribution for orientation FR...
[M::mem_pestat] (25, 50, 75) percentile: (286, 334, 381)
[M::mem_pestat] low and high boundaries for computing mean and std.dev: (96, 571)
[M::mem_pestat] mean and std.dev: (333.93, 70.32)
[M::mem_pestat] low and high boundaries for proper pairs: (1, 666)
[M::mem_pestat] skip orientation RF as there are not enough pairs
[M::mem_pestat] skip orientation RR as there are not enough pairs
[M::mem_pestat] skip orientation FF
[M::mem_process_seqs] Processed 1067262 reads in 70.257 CPU sec, 4.593 real sec
[M::process] read 1067340 sequences (160000194 bp)...
[M::mem_pestat] # candidate unique pairs for (FF, FR, RF, RR): (184, 517408, 3, 12)
[M::mem_pestat] analyzing insert size distribution for orientation FF...
[M::mem_pestat] (25, 50, 75) percentile: (1, 1, 3)
[M::mem_pestat] low and high boundaries for computing mean and std.dev: (1, 7)
[M::mem_pestat] mean and std.dev: (1.67, 0.89)
[M::mem_pestat] low and high boundaries for proper pairs: (1, 9)
[M::mem_pestat] analyzing insert size distribution for orientation FR...
[M::mem_pestat] (25, 50, 75) percentile: (284, 333, 381)
[M::mem_pestat] low and high boundaries for computing mean and std.dev: (90, 575)
[M::mem_pestat] mean and std.dev: (333.18, 71.05)
[M::mem_pestat] low and high boundaries for proper pairs: (1, 672)
[M::mem_pestat] skip orientation RF as there are not enough pairs
[M::mem_pestat] analyzing insert size distribution for orientation RR...
[M::mem_pestat] (25, 50, 75) percentile: (11, 1116, 4237)
[M::mem_pestat] low and high boundaries for computing mean and std.dev: (1, 12689)
[M::mem_pestat] mean and std.dev: (2140.33, 2410.69)
[M::mem_pestat] low and high boundaries for proper pairs: (1, 16915)
[M::mem_pestat] skip orientation FF
[M::mem_pestat] skip orientation RR
[M::mem_process_seqs] Processed 1067340 reads in 74.473 CPU sec, 4.810 real sec
[M::process] read 1067276 sequences (160000184 bp)...
[M::mem_pestat] # candidate unique pairs for (FF, FR, RF, RR): (138, 517367, 8, 9)
[M::mem_pestat] analyzing insert size distribution for orientation FF...
[M::mem_pestat] (25, 50, 75) percentile: (1, 1, 3)
[M::mem_pestat] low and high boundaries for computing mean and std.dev: (1, 7)
[M::mem_pestat] mean and std.dev: (1.79, 0.92)
[M::mem_pestat] low and high boundaries for proper pairs: (1, 9)
[M::mem_pestat] analyzing insert size distribution for orientation FR...
[M::mem_pestat] (25, 50, 75) percentile: (286, 335, 382)
[M::mem_pestat] low and high boundaries for computing mean and std.dev: (94, 574)
[M::mem_pestat] mean and std.dev: (334.65, 71.14)
[M::mem_pestat] low and high boundaries for proper pairs: (1, 670)
[M::mem_pestat] skip orientation RF as there are not enough pairs
[M::mem_pestat] skip orientation RR as there are not enough pairs
[M::mem_pestat] skip orientation FF
[M::mem_process_seqs] Processed 1067340 reads in 71.551 CPU sec, 4.651 real sec
[M::process] read 1067280 sequences (160000132 bp)...
[M::mem_pestat] # candidate unique pairs for (FF, FR, RF, RR): (114, 516954, 5, 3)
[M::mem_pestat] analyzing insert size distribution for orientation FF...
[M::mem_pestat] (25, 50, 75) percentile: (1, 1, 3)
[M::mem_pestat] low and high boundaries for computing mean and std.dev: (1, 7)
[M::mem_pestat] mean and std.dev: (1.53, 0.78)
[M::mem_pestat] low and high boundaries for proper pairs: (1, 9)
[M::mem_pestat] analyzing insert size distribution for orientation FR...
[M::mem_pestat] (25, 50, 75) percentile: (286, 335, 382)
[M::mem_pestat] low and high boundaries for computing mean and std.dev: (94, 574)
[M::mem_pestat] mean and std.dev: (334.82, 70.83)
[M::mem_pestat] low and high boundaries for proper pairs: (1, 670)
[M::mem_pestat] skip orientation RF as there are not enough pairs
[M::mem_pestat] skip orientation RR as there are not enough pairs
[M::mem_pestat] skip orientation FF
[M::mem_process_seqs] Processed 1067276 reads in 71.331 CPU sec, 4.619 real sec
[M::process] read 1067350 sequences (160000156 bp)...
[M::mem_pestat] # candidate unique pairs for (FF, FR, RF, RR): (131, 516832, 10, 16)
[M::mem_pestat] analyzing insert size distribution for orientation FF...
[M::mem_pestat] (25, 50, 75) percentile: (1, 1, 3)
[M::mem_pestat] low and high boundaries for computing mean and std.dev: (1, 7)
[M::mem_pestat] mean and std.dev: (1.74, 0.94)
[M::mem_pestat] low and high boundaries for proper pairs: (1, 9)
[M::mem_pestat] analyzing insert size distribution for orientation FR...
[M::mem_pestat] (25, 50, 75) percentile: (285, 334, 381)
[M::mem_pestat] low and high boundaries for computing mean and std.dev: (93, 573)
[M::mem_pestat] mean and std.dev: (333.87, 70.90)
[M::mem_pestat] low and high boundaries for proper pairs: (1, 669)
[M::mem_pestat] analyzing insert size distribution for orientation RF...
[M::mem_pestat] (25, 50, 75) percentile: (263, 4279, 6213)
[M::mem_pestat] low and high boundaries for computing mean and std.dev: (1, 18113)
[M::mem_pestat] mean and std.dev: (3623.60, 3667.67)
[M::mem_pestat] low and high boundaries for proper pairs: (1, 24063)
[M::mem_pestat] analyzing insert size distribution for orientation RR...
[M::mem_pestat] (25, 50, 75) percentile: (11, 755, 3016)
[M::mem_pestat] low and high boundaries for computing mean and std.dev: (1, 9026)
[M::mem_pestat] mean and std.dev: (1495.75, 2010.60)
[M::mem_pestat] low and high boundaries for proper pairs: (1, 12031)
[M::mem_pestat] skip orientation FF
[M::mem_pestat] skip orientation RF
[M::mem_pestat] skip orientation RR
[M::mem_process_seqs] Processed 1067280 reads in 69.603 CPU sec, 4.551 real sec
[M::process] read 1067360 sequences (160000178 bp)...
[M::mem_pestat] # candidate unique pairs for (FF, FR, RF, RR): (154, 516754, 6, 12)
[M::mem_pestat] analyzing insert size distribution for orientation FF...
[M::mem_pestat] (25, 50, 75) percentile: (1, 1, 3)
[M::mem_pestat] low and high boundaries for computing mean and std.dev: (1, 7)
[M::mem_pestat] mean and std.dev: (1.84, 0.96)
[M::mem_pestat] low and high boundaries for proper pairs: (1, 9)
[M::mem_pestat] analyzing insert size distribution for orientation FR...
[M::mem_pestat] (25, 50, 75) percentile: (283, 333, 381)
[M::mem_pestat] low and high boundaries for computing mean and std.dev: (87, 577)
[M::mem_pestat] mean and std.dev: (332.83, 71.37)
[M::mem_pestat] low and high boundaries for proper pairs: (1, 675)
[M::mem_pestat] skip orientation RF as there are not enough pairs
[M::mem_pestat] analyzing insert size distribution for orientation RR...
[M::mem_pestat] (25, 50, 75) percentile: (11, 2120, 5094)
[M::mem_pestat] low and high boundaries for computing mean and std.dev: (1, 15260)
[M::mem_pestat] mean and std.dev: (2698.83, 3501.94)
[M::mem_pestat] low and high boundaries for proper pairs: (1, 20343)
[M::mem_pestat] skip orientation FF
[M::mem_pestat] skip orientation RR
[M::mem_process_seqs] Processed 1067350 reads in 77.887 CPU sec, 5.121 real sec
[M::process] read 1067314 sequences (160000242 bp)...
[M::mem_pestat] # candidate unique pairs for (FF, FR, RF, RR): (141, 517237, 9, 6)
[M::mem_pestat] analyzing insert size distribution for orientation FF...
[M::mem_pestat] (25, 50, 75) percentile: (1, 1, 3)
[M::mem_pestat] low and high boundaries for computing mean and std.dev: (1, 7)
[M::mem_pestat] mean and std.dev: (1.62, 0.86)
[M::mem_pestat] low and high boundaries for proper pairs: (1, 9)
[M::mem_pestat] analyzing insert size distribution for orientation FR...
[M::mem_pestat] (25, 50, 75) percentile: (286, 334, 382)
[M::mem_pestat] low and high boundaries for computing mean and std.dev: (94, 574)
[M::mem_pestat] mean and std.dev: (334.43, 70.92)
[M::mem_pestat] low and high boundaries for proper pairs: (1, 670)
[M::mem_pestat] skip orientation RF as there are not enough pairs
[M::mem_pestat] skip orientation RR as there are not enough pairs
[M::mem_pestat] skip orientation FF
[M::mem_process_seqs] Processed 1067360 reads in 73.059 CPU sec, 4.755 real sec
[M::process] read 1067266 sequences (160000026 bp)...
[M::mem_pestat] # candidate unique pairs for (FF, FR, RF, RR): (126, 517639, 5, 14)
[M::mem_pestat] analyzing insert size distribution for orientation FF...
[M::mem_pestat] (25, 50, 75) percentile: (1, 1, 3)
[M::mem_pestat] low and high boundaries for computing mean and std.dev: (1, 7)
[M::mem_pestat] mean and std.dev: (1.62, 0.86)
[M::mem_pestat] low and high boundaries for proper pairs: (1, 9)
[M::mem_pestat] analyzing insert size distribution for orientation FR...
[M::mem_pestat] (25, 50, 75) percentile: (285, 334, 382)
[M::mem_pestat] low and high boundaries for computing mean and std.dev: (91, 576)
[M::mem_pestat] mean and std.dev: (334.05, 70.87)
[M::mem_pestat] low and high boundaries for proper pairs: (1, 673)
[M::mem_pestat] skip orientation RF as there are not enough pairs
[M::mem_pestat] analyzing insert size distribution for orientation RR...
[M::mem_pestat] (25, 50, 75) percentile: (31, 3300, 7111)
[M::mem_pestat] low and high boundaries for computing mean and std.dev: (1, 21271)
[M::mem_pestat] mean and std.dev: (3663.50, 3200.29)
[M::mem_pestat] low and high boundaries for proper pairs: (1, 28351)
[M::mem_pestat] skip orientation FF
[M::mem_pestat] skip orientation RR
[M::mem_process_seqs] Processed 1067314 reads in 68.321 CPU sec, 4.671 real sec
[M::process] read 1067338 sequences (160000160 bp)...
[M::mem_pestat] # candidate unique pairs for (FF, FR, RF, RR): (95, 517342, 8, 16)
[M::mem_pestat] analyzing insert size distribution for orientation FF...
[M::mem_pestat] (25, 50, 75) percentile: (1, 2, 3)
[M::mem_pestat] low and high boundaries for computing mean and std.dev: (1, 7)
[M::mem_pestat] mean and std.dev: (1.89, 1.03)
[M::mem_pestat] low and high boundaries for proper pairs: (1, 9)
[M::mem_pestat] analyzing insert size distribution for orientation FR...
[M::mem_pestat] (25, 50, 75) percentile: (285, 334, 382)
[M::mem_pestat] low and high boundaries for computing mean and std.dev: (91, 576)
[M::mem_pestat] mean and std.dev: (333.93, 70.96)
[M::mem_pestat] low and high boundaries for proper pairs: (1, 673)
[M::mem_pestat] skip orientation RF as there are not enough pairs
[M::mem_pestat] analyzing insert size distribution for orientation RR...
[M::mem_pestat] (25, 50, 75) percentile: (11, 12, 2992)
[M::mem_pestat] low and high boundaries for computing mean and std.dev: (1, 8954)
[M::mem_pestat] mean and std.dev: (1378.07, 2897.74)
[M::mem_pestat] low and high boundaries for proper pairs: (1, 12969)
[M::mem_pestat] skip orientation FF
[M::mem_pestat] skip orientation RR
[M::mem_process_seqs] Processed 1067266 reads in 66.990 CPU sec, 4.431 real sec
[M::process] read 1067392 sequences (160000124 bp)...
[M::mem_pestat] # candidate unique pairs for (FF, FR, RF, RR): (158, 517414, 6, 16)
[M::mem_pestat] analyzing insert size distribution for orientation FF...
[M::mem_pestat] (25, 50, 75) percentile: (1, 1, 3)
[M::mem_pestat] low and high boundaries for computing mean and std.dev: (1, 7)
[M::mem_pestat] mean and std.dev: (1.84, 0.99)
[M::mem_pestat] low and high boundaries for proper pairs: (1, 9)
[M::mem_pestat] analyzing insert size distribution for orientation FR...
[M::mem_pestat] (25, 50, 75) percentile: (284, 333, 381)
[M::mem_pestat] low and high boundaries for computing mean and std.dev: (90, 575)
[M::mem_pestat] mean and std.dev: (332.88, 71.12)
[M::mem_pestat] low and high boundaries for proper pairs: (1, 672)
[M::mem_pestat] skip orientation RF as there are not enough pairs
[M::mem_pestat] analyzing insert size distribution for orientation RR...
[M::mem_pestat] (25, 50, 75) percentile: (11, 12, 4855)
[M::mem_pestat] low and high boundaries for computing mean and std.dev: (1, 14543)
[M::mem_pestat] mean and std.dev: (2494.25, 3184.95)
[M::mem_pestat] low and high boundaries for proper pairs: (1, 19387)
[M::mem_pestat] skip orientation FF
[M::mem_pestat] skip orientation RR
[M::mem_process_seqs] Processed 1067338 reads in 76.984 CPU sec, 4.966 real sec
[M::process] read 1067336 sequences (160000136 bp)...
[M::mem_pestat] # candidate unique pairs for (FF, FR, RF, RR): (174, 517849, 6, 13)
[M::mem_pestat] analyzing insert size distribution for orientation FF...
[M::mem_pestat] (25, 50, 75) percentile: (1, 1, 3)
[M::mem_pestat] low and high boundaries for computing mean and std.dev: (1, 7)
[M::mem_pestat] mean and std.dev: (1.81, 0.92)
[M::mem_pestat] low and high boundaries for proper pairs: (1, 9)
[M::mem_pestat] analyzing insert size distribution for orientation FR...
[M::mem_pestat] (25, 50, 75) percentile: (285, 334, 382)
[M::mem_pestat] low and high boundaries for computing mean and std.dev: (91, 576)
[M::mem_pestat] mean and std.dev: (334.00, 71.13)
[M::mem_pestat] low and high boundaries for proper pairs: (1, 673)
[M::mem_pestat] skip orientation RF as there are not enough pairs
[M::mem_pestat] analyzing insert size distribution for orientation RR...
[M::mem_pestat] (25, 50, 75) percentile: (11, 2888, 9657)
[M::mem_pestat] low and high boundaries for computing mean and std.dev: (1, 28949)
[M::mem_pestat] mean and std.dev: (3262.85, 3791.93)
[M::mem_pestat] low and high boundaries for proper pairs: (1, 38595)
[M::mem_pestat] skip orientation FF
[M::mem_pestat] skip orientation RR
[M::mem_process_seqs] Processed 1067392 reads in 72.801 CPU sec, 4.725 real sec
[M::process] read 1067374 sequences (160000278 bp)...
[M::mem_pestat] # candidate unique pairs for (FF, FR, RF, RR): (142, 517615, 5, 11)
[M::mem_pestat] analyzing insert size distribution for orientation FF...
[M::mem_pestat] (25, 50, 75) percentile: (1, 1, 3)
[M::mem_pestat] low and high boundaries for computing mean and std.dev: (1, 7)
[M::mem_pestat] mean and std.dev: (1.82, 1.03)
[M::mem_pestat] low and high boundaries for proper pairs: (1, 9)
[M::mem_pestat] analyzing insert size distribution for orientation FR...
[M::mem_pestat] (25, 50, 75) percentile: (285, 334, 382)
[M::mem_pestat] low and high boundaries for computing mean and std.dev: (91, 576)
[M::mem_pestat] mean and std.dev: (333.90, 70.85)
[M::mem_pestat] low and high boundaries for proper pairs: (1, 673)
[M::mem_pestat] skip orientation RF as there are not enough pairs
[M::mem_pestat] analyzing insert size distribution for orientation RR...
[M::mem_pestat] (25, 50, 75) percentile: (13, 757, 5264)
[M::mem_pestat] low and high boundaries for computing mean and std.dev: (1, 15766)
[M::mem_pestat] mean and std.dev: (2484.82, 2682.18)
[M::mem_pestat] low and high boundaries for proper pairs: (1, 21017)
[M::mem_pestat] skip orientation FF
[M::mem_pestat] skip orientation RR
[M::mem_process_seqs] Processed 1067336 reads in 70.411 CPU sec, 4.575 real sec
[M::process] read 1067336 sequences (160000066 bp)...
[M::mem_pestat] # candidate unique pairs for (FF, FR, RF, RR): (126, 517842, 6, 13)
[M::mem_pestat] analyzing insert size distribution for orientation FF...
[M::mem_pestat] (25, 50, 75) percentile: (1, 2, 3)
[M::mem_pestat] low and high boundaries for computing mean and std.dev: (1, 7)
[M::mem_pestat] mean and std.dev: (1.87, 0.93)
[M::mem_pestat] low and high boundaries for proper pairs: (1, 9)
[M::mem_pestat] analyzing insert size distribution for orientation FR...
[M::mem_pestat] (25, 50, 75) percentile: (285, 333, 381)
[M::mem_pestat] low and high boundaries for computing mean and std.dev: (93, 573)
[M::mem_pestat] mean and std.dev: (333.24, 70.61)
[M::mem_pestat] low and high boundaries for proper pairs: (1, 669)
[M::mem_pestat] skip orientation RF as there are not enough pairs
[M::mem_pestat] analyzing insert size distribution for orientation RR...
[M::mem_pestat] (25, 50, 75) percentile: (13, 396, 396)
[M::mem_pestat] low and high boundaries for computing mean and std.dev: (1, 1162)
[M::mem_pestat] mean and std.dev: (188.09, 189.88)
[M::mem_pestat] low and high boundaries for proper pairs: (1, 1545)
[M::mem_pestat] skip orientation FF
[M::mem_pestat] skip orientation RR
[M::mem_process_seqs] Processed 1067374 reads in 68.931 CPU sec, 4.536 real sec
[M::process] read 1067270 sequences (160000214 bp)...
[M::mem_pestat] # candidate unique pairs for (FF, FR, RF, RR): (133, 517247, 8, 18)
[M::mem_pestat] analyzing insert size distribution for orientation FF...
[M::mem_pestat] (25, 50, 75) percentile: (1, 1, 3)
[M::mem_pestat] low and high boundaries for computing mean and std.dev: (1, 7)
[M::mem_pestat] mean and std.dev: (1.66, 0.87)
[M::mem_pestat] low and high boundaries for proper pairs: (1, 9)
[M::mem_pestat] analyzing insert size distribution for orientation FR...
[M::mem_pestat] (25, 50, 75) percentile: (285, 333, 381)
[M::mem_pestat] low and high boundaries for computing mean and std.dev: (93, 573)
[M::mem_pestat] mean and std.dev: (333.27, 70.61)
[M::mem_pestat] low and high boundaries for proper pairs: (1, 669)
[M::mem_pestat] skip orientation RF as there are not enough pairs
[M::mem_pestat] analyzing insert size distribution for orientation RR...
[M::mem_pestat] (25, 50, 75) percentile: (10, 16, 2832)
[M::mem_pestat] low and high boundaries for computing mean and std.dev: (1, 8476)
[M::mem_pestat] mean and std.dev: (1378.47, 2440.98)
[M::mem_pestat] low and high boundaries for proper pairs: (1, 11298)
[M::mem_pestat] skip orientation FF
[M::mem_pestat] skip orientation RR
[M::mem_process_seqs] Processed 1067336 reads in 71.228 CPU sec, 4.623 real sec
[M::process] read 1067208 sequences (160000258 bp)...
[M::mem_pestat] # candidate unique pairs for (FF, FR, RF, RR): (71, 516144, 11, 5)
[M::mem_pestat] analyzing insert size distribution for orientation FF...
[M::mem_pestat] (25, 50, 75) percentile: (1, 1, 3)
[M::mem_pestat] low and high boundaries for computing mean and std.dev: (1, 7)
[M::mem_pestat] mean and std.dev: (1.56, 0.88)
[M::mem_pestat] low and high boundaries for proper pairs: (1, 9)
[M::mem_pestat] analyzing insert size distribution for orientation FR...
[M::mem_pestat] (25, 50, 75) percentile: (287, 336, 383)
[M::mem_pestat] low and high boundaries for computing mean and std.dev: (95, 575)
[M::mem_pestat] mean and std.dev: (335.77, 70.57)
[M::mem_pestat] low and high boundaries for proper pairs: (1, 671)
[M::mem_pestat] analyzing insert size distribution for orientation RF...
[M::mem_pestat] (25, 50, 75) percentile: (4488, 4488, 4880)
[M::mem_pestat] low and high boundaries for computing mean and std.dev: (3704, 5664)
[M::mem_pestat] mean and std.dev: (4565.12, 235.80)
[M::mem_pestat] low and high boundaries for proper pairs: (3312, 6056)
[M::mem_pestat] skip orientation RR as there are not enough pairs
[M::mem_pestat] skip orientation FF
[M::mem_pestat] skip orientation RF
[M::mem_process_seqs] Processed 1067270 reads in 82.035 CPU sec, 5.287 real sec
[M::process] read 1067214 sequences (160000010 bp)...
[M::mem_pestat] # candidate unique pairs for (FF, FR, RF, RR): (102, 515636, 12, 3)
[M::mem_pestat] analyzing insert size distribution for orientation FF...
[M::mem_pestat] (25, 50, 75) percentile: (1, 1, 2)
[M::mem_pestat] low and high boundaries for computing mean and std.dev: (1, 4)
[M::mem_pestat] mean and std.dev: (1.42, 0.79)
[M::mem_pestat] low and high boundaries for proper pairs: (1, 5)
[M::mem_pestat] analyzing insert size distribution for orientation FR...
[M::mem_pestat] (25, 50, 75) percentile: (289, 337, 384)
[M::mem_pestat] low and high boundaries for computing mean and std.dev: (99, 574)
[M::mem_pestat] mean and std.dev: (336.97, 70.34)
[M::mem_pestat] low and high boundaries for proper pairs: (4, 669)
[M::mem_pestat] analyzing insert size distribution for orientation RF...
[M::mem_pestat] (25, 50, 75) percentile: (358, 656, 7195)
[M::mem_pestat] low and high boundaries for computing mean and std.dev: (1, 20869)
[M::mem_pestat] mean and std.dev: (2788.17, 3224.94)
[M::mem_pestat] low and high boundaries for proper pairs: (1, 27706)
[M::mem_pestat] skip orientation RR as there are not enough pairs
[M::mem_pestat] skip orientation FF
[M::mem_pestat] skip orientation RF
[M::mem_process_seqs] Processed 1067208 reads in 86.766 CPU sec, 5.658 real sec
[M::process] read 1067222 sequences (160000216 bp)...
[M::mem_pestat] # candidate unique pairs for (FF, FR, RF, RR): (73, 515438, 14, 2)
[M::mem_pestat] analyzing insert size distribution for orientation FF...
[M::mem_pestat] (25, 50, 75) percentile: (1, 1, 3)
[M::mem_pestat] low and high boundaries for computing mean and std.dev: (1, 7)
[M::mem_pestat] mean and std.dev: (1.53, 0.82)
[M::mem_pestat] low and high boundaries for proper pairs: (1, 9)
[M::mem_pestat] analyzing insert size distribution for orientation FR...
[M::mem_pestat] (25, 50, 75) percentile: (289, 338, 385)
[M::mem_pestat] low and high boundaries for computing mean and std.dev: (97, 577)
[M::mem_pestat] mean and std.dev: (337.66, 70.59)
[M::mem_pestat] low and high boundaries for proper pairs: (1, 673)
[M::mem_pestat] analyzing insert size distribution for orientation RF...
[M::mem_pestat] (25, 50, 75) percentile: (1860, 5737, 8519)
[M::mem_pestat] low and high boundaries for computing mean and std.dev: (1, 21837)
[M::mem_pestat] mean and std.dev: (4841.57, 3429.48)
[M::mem_pestat] low and high boundaries for proper pairs: (1, 28496)
[M::mem_pestat] skip orientation RR as there are not enough pairs
[M::mem_pestat] skip orientation FF
[M::mem_pestat] skip orientation RF
[M::mem_process_seqs] Processed 1067214 reads in 87.790 CPU sec, 5.670 real sec
[M::process] read 1067194 sequences (160000114 bp)...
[M::mem_pestat] # candidate unique pairs for (FF, FR, RF, RR): (66, 516196, 17, 13)
[M::mem_pestat] analyzing insert size distribution for orientation FF...
[M::mem_pestat] (25, 50, 75) percentile: (1, 1, 3)
[M::mem_pestat] low and high boundaries for computing mean and std.dev: (1, 7)
[M::mem_pestat] mean and std.dev: (1.47, 0.83)
[M::mem_pestat] low and high boundaries for proper pairs: (1, 9)
[M::mem_pestat] analyzing insert size distribution for orientation FR...
[M::mem_pestat] (25, 50, 75) percentile: (288, 337, 384)
[M::mem_pestat] low and high boundaries for computing mean and std.dev: (96, 576)
[M::mem_pestat] mean and std.dev: (336.50, 70.48)
[M::mem_pestat] low and high boundaries for proper pairs: (1, 672)
[M::mem_pestat] analyzing insert size distribution for orientation RF...
[M::mem_pestat] (25, 50, 75) percentile: (4715, 6258, 6762)
[M::mem_pestat] low and high boundaries for computing mean and std.dev: (621, 10856)
[M::mem_pestat] mean and std.dev: (5499.71, 1951.26)
[M::mem_pestat] low and high boundaries for proper pairs: (1, 13305)
[M::mem_pestat] analyzing insert size distribution for orientation RR...
[M::mem_pestat] (25, 50, 75) percentile: (3727, 6895, 8226)
[M::mem_pestat] low and high boundaries for computing mean and std.dev: (1, 17224)
[M::mem_pestat] mean and std.dev: (5520.00, 3047.35)
[M::mem_pestat] low and high boundaries for proper pairs: (1, 21723)
[M::mem_pestat] skip orientation FF
[M::mem_pestat] skip orientation RF
[M::mem_pestat] skip orientation RR
[M::mem_process_seqs] Processed 1067222 reads in 81.676 CPU sec, 5.338 real sec
[M::process] read 1067276 sequences (160000036 bp)...
[M::mem_pestat] # candidate unique pairs for (FF, FR, RF, RR): (71, 515222, 9, 11)
[M::mem_pestat] analyzing insert size distribution for orientation FF...
[M::mem_pestat] (25, 50, 75) percentile: (1, 1, 3)
[M::mem_pestat] low and high boundaries for computing mean and std.dev: (1, 7)
[M::mem_pestat] mean and std.dev: (1.44, 0.81)
[M::mem_pestat] low and high boundaries for proper pairs: (1, 9)
[M::mem_pestat] analyzing insert size distribution for orientation FR...
[M::mem_pestat] (25, 50, 75) percentile: (289, 338, 385)
[M::mem_pestat] low and high boundaries for computing mean and std.dev: (97, 577)
[M::mem_pestat] mean and std.dev: (337.78, 70.70)
[M::mem_pestat] low and high boundaries for proper pairs: (1, 673)
[M::mem_pestat] skip orientation RF as there are not enough pairs
[M::mem_pestat] analyzing insert size distribution for orientation RR...
[M::mem_pestat] (25, 50, 75) percentile: (5055, 5370, 7646)
[M::mem_pestat] low and high boundaries for computing mean and std.dev: (1, 12828)
[M::mem_pestat] mean and std.dev: (5375.00, 2342.48)
[M::mem_pestat] low and high boundaries for proper pairs: (1, 15419)
[M::mem_pestat] skip orientation FF
[M::mem_pestat] skip orientation RR
[M::mem_process_seqs] Processed 1067194 reads in 89.568 CPU sec, 5.773 real sec
[M::process] read 1067210 sequences (160000042 bp)...
[M::mem_pestat] # candidate unique pairs for (FF, FR, RF, RR): (97, 515368, 3, 3)
[M::mem_pestat] analyzing insert size distribution for orientation FF...
[M::mem_pestat] (25, 50, 75) percentile: (1, 1, 1)
[M::mem_pestat] low and high boundaries for computing mean and std.dev: (1, 1)
[M::mem_pestat] mean and std.dev: (1.00, 0.00)
[M::mem_pestat] low and high boundaries for proper pairs: (1, 1)
[M::mem_pestat] analyzing insert size distribution for orientation FR...
[M::mem_pestat] (25, 50, 75) percentile: (289, 337, 384)
[M::mem_pestat] low and high boundaries for computing mean and std.dev: (99, 574)
[M::mem_pestat] mean and std.dev: (336.91, 70.55)
[M::mem_pestat] low and high boundaries for proper pairs: (4, 669)
[M::mem_pestat] skip orientation RF as there are not enough pairs
[M::mem_pestat] skip orientation RR as there are not enough pairs
[M::mem_pestat] skip orientation FF
[M::mem_process_seqs] Processed 1067276 reads in 91.006 CPU sec, 5.992 real sec
[M::process] read 1067234 sequences (160000014 bp)...
[M::mem_pestat] # candidate unique pairs for (FF, FR, RF, RR): (90, 515636, 14, 3)
[M::mem_pestat] analyzing insert size distribution for orientation FF...
[M::mem_pestat] (25, 50, 75) percentile: (1, 1, 2)
[M::mem_pestat] low and high boundaries for computing mean and std.dev: (1, 4)
[M::mem_pestat] mean and std.dev: (1.49, 0.83)
[M::mem_pestat] low and high boundaries for proper pairs: (1, 5)
[M::mem_pestat] analyzing insert size distribution for orientation FR...
[M::mem_pestat] (25, 50, 75) percentile: (291, 339, 387)
[M::mem_pestat] low and high boundaries for computing mean and std.dev: (99, 579)
[M::mem_pestat] mean and std.dev: (339.05, 70.71)
[M::mem_pestat] low and high boundaries for proper pairs: (3, 675)
[M::mem_pestat] analyzing insert size distribution for orientation RF...
[M::mem_pestat] (25, 50, 75) percentile: (455, 1025, 5456)
[M::mem_pestat] low and high boundaries for computing mean and std.dev: (1, 15458)
[M::mem_pestat] mean and std.dev: (2903.79, 2772.74)
[M::mem_pestat] low and high boundaries for proper pairs: (1, 20459)
[M::mem_pestat] skip orientation RR as there are not enough pairs
[M::mem_pestat] skip orientation FF
[M::mem_pestat] skip orientation RF
[M::mem_process_seqs] Processed 1067210 reads in 85.227 CPU sec, 5.512 real sec
[M::process] read 1067258 sequences (160000008 bp)...
[M::mem_pestat] # candidate unique pairs for (FF, FR, RF, RR): (68, 515645, 9, 1)
[M::mem_pestat] analyzing insert size distribution for orientation FF...
[M::mem_pestat] (25, 50, 75) percentile: (1, 1, 2)
[M::mem_pestat] low and high boundaries for computing mean and std.dev: (1, 4)
[M::mem_pestat] mean and std.dev: (1.30, 0.64)
[M::mem_pestat] low and high boundaries for proper pairs: (1, 5)
[M::mem_pestat] analyzing insert size distribution for orientation FR...
[M::mem_pestat] (25, 50, 75) percentile: (292, 340, 388)
[M::mem_pestat] low and high boundaries for computing mean and std.dev: (100, 580)
[M::mem_pestat] mean and std.dev: (340.01, 70.89)
[M::mem_pestat] low and high boundaries for proper pairs: (4, 676)
[M::mem_pestat] skip orientation RF as there are not enough pairs
[M::mem_pestat] skip orientation RR as there are not enough pairs
[M::mem_pestat] skip orientation FF
[M::mem_process_seqs] Processed 1067234 reads in 88.822 CPU sec, 5.742 real sec
[M::process] read 1067202 sequences (160000116 bp)...
[M::mem_pestat] # candidate unique pairs for (FF, FR, RF, RR): (93, 515685, 8, 2)
[M::mem_pestat] analyzing insert size distribution for orientation FF...
[M::mem_pestat] (25, 50, 75) percentile: (1, 1, 2)
[M::mem_pestat] low and high boundaries for computing mean and std.dev: (1, 4)
[M::mem_pestat] mean and std.dev: (1.45, 0.77)
[M::mem_pestat] low and high boundaries for proper pairs: (1, 5)
[M::mem_pestat] analyzing insert size distribution for orientation FR...
[M::mem_pestat] (25, 50, 75) percentile: (290, 339, 386)
[M::mem_pestat] low and high boundaries for computing mean and std.dev: (98, 578)
[M::mem_pestat] mean and std.dev: (338.34, 70.86)
[M::mem_pestat] low and high boundaries for proper pairs: (2, 674)
[M::mem_pestat] skip orientation RF as there are not enough pairs
[M::mem_pestat] skip orientation RR as there are not enough pairs
[M::mem_pestat] skip orientation FF
[M::mem_process_seqs] Processed 1067258 reads in 89.591 CPU sec, 5.835 real sec
[M::process] read 1067232 sequences (160000262 bp)...
[M::mem_pestat] # candidate unique pairs for (FF, FR, RF, RR): (78, 514901, 8, 15)
[M::mem_pestat] analyzing insert size distribution for orientation FF...
[M::mem_pestat] (25, 50, 75) percentile: (1, 1, 2)
[M::mem_pestat] low and high boundaries for computing mean and std.dev: (1, 4)
[M::mem_pestat] mean and std.dev: (1.41, 0.73)
[M::mem_pestat] low and high boundaries for proper pairs: (1, 5)
[M::mem_pestat] analyzing insert size distribution for orientation FR...
[M::mem_pestat] (25, 50, 75) percentile: (292, 340, 388)
[M::mem_pestat] low and high boundaries for computing mean and std.dev: (100, 580)
[M::mem_pestat] mean and std.dev: (340.09, 70.91)
[M::mem_pestat] low and high boundaries for proper pairs: (4, 676)
[M::mem_pestat] skip orientation RF as there are not enough pairs
[M::mem_pestat] analyzing insert size distribution for orientation RR...
[M::mem_pestat] (25, 50, 75) percentile: (1301, 2745, 3715)
[M::mem_pestat] low and high boundaries for computing mean and std.dev: (1, 8543)
[M::mem_pestat] mean and std.dev: (2844.64, 2112.06)
[M::mem_pestat] low and high boundaries for proper pairs: (1, 11293)
[M::mem_pestat] skip orientation FF
[M::mem_pestat] skip orientation RR
[M::mem_process_seqs] Processed 1067202 reads in 91.590 CPU sec, 5.878 real sec
[M::process] read 1067242 sequences (160000204 bp)...
[M::mem_pestat] # candidate unique pairs for (FF, FR, RF, RR): (76, 515128, 14, 4)
[M::mem_pestat] analyzing insert size distribution for orientation FF...
[M::mem_pestat] (25, 50, 75) percentile: (1, 1, 2)
[M::mem_pestat] low and high boundaries for computing mean and std.dev: (1, 4)
[M::mem_pestat] mean and std.dev: (1.26, 0.66)
[M::mem_pestat] low and high boundaries for proper pairs: (1, 5)
[M::mem_pestat] analyzing insert size distribution for orientation FR...
[M::mem_pestat] (25, 50, 75) percentile: (291, 340, 387)
[M::mem_pestat] low and high boundaries for computing mean and std.dev: (99, 579)
[M::mem_pestat] mean and std.dev: (339.18, 70.98)
[M::mem_pestat] low and high boundaries for proper pairs: (3, 675)
[M::mem_pestat] analyzing insert size distribution for orientation RF...
[M::mem_pestat] (25, 50, 75) percentile: (1036, 2124, 4078)
[M::mem_pestat] low and high boundaries for computing mean and std.dev: (1, 10162)
[M::mem_pestat] mean and std.dev: (2715.36, 2121.04)
[M::mem_pestat] low and high boundaries for proper pairs: (1, 13204)
[M::mem_pestat] skip orientation RR as there are not enough pairs
[M::mem_pestat] skip orientation FF
[M::mem_pestat] skip orientation RF
[M::mem_process_seqs] Processed 1067232 reads in 93.426 CPU sec, 6.118 real sec
[M::process] read 1067214 sequences (160000182 bp)...
[M::mem_pestat] # candidate unique pairs for (FF, FR, RF, RR): (85, 515142, 13, 4)
[M::mem_pestat] analyzing insert size distribution for orientation FF...
[M::mem_pestat] (25, 50, 75) percentile: (1, 1, 3)
[M::mem_pestat] low and high boundaries for computing mean and std.dev: (1, 7)
[M::mem_pestat] mean and std.dev: (1.37, 0.76)
[M::mem_pestat] low and high boundaries for proper pairs: (1, 9)
[M::mem_pestat] analyzing insert size distribution for orientation FR...
[M::mem_pestat] (25, 50, 75) percentile: (290, 339, 386)
[M::mem_pestat] low and high boundaries for computing mean and std.dev: (98, 578)
[M::mem_pestat] mean and std.dev: (338.55, 71.19)
[M::mem_pestat] low and high boundaries for proper pairs: (2, 674)
[M::mem_pestat] analyzing insert size distribution for orientation RF...
[M::mem_pestat] (25, 50, 75) percentile: (1507, 5538, 7813)
[M::mem_pestat] low and high boundaries for computing mean and std.dev: (1, 20425)
[M::mem_pestat] mean and std.dev: (4776.08, 2945.39)
[M::mem_pestat] low and high boundaries for proper pairs: (1, 26731)
[M::mem_pestat] skip orientation RR as there are not enough pairs
[M::mem_pestat] skip orientation FF
[M::mem_pestat] skip orientation RF
[M::mem_process_seqs] Processed 1067242 reads in 92.748 CPU sec, 6.048 real sec
[M::process] read 330370 sequences (49531066 bp)...
[M::mem_pestat] # candidate unique pairs for (FF, FR, RF, RR): (64, 514942, 16, 8)
[M::mem_pestat] analyzing insert size distribution for orientation FF...
[M::mem_pestat] (25, 50, 75) percentile: (1, 1, 2)
[M::mem_pestat] low and high boundaries for computing mean and std.dev: (1, 4)
[M::mem_pestat] mean and std.dev: (1.31, 0.67)
[M::mem_pestat] low and high boundaries for proper pairs: (1, 5)
[M::mem_pestat] analyzing insert size distribution for orientation FR...
[M::mem_pestat] (25, 50, 75) percentile: (292, 341, 388)
[M::mem_pestat] low and high boundaries for computing mean and std.dev: (100, 580)
[M::mem_pestat] mean and std.dev: (340.36, 70.67)
[M::mem_pestat] low and high boundaries for proper pairs: (4, 676)
[M::mem_pestat] analyzing insert size distribution for orientation RF...
[M::mem_pestat] (25, 50, 75) percentile: (347, 6031, 7359)
[M::mem_pestat] low and high boundaries for computing mean and std.dev: (1, 21383)
[M::mem_pestat] mean and std.dev: (4254.50, 3268.91)
[M::mem_pestat] low and high boundaries for proper pairs: (1, 28395)
[M::mem_pestat] skip orientation RR as there are not enough pairs
[M::mem_pestat] skip orientation FF
[M::mem_pestat] skip orientation RF
[M::mem_process_seqs] Processed 1067214 reads in 92.306 CPU sec, 5.939 real sec
[M::mem_pestat] # candidate unique pairs for (FF, FR, RF, RR): (41, 159402, 3, 0)
[M::mem_pestat] analyzing insert size distribution for orientation FF...
[M::mem_pestat] (25, 50, 75) percentile: (1, 1, 3)
[M::mem_pestat] low and high boundaries for computing mean and std.dev: (1, 7)
[M::mem_pestat] mean and std.dev: (1.55, 0.84)
[M::mem_pestat] low and high boundaries for proper pairs: (1, 9)
[M::mem_pestat] analyzing insert size distribution for orientation FR...
[M::mem_pestat] (25, 50, 75) percentile: (292, 341, 389)
[M::mem_pestat] low and high boundaries for computing mean and std.dev: (98, 583)
[M::mem_pestat] mean and std.dev: (340.77, 71.04)
[M::mem_pestat] low and high boundaries for proper pairs: (1, 680)
[M::mem_pestat] skip orientation RF as there are not enough pairs
[M::mem_pestat] skip orientation RR as there are not enough pairs
[M::mem_pestat] skip orientation FF
[M::mem_process_seqs] Processed 330370 reads in 28.762 CPU sec, 1.893 real sec
[main] Version: 0.7.17-r1188
[main] CMD: bwa mem -t 16 /data/NCBR/projects/NCBR-492/data/manual_analysis/MAGs/SF18_metawrap.bin.1.fa /data/NCBR/projects/NCBR-492/data/manual_analysis/fastp/SF18.trimmed.R1.fastq /data/NCBR/projects/NCBR-492/data/manual_analysis/fastp/SF18.trimmed.R2.fastq
[main] Real time: 239.997 sec; CPU: 3656.152 sec
