gzip: /data/NCBR/projects/NCBR-492/data/manual_analysis/fastp/*.gz: No such file or directory
ln: failed to create symbolic link '/data/NCBR/projects/NCBR-492/data/manual_analysis/fastp/SF18.trimmed_1.fastq': File exists
ln: failed to create symbolic link '/data/NCBR/projects/NCBR-492/data/manual_analysis/fastp/SF18.trimmed_2.fastq': File exists
stty: 'standard input': Inappropriate ioctl for device
rm: cannot remove '/data/NCBR/projects/NCBR-492/data/manual_analysis/binning/SF18/*checkm': No such file or directory
[bwa_index] Pack FASTA... 0.02 sec
[bwa_index] Construct BWT for the packed sequence...
[bwa_index] 0.68 seconds elapse.
[bwa_index] Update BWT... 0.01 sec
[bwa_index] Pack forward-only FASTA... 0.01 sec
[bwa_index] Construct SA from BWT and Occ... 0.28 sec
[main] Version: 0.7.17-r1188
[main] CMD: bwa index /data/NCBR/projects/NCBR-492/data/manual_analysis/binning/SF18/work_files/assembly.fa
[main] Real time: 1.061 sec; CPU: 1.008 sec
[M::mem_pestat] skip orientation FF as there are not enough pairs
[M::mem_pestat] analyzing insert size distribution for orientation FR...
[M::mem_pestat] (25, 50, 75) percentile: (285, 334, 381)
[M::mem_pestat] low and high boundaries for computing mean and std.dev: (93, 573)
[M::mem_pestat] mean and std.dev: (333.32, 70.47)
[M::mem_pestat] low and high boundaries for proper pairs: (1, 669)
[M::mem_pestat] skip orientation RF as there are not enough pairs
[M::mem_pestat] skip orientation RR as there are not enough pairs
[M::mem_pestat] analyzing insert size distribution for orientation FF...
[M::mem_pestat] (25, 50, 75) percentile: (3242, 3475, 8296)
[M::mem_pestat] low and high boundaries for computing mean and std.dev: (1, 18404)
[M::mem_pestat] mean and std.dev: (5310.69, 2529.55)
[M::mem_pestat] low and high boundaries for proper pairs: (1, 23458)
[M::mem_pestat] analyzing insert size distribution for orientation FR...
[M::mem_pestat] (25, 50, 75) percentile: (284, 332, 379)
[M::mem_pestat] low and high boundaries for computing mean and std.dev: (94, 569)
[M::mem_pestat] mean and std.dev: (332.14, 70.23)
[M::mem_pestat] low and high boundaries for proper pairs: (1, 664)
[M::mem_pestat] analyzing insert size distribution for orientation RF...
[M::mem_pestat] (25, 50, 75) percentile: (1629, 6736, 8770)
[M::mem_pestat] low and high boundaries for computing mean and std.dev: (1, 23052)
[M::mem_pestat] mean and std.dev: (5639.23, 3328.35)
[M::mem_pestat] low and high boundaries for proper pairs: (1, 30193)
[M::mem_pestat] skip orientation RR as there are not enough pairs
[M::mem_pestat] skip orientation FF
[M::mem_pestat] skip orientation RF
[M::mem_pestat] skip orientation FF as there are not enough pairs
[M::mem_pestat] analyzing insert size distribution for orientation FR...
[M::mem_pestat] (25, 50, 75) percentile: (284, 333, 380)
[M::mem_pestat] low and high boundaries for computing mean and std.dev: (92, 572)
[M::mem_pestat] mean and std.dev: (332.58, 70.38)
[M::mem_pestat] low and high boundaries for proper pairs: (1, 668)
[M::mem_pestat] skip orientation RF as there are not enough pairs
[M::mem_pestat] skip orientation RR as there are not enough pairs
[M::mem_pestat] skip orientation FF as there are not enough pairs
[M::mem_pestat] analyzing insert size distribution for orientation FR...
[M::mem_pestat] (25, 50, 75) percentile: (285, 333, 381)
[M::mem_pestat] low and high boundaries for computing mean and std.dev: (93, 573)
[M::mem_pestat] mean and std.dev: (333.34, 70.37)
[M::mem_pestat] low and high boundaries for proper pairs: (1, 669)
[M::mem_pestat] skip orientation RF as there are not enough pairs
[M::mem_pestat] analyzing insert size distribution for orientation RR...
[M::mem_pestat] (25, 50, 75) percentile: (1264, 4262, 6779)
[M::mem_pestat] low and high boundaries for computing mean and std.dev: (1, 17809)
[M::mem_pestat] mean and std.dev: (3840.00, 2986.10)
[M::mem_pestat] low and high boundaries for proper pairs: (1, 23324)
[M::mem_pestat] skip orientation RR
[M::mem_pestat] skip orientation FF as there are not enough pairs
[M::mem_pestat] analyzing insert size distribution for orientation FR...
[M::mem_pestat] (25, 50, 75) percentile: (285, 334, 381)
[M::mem_pestat] low and high boundaries for computing mean and std.dev: (93, 573)
[M::mem_pestat] mean and std.dev: (333.69, 70.55)
[M::mem_pestat] low and high boundaries for proper pairs: (1, 669)
[M::mem_pestat] skip orientation RF as there are not enough pairs
[M::mem_pestat] skip orientation RR as there are not enough pairs
[M::mem_pestat] skip orientation FF as there are not enough pairs
[M::mem_pestat] analyzing insert size distribution for orientation FR...
[M::mem_pestat] (25, 50, 75) percentile: (286, 335, 382)
[M::mem_pestat] low and high boundaries for computing mean and std.dev: (94, 574)
[M::mem_pestat] mean and std.dev: (334.52, 70.50)
[M::mem_pestat] low and high boundaries for proper pairs: (1, 670)
[M::mem_pestat] skip orientation RF as there are not enough pairs
[M::mem_pestat] skip orientation RR as there are not enough pairs
[M::mem_pestat] skip orientation FF as there are not enough pairs
[M::mem_pestat] analyzing insert size distribution for orientation FR...
[M::mem_pestat] (25, 50, 75) percentile: (284, 333, 380)
[M::mem_pestat] low and high boundaries for computing mean and std.dev: (92, 572)
[M::mem_pestat] mean and std.dev: (332.97, 70.50)
[M::mem_pestat] low and high boundaries for proper pairs: (1, 668)
[M::mem_pestat] skip orientation RF as there are not enough pairs
[M::mem_pestat] skip orientation RR as there are not enough pairs
[M::mem_pestat] skip orientation FF as there are not enough pairs
[M::mem_pestat] analyzing insert size distribution for orientation FR...
[M::mem_pestat] (25, 50, 75) percentile: (284, 332, 380)
[M::mem_pestat] low and high boundaries for computing mean and std.dev: (92, 572)
[M::mem_pestat] mean and std.dev: (332.44, 70.35)
[M::mem_pestat] low and high boundaries for proper pairs: (1, 668)
[M::mem_pestat] skip orientation RF as there are not enough pairs
[M::mem_pestat] analyzing insert size distribution for orientation RR...
[M::mem_pestat] (25, 50, 75) percentile: (2403, 4060, 6669)
[M::mem_pestat] low and high boundaries for computing mean and std.dev: (1, 15201)
[M::mem_pestat] mean and std.dev: (4097.20, 2288.40)
[M::mem_pestat] low and high boundaries for proper pairs: (1, 19467)
[M::mem_pestat] skip orientation RR
[M::mem_pestat] skip orientation FF as there are not enough pairs
[M::mem_pestat] analyzing insert size distribution for orientation FR...
[M::mem_pestat] (25, 50, 75) percentile: (285, 333, 380)
[M::mem_pestat] low and high boundaries for computing mean and std.dev: (95, 570)
[M::mem_pestat] mean and std.dev: (333.23, 70.38)
[M::mem_pestat] low and high boundaries for proper pairs: (1, 665)
[M::mem_pestat] skip orientation RF as there are not enough pairs
[M::mem_pestat] skip orientation RR as there are not enough pairs
[M::mem_pestat] skip orientation FF as there are not enough pairs
[M::mem_pestat] analyzing insert size distribution for orientation FR...
[M::mem_pestat] (25, 50, 75) percentile: (285, 334, 380)
[M::mem_pestat] low and high boundaries for computing mean and std.dev: (95, 570)
[M::mem_pestat] mean and std.dev: (333.21, 70.36)
[M::mem_pestat] low and high boundaries for proper pairs: (1, 665)
[M::mem_pestat] skip orientation RF as there are not enough pairs
[M::mem_pestat] skip orientation RR as there are not enough pairs
[M::mem_pestat] skip orientation FF as there are not enough pairs
[M::mem_pestat] analyzing insert size distribution for orientation FR...
[M::mem_pestat] (25, 50, 75) percentile: (283, 332, 379)
[M::mem_pestat] low and high boundaries for computing mean and std.dev: (91, 571)
[M::mem_pestat] mean and std.dev: (331.82, 70.34)
[M::mem_pestat] low and high boundaries for proper pairs: (1, 667)
[M::mem_pestat] skip orientation RF as there are not enough pairs
[M::mem_pestat] skip orientation RR as there are not enough pairs
[M::mem_pestat] skip orientation FF as there are not enough pairs
[M::mem_pestat] analyzing insert size distribution for orientation FR...
[M::mem_pestat] (25, 50, 75) percentile: (283, 332, 379)
[M::mem_pestat] low and high boundaries for computing mean and std.dev: (91, 571)
[M::mem_pestat] mean and std.dev: (331.64, 70.42)
[M::mem_pestat] low and high boundaries for proper pairs: (1, 667)
[M::mem_pestat] skip orientation RF as there are not enough pairs
[M::mem_pestat] skip orientation RR as there are not enough pairs
[M::mem_pestat] skip orientation FF as there are not enough pairs
[M::mem_pestat] analyzing insert size distribution for orientation FR...
[M::mem_pestat] (25, 50, 75) percentile: (284, 333, 380)
[M::mem_pestat] low and high boundaries for computing mean and std.dev: (92, 572)
[M::mem_pestat] mean and std.dev: (332.81, 70.46)
[M::mem_pestat] low and high boundaries for proper pairs: (1, 668)
[M::mem_pestat] skip orientation RF as there are not enough pairs
[M::mem_pestat] skip orientation RR as there are not enough pairs
[M::mem_pestat] skip orientation FF as there are not enough pairs
[M::mem_pestat] analyzing insert size distribution for orientation FR...
[M::mem_pestat] (25, 50, 75) percentile: (285, 333, 380)
[M::mem_pestat] low and high boundaries for computing mean and std.dev: (95, 570)
[M::mem_pestat] mean and std.dev: (333.20, 70.42)
[M::mem_pestat] low and high boundaries for proper pairs: (1, 665)
[M::mem_pestat] analyzing insert size distribution for orientation RF...
[M::mem_pestat] (25, 50, 75) percentile: (2220, 7074, 9169)
[M::mem_pestat] low and high boundaries for computing mean and std.dev: (1, 23067)
[M::mem_pestat] mean and std.dev: (5418.44, 3132.31)
[M::mem_pestat] low and high boundaries for proper pairs: (1, 30016)
[M::mem_pestat] skip orientation RR as there are not enough pairs
[M::mem_pestat] skip orientation RF
[M::mem_pestat] skip orientation FF as there are not enough pairs
[M::mem_pestat] analyzing insert size distribution for orientation FR...
[M::mem_pestat] (25, 50, 75) percentile: (285, 334, 381)
[M::mem_pestat] low and high boundaries for computing mean and std.dev: (93, 573)
[M::mem_pestat] mean and std.dev: (333.76, 70.43)
[M::mem_pestat] low and high boundaries for proper pairs: (1, 669)
[M::mem_pestat] skip orientation RF as there are not enough pairs
[M::mem_pestat] skip orientation RR as there are not enough pairs
[M::mem_pestat] skip orientation FF as there are not enough pairs
[M::mem_pestat] analyzing insert size distribution for orientation FR...
[M::mem_pestat] (25, 50, 75) percentile: (284, 333, 381)
[M::mem_pestat] low and high boundaries for computing mean and std.dev: (90, 575)
[M::mem_pestat] mean and std.dev: (332.94, 70.63)
[M::mem_pestat] low and high boundaries for proper pairs: (1, 672)
[M::mem_pestat] skip orientation RF as there are not enough pairs
[M::mem_pestat] skip orientation RR as there are not enough pairs
[M::mem_pestat] skip orientation FF as there are not enough pairs
[M::mem_pestat] analyzing insert size distribution for orientation FR...
[M::mem_pestat] (25, 50, 75) percentile: (283, 332, 379)
[M::mem_pestat] low and high boundaries for computing mean and std.dev: (91, 571)
[M::mem_pestat] mean and std.dev: (331.85, 70.34)
[M::mem_pestat] low and high boundaries for proper pairs: (1, 667)
[M::mem_pestat] analyzing insert size distribution for orientation RF...
[M::mem_pestat] (25, 50, 75) percentile: (545, 6787, 9716)
[M::mem_pestat] low and high boundaries for computing mean and std.dev: (1, 28058)
[M::mem_pestat] mean and std.dev: (4718.90, 3996.00)
[M::mem_pestat] low and high boundaries for proper pairs: (1, 37229)
[M::mem_pestat] skip orientation RR as there are not enough pairs
[M::mem_pestat] skip orientation RF
[M::mem_pestat] skip orientation FF as there are not enough pairs
[M::mem_pestat] analyzing insert size distribution for orientation FR...
[M::mem_pestat] (25, 50, 75) percentile: (284, 332, 379)
[M::mem_pestat] low and high boundaries for computing mean and std.dev: (94, 569)
[M::mem_pestat] mean and std.dev: (332.16, 70.42)
[M::mem_pestat] low and high boundaries for proper pairs: (1, 664)
[M::mem_pestat] skip orientation RF as there are not enough pairs
[M::mem_pestat] skip orientation RR as there are not enough pairs
[M::mem_pestat] skip orientation FF as there are not enough pairs
[M::mem_pestat] analyzing insert size distribution for orientation FR...
[M::mem_pestat] (25, 50, 75) percentile: (286, 336, 384)
[M::mem_pestat] low and high boundaries for computing mean and std.dev: (90, 580)
[M::mem_pestat] mean and std.dev: (335.53, 71.39)
[M::mem_pestat] low and high boundaries for proper pairs: (1, 678)
[M::mem_pestat] skip orientation RF as there are not enough pairs
[M::mem_pestat] analyzing insert size distribution for orientation RR...
[M::mem_pestat] (25, 50, 75) percentile: (4106, 5394, 8352)
[M::mem_pestat] low and high boundaries for computing mean and std.dev: (1, 16844)
[M::mem_pestat] mean and std.dev: (5548.43, 2738.50)
[M::mem_pestat] low and high boundaries for proper pairs: (1, 21090)
[M::mem_pestat] skip orientation RR
[M::mem_pestat] skip orientation FF as there are not enough pairs
[M::mem_pestat] analyzing insert size distribution for orientation FR...
[M::mem_pestat] (25, 50, 75) percentile: (286, 335, 383)
[M::mem_pestat] low and high boundaries for computing mean and std.dev: (92, 577)
[M::mem_pestat] mean and std.dev: (335.16, 71.05)
[M::mem_pestat] low and high boundaries for proper pairs: (1, 674)
[M::mem_pestat] skip orientation RF as there are not enough pairs
[M::mem_pestat] skip orientation RR as there are not enough pairs
[M::mem_pestat] skip orientation FF as there are not enough pairs
[M::mem_pestat] analyzing insert size distribution for orientation FR...
[M::mem_pestat] (25, 50, 75) percentile: (285, 334, 382)
[M::mem_pestat] low and high boundaries for computing mean and std.dev: (91, 576)
[M::mem_pestat] mean and std.dev: (333.90, 70.89)
[M::mem_pestat] low and high boundaries for proper pairs: (1, 673)
[M::mem_pestat] skip orientation RF as there are not enough pairs
[M::mem_pestat] skip orientation RR as there are not enough pairs
[M::mem_pestat] skip orientation FF as there are not enough pairs
[M::mem_pestat] analyzing insert size distribution for orientation FR...
[M::mem_pestat] (25, 50, 75) percentile: (286, 334, 381)
[M::mem_pestat] low and high boundaries for computing mean and std.dev: (96, 571)
[M::mem_pestat] mean and std.dev: (333.98, 70.33)
[M::mem_pestat] low and high boundaries for proper pairs: (1, 666)
[M::mem_pestat] skip orientation RF as there are not enough pairs
[M::mem_pestat] skip orientation RR as there are not enough pairs
[M::mem_pestat] analyzing insert size distribution for orientation FF...
[M::mem_pestat] (25, 50, 75) percentile: (2115, 2671, 6303)
[M::mem_pestat] low and high boundaries for computing mean and std.dev: (1, 14679)
[M::mem_pestat] mean and std.dev: (3904.25, 2895.59)
[M::mem_pestat] low and high boundaries for proper pairs: (1, 18867)
[M::mem_pestat] analyzing insert size distribution for orientation FR...
[M::mem_pestat] (25, 50, 75) percentile: (284, 333, 381)
[M::mem_pestat] low and high boundaries for computing mean and std.dev: (90, 575)
[M::mem_pestat] mean and std.dev: (333.23, 71.04)
[M::mem_pestat] low and high boundaries for proper pairs: (1, 672)
[M::mem_pestat] skip orientation RF as there are not enough pairs
[M::mem_pestat] skip orientation RR as there are not enough pairs
[M::mem_pestat] skip orientation FF
[M::mem_pestat] skip orientation FF as there are not enough pairs
[M::mem_pestat] analyzing insert size distribution for orientation FR...
[M::mem_pestat] (25, 50, 75) percentile: (286, 335, 383)
[M::mem_pestat] low and high boundaries for computing mean and std.dev: (92, 577)
[M::mem_pestat] mean and std.dev: (334.69, 71.19)
[M::mem_pestat] low and high boundaries for proper pairs: (1, 674)
[M::mem_pestat] skip orientation RF as there are not enough pairs
[M::mem_pestat] skip orientation RR as there are not enough pairs
[M::mem_pestat] analyzing insert size distribution for orientation FF...
[M::mem_pestat] (25, 50, 75) percentile: (3023, 6116, 8322)
[M::mem_pestat] low and high boundaries for computing mean and std.dev: (1, 18920)
[M::mem_pestat] mean and std.dev: (5217.73, 3320.17)
[M::mem_pestat] low and high boundaries for proper pairs: (1, 24219)
[M::mem_pestat] analyzing insert size distribution for orientation FR...
[M::mem_pestat] (25, 50, 75) percentile: (286, 335, 383)
[M::mem_pestat] low and high boundaries for computing mean and std.dev: (92, 577)
[M::mem_pestat] mean and std.dev: (334.88, 70.89)
[M::mem_pestat] low and high boundaries for proper pairs: (1, 674)
[M::mem_pestat] skip orientation RF as there are not enough pairs
[M::mem_pestat] skip orientation RR as there are not enough pairs
[M::mem_pestat] skip orientation FF
[M::mem_pestat] skip orientation FF as there are not enough pairs
[M::mem_pestat] analyzing insert size distribution for orientation FR...
[M::mem_pestat] (25, 50, 75) percentile: (285, 334, 382)
[M::mem_pestat] low and high boundaries for computing mean and std.dev: (91, 576)
[M::mem_pestat] mean and std.dev: (333.92, 70.98)
[M::mem_pestat] low and high boundaries for proper pairs: (1, 673)
[M::mem_pestat] skip orientation RF as there are not enough pairs
[M::mem_pestat] skip orientation RR as there are not enough pairs
[M::mem_pestat] skip orientation FF as there are not enough pairs
[M::mem_pestat] analyzing insert size distribution for orientation FR...
[M::mem_pestat] (25, 50, 75) percentile: (283, 333, 381)
[M::mem_pestat] low and high boundaries for computing mean and std.dev: (87, 577)
[M::mem_pestat] mean and std.dev: (332.88, 71.37)
[M::mem_pestat] low and high boundaries for proper pairs: (1, 675)
[M::mem_pestat] skip orientation RF as there are not enough pairs
[M::mem_pestat] skip orientation RR as there are not enough pairs
[M::mem_pestat] skip orientation FF as there are not enough pairs
[M::mem_pestat] analyzing insert size distribution for orientation FR...
[M::mem_pestat] (25, 50, 75) percentile: (286, 334, 382)
[M::mem_pestat] low and high boundaries for computing mean and std.dev: (94, 574)
[M::mem_pestat] mean and std.dev: (334.45, 70.92)
[M::mem_pestat] low and high boundaries for proper pairs: (1, 670)
[M::mem_pestat] skip orientation RF as there are not enough pairs
[M::mem_pestat] skip orientation RR as there are not enough pairs
[M::mem_pestat] skip orientation FF as there are not enough pairs
[M::mem_pestat] analyzing insert size distribution for orientation FR...
[M::mem_pestat] (25, 50, 75) percentile: (285, 334, 382)
[M::mem_pestat] low and high boundaries for computing mean and std.dev: (91, 576)
[M::mem_pestat] mean and std.dev: (334.08, 70.87)
[M::mem_pestat] low and high boundaries for proper pairs: (1, 673)
[M::mem_pestat] skip orientation RF as there are not enough pairs
[M::mem_pestat] analyzing insert size distribution for orientation RR...
[M::mem_pestat] (25, 50, 75) percentile: (2461, 7077, 7114)
[M::mem_pestat] low and high boundaries for computing mean and std.dev: (1, 16420)
[M::mem_pestat] mean and std.dev: (5122.60, 2624.33)
[M::mem_pestat] low and high boundaries for proper pairs: (1, 21073)
[M::mem_pestat] skip orientation RR
[M::mem_pestat] skip orientation FF as there are not enough pairs
[M::mem_pestat] analyzing insert size distribution for orientation FR...
[M::mem_pestat] (25, 50, 75) percentile: (285, 334, 382)
[M::mem_pestat] low and high boundaries for computing mean and std.dev: (91, 576)
[M::mem_pestat] mean and std.dev: (333.96, 70.95)
[M::mem_pestat] low and high boundaries for proper pairs: (1, 673)
[M::mem_pestat] skip orientation RF as there are not enough pairs
[M::mem_pestat] skip orientation RR as there are not enough pairs
[M::mem_pestat] skip orientation FF as there are not enough pairs
[M::mem_pestat] analyzing insert size distribution for orientation FR...
[M::mem_pestat] (25, 50, 75) percentile: (284, 333, 381)
[M::mem_pestat] low and high boundaries for computing mean and std.dev: (90, 575)
[M::mem_pestat] mean and std.dev: (332.95, 71.12)
[M::mem_pestat] low and high boundaries for proper pairs: (1, 672)
[M::mem_pestat] skip orientation RF as there are not enough pairs
[M::mem_pestat] skip orientation RR as there are not enough pairs
[M::mem_pestat] skip orientation FF as there are not enough pairs
[M::mem_pestat] analyzing insert size distribution for orientation FR...
[M::mem_pestat] (25, 50, 75) percentile: (285, 334, 382)
[M::mem_pestat] low and high boundaries for computing mean and std.dev: (91, 576)
[M::mem_pestat] mean and std.dev: (334.04, 71.13)
[M::mem_pestat] low and high boundaries for proper pairs: (1, 673)
[M::mem_pestat] skip orientation RF as there are not enough pairs
[M::mem_pestat] skip orientation RR as there are not enough pairs
[M::mem_pestat] skip orientation FF as there are not enough pairs
[M::mem_pestat] analyzing insert size distribution for orientation FR...
[M::mem_pestat] (25, 50, 75) percentile: (285, 334, 382)
[M::mem_pestat] low and high boundaries for computing mean and std.dev: (91, 576)
[M::mem_pestat] mean and std.dev: (333.92, 70.85)
[M::mem_pestat] low and high boundaries for proper pairs: (1, 673)
[M::mem_pestat] skip orientation RF as there are not enough pairs
[M::mem_pestat] skip orientation RR as there are not enough pairs
[M::mem_pestat] skip orientation FF as there are not enough pairs
[M::mem_pestat] analyzing insert size distribution for orientation FR...
[M::mem_pestat] (25, 50, 75) percentile: (285, 333, 381)
[M::mem_pestat] low and high boundaries for computing mean and std.dev: (93, 573)
[M::mem_pestat] mean and std.dev: (333.27, 70.60)
[M::mem_pestat] low and high boundaries for proper pairs: (1, 669)
[M::mem_pestat] skip orientation RF as there are not enough pairs
[M::mem_pestat] skip orientation RR as there are not enough pairs
[M::mem_pestat] skip orientation FF as there are not enough pairs
[M::mem_pestat] analyzing insert size distribution for orientation FR...
[M::mem_pestat] (25, 50, 75) percentile: (285, 333, 381)
[M::mem_pestat] low and high boundaries for computing mean and std.dev: (93, 573)
[M::mem_pestat] mean and std.dev: (333.29, 70.61)
[M::mem_pestat] low and high boundaries for proper pairs: (1, 669)
[M::mem_pestat] skip orientation RF as there are not enough pairs
[M::mem_pestat] skip orientation RR as there are not enough pairs
[M::mem_pestat] skip orientation FF as there are not enough pairs
[M::mem_pestat] analyzing insert size distribution for orientation FR...
[M::mem_pestat] (25, 50, 75) percentile: (287, 336, 383)
[M::mem_pestat] low and high boundaries for computing mean and std.dev: (95, 575)
[M::mem_pestat] mean and std.dev: (335.79, 70.56)
[M::mem_pestat] low and high boundaries for proper pairs: (1, 671)
[M::mem_pestat] skip orientation RF as there are not enough pairs
[M::mem_pestat] skip orientation RR as there are not enough pairs
[M::mem_pestat] skip orientation FF as there are not enough pairs
[M::mem_pestat] analyzing insert size distribution for orientation FR...
[M::mem_pestat] (25, 50, 75) percentile: (289, 337, 384)
[M::mem_pestat] low and high boundaries for computing mean and std.dev: (99, 574)
[M::mem_pestat] mean and std.dev: (337.02, 70.33)
[M::mem_pestat] low and high boundaries for proper pairs: (4, 669)
[M::mem_pestat] skip orientation RF as there are not enough pairs
[M::mem_pestat] skip orientation RR as there are not enough pairs
[M::mem_pestat] skip orientation FF as there are not enough pairs
[M::mem_pestat] analyzing insert size distribution for orientation FR...
[M::mem_pestat] (25, 50, 75) percentile: (289, 338, 385)
[M::mem_pestat] low and high boundaries for computing mean and std.dev: (97, 577)
[M::mem_pestat] mean and std.dev: (337.71, 70.58)
[M::mem_pestat] low and high boundaries for proper pairs: (1, 673)
[M::mem_pestat] analyzing insert size distribution for orientation RF...
[M::mem_pestat] (25, 50, 75) percentile: (2775, 5737, 9236)
[M::mem_pestat] low and high boundaries for computing mean and std.dev: (1, 22158)
[M::mem_pestat] mean and std.dev: (5790.64, 3186.03)
[M::mem_pestat] low and high boundaries for proper pairs: (1, 28619)
[M::mem_pestat] skip orientation RR as there are not enough pairs
[M::mem_pestat] skip orientation RF
[M::mem_pestat] skip orientation FF as there are not enough pairs
[M::mem_pestat] analyzing insert size distribution for orientation FR...
[M::mem_pestat] (25, 50, 75) percentile: (288, 337, 384)
[M::mem_pestat] low and high boundaries for computing mean and std.dev: (96, 576)
[M::mem_pestat] mean and std.dev: (336.57, 70.48)
[M::mem_pestat] low and high boundaries for proper pairs: (1, 672)
[M::mem_pestat] analyzing insert size distribution for orientation RF...
[M::mem_pestat] (25, 50, 75) percentile: (6258, 6762, 6762)
[M::mem_pestat] low and high boundaries for computing mean and std.dev: (5250, 7770)
[M::mem_pestat] mean and std.dev: (6573.00, 244.00)
[M::mem_pestat] low and high boundaries for proper pairs: (4746, 8274)
[M::mem_pestat] analyzing insert size distribution for orientation RR...
[M::mem_pestat] (25, 50, 75) percentile: (6288, 7407, 8226)
[M::mem_pestat] low and high boundaries for computing mean and std.dev: (2412, 12102)
[M::mem_pestat] mean and std.dev: (7052.80, 1340.09)
[M::mem_pestat] low and high boundaries for proper pairs: (474, 14040)
[M::mem_pestat] skip orientation RF
[M::mem_pestat] skip orientation RR
[M::mem_pestat] skip orientation FF as there are not enough pairs
[M::mem_pestat] analyzing insert size distribution for orientation FR...
[M::mem_pestat] (25, 50, 75) percentile: (289, 338, 385)
[M::mem_pestat] low and high boundaries for computing mean and std.dev: (97, 577)
[M::mem_pestat] mean and std.dev: (337.82, 70.70)
[M::mem_pestat] low and high boundaries for proper pairs: (1, 673)
[M::mem_pestat] skip orientation RF as there are not enough pairs
[M::mem_pestat] analyzing insert size distribution for orientation RR...
[M::mem_pestat] (25, 50, 75) percentile: (5055, 5370, 7646)
[M::mem_pestat] low and high boundaries for computing mean and std.dev: (1, 12828)
[M::mem_pestat] mean and std.dev: (5517.00, 2040.53)
[M::mem_pestat] low and high boundaries for proper pairs: (1, 15419)
[M::mem_pestat] skip orientation RR
[M::mem_pestat] skip orientation FF as there are not enough pairs
[M::mem_pestat] analyzing insert size distribution for orientation FR...
[M::mem_pestat] (25, 50, 75) percentile: (289, 337, 384)
[M::mem_pestat] low and high boundaries for computing mean and std.dev: (99, 574)
[M::mem_pestat] mean and std.dev: (336.93, 70.54)
[M::mem_pestat] low and high boundaries for proper pairs: (4, 669)
[M::mem_pestat] skip orientation RF as there are not enough pairs
[M::mem_pestat] skip orientation RR as there are not enough pairs
[M::mem_pestat] skip orientation FF as there are not enough pairs
[M::mem_pestat] analyzing insert size distribution for orientation FR...
[M::mem_pestat] (25, 50, 75) percentile: (291, 339, 387)
[M::mem_pestat] low and high boundaries for computing mean and std.dev: (99, 579)
[M::mem_pestat] mean and std.dev: (339.07, 70.71)
[M::mem_pestat] low and high boundaries for proper pairs: (3, 675)
[M::mem_pestat] skip orientation RF as there are not enough pairs
[M::mem_pestat] skip orientation RR as there are not enough pairs
[M::mem_pestat] skip orientation FF as there are not enough pairs
[M::mem_pestat] analyzing insert size distribution for orientation FR...
[M::mem_pestat] (25, 50, 75) percentile: (292, 340, 388)
[M::mem_pestat] low and high boundaries for computing mean and std.dev: (100, 580)
[M::mem_pestat] mean and std.dev: (340.02, 70.91)
[M::mem_pestat] low and high boundaries for proper pairs: (4, 676)
[M::mem_pestat] skip orientation RF as there are not enough pairs
[M::mem_pestat] skip orientation RR as there are not enough pairs
[M::mem_pestat] skip orientation FF as there are not enough pairs
[M::mem_pestat] analyzing insert size distribution for orientation FR...
[M::mem_pestat] (25, 50, 75) percentile: (290, 339, 386)
[M::mem_pestat] low and high boundaries for computing mean and std.dev: (98, 578)
[M::mem_pestat] mean and std.dev: (338.34, 70.85)
[M::mem_pestat] low and high boundaries for proper pairs: (2, 674)
[M::mem_pestat] skip orientation RF as there are not enough pairs
[M::mem_pestat] skip orientation RR as there are not enough pairs
[M::mem_pestat] skip orientation FF as there are not enough pairs
[M::mem_pestat] analyzing insert size distribution for orientation FR...
[M::mem_pestat] (25, 50, 75) percentile: (292, 341, 388)
[M::mem_pestat] low and high boundaries for computing mean and std.dev: (100, 580)
[M::mem_pestat] mean and std.dev: (340.15, 70.93)
[M::mem_pestat] low and high boundaries for proper pairs: (4, 676)
[M::mem_pestat] skip orientation RF as there are not enough pairs
[M::mem_pestat] analyzing insert size distribution for orientation RR...
[M::mem_pestat] (25, 50, 75) percentile: (1301, 2745, 3715)
[M::mem_pestat] low and high boundaries for computing mean and std.dev: (1, 8543)
[M::mem_pestat] mean and std.dev: (2844.64, 2112.06)
[M::mem_pestat] low and high boundaries for proper pairs: (1, 11293)
[M::mem_pestat] skip orientation RR
[M::mem_pestat] skip orientation FF as there are not enough pairs
[M::mem_pestat] analyzing insert size distribution for orientation FR...
[M::mem_pestat] (25, 50, 75) percentile: (291, 340, 387)
[M::mem_pestat] low and high boundaries for computing mean and std.dev: (99, 579)
[M::mem_pestat] mean and std.dev: (339.22, 70.98)
[M::mem_pestat] low and high boundaries for proper pairs: (3, 675)
[M::mem_pestat] analyzing insert size distribution for orientation RF...
[M::mem_pestat] (25, 50, 75) percentile: (1036, 2124, 5980)
[M::mem_pestat] low and high boundaries for computing mean and std.dev: (1, 15868)
[M::mem_pestat] mean and std.dev: (2687.67, 2237.11)
[M::mem_pestat] low and high boundaries for proper pairs: (1, 20812)
[M::mem_pestat] skip orientation RR as there are not enough pairs
[M::mem_pestat] skip orientation RF
[M::mem_pestat] skip orientation FF as there are not enough pairs
[M::mem_pestat] analyzing insert size distribution for orientation FR...
[M::mem_pestat] (25, 50, 75) percentile: (290, 339, 386)
[M::mem_pestat] low and high boundaries for computing mean and std.dev: (98, 578)
[M::mem_pestat] mean and std.dev: (338.58, 71.20)
[M::mem_pestat] low and high boundaries for proper pairs: (2, 674)
[M::mem_pestat] analyzing insert size distribution for orientation RF...
[M::mem_pestat] (25, 50, 75) percentile: (5538, 5538, 7813)
[M::mem_pestat] low and high boundaries for computing mean and std.dev: (988, 12363)
[M::mem_pestat] mean and std.dev: (5467.00, 2397.91)
[M::mem_pestat] low and high boundaries for proper pairs: (1, 15059)
[M::mem_pestat] skip orientation RR as there are not enough pairs
[M::mem_pestat] skip orientation RF
[M::mem_pestat] skip orientation FF as there are not enough pairs
[M::mem_pestat] analyzing insert size distribution for orientation FR...
[M::mem_pestat] (25, 50, 75) percentile: (292, 341, 388)
[M::mem_pestat] low and high boundaries for computing mean and std.dev: (100, 580)
[M::mem_pestat] mean and std.dev: (340.39, 70.68)
[M::mem_pestat] low and high boundaries for proper pairs: (4, 676)
[M::mem_pestat] skip orientation RF as there are not enough pairs
[M::mem_pestat] skip orientation RR as there are not enough pairs
[M::mem_pestat] skip orientation FF as there are not enough pairs
[M::mem_pestat] analyzing insert size distribution for orientation FR...
[M::mem_pestat] (25, 50, 75) percentile: (292, 341, 389)
[M::mem_pestat] low and high boundaries for computing mean and std.dev: (98, 583)
[M::mem_pestat] mean and std.dev: (340.77, 71.05)
[M::mem_pestat] low and high boundaries for proper pairs: (1, 680)
[M::mem_pestat] skip orientation RF as there are not enough pairs
[M::mem_pestat] skip orientation RR as there are not enough pairs
[main] Version: 0.7.17-r1188
[main] CMD: bwa mem -v 1 -t 16 /data/NCBR/projects/NCBR-492/data/manual_analysis/binning/SF18/work_files/assembly.fa /data/NCBR/projects/NCBR-492/data/manual_analysis/fastp/SF18.trimmed_1.fastq /data/NCBR/projects/NCBR-492/data/manual_analysis/fastp/SF18.trimmed_2.fastq
[main] Real time: 268.329 sec; CPU: 2582.879 sec
[bam_sort_core] merging from 16 files and 16 in-memory blocks...
Output depth matrix to /data/NCBR/projects/NCBR-492/data/manual_analysis/binning/SF18/work_files/metabat_depth.txt
Output matrix to /data/NCBR/projects/NCBR-492/data/manual_analysis/binning/SF18/work_files/metabat_depth.txt
Opening 1 bams
Consolidating headers
Processing bam files
Thread 0 finished: SF18.trimmed.bam with 51606199 reads and 50684353 readsWellMapped
Creating depth matrix file: /data/NCBR/projects/NCBR-492/data/manual_analysis/binning/SF18/work_files/metabat_depth.txt
Closing most bam files
Closing last bam file
Finished
Output depth matrix to /data/NCBR/projects/NCBR-492/data/manual_analysis/binning/SF18/work_files/mb2_master_depth.txt
Calculating intra contig depth variance
Output matrix to /data/NCBR/projects/NCBR-492/data/manual_analysis/binning/SF18/work_files/mb2_master_depth.txt
Opening 1 bams
Consolidating headers
Processing bam files
Thread 0 finished: SF18.trimmed.bam with 51606199 reads and 50684353 readsWellMapped
Creating depth matrix file: /data/NCBR/projects/NCBR-492/data/manual_analysis/binning/SF18/work_files/mb2_master_depth.txt
Closing most bam files
Closing last bam file
Finished
/data/NCBR/apps/genome-assembly/conda/envs/metawrap-env/bin/concoct_coverage_table.py:48: FutureWarning: read_table is deprecated, use read_csv instead, passing sep='\t'.
  df = pd.read_table(fh, header=None)
Up and running. Check /data/NCBR/projects/NCBR-492/data/manual_analysis/binning/SF18/work_files/concoct_out/log.txt for progress
/data/NCBR/apps/genome-assembly/conda/envs/metawrap-env/lib/python2.7/site-packages/concoct/input.py:82: FutureWarning: read_table is deprecated, use read_csv instead, passing sep='\t'.
  cov = p.read_table(cov_file, header=0, index_col=0)
Setting 16 OMP threads
Generate input data
0,-305277.841364,362969.022624
1,-103089.664894,202188.176469
2,-52979.992789,50109.672106
3,-38879.990359,14100.002429
4,-36512.556026,2367.434333
5,-36502.587751,9.968275
6,-36497.737697,4.850055
7,-36491.725714,6.011983
8,-36486.415788,5.309926
9,-36479.917501,6.498286
10,-36474.380639,5.536862
11,-36468.736077,5.644563
12,-36464.479857,4.256220
13,-36458.883419,5.596438
14,-36453.389044,5.494375
15,-36452.258254,1.130790
16,-36450.552684,1.705570
17,-36447.398028,3.154655
18,-36446.941005,0.457023
19,-36445.338401,1.602605
20,-36441.920446,3.417955
21,-36435.666408,6.254038
22,-36433.046938,2.619470
23,-36430.310108,2.736830
24,-36427.642943,2.667166
25,-36426.133902,1.509040
26,-36421.031592,5.102310
27,-36415.557665,5.473927
28,-36411.005753,4.551912
29,-36412.283450,1.277697
30,-36411.513563,0.769887
31,-36407.575227,3.938336
32,-36398.310091,9.265135
33,-36394.789856,3.520235
34,-36393.824807,0.965049
35,-36385.613050,8.211757
36,-36382.007932,3.605117
37,-36372.440764,9.567169
38,-36367.329504,5.111260
39,-36368.927699,1.598196
40,-36366.546991,2.380708
41,-36362.639191,3.907800
42,-36362.386692,0.252499
43,-36356.475411,5.911281
44,-36350.455879,6.019531
45,-36346.834894,3.620986
46,-36349.413501,2.578607
47,-36349.011974,0.401527
48,-36347.594664,1.417310
49,-36341.482832,6.111831
50,-36333.076116,8.406716
51,-36330.328213,2.747903
52,-36323.989532,6.338681
53,-36320.145254,3.844278
54,-36314.310879,5.834375
55,-36311.425685,2.885194
56,-36292.248095,19.177589
57,-36268.649399,23.598696
58,-36211.382033,57.267367
59,-33857.153141,2354.228891
60,-33858.414648,1.261507
61,-33858.347767,0.066881
62,-33858.284734,0.063034
63,-33858.220237,0.064497
64,-33858.147599,0.072638
65,-33858.056559,0.091040
66,-33857.926927,0.129631
67,-33857.708450,0.218477
68,-33857.233031,0.475419
69,-33855.576035,1.656996
70,-33840.443874,15.132161
71,-31497.095019,2343.348856
72,-31506.069491,8.974472
73,-31506.070089,0.000598
74,-31506.070128,0.000040
CONCOCT Finished, the log shows how it went.
NODE_11_length_127577_cov_897.506344	[('7', 12)]
NODE_3_length_453213_cov_943.090569	[('11', 1), ('4', 1), ('7', 43)], chosen: 7
NODE_9_length_186887_cov_932.023310	[('7', 18)]
NODE_17_length_22119_cov_915.036349	[('7', 2)]
NODE_7_length_231997_cov_955.211717	[('7', 23)]
NODE_16_length_25653_cov_1047.975272	[('3', 1), ('7', 1)], chosen: 3
NODE_8_length_214099_cov_945.267637	[('7', 21)]
NODE_1_length_1843262_cov_932.270252	[('9', 2), ('8', 1), ('7', 179), ('6', 2)], chosen: 7
NODE_15_length_30455_cov_987.653684	[('3', 1), ('7', 2)], chosen: 7
NODE_6_length_306617_cov_952.361728	[('1', 1), ('7', 29)], chosen: 7
NODE_14_length_31726_cov_934.482808	[('7', 3)]
NODE_10_length_150522_cov_926.699250	[('7', 15)]
NODE_4_length_388946_cov_958.671275	[('7', 38)]
NODE_2_length_577301_cov_936.199187	[('7', 57)]
NODE_13_length_44898_cov_896.893495	[('7', 4)]
NODE_5_length_356667_cov_934.875646	[('10', 2), ('7', 33)], chosen: 7
NODE_12_length_119990_cov_939.281227	[('7', 11)]

real	11m7.785s
user	54m57.072s
sys	10m9.444s
