gzip: /data/NCBR/projects/NCBR-492/data/manual_analysis/fastp/*.gz: No such file or directory
stty: 'standard input': Inappropriate ioctl for device
rm: cannot remove '/data/NCBR/projects/NCBR-492/data/manual_analysis/binning/SF8/*checkm': No such file or directory
[bwa_index] Pack FASTA... 0.02 sec
[bwa_index] Construct BWT for the packed sequence...
[bwa_index] 0.60 seconds elapse.
[bwa_index] Update BWT... 0.01 sec
[bwa_index] Pack forward-only FASTA... 0.01 sec
[bwa_index] Construct SA from BWT and Occ... 0.24 sec
[main] Version: 0.7.17-r1188
[main] CMD: bwa index /data/NCBR/projects/NCBR-492/data/manual_analysis/binning/SF8/work_files/assembly.fa
[main] Real time: 0.938 sec; CPU: 0.876 sec
[M::mem_pestat] analyzing insert size distribution for orientation FF...
[M::mem_pestat] (25, 50, 75) percentile: (10, 12, 2052)
[M::mem_pestat] low and high boundaries for computing mean and std.dev: (1, 6136)
[M::mem_pestat] mean and std.dev: (333.69, 733.59)
[M::mem_pestat] low and high boundaries for proper pairs: (1, 8178)
[M::mem_pestat] analyzing insert size distribution for orientation FR...
[M::mem_pestat] (25, 50, 75) percentile: (297, 347, 396)
[M::mem_pestat] low and high boundaries for computing mean and std.dev: (99, 594)
[M::mem_pestat] mean and std.dev: (347.77, 73.86)
[M::mem_pestat] low and high boundaries for proper pairs: (1, 693)
[M::mem_pestat] skip orientation RF as there are not enough pairs
[M::mem_pestat] skip orientation RR as there are not enough pairs
[M::mem_pestat] skip orientation FF
[M::mem_pestat] analyzing insert size distribution for orientation FF...
[M::mem_pestat] (25, 50, 75) percentile: (4, 5, 11)
[M::mem_pestat] low and high boundaries for computing mean and std.dev: (1, 25)
[M::mem_pestat] mean and std.dev: (6.33, 3.59)
[M::mem_pestat] low and high boundaries for proper pairs: (1, 32)
[M::mem_pestat] analyzing insert size distribution for orientation FR...
[M::mem_pestat] (25, 50, 75) percentile: (300, 349, 398)
[M::mem_pestat] low and high boundaries for computing mean and std.dev: (104, 594)
[M::mem_pestat] mean and std.dev: (350.17, 73.36)
[M::mem_pestat] low and high boundaries for proper pairs: (6, 692)
[M::mem_pestat] skip orientation RF as there are not enough pairs
[M::mem_pestat] analyzing insert size distribution for orientation RR...
[M::mem_pestat] (25, 50, 75) percentile: (296, 6330, 6330)
[M::mem_pestat] low and high boundaries for computing mean and std.dev: (1, 18398)
[M::mem_pestat] mean and std.dev: (4351.06, 2780.14)
[M::mem_pestat] low and high boundaries for proper pairs: (1, 24432)
[M::mem_pestat] skip orientation FF
[M::mem_pestat] skip orientation RR
[M::mem_pestat] skip orientation FF as there are not enough pairs
[M::mem_pestat] analyzing insert size distribution for orientation FR...
[M::mem_pestat] (25, 50, 75) percentile: (302, 350, 400)
[M::mem_pestat] low and high boundaries for computing mean and std.dev: (106, 596)
[M::mem_pestat] mean and std.dev: (351.73, 73.07)
[M::mem_pestat] low and high boundaries for proper pairs: (8, 694)
[M::mem_pestat] skip orientation RF as there are not enough pairs
[M::mem_pestat] skip orientation RR as there are not enough pairs
[M::mem_pestat] analyzing insert size distribution for orientation FF...
[M::mem_pestat] (25, 50, 75) percentile: (6, 11, 7942)
[M::mem_pestat] low and high boundaries for computing mean and std.dev: (1, 23814)
[M::mem_pestat] mean and std.dev: (2945.94, 3834.40)
[M::mem_pestat] low and high boundaries for proper pairs: (1, 31750)
[M::mem_pestat] analyzing insert size distribution for orientation FR...
[M::mem_pestat] (25, 50, 75) percentile: (301, 349, 398)
[M::mem_pestat] low and high boundaries for computing mean and std.dev: (107, 592)
[M::mem_pestat] mean and std.dev: (350.68, 72.72)
[M::mem_pestat] low and high boundaries for proper pairs: (10, 689)
[M::mem_pestat] skip orientation RF as there are not enough pairs
[M::mem_pestat] skip orientation RR as there are not enough pairs
[M::mem_pestat] skip orientation FF
[M::mem_pestat] analyzing insert size distribution for orientation FF...
[M::mem_pestat] (25, 50, 75) percentile: (11, 12, 215)
[M::mem_pestat] low and high boundaries for computing mean and std.dev: (1, 623)
[M::mem_pestat] mean and std.dev: (89.80, 104.08)
[M::mem_pestat] low and high boundaries for proper pairs: (1, 827)
[M::mem_pestat] analyzing insert size distribution for orientation FR...
[M::mem_pestat] (25, 50, 75) percentile: (303, 351, 400)
[M::mem_pestat] low and high boundaries for computing mean and std.dev: (109, 594)
[M::mem_pestat] mean and std.dev: (352.53, 72.83)
[M::mem_pestat] low and high boundaries for proper pairs: (12, 691)
[M::mem_pestat] skip orientation RF as there are not enough pairs
[M::mem_pestat] skip orientation RR as there are not enough pairs
[M::mem_pestat] skip orientation FF
[M::mem_pestat] skip orientation FF as there are not enough pairs
[M::mem_pestat] analyzing insert size distribution for orientation FR...
[M::mem_pestat] (25, 50, 75) percentile: (305, 352, 402)
[M::mem_pestat] low and high boundaries for computing mean and std.dev: (111, 596)
[M::mem_pestat] mean and std.dev: (354.01, 72.93)
[M::mem_pestat] low and high boundaries for proper pairs: (14, 693)
[M::mem_pestat] skip orientation RF as there are not enough pairs
[M::mem_pestat] analyzing insert size distribution for orientation RR...
[M::mem_pestat] (25, 50, 75) percentile: (401, 603, 752)
[M::mem_pestat] low and high boundaries for computing mean and std.dev: (1, 1454)
[M::mem_pestat] mean and std.dev: (560.50, 288.93)
[M::mem_pestat] low and high boundaries for proper pairs: (1, 1805)
[M::mem_pestat] skip orientation RR
[M::mem_pestat] skip orientation FF as there are not enough pairs
[M::mem_pestat] analyzing insert size distribution for orientation FR...
[M::mem_pestat] (25, 50, 75) percentile: (304, 352, 403)
[M::mem_pestat] low and high boundaries for computing mean and std.dev: (106, 601)
[M::mem_pestat] mean and std.dev: (354.19, 73.85)
[M::mem_pestat] low and high boundaries for proper pairs: (7, 700)
[M::mem_pestat] skip orientation RF as there are not enough pairs
[M::mem_pestat] skip orientation RR as there are not enough pairs
[M::mem_pestat] skip orientation FF as there are not enough pairs
[M::mem_pestat] analyzing insert size distribution for orientation FR...
[M::mem_pestat] (25, 50, 75) percentile: (300, 350, 400)
[M::mem_pestat] low and high boundaries for computing mean and std.dev: (100, 600)
[M::mem_pestat] mean and std.dev: (350.91, 74.27)
[M::mem_pestat] low and high boundaries for proper pairs: (1, 700)
[M::mem_pestat] skip orientation RF as there are not enough pairs
[M::mem_pestat] skip orientation RR as there are not enough pairs
[M::mem_pestat] analyzing insert size distribution for orientation FF...
[M::mem_pestat] (25, 50, 75) percentile: (9, 10, 11)
[M::mem_pestat] low and high boundaries for computing mean and std.dev: (5, 15)
[M::mem_pestat] mean and std.dev: (9.40, 1.36)
[M::mem_pestat] low and high boundaries for proper pairs: (3, 17)
[M::mem_pestat] analyzing insert size distribution for orientation FR...
[M::mem_pestat] (25, 50, 75) percentile: (303, 352, 402)
[M::mem_pestat] low and high boundaries for computing mean and std.dev: (105, 600)
[M::mem_pestat] mean and std.dev: (353.52, 73.88)
[M::mem_pestat] low and high boundaries for proper pairs: (6, 699)
[M::mem_pestat] skip orientation RF as there are not enough pairs
[M::mem_pestat] skip orientation RR as there are not enough pairs
[M::mem_pestat] skip orientation FF
[M::mem_pestat] analyzing insert size distribution for orientation FF...
[M::mem_pestat] (25, 50, 75) percentile: (9, 11, 11)
[M::mem_pestat] low and high boundaries for computing mean and std.dev: (5, 15)
[M::mem_pestat] mean and std.dev: (10.38, 1.87)
[M::mem_pestat] low and high boundaries for proper pairs: (3, 18)
[M::mem_pestat] analyzing insert size distribution for orientation FR...
[M::mem_pestat] (25, 50, 75) percentile: (306, 354, 404)
[M::mem_pestat] low and high boundaries for computing mean and std.dev: (110, 600)
[M::mem_pestat] mean and std.dev: (355.26, 73.53)
[M::mem_pestat] low and high boundaries for proper pairs: (12, 698)
[M::mem_pestat] analyzing insert size distribution for orientation RF...
[M::mem_pestat] (25, 50, 75) percentile: (2893, 2893, 4043)
[M::mem_pestat] low and high boundaries for computing mean and std.dev: (593, 6343)
[M::mem_pestat] mean and std.dev: (3468.00, 575.00)
[M::mem_pestat] low and high boundaries for proper pairs: (1, 7493)
[M::mem_pestat] skip orientation RR as there are not enough pairs
[M::mem_pestat] skip orientation FF
[M::mem_pestat] skip orientation RF
[M::mem_pestat] analyzing insert size distribution for orientation FF...
[M::mem_pestat] (25, 50, 75) percentile: (9, 10, 135)
[M::mem_pestat] low and high boundaries for computing mean and std.dev: (1, 387)
[M::mem_pestat] mean and std.dev: (64.33, 86.10)
[M::mem_pestat] low and high boundaries for proper pairs: (1, 513)
[M::mem_pestat] analyzing insert size distribution for orientation FR...
[M::mem_pestat] (25, 50, 75) percentile: (305, 353, 403)
[M::mem_pestat] low and high boundaries for computing mean and std.dev: (109, 599)
[M::mem_pestat] mean and std.dev: (354.33, 73.45)
[M::mem_pestat] low and high boundaries for proper pairs: (11, 697)
[M::mem_pestat] skip orientation RF as there are not enough pairs
[M::mem_pestat] skip orientation RR as there are not enough pairs
[M::mem_pestat] skip orientation FF
[M::mem_pestat] skip orientation FF as there are not enough pairs
[M::mem_pestat] analyzing insert size distribution for orientation FR...
[M::mem_pestat] (25, 50, 75) percentile: (305, 352, 402)
[M::mem_pestat] low and high boundaries for computing mean and std.dev: (111, 596)
[M::mem_pestat] mean and std.dev: (353.93, 72.73)
[M::mem_pestat] low and high boundaries for proper pairs: (14, 693)
[M::mem_pestat] skip orientation RF as there are not enough pairs
[M::mem_pestat] skip orientation RR as there are not enough pairs
[M::mem_pestat] analyzing insert size distribution for orientation FF...
[M::mem_pestat] (25, 50, 75) percentile: (10, 143, 5473)
[M::mem_pestat] low and high boundaries for computing mean and std.dev: (1, 16399)
[M::mem_pestat] mean and std.dev: (1610.64, 2379.95)
[M::mem_pestat] low and high boundaries for proper pairs: (1, 21862)
[M::mem_pestat] analyzing insert size distribution for orientation FR...
[M::mem_pestat] (25, 50, 75) percentile: (305, 353, 402)
[M::mem_pestat] low and high boundaries for computing mean and std.dev: (111, 596)
[M::mem_pestat] mean and std.dev: (354.50, 72.80)
[M::mem_pestat] low and high boundaries for proper pairs: (14, 693)
[M::mem_pestat] skip orientation RF as there are not enough pairs
[M::mem_pestat] skip orientation RR as there are not enough pairs
[M::mem_pestat] skip orientation FF
[M::mem_pestat] skip orientation FF as there are not enough pairs
[M::mem_pestat] analyzing insert size distribution for orientation FR...
[M::mem_pestat] (25, 50, 75) percentile: (304, 352, 402)
[M::mem_pestat] low and high boundaries for computing mean and std.dev: (108, 598)
[M::mem_pestat] mean and std.dev: (354.02, 73.16)
[M::mem_pestat] low and high boundaries for proper pairs: (10, 696)
[M::mem_pestat] skip orientation RF as there are not enough pairs
[M::mem_pestat] skip orientation RR as there are not enough pairs
[M::mem_pestat] skip orientation FF as there are not enough pairs
[M::mem_pestat] analyzing insert size distribution for orientation FR...
[M::mem_pestat] (25, 50, 75) percentile: (303, 351, 401)
[M::mem_pestat] low and high boundaries for computing mean and std.dev: (107, 597)
[M::mem_pestat] mean and std.dev: (352.52, 73.44)
[M::mem_pestat] low and high boundaries for proper pairs: (9, 695)
[M::mem_pestat] analyzing insert size distribution for orientation RF...
[M::mem_pestat] (25, 50, 75) percentile: (193, 5514, 7736)
[M::mem_pestat] low and high boundaries for computing mean and std.dev: (1, 22822)
[M::mem_pestat] mean and std.dev: (3720.30, 3238.86)
[M::mem_pestat] low and high boundaries for proper pairs: (1, 30365)
[M::mem_pestat] skip orientation RR as there are not enough pairs
[M::mem_pestat] skip orientation RF
[M::mem_pestat] analyzing insert size distribution for orientation FF...
[M::mem_pestat] (25, 50, 75) percentile: (11, 327, 434)
[M::mem_pestat] low and high boundaries for computing mean and std.dev: (1, 1280)
[M::mem_pestat] mean and std.dev: (173.27, 183.84)
[M::mem_pestat] low and high boundaries for proper pairs: (1, 1703)
[M::mem_pestat] analyzing insert size distribution for orientation FR...
[M::mem_pestat] (25, 50, 75) percentile: (302, 351, 402)
[M::mem_pestat] low and high boundaries for computing mean and std.dev: (102, 602)
[M::mem_pestat] mean and std.dev: (352.78, 74.36)
[M::mem_pestat] low and high boundaries for proper pairs: (2, 702)
[M::mem_pestat] skip orientation RF as there are not enough pairs
[M::mem_pestat] skip orientation RR as there are not enough pairs
[M::mem_pestat] skip orientation FF
[M::mem_pestat] skip orientation FF as there are not enough pairs
[M::mem_pestat] analyzing insert size distribution for orientation FR...
[M::mem_pestat] (25, 50, 75) percentile: (306, 355, 405)
[M::mem_pestat] low and high boundaries for computing mean and std.dev: (108, 603)
[M::mem_pestat] mean and std.dev: (355.85, 74.09)
[M::mem_pestat] low and high boundaries for proper pairs: (9, 702)
[M::mem_pestat] skip orientation RF as there are not enough pairs
[M::mem_pestat] analyzing insert size distribution for orientation RR...
[M::mem_pestat] (25, 50, 75) percentile: (252, 2504, 9940)
[M::mem_pestat] low and high boundaries for computing mean and std.dev: (1, 29316)
[M::mem_pestat] mean and std.dev: (4702.31, 3979.35)
[M::mem_pestat] low and high boundaries for proper pairs: (1, 39004)
[M::mem_pestat] skip orientation RR
[M::mem_pestat] analyzing insert size distribution for orientation FF...
[M::mem_pestat] (25, 50, 75) percentile: (4, 78, 232)
[M::mem_pestat] low and high boundaries for computing mean and std.dev: (1, 688)
[M::mem_pestat] mean and std.dev: (52.50, 74.35)
[M::mem_pestat] low and high boundaries for proper pairs: (1, 916)
[M::mem_pestat] analyzing insert size distribution for orientation FR...
[M::mem_pestat] (25, 50, 75) percentile: (305, 353, 403)
[M::mem_pestat] low and high boundaries for computing mean and std.dev: (109, 599)
[M::mem_pestat] mean and std.dev: (354.89, 73.27)
[M::mem_pestat] low and high boundaries for proper pairs: (11, 697)
[M::mem_pestat] skip orientation RF as there are not enough pairs
[M::mem_pestat] skip orientation RR as there are not enough pairs
[M::mem_pestat] skip orientation FF
[M::mem_pestat] skip orientation FF as there are not enough pairs
[M::mem_pestat] analyzing insert size distribution for orientation FR...
[M::mem_pestat] (25, 50, 75) percentile: (304, 352, 401)
[M::mem_pestat] low and high boundaries for computing mean and std.dev: (110, 595)
[M::mem_pestat] mean and std.dev: (353.70, 72.90)
[M::mem_pestat] low and high boundaries for proper pairs: (13, 692)
[M::mem_pestat] skip orientation RF as there are not enough pairs
[M::mem_pestat] skip orientation RR as there are not enough pairs
[M::mem_pestat] analyzing insert size distribution for orientation FF...
[M::mem_pestat] (25, 50, 75) percentile: (10, 204, 219)
[M::mem_pestat] low and high boundaries for computing mean and std.dev: (1, 637)
[M::mem_pestat] mean and std.dev: (86.00, 99.25)
[M::mem_pestat] low and high boundaries for proper pairs: (1, 846)
[M::mem_pestat] analyzing insert size distribution for orientation FR...
[M::mem_pestat] (25, 50, 75) percentile: (305, 352, 401)
[M::mem_pestat] low and high boundaries for computing mean and std.dev: (113, 593)
[M::mem_pestat] mean and std.dev: (353.86, 72.45)
[M::mem_pestat] low and high boundaries for proper pairs: (17, 689)
[M::mem_pestat] skip orientation RF as there are not enough pairs
[M::mem_pestat] skip orientation RR as there are not enough pairs
[M::mem_pestat] skip orientation FF
[M::mem_pestat] skip orientation FF as there are not enough pairs
[M::mem_pestat] analyzing insert size distribution for orientation FR...
[M::mem_pestat] (25, 50, 75) percentile: (305, 352, 402)
[M::mem_pestat] low and high boundaries for computing mean and std.dev: (111, 596)
[M::mem_pestat] mean and std.dev: (354.07, 72.69)
[M::mem_pestat] low and high boundaries for proper pairs: (14, 693)
[M::mem_pestat] skip orientation RF as there are not enough pairs
[M::mem_pestat] skip orientation RR as there are not enough pairs
[M::mem_pestat] analyzing insert size distribution for orientation FF...
[M::mem_pestat] (25, 50, 75) percentile: (10, 170, 541)
[M::mem_pestat] low and high boundaries for computing mean and std.dev: (1, 1603)
[M::mem_pestat] mean and std.dev: (324.50, 317.30)
[M::mem_pestat] low and high boundaries for proper pairs: (1, 2134)
[M::mem_pestat] analyzing insert size distribution for orientation FR...
[M::mem_pestat] (25, 50, 75) percentile: (303, 351, 401)
[M::mem_pestat] low and high boundaries for computing mean and std.dev: (107, 597)
[M::mem_pestat] mean and std.dev: (353.21, 73.17)
[M::mem_pestat] low and high boundaries for proper pairs: (9, 695)
[M::mem_pestat] skip orientation RF as there are not enough pairs
[M::mem_pestat] skip orientation RR as there are not enough pairs
[M::mem_pestat] skip orientation FF
[M::mem_pestat] skip orientation FF as there are not enough pairs
[M::mem_pestat] analyzing insert size distribution for orientation FR...
[M::mem_pestat] (25, 50, 75) percentile: (302, 351, 401)
[M::mem_pestat] low and high boundaries for computing mean and std.dev: (104, 599)
[M::mem_pestat] mean and std.dev: (352.51, 73.57)
[M::mem_pestat] low and high boundaries for proper pairs: (5, 698)
[M::mem_pestat] skip orientation RF as there are not enough pairs
[M::mem_pestat] skip orientation RR as there are not enough pairs
[M::mem_pestat] analyzing insert size distribution for orientation FF...
[M::mem_pestat] (25, 50, 75) percentile: (10, 199, 1234)
[M::mem_pestat] low and high boundaries for computing mean and std.dev: (1, 3682)
[M::mem_pestat] mean and std.dev: (373.45, 523.68)
[M::mem_pestat] low and high boundaries for proper pairs: (1, 4906)
[M::mem_pestat] analyzing insert size distribution for orientation FR...
[M::mem_pestat] (25, 50, 75) percentile: (301, 351, 400)
[M::mem_pestat] low and high boundaries for computing mean and std.dev: (103, 598)
[M::mem_pestat] mean and std.dev: (351.80, 73.75)
[M::mem_pestat] low and high boundaries for proper pairs: (4, 697)
[M::mem_pestat] skip orientation RF as there are not enough pairs
[M::mem_pestat] skip orientation RR as there are not enough pairs
[M::mem_pestat] skip orientation FF
[M::mem_pestat] skip orientation FF as there are not enough pairs
[M::mem_pestat] analyzing insert size distribution for orientation FR...
[M::mem_pestat] (25, 50, 75) percentile: (305, 354, 404)
[M::mem_pestat] low and high boundaries for computing mean and std.dev: (107, 602)
[M::mem_pestat] mean and std.dev: (355.04, 74.02)
[M::mem_pestat] low and high boundaries for proper pairs: (8, 701)
[M::mem_pestat] skip orientation RF as there are not enough pairs
[M::mem_pestat] skip orientation RR as there are not enough pairs
[M::mem_pestat] analyzing insert size distribution for orientation FF...
[M::mem_pestat] (25, 50, 75) percentile: (9, 11, 251)
[M::mem_pestat] low and high boundaries for computing mean and std.dev: (1, 735)
[M::mem_pestat] mean and std.dev: (89.58, 114.15)
[M::mem_pestat] low and high boundaries for proper pairs: (1, 977)
[M::mem_pestat] analyzing insert size distribution for orientation FR...
[M::mem_pestat] (25, 50, 75) percentile: (305, 354, 403)
[M::mem_pestat] low and high boundaries for computing mean and std.dev: (109, 599)
[M::mem_pestat] mean and std.dev: (355.15, 73.35)
[M::mem_pestat] low and high boundaries for proper pairs: (11, 697)
[M::mem_pestat] skip orientation RF as there are not enough pairs
[M::mem_pestat] skip orientation RR as there are not enough pairs
[M::mem_pestat] skip orientation FF
[M::mem_pestat] skip orientation FF as there are not enough pairs
[M::mem_pestat] analyzing insert size distribution for orientation FR...
[M::mem_pestat] (25, 50, 75) percentile: (303, 351, 401)
[M::mem_pestat] low and high boundaries for computing mean and std.dev: (107, 597)
[M::mem_pestat] mean and std.dev: (353.02, 73.34)
[M::mem_pestat] low and high boundaries for proper pairs: (9, 695)
[M::mem_pestat] skip orientation RF as there are not enough pairs
[M::mem_pestat] skip orientation RR as there are not enough pairs
[M::mem_pestat] skip orientation FF as there are not enough pairs
[M::mem_pestat] analyzing insert size distribution for orientation FR...
[M::mem_pestat] (25, 50, 75) percentile: (304, 352, 401)
[M::mem_pestat] low and high boundaries for computing mean and std.dev: (110, 595)
[M::mem_pestat] mean and std.dev: (353.44, 72.92)
[M::mem_pestat] low and high boundaries for proper pairs: (13, 692)
[M::mem_pestat] skip orientation RF as there are not enough pairs
[M::mem_pestat] skip orientation RR as there are not enough pairs
[M::mem_pestat] skip orientation FF as there are not enough pairs
[M::mem_pestat] analyzing insert size distribution for orientation FR...
[M::mem_pestat] (25, 50, 75) percentile: (303, 351, 400)
[M::mem_pestat] low and high boundaries for computing mean and std.dev: (109, 594)
[M::mem_pestat] mean and std.dev: (352.80, 73.03)
[M::mem_pestat] low and high boundaries for proper pairs: (12, 691)
[M::mem_pestat] skip orientation RF as there are not enough pairs
[M::mem_pestat] skip orientation RR as there are not enough pairs
[M::mem_pestat] skip orientation FF as there are not enough pairs
[M::mem_pestat] analyzing insert size distribution for orientation FR...
[M::mem_pestat] (25, 50, 75) percentile: (302, 351, 400)
[M::mem_pestat] low and high boundaries for computing mean and std.dev: (106, 596)
[M::mem_pestat] mean and std.dev: (352.26, 73.06)
[M::mem_pestat] low and high boundaries for proper pairs: (8, 694)
[M::mem_pestat] skip orientation RF as there are not enough pairs
[M::mem_pestat] skip orientation RR as there are not enough pairs
[M::mem_pestat] skip orientation FF as there are not enough pairs
[M::mem_pestat] analyzing insert size distribution for orientation FR...
[M::mem_pestat] (25, 50, 75) percentile: (301, 350, 400)
[M::mem_pestat] low and high boundaries for computing mean and std.dev: (103, 598)
[M::mem_pestat] mean and std.dev: (351.81, 73.54)
[M::mem_pestat] low and high boundaries for proper pairs: (4, 697)
[M::mem_pestat] skip orientation RF as there are not enough pairs
[M::mem_pestat] skip orientation RR as there are not enough pairs
[M::mem_pestat] analyzing insert size distribution for orientation FF...
[M::mem_pestat] (25, 50, 75) percentile: (9, 215, 2052)
[M::mem_pestat] low and high boundaries for computing mean and std.dev: (1, 6138)
[M::mem_pestat] mean and std.dev: (682.40, 883.12)
[M::mem_pestat] low and high boundaries for proper pairs: (1, 8181)
[M::mem_pestat] analyzing insert size distribution for orientation FR...
[M::mem_pestat] (25, 50, 75) percentile: (289, 339, 391)
[M::mem_pestat] low and high boundaries for computing mean and std.dev: (85, 595)
[M::mem_pestat] mean and std.dev: (341.26, 75.87)
[M::mem_pestat] low and high boundaries for proper pairs: (1, 697)
[M::mem_pestat] skip orientation RF as there are not enough pairs
[M::mem_pestat] skip orientation RR as there are not enough pairs
[M::mem_pestat] skip orientation FF
[M::mem_pestat] analyzing insert size distribution for orientation FF...
[M::mem_pestat] (25, 50, 75) percentile: (9, 11, 294)
[M::mem_pestat] low and high boundaries for computing mean and std.dev: (1, 864)
[M::mem_pestat] mean and std.dev: (65.60, 114.23)
[M::mem_pestat] low and high boundaries for proper pairs: (1, 1149)
[M::mem_pestat] analyzing insert size distribution for orientation FR...
[M::mem_pestat] (25, 50, 75) percentile: (294, 345, 398)
[M::mem_pestat] low and high boundaries for computing mean and std.dev: (86, 606)
[M::mem_pestat] mean and std.dev: (346.96, 76.87)
[M::mem_pestat] low and high boundaries for proper pairs: (1, 710)
[M::mem_pestat] analyzing insert size distribution for orientation RF...
[M::mem_pestat] (25, 50, 75) percentile: (663, 3246, 5314)
[M::mem_pestat] low and high boundaries for computing mean and std.dev: (1, 14616)
[M::mem_pestat] mean and std.dev: (3227.55, 2617.97)
[M::mem_pestat] low and high boundaries for proper pairs: (1, 19267)
[M::mem_pestat] skip orientation RR as there are not enough pairs
[M::mem_pestat] skip orientation FF
[M::mem_pestat] skip orientation RF
[M::mem_pestat] analyzing insert size distribution for orientation FF...
[M::mem_pestat] (25, 50, 75) percentile: (5, 9, 11)
[M::mem_pestat] low and high boundaries for computing mean and std.dev: (1, 23)
[M::mem_pestat] mean and std.dev: (8.00, 3.48)
[M::mem_pestat] low and high boundaries for proper pairs: (1, 29)
[M::mem_pestat] analyzing insert size distribution for orientation FR...
[M::mem_pestat] (25, 50, 75) percentile: (295, 345, 397)
[M::mem_pestat] low and high boundaries for computing mean and std.dev: (91, 601)
[M::mem_pestat] mean and std.dev: (347.08, 75.46)
[M::mem_pestat] low and high boundaries for proper pairs: (1, 703)
[M::mem_pestat] skip orientation RF as there are not enough pairs
[M::mem_pestat] skip orientation RR as there are not enough pairs
[M::mem_pestat] skip orientation FF
[M::mem_pestat] analyzing insert size distribution for orientation FF...
[M::mem_pestat] (25, 50, 75) percentile: (6, 9, 11)
[M::mem_pestat] low and high boundaries for computing mean and std.dev: (1, 21)
[M::mem_pestat] mean and std.dev: (8.31, 2.76)
[M::mem_pestat] low and high boundaries for proper pairs: (1, 26)
[M::mem_pestat] analyzing insert size distribution for orientation FR...
[M::mem_pestat] (25, 50, 75) percentile: (297, 347, 399)
[M::mem_pestat] low and high boundaries for computing mean and std.dev: (93, 603)
[M::mem_pestat] mean and std.dev: (349.23, 75.52)
[M::mem_pestat] low and high boundaries for proper pairs: (1, 705)
[M::mem_pestat] skip orientation RF as there are not enough pairs
[M::mem_pestat] analyzing insert size distribution for orientation RR...
[M::mem_pestat] (25, 50, 75) percentile: (225, 6501, 6501)
[M::mem_pestat] low and high boundaries for computing mean and std.dev: (1, 19053)
[M::mem_pestat] mean and std.dev: (3994.20, 3070.92)
[M::mem_pestat] low and high boundaries for proper pairs: (1, 25329)
[M::mem_pestat] skip orientation FF
[M::mem_pestat] skip orientation RR
[M::mem_pestat] analyzing insert size distribution for orientation FF...
[M::mem_pestat] (25, 50, 75) percentile: (10, 11, 75)
[M::mem_pestat] low and high boundaries for computing mean and std.dev: (1, 205)
[M::mem_pestat] mean and std.dev: (17.75, 21.86)
[M::mem_pestat] low and high boundaries for proper pairs: (1, 270)
[M::mem_pestat] analyzing insert size distribution for orientation FR...
[M::mem_pestat] (25, 50, 75) percentile: (298, 348, 400)
[M::mem_pestat] low and high boundaries for computing mean and std.dev: (94, 604)
[M::mem_pestat] mean and std.dev: (350.18, 75.60)
[M::mem_pestat] low and high boundaries for proper pairs: (1, 706)
[M::mem_pestat] skip orientation RF as there are not enough pairs
[M::mem_pestat] skip orientation RR as there are not enough pairs
[M::mem_pestat] skip orientation FF
[M::mem_pestat] analyzing insert size distribution for orientation FF...
[M::mem_pestat] (25, 50, 75) percentile: (6, 9, 11)
[M::mem_pestat] low and high boundaries for computing mean and std.dev: (1, 21)
[M::mem_pestat] mean and std.dev: (7.33, 2.49)
[M::mem_pestat] low and high boundaries for proper pairs: (1, 26)
[M::mem_pestat] analyzing insert size distribution for orientation FR...
[M::mem_pestat] (25, 50, 75) percentile: (290, 340, 392)
[M::mem_pestat] low and high boundaries for computing mean and std.dev: (86, 596)
[M::mem_pestat] mean and std.dev: (342.53, 75.94)
[M::mem_pestat] low and high boundaries for proper pairs: (1, 698)
[M::mem_pestat] skip orientation RF as there are not enough pairs
[M::mem_pestat] analyzing insert size distribution for orientation RR...
[M::mem_pestat] (25, 50, 75) percentile: (262, 1920, 1920)
[M::mem_pestat] low and high boundaries for computing mean and std.dev: (1, 5236)
[M::mem_pestat] mean and std.dev: (1331.67, 1105.80)
[M::mem_pestat] low and high boundaries for proper pairs: (1, 6894)
[M::mem_pestat] skip orientation FF
[M::mem_pestat] skip orientation RR
[M::mem_pestat] skip orientation FF as there are not enough pairs
[M::mem_pestat] analyzing insert size distribution for orientation FR...
[M::mem_pestat] (25, 50, 75) percentile: (292, 342, 395)
[M::mem_pestat] low and high boundaries for computing mean and std.dev: (86, 601)
[M::mem_pestat] mean and std.dev: (344.78, 76.36)
[M::mem_pestat] low and high boundaries for proper pairs: (1, 704)
[M::mem_pestat] skip orientation RF as there are not enough pairs
[M::mem_pestat] skip orientation RR as there are not enough pairs
[M::mem_pestat] analyzing insert size distribution for orientation FF...
[M::mem_pestat] (25, 50, 75) percentile: (6, 10, 11)
[M::mem_pestat] low and high boundaries for computing mean and std.dev: (1, 21)
[M::mem_pestat] mean and std.dev: (7.78, 3.46)
[M::mem_pestat] low and high boundaries for proper pairs: (1, 26)
[M::mem_pestat] analyzing insert size distribution for orientation FR...
[M::mem_pestat] (25, 50, 75) percentile: (295, 345, 397)
[M::mem_pestat] low and high boundaries for computing mean and std.dev: (91, 601)
[M::mem_pestat] mean and std.dev: (346.92, 75.41)
[M::mem_pestat] low and high boundaries for proper pairs: (1, 703)
[M::mem_pestat] skip orientation RF as there are not enough pairs
[M::mem_pestat] skip orientation RR as there are not enough pairs
[M::mem_pestat] skip orientation FF
[M::mem_pestat] analyzing insert size distribution for orientation FF...
[M::mem_pestat] (25, 50, 75) percentile: (7, 12, 5096)
[M::mem_pestat] low and high boundaries for computing mean and std.dev: (1, 15274)
[M::mem_pestat] mean and std.dev: (2037.27, 2459.69)
[M::mem_pestat] low and high boundaries for proper pairs: (1, 20363)
[M::mem_pestat] analyzing insert size distribution for orientation FR...
[M::mem_pestat] (25, 50, 75) percentile: (298, 348, 399)
[M::mem_pestat] low and high boundaries for computing mean and std.dev: (96, 601)
[M::mem_pestat] mean and std.dev: (349.47, 75.28)
[M::mem_pestat] low and high boundaries for proper pairs: (1, 702)
[M::mem_pestat] skip orientation RF as there are not enough pairs
[M::mem_pestat] skip orientation RR as there are not enough pairs
[M::mem_pestat] skip orientation FF
[M::mem_pestat] skip orientation FF as there are not enough pairs
[M::mem_pestat] analyzing insert size distribution for orientation FR...
[M::mem_pestat] (25, 50, 75) percentile: (299, 350, 401)
[M::mem_pestat] low and high boundaries for computing mean and std.dev: (95, 605)
[M::mem_pestat] mean and std.dev: (351.26, 75.67)
[M::mem_pestat] low and high boundaries for proper pairs: (1, 707)
[M::mem_pestat] skip orientation RF as there are not enough pairs
[M::mem_pestat] skip orientation RR as there are not enough pairs
[M::mem_pestat] skip orientation FF as there are not enough pairs
[M::mem_pestat] analyzing insert size distribution for orientation FR...
[M::mem_pestat] (25, 50, 75) percentile: (293, 344, 396)
[M::mem_pestat] low and high boundaries for computing mean and std.dev: (87, 602)
[M::mem_pestat] mean and std.dev: (345.80, 76.54)
[M::mem_pestat] low and high boundaries for proper pairs: (1, 705)
[M::mem_pestat] skip orientation RF as there are not enough pairs
[M::mem_pestat] skip orientation RR as there are not enough pairs
[M::mem_pestat] analyzing insert size distribution for orientation FF...
[M::mem_pestat] (25, 50, 75) percentile: (11, 165, 9399)
[M::mem_pestat] low and high boundaries for computing mean and std.dev: (1, 28175)
[M::mem_pestat] mean and std.dev: (2528.50, 3978.59)
[M::mem_pestat] low and high boundaries for proper pairs: (1, 37563)
[M::mem_pestat] analyzing insert size distribution for orientation FR...
[M::mem_pestat] (25, 50, 75) percentile: (292, 343, 397)
[M::mem_pestat] low and high boundaries for computing mean and std.dev: (82, 607)
[M::mem_pestat] mean and std.dev: (345.74, 77.16)
[M::mem_pestat] low and high boundaries for proper pairs: (1, 712)
[M::mem_pestat] skip orientation RF as there are not enough pairs
[M::mem_pestat] skip orientation RR as there are not enough pairs
[M::mem_pestat] skip orientation FF
[M::mem_pestat] analyzing insert size distribution for orientation FF...
[M::mem_pestat] (25, 50, 75) percentile: (7, 10, 182)
[M::mem_pestat] low and high boundaries for computing mean and std.dev: (1, 532)
[M::mem_pestat] mean and std.dev: (86.07, 108.89)
[M::mem_pestat] low and high boundaries for proper pairs: (1, 707)
[M::mem_pestat] analyzing insert size distribution for orientation FR...
[M::mem_pestat] (25, 50, 75) percentile: (297, 347, 399)
[M::mem_pestat] low and high boundaries for computing mean and std.dev: (93, 603)
[M::mem_pestat] mean and std.dev: (349.17, 75.88)
[M::mem_pestat] low and high boundaries for proper pairs: (1, 705)
[M::mem_pestat] skip orientation RF as there are not enough pairs
[M::mem_pestat] skip orientation RR as there are not enough pairs
[M::mem_pestat] skip orientation FF
[M::mem_pestat] analyzing insert size distribution for orientation FF...
[M::mem_pestat] (25, 50, 75) percentile: (4, 7, 9)
[M::mem_pestat] low and high boundaries for computing mean and std.dev: (1, 19)
[M::mem_pestat] mean and std.dev: (5.85, 3.18)
[M::mem_pestat] low and high boundaries for proper pairs: (1, 24)
[M::mem_pestat] analyzing insert size distribution for orientation FR...
[M::mem_pestat] (25, 50, 75) percentile: (298, 348, 399)
[M::mem_pestat] low and high boundaries for computing mean and std.dev: (96, 601)
[M::mem_pestat] mean and std.dev: (349.42, 75.04)
[M::mem_pestat] low and high boundaries for proper pairs: (1, 702)
[M::mem_pestat] skip orientation RF as there are not enough pairs
[M::mem_pestat] skip orientation RR as there are not enough pairs
[M::mem_pestat] skip orientation FF
[M::mem_pestat] skip orientation FF as there are not enough pairs
[M::mem_pestat] analyzing insert size distribution for orientation FR...
[M::mem_pestat] (25, 50, 75) percentile: (301, 351, 402)
[M::mem_pestat] low and high boundaries for computing mean and std.dev: (99, 604)
[M::mem_pestat] mean and std.dev: (352.61, 75.15)
[M::mem_pestat] low and high boundaries for proper pairs: (1, 705)
[M::mem_pestat] skip orientation RF as there are not enough pairs
[M::mem_pestat] skip orientation RR as there are not enough pairs
[M::mem_pestat] skip orientation FF as there are not enough pairs
[M::mem_pestat] analyzing insert size distribution for orientation FR...
[M::mem_pestat] (25, 50, 75) percentile: (300, 351, 404)
[M::mem_pestat] low and high boundaries for computing mean and std.dev: (92, 612)
[M::mem_pestat] mean and std.dev: (353.24, 76.46)
[M::mem_pestat] low and high boundaries for proper pairs: (1, 716)
[M::mem_pestat] skip orientation RF as there are not enough pairs
[M::mem_pestat] skip orientation RR as there are not enough pairs
[M::mem_pestat] analyzing insert size distribution for orientation FF...
[M::mem_pestat] (25, 50, 75) percentile: (4, 10, 407)
[M::mem_pestat] low and high boundaries for computing mean and std.dev: (1, 1213)
[M::mem_pestat] mean and std.dev: (129.23, 279.78)
[M::mem_pestat] low and high boundaries for proper pairs: (1, 1616)
[M::mem_pestat] analyzing insert size distribution for orientation FR...
[M::mem_pestat] (25, 50, 75) percentile: (290, 341, 394)
[M::mem_pestat] low and high boundaries for computing mean and std.dev: (82, 602)
[M::mem_pestat] mean and std.dev: (343.53, 76.91)
[M::mem_pestat] low and high boundaries for proper pairs: (1, 706)
[M::mem_pestat] skip orientation RF as there are not enough pairs
[M::mem_pestat] skip orientation RR as there are not enough pairs
[M::mem_pestat] skip orientation FF
[M::mem_pestat] analyzing insert size distribution for orientation FF...
[M::mem_pestat] (25, 50, 75) percentile: (6, 11, 302)
[M::mem_pestat] low and high boundaries for computing mean and std.dev: (1, 894)
[M::mem_pestat] mean and std.dev: (74.93, 118.00)
[M::mem_pestat] low and high boundaries for proper pairs: (1, 1190)
[M::mem_pestat] analyzing insert size distribution for orientation FR...
[M::mem_pestat] (25, 50, 75) percentile: (296, 347, 400)
[M::mem_pestat] low and high boundaries for computing mean and std.dev: (88, 608)
[M::mem_pestat] mean and std.dev: (349.39, 76.80)
[M::mem_pestat] low and high boundaries for proper pairs: (1, 712)
[M::mem_pestat] skip orientation RF as there are not enough pairs
[M::mem_pestat] skip orientation RR as there are not enough pairs
[M::mem_pestat] skip orientation FF
[M::mem_pestat] analyzing insert size distribution for orientation FF...
[M::mem_pestat] (25, 50, 75) percentile: (11, 11, 256)
[M::mem_pestat] low and high boundaries for computing mean and std.dev: (1, 746)
[M::mem_pestat] mean and std.dev: (85.50, 109.03)
[M::mem_pestat] low and high boundaries for proper pairs: (1, 991)
[M::mem_pestat] analyzing insert size distribution for orientation FR...
[M::mem_pestat] (25, 50, 75) percentile: (298, 348, 399)
[M::mem_pestat] low and high boundaries for computing mean and std.dev: (96, 601)
[M::mem_pestat] mean and std.dev: (349.84, 75.07)
[M::mem_pestat] low and high boundaries for proper pairs: (1, 702)
[M::mem_pestat] skip orientation RF as there are not enough pairs
[M::mem_pestat] skip orientation RR as there are not enough pairs
[M::mem_pestat] skip orientation FF
[M::mem_pestat] skip orientation FF as there are not enough pairs
[M::mem_pestat] analyzing insert size distribution for orientation FR...
[M::mem_pestat] (25, 50, 75) percentile: (301, 351, 401)
[M::mem_pestat] low and high boundaries for computing mean and std.dev: (101, 601)
[M::mem_pestat] mean and std.dev: (352.01, 74.83)
[M::mem_pestat] low and high boundaries for proper pairs: (1, 701)
[M::mem_pestat] skip orientation RF as there are not enough pairs
[M::mem_pestat] skip orientation RR as there are not enough pairs
[M::mem_pestat] skip orientation FF as there are not enough pairs
[M::mem_pestat] analyzing insert size distribution for orientation FR...
[M::mem_pestat] (25, 50, 75) percentile: (305, 354, 405)
[M::mem_pestat] low and high boundaries for computing mean and std.dev: (105, 605)
[M::mem_pestat] mean and std.dev: (355.90, 75.17)
[M::mem_pestat] low and high boundaries for proper pairs: (5, 705)
[M::mem_pestat] skip orientation RF as there are not enough pairs
[M::mem_pestat] skip orientation RR as there are not enough pairs
[M::mem_pestat] skip orientation FF as there are not enough pairs
[M::mem_pestat] analyzing insert size distribution for orientation FR...
[M::mem_pestat] (25, 50, 75) percentile: (303, 353, 405)
[M::mem_pestat] low and high boundaries for computing mean and std.dev: (99, 609)
[M::mem_pestat] mean and std.dev: (355.03, 75.94)
[M::mem_pestat] low and high boundaries for proper pairs: (1, 711)
[M::mem_pestat] skip orientation RF as there are not enough pairs
[M::mem_pestat] skip orientation RR as there are not enough pairs
[M::mem_pestat] skip orientation FF as there are not enough pairs
[M::mem_pestat] analyzing insert size distribution for orientation FR...
[M::mem_pestat] (25, 50, 75) percentile: (300, 351, 405)
[M::mem_pestat] low and high boundaries for computing mean and std.dev: (90, 615)
[M::mem_pestat] mean and std.dev: (353.76, 78.09)
[M::mem_pestat] low and high boundaries for proper pairs: (1, 720)
[M::mem_pestat] skip orientation RF as there are not enough pairs
[M::mem_pestat] skip orientation RR as there are not enough pairs
[main] Version: 0.7.17-r1188
[main] CMD: bwa mem -v 1 -t 16 /data/NCBR/projects/NCBR-492/data/manual_analysis/binning/SF8/work_files/assembly.fa /data/NCBR/projects/NCBR-492/data/manual_analysis/fastp/SF8.trimmed_1.fastq /data/NCBR/projects/NCBR-492/data/manual_analysis/fastp/SF8.trimmed_2.fastq
[main] Real time: 258.209 sec; CPU: 3780.875 sec
[bam_sort_core] merging from 16 files and 16 in-memory blocks...
Output depth matrix to /data/NCBR/projects/NCBR-492/data/manual_analysis/binning/SF8/work_files/metabat_depth.txt
Output matrix to /data/NCBR/projects/NCBR-492/data/manual_analysis/binning/SF8/work_files/metabat_depth.txt
Opening 1 bams
Consolidating headers
Processing bam files
Thread 0 finished: SF8.trimmed.bam with 56775659 reads and 56480717 readsWellMapped
Creating depth matrix file: /data/NCBR/projects/NCBR-492/data/manual_analysis/binning/SF8/work_files/metabat_depth.txt
Closing most bam files
Closing last bam file
Finished
Output depth matrix to /data/NCBR/projects/NCBR-492/data/manual_analysis/binning/SF8/work_files/mb2_master_depth.txt
Calculating intra contig depth variance
Output matrix to /data/NCBR/projects/NCBR-492/data/manual_analysis/binning/SF8/work_files/mb2_master_depth.txt
Opening 1 bams
Consolidating headers
Processing bam files
Thread 0 finished: SF8.trimmed.bam with 56775659 reads and 56480717 readsWellMapped
Creating depth matrix file: /data/NCBR/projects/NCBR-492/data/manual_analysis/binning/SF8/work_files/mb2_master_depth.txt
Closing most bam files
Closing last bam file
Finished
/data/NCBR/apps/genome-assembly/conda/envs/metawrap-env/bin/concoct_coverage_table.py:48: FutureWarning: read_table is deprecated, use read_csv instead, passing sep='\t'.
  df = pd.read_table(fh, header=None)
Up and running. Check /data/NCBR/projects/NCBR-492/data/manual_analysis/binning/SF8/work_files/concoct_out/log.txt for progress
/data/NCBR/apps/genome-assembly/conda/envs/metawrap-env/lib/python2.7/site-packages/concoct/input.py:82: FutureWarning: read_table is deprecated, use read_csv instead, passing sep='\t'.
  cov = p.read_table(cov_file, header=0, index_col=0)
Setting 12 OMP threads
Generate input data
0,-215724.474352,358672.370978
1,-98130.133424,117594.340929
2,-72428.167590,25701.965834
3,-69758.381685,2669.785905
4,-67126.668300,2631.713384
5,-64545.058749,2581.609551
6,-64508.657214,36.401535
7,-61948.147874,2560.509340
8,-61939.702139,8.445735
9,-61927.489752,12.212387
10,-61922.195362,5.294390
11,-61916.128315,6.067047
12,-61917.275997,1.147682
13,-61912.011420,5.264577
14,-61914.617959,2.606539
15,-61914.388222,0.229737
16,-61913.518542,0.869680
17,-61909.060080,4.458462
18,-61908.080630,0.979450
19,-61909.442676,1.362046
20,-61909.455930,0.013254
21,-61909.457715,0.001786
22,-61909.457967,0.000252
23,-61909.458003,0.000036
CONCOCT Finished, the log shows how it went.
NODE_37_length_35874_cov_1657.075463	[('20', 1), ('17', 2)], chosen: 17
NODE_45_length_24639_cov_963.142816	[('17', 2)]
NODE_23_length_56368_cov_1190.840481	[('17', 5)]
NODE_26_length_50351_cov_1688.243658	[('9', 1), ('12', 1), ('17', 3)], chosen: 17
NODE_42_length_31545_cov_1197.963449	[('17', 3)]
NODE_51_length_21187_cov_1320.627390	[('17', 2)]
NODE_33_length_38093_cov_1100.360219	[('17', 3)]
NODE_40_length_32923_cov_1674.310515	[('9', 1), ('17', 2)], chosen: 17
NODE_8_length_129051_cov_1065.404951	[('17', 12)]
NODE_4_length_149502_cov_1519.674982	[('20', 2), ('17', 12)], chosen: 17
NODE_11_length_99848_cov_1575.297015	[('17', 9)]
NODE_5_length_148744_cov_1595.804834	[('17', 14)]
NODE_50_length_22315_cov_1525.012534	[('17', 2)]
NODE_28_length_47191_cov_1225.971656	[('17', 4)]
NODE_24_length_53021_cov_1219.748272	[('17', 5)]
NODE_29_length_44862_cov_1417.010132	[('20', 2), ('17', 2)], chosen: 20
NODE_16_length_75982_cov_1706.027408	[('17', 7)]
NODE_41_length_31864_cov_1597.333113	[('17', 3)]
NODE_13_length_83732_cov_1026.330055	[('17', 8)]
NODE_6_length_148150_cov_1636.810986	[('20', 1), ('17', 13)], chosen: 17
NODE_17_length_75737_cov_1309.375902	[('17', 7)]
NODE_34_length_36818_cov_1264.193999	[('17', 3)]
NODE_53_length_20028_cov_1360.596505	[('17', 2)]
NODE_20_length_63283_cov_1438.422234	[('17', 6)]
NODE_12_length_99821_cov_1170.153730	[('20', 2), ('17', 7)], chosen: 17
NODE_46_length_23198_cov_1705.644126	[('20', 1), ('17', 1)], chosen: 20
NODE_39_length_33917_cov_1180.767675	[('17', 3)]
NODE_18_length_75239_cov_1383.692315	[('17', 7)]
NODE_15_length_79142_cov_1276.785262	[('17', 7)]
NODE_32_length_41402_cov_1568.426802	[('17', 4)]
NODE_30_length_44470_cov_1403.437375	[('20', 3), ('16', 1)], chosen: 20
NODE_7_length_139776_cov_1136.931692	[('17', 13)]
NODE_43_length_30739_cov_1618.796572	[('17', 3)]
NODE_36_length_36475_cov_1071.013454	[('17', 3)]
NODE_49_length_22436_cov_1520.158170	[('17', 2)]
NODE_10_length_122073_cov_1078.934157	[('17', 12)]
NODE_52_length_21000_cov_1606.056815	[('17', 2)]
NODE_35_length_36651_cov_1088.851186	[('17', 3)]
NODE_22_length_57237_cov_1403.484663	[('17', 5)]
NODE_21_length_61536_cov_1076.477269	[('17', 6)]
NODE_27_length_47980_cov_1502.933834	[('17', 4)]
NODE_3_length_199521_cov_1324.842374	[('20', 3), ('17', 16)], chosen: 17
NODE_44_length_30475_cov_1707.373636	[('17', 3)]
NODE_14_length_83240_cov_1497.124049	[('20', 3), ('17', 5)], chosen: 17
NODE_25_length_51118_cov_1185.374185	[('17', 5)]
NODE_48_length_22829_cov_1588.967331	[('17', 2)]
NODE_38_length_35371_cov_1686.726356	[('17', 3)]
NODE_1_length_256324_cov_1025.836796	[('17', 25)]
NODE_47_length_23023_cov_1511.836686	[('17', 2)]
NODE_19_length_72657_cov_1420.003994	[('17', 7)]
NODE_2_length_207572_cov_1265.952322	[('17', 20)]
NODE_31_length_42482_cov_1100.263606	[('17', 4)]
NODE_9_length_124537_cov_1531.738782	[('17', 12)]

real	10m14.652s
user	71m26.641s
sys	3m31.920s
