[+] Loading bwa 0.7.17 on cn0060 
[bwa_index] Pack FASTA... 0.02 sec
[bwa_index] Construct BWT for the packed sequence...
[bwa_index] 0.66 seconds elapse.
[bwa_index] Update BWT... 0.01 sec
[bwa_index] Pack forward-only FASTA... 0.01 sec
[bwa_index] Construct SA from BWT and Occ... 0.29 sec
[main] Version: 0.7.17-r1188
[main] CMD: bwa index /data/NCBR/projects/NCBR-492/data/manual_analysis/MAGs/SF12_metawrap.bin.1.fa
[main] Real time: 1.047 sec; CPU: 0.986 sec
[M::bwa_idx_load_from_disk] read 0 ALT contigs
[M::process] read 1067068 sequences (160000268 bp)...
[M::process] read 1067090 sequences (160000274 bp)...
[M::mem_pestat] # candidate unique pairs for (FF, FR, RF, RR): (132, 508988, 9, 7)
[M::mem_pestat] analyzing insert size distribution for orientation FF...
[M::mem_pestat] (25, 50, 75) percentile: (48, 56, 70)
[M::mem_pestat] low and high boundaries for computing mean and std.dev: (4, 114)
[M::mem_pestat] mean and std.dev: (58.73, 11.05)
[M::mem_pestat] low and high boundaries for proper pairs: (1, 136)
[M::mem_pestat] analyzing insert size distribution for orientation FR...
[M::mem_pestat] (25, 50, 75) percentile: (334, 383, 432)
[M::mem_pestat] low and high boundaries for computing mean and std.dev: (138, 628)
[M::mem_pestat] mean and std.dev: (383.32, 74.28)
[M::mem_pestat] low and high boundaries for proper pairs: (40, 726)
[M::mem_pestat] skip orientation RF as there are not enough pairs
[M::mem_pestat] skip orientation RR as there are not enough pairs
[M::mem_pestat] skip orientation FF
[M::mem_process_seqs] Processed 1067068 reads in 104.557 CPU sec, 6.978 real sec
[M::process] read 1067068 sequences (160000208 bp)...
[M::mem_pestat] # candidate unique pairs for (FF, FR, RF, RR): (123, 509000, 9, 3)
[M::mem_pestat] analyzing insert size distribution for orientation FF...
[M::mem_pestat] (25, 50, 75) percentile: (47, 52, 68)
[M::mem_pestat] low and high boundaries for computing mean and std.dev: (5, 110)
[M::mem_pestat] mean and std.dev: (57.25, 11.12)
[M::mem_pestat] low and high boundaries for proper pairs: (1, 131)
[M::mem_pestat] analyzing insert size distribution for orientation FR...
[M::mem_pestat] (25, 50, 75) percentile: (334, 382, 431)
[M::mem_pestat] low and high boundaries for computing mean and std.dev: (140, 625)
[M::mem_pestat] mean and std.dev: (382.81, 73.52)
[M::mem_pestat] low and high boundaries for proper pairs: (43, 722)
[M::mem_pestat] skip orientation RF as there are not enough pairs
[M::mem_pestat] skip orientation RR as there are not enough pairs
[M::mem_pestat] skip orientation FF
[M::mem_process_seqs] Processed 1067090 reads in 107.522 CPU sec, 6.910 real sec
[M::process] read 1067128 sequences (160000128 bp)...
[M::mem_pestat] # candidate unique pairs for (FF, FR, RF, RR): (102, 507987, 10, 3)
[M::mem_pestat] analyzing insert size distribution for orientation FF...
[M::mem_pestat] (25, 50, 75) percentile: (48, 52, 65)
[M::mem_pestat] low and high boundaries for computing mean and std.dev: (14, 99)
[M::mem_pestat] mean and std.dev: (56.49, 9.77)
[M::mem_pestat] low and high boundaries for proper pairs: (1, 116)
[M::mem_pestat] analyzing insert size distribution for orientation FR...
[M::mem_pestat] (25, 50, 75) percentile: (335, 383, 432)
[M::mem_pestat] low and high boundaries for computing mean and std.dev: (141, 626)
[M::mem_pestat] mean and std.dev: (383.37, 74.07)
[M::mem_pestat] low and high boundaries for proper pairs: (44, 723)
[M::mem_pestat] analyzing insert size distribution for orientation RF...
[M::mem_pestat] (25, 50, 75) percentile: (342, 411, 5007)
[M::mem_pestat] low and high boundaries for computing mean and std.dev: (1, 14337)
[M::mem_pestat] mean and std.dev: (1796.10, 2223.14)
[M::mem_pestat] low and high boundaries for proper pairs: (1, 19002)
[M::mem_pestat] skip orientation RR as there are not enough pairs
[M::mem_pestat] skip orientation FF
[M::mem_pestat] skip orientation RF
[M::mem_process_seqs] Processed 1067068 reads in 111.849 CPU sec, 7.228 real sec
[M::process] read 1067092 sequences (160000068 bp)...
[M::mem_pestat] # candidate unique pairs for (FF, FR, RF, RR): (145, 507627, 6, 4)
[M::mem_pestat] analyzing insert size distribution for orientation FF...
[M::mem_pestat] (25, 50, 75) percentile: (48, 53, 69)
[M::mem_pestat] low and high boundaries for computing mean and std.dev: (6, 111)
[M::mem_pestat] mean and std.dev: (57.38, 11.04)
[M::mem_pestat] low and high boundaries for proper pairs: (1, 132)
[M::mem_pestat] analyzing insert size distribution for orientation FR...
[M::mem_pestat] (25, 50, 75) percentile: (334, 383, 432)
[M::mem_pestat] low and high boundaries for computing mean and std.dev: (138, 628)
[M::mem_pestat] mean and std.dev: (383.43, 74.67)
[M::mem_pestat] low and high boundaries for proper pairs: (40, 726)
[M::mem_pestat] skip orientation RF as there are not enough pairs
[M::mem_pestat] skip orientation RR as there are not enough pairs
[M::mem_pestat] skip orientation FF
[M::mem_process_seqs] Processed 1067128 reads in 116.971 CPU sec, 7.566 real sec
[M::process] read 1067032 sequences (160000192 bp)...
[M::mem_pestat] # candidate unique pairs for (FF, FR, RF, RR): (121, 508095, 4, 1)
[M::mem_pestat] analyzing insert size distribution for orientation FF...
[M::mem_pestat] (25, 50, 75) percentile: (48, 57, 72)
[M::mem_pestat] low and high boundaries for computing mean and std.dev: (1, 120)
[M::mem_pestat] mean and std.dev: (58.81, 10.85)
[M::mem_pestat] low and high boundaries for proper pairs: (1, 144)
[M::mem_pestat] analyzing insert size distribution for orientation FR...
[M::mem_pestat] (25, 50, 75) percentile: (335, 383, 431)
[M::mem_pestat] low and high boundaries for computing mean and std.dev: (143, 623)
[M::mem_pestat] mean and std.dev: (383.19, 73.42)
[M::mem_pestat] low and high boundaries for proper pairs: (47, 719)
[M::mem_pestat] skip orientation RF as there are not enough pairs
[M::mem_pestat] skip orientation RR as there are not enough pairs
[M::mem_pestat] skip orientation FF
[M::mem_process_seqs] Processed 1067092 reads in 112.245 CPU sec, 7.218 real sec
[M::process] read 1067090 sequences (160000054 bp)...
[M::mem_pestat] # candidate unique pairs for (FF, FR, RF, RR): (103, 507463, 7, 3)
[M::mem_pestat] analyzing insert size distribution for orientation FF...
[M::mem_pestat] (25, 50, 75) percentile: (48, 54, 61)
[M::mem_pestat] low and high boundaries for computing mean and std.dev: (22, 87)
[M::mem_pestat] mean and std.dev: (55.82, 8.88)
[M::mem_pestat] low and high boundaries for proper pairs: (9, 100)
[M::mem_pestat] analyzing insert size distribution for orientation FR...
[M::mem_pestat] (25, 50, 75) percentile: (335, 383, 432)
[M::mem_pestat] low and high boundaries for computing mean and std.dev: (141, 626)
[M::mem_pestat] mean and std.dev: (383.56, 73.94)
[M::mem_pestat] low and high boundaries for proper pairs: (44, 723)
[M::mem_pestat] skip orientation RF as there are not enough pairs
[M::mem_pestat] skip orientation RR as there are not enough pairs
[M::mem_pestat] skip orientation FF
[M::mem_process_seqs] Processed 1067032 reads in 112.969 CPU sec, 7.297 real sec
[M::process] read 1067070 sequences (160000294 bp)...
[M::mem_pestat] # candidate unique pairs for (FF, FR, RF, RR): (111, 508853, 5, 2)
[M::mem_pestat] analyzing insert size distribution for orientation FF...
[M::mem_pestat] (25, 50, 75) percentile: (48, 55, 65)
[M::mem_pestat] low and high boundaries for computing mean and std.dev: (14, 99)
[M::mem_pestat] mean and std.dev: (57.37, 10.55)
[M::mem_pestat] low and high boundaries for proper pairs: (1, 116)
[M::mem_pestat] analyzing insert size distribution for orientation FR...
[M::mem_pestat] (25, 50, 75) percentile: (334, 383, 432)
[M::mem_pestat] low and high boundaries for computing mean and std.dev: (138, 628)
[M::mem_pestat] mean and std.dev: (383.16, 74.52)
[M::mem_pestat] low and high boundaries for proper pairs: (40, 726)
[M::mem_pestat] skip orientation RF as there are not enough pairs
[M::mem_pestat] skip orientation RR as there are not enough pairs
[M::mem_pestat] skip orientation FF
[M::mem_process_seqs] Processed 1067090 reads in 105.594 CPU sec, 6.873 real sec
[M::process] read 1067032 sequences (160000126 bp)...
[M::mem_pestat] # candidate unique pairs for (FF, FR, RF, RR): (106, 508159, 6, 2)
[M::mem_pestat] analyzing insert size distribution for orientation FF...
[M::mem_pestat] (25, 50, 75) percentile: (48, 58, 72)
[M::mem_pestat] low and high boundaries for computing mean and std.dev: (1, 120)
[M::mem_pestat] mean and std.dev: (60.23, 11.55)
[M::mem_pestat] low and high boundaries for proper pairs: (1, 144)
[M::mem_pestat] analyzing insert size distribution for orientation FR...
[M::mem_pestat] (25, 50, 75) percentile: (334, 382, 431)
[M::mem_pestat] low and high boundaries for computing mean and std.dev: (140, 625)
[M::mem_pestat] mean and std.dev: (382.90, 73.71)
[M::mem_pestat] low and high boundaries for proper pairs: (43, 722)
[M::mem_pestat] skip orientation RF as there are not enough pairs
[M::mem_pestat] skip orientation RR as there are not enough pairs
[M::mem_pestat] skip orientation FF
[M::mem_process_seqs] Processed 1067070 reads in 107.594 CPU sec, 6.936 real sec
[M::process] read 1067096 sequences (160000160 bp)...
[M::mem_pestat] # candidate unique pairs for (FF, FR, RF, RR): (88, 507715, 13, 2)
[M::mem_pestat] analyzing insert size distribution for orientation FF...
[M::mem_pestat] (25, 50, 75) percentile: (49, 57, 70)
[M::mem_pestat] low and high boundaries for computing mean and std.dev: (7, 112)
[M::mem_pestat] mean and std.dev: (57.19, 10.01)
[M::mem_pestat] low and high boundaries for proper pairs: (1, 133)
[M::mem_pestat] analyzing insert size distribution for orientation FR...
[M::mem_pestat] (25, 50, 75) percentile: (335, 383, 432)
[M::mem_pestat] low and high boundaries for computing mean and std.dev: (141, 626)
[M::mem_pestat] mean and std.dev: (383.46, 73.58)
[M::mem_pestat] low and high boundaries for proper pairs: (44, 723)
[M::mem_pestat] analyzing insert size distribution for orientation RF...
[M::mem_pestat] (25, 50, 75) percentile: (402, 4187, 5527)
[M::mem_pestat] low and high boundaries for computing mean and std.dev: (1, 15777)
[M::mem_pestat] mean and std.dev: (3334.38, 2849.24)
[M::mem_pestat] low and high boundaries for proper pairs: (1, 20902)
[M::mem_pestat] skip orientation RR as there are not enough pairs
[M::mem_pestat] skip orientation FF
[M::mem_pestat] skip orientation RF
[M::mem_process_seqs] Processed 1067032 reads in 111.065 CPU sec, 7.159 real sec
[M::process] read 1067048 sequences (160000180 bp)...
[M::mem_pestat] # candidate unique pairs for (FF, FR, RF, RR): (107, 508638, 4, 1)
[M::mem_pestat] analyzing insert size distribution for orientation FF...
[M::mem_pestat] (25, 50, 75) percentile: (49, 56, 70)
[M::mem_pestat] low and high boundaries for computing mean and std.dev: (7, 112)
[M::mem_pestat] mean and std.dev: (58.62, 10.44)
[M::mem_pestat] low and high boundaries for proper pairs: (1, 133)
[M::mem_pestat] analyzing insert size distribution for orientation FR...
[M::mem_pestat] (25, 50, 75) percentile: (335, 384, 433)
[M::mem_pestat] low and high boundaries for computing mean and std.dev: (139, 629)
[M::mem_pestat] mean and std.dev: (383.96, 74.56)
[M::mem_pestat] low and high boundaries for proper pairs: (41, 727)
[M::mem_pestat] skip orientation RF as there are not enough pairs
[M::mem_pestat] skip orientation RR as there are not enough pairs
[M::mem_pestat] skip orientation FF
[M::mem_process_seqs] Processed 1067096 reads in 105.629 CPU sec, 6.901 real sec
[M::process] read 1067062 sequences (160000070 bp)...
[M::mem_pestat] # candidate unique pairs for (FF, FR, RF, RR): (120, 508576, 5, 4)
[M::mem_pestat] analyzing insert size distribution for orientation FF...
[M::mem_pestat] (25, 50, 75) percentile: (49, 59, 71)
[M::mem_pestat] low and high boundaries for computing mean and std.dev: (5, 115)
[M::mem_pestat] mean and std.dev: (60.01, 11.30)
[M::mem_pestat] low and high boundaries for proper pairs: (1, 137)
[M::mem_pestat] analyzing insert size distribution for orientation FR...
[M::mem_pestat] (25, 50, 75) percentile: (334, 383, 431)
[M::mem_pestat] low and high boundaries for computing mean and std.dev: (140, 625)
[M::mem_pestat] mean and std.dev: (383.18, 73.79)
[M::mem_pestat] low and high boundaries for proper pairs: (43, 722)
[M::mem_pestat] skip orientation RF as there are not enough pairs
[M::mem_pestat] skip orientation RR as there are not enough pairs
[M::mem_pestat] skip orientation FF
[M::mem_process_seqs] Processed 1067048 reads in 105.712 CPU sec, 6.906 real sec
[M::process] read 1067200 sequences (160000088 bp)...
[M::mem_pestat] # candidate unique pairs for (FF, FR, RF, RR): (97, 508628, 5, 3)
[M::mem_pestat] analyzing insert size distribution for orientation FF...
[M::mem_pestat] (25, 50, 75) percentile: (48, 59, 69)
[M::mem_pestat] low and high boundaries for computing mean and std.dev: (6, 111)
[M::mem_pestat] mean and std.dev: (57.91, 9.89)
[M::mem_pestat] low and high boundaries for proper pairs: (1, 132)
[M::mem_pestat] analyzing insert size distribution for orientation FR...
[M::mem_pestat] (25, 50, 75) percentile: (334, 382, 431)
[M::mem_pestat] low and high boundaries for computing mean and std.dev: (140, 625)
[M::mem_pestat] mean and std.dev: (382.86, 73.88)
[M::mem_pestat] low and high boundaries for proper pairs: (43, 722)
[M::mem_pestat] skip orientation RF as there are not enough pairs
[M::mem_pestat] skip orientation RR as there are not enough pairs
[M::mem_pestat] skip orientation FF
[M::mem_process_seqs] Processed 1067062 reads in 105.864 CPU sec, 6.833 real sec
[M::process] read 1067146 sequences (160000110 bp)...
[M::mem_pestat] # candidate unique pairs for (FF, FR, RF, RR): (155, 506789, 7, 3)
[M::mem_pestat] analyzing insert size distribution for orientation FF...
[M::mem_pestat] (25, 50, 75) percentile: (49, 58, 70)
[M::mem_pestat] low and high boundaries for computing mean and std.dev: (7, 112)
[M::mem_pestat] mean and std.dev: (59.60, 10.93)
[M::mem_pestat] low and high boundaries for proper pairs: (1, 133)
[M::mem_pestat] analyzing insert size distribution for orientation FR...
[M::mem_pestat] (25, 50, 75) percentile: (328, 379, 429)
[M::mem_pestat] low and high boundaries for computing mean and std.dev: (126, 631)
[M::mem_pestat] mean and std.dev: (379.31, 76.60)
[M::mem_pestat] low and high boundaries for proper pairs: (25, 732)
[M::mem_pestat] skip orientation RF as there are not enough pairs
[M::mem_pestat] skip orientation RR as there are not enough pairs
[M::mem_pestat] skip orientation FF
[M::mem_process_seqs] Processed 1067200 reads in 125.010 CPU sec, 7.999 real sec
[M::process] read 1067182 sequences (160000012 bp)...
[M::mem_pestat] # candidate unique pairs for (FF, FR, RF, RR): (135, 505995, 4, 2)
[M::mem_pestat] analyzing insert size distribution for orientation FF...
[M::mem_pestat] (25, 50, 75) percentile: (47, 54, 67)
[M::mem_pestat] low and high boundaries for computing mean and std.dev: (7, 107)
[M::mem_pestat] mean and std.dev: (57.67, 10.84)
[M::mem_pestat] low and high boundaries for proper pairs: (1, 127)
[M::mem_pestat] analyzing insert size distribution for orientation FR...
[M::mem_pestat] (25, 50, 75) percentile: (332, 382, 432)
[M::mem_pestat] low and high boundaries for computing mean and std.dev: (132, 632)
[M::mem_pestat] mean and std.dev: (382.42, 76.11)
[M::mem_pestat] low and high boundaries for proper pairs: (32, 732)
[M::mem_pestat] skip orientation RF as there are not enough pairs
[M::mem_pestat] skip orientation RR as there are not enough pairs
[M::mem_pestat] skip orientation FF
[M::mem_process_seqs] Processed 1067146 reads in 128.614 CPU sec, 8.368 real sec
[M::process] read 1067164 sequences (160000272 bp)...
[M::mem_pestat] # candidate unique pairs for (FF, FR, RF, RR): (127, 507737, 3, 5)
[M::mem_pestat] analyzing insert size distribution for orientation FF...
[M::mem_pestat] (25, 50, 75) percentile: (49, 52, 68)
[M::mem_pestat] low and high boundaries for computing mean and std.dev: (11, 106)
[M::mem_pestat] mean and std.dev: (56.99, 10.27)
[M::mem_pestat] low and high boundaries for proper pairs: (1, 125)
[M::mem_pestat] analyzing insert size distribution for orientation FR...
[M::mem_pestat] (25, 50, 75) percentile: (329, 380, 430)
[M::mem_pestat] low and high boundaries for computing mean and std.dev: (127, 632)
[M::mem_pestat] mean and std.dev: (380.21, 76.45)
[M::mem_pestat] low and high boundaries for proper pairs: (26, 733)
[M::mem_pestat] skip orientation RF as there are not enough pairs
[M::mem_pestat] skip orientation RR as there are not enough pairs
[M::mem_pestat] skip orientation FF
[M::mem_process_seqs] Processed 1067182 reads in 120.711 CPU sec, 7.757 real sec
[M::process] read 1067098 sequences (160000076 bp)...
[M::mem_pestat] # candidate unique pairs for (FF, FR, RF, RR): (140, 507899, 9, 4)
[M::mem_pestat] analyzing insert size distribution for orientation FF...
[M::mem_pestat] (25, 50, 75) percentile: (48, 58, 72)
[M::mem_pestat] low and high boundaries for computing mean and std.dev: (1, 120)
[M::mem_pestat] mean and std.dev: (59.20, 11.38)
[M::mem_pestat] low and high boundaries for proper pairs: (1, 144)
[M::mem_pestat] analyzing insert size distribution for orientation FR...
[M::mem_pestat] (25, 50, 75) percentile: (330, 380, 430)
[M::mem_pestat] low and high boundaries for computing mean and std.dev: (130, 630)
[M::mem_pestat] mean and std.dev: (380.04, 75.78)
[M::mem_pestat] low and high boundaries for proper pairs: (30, 730)
[M::mem_pestat] skip orientation RF as there are not enough pairs
[M::mem_pestat] skip orientation RR as there are not enough pairs
[M::mem_pestat] skip orientation FF
[M::mem_process_seqs] Processed 1067164 reads in 119.604 CPU sec, 7.652 real sec
[M::process] read 1067168 sequences (160000170 bp)...
[M::mem_pestat] # candidate unique pairs for (FF, FR, RF, RR): (126, 506079, 8, 2)
[M::mem_pestat] analyzing insert size distribution for orientation FF...
[M::mem_pestat] (25, 50, 75) percentile: (49, 56, 70)
[M::mem_pestat] low and high boundaries for computing mean and std.dev: (7, 112)
[M::mem_pestat] mean and std.dev: (57.87, 10.32)
[M::mem_pestat] low and high boundaries for proper pairs: (1, 133)
[M::mem_pestat] analyzing insert size distribution for orientation FR...
[M::mem_pestat] (25, 50, 75) percentile: (333, 383, 433)
[M::mem_pestat] low and high boundaries for computing mean and std.dev: (133, 633)
[M::mem_pestat] mean and std.dev: (383.47, 75.89)
[M::mem_pestat] low and high boundaries for proper pairs: (33, 733)
[M::mem_pestat] skip orientation RF as there are not enough pairs
[M::mem_pestat] skip orientation RR as there are not enough pairs
[M::mem_pestat] skip orientation FF
[M::mem_process_seqs] Processed 1067098 reads in 131.772 CPU sec, 8.405 real sec
[M::process] read 1067116 sequences (160000272 bp)...
[M::mem_pestat] # candidate unique pairs for (FF, FR, RF, RR): (174, 506677, 5, 4)
[M::mem_pestat] analyzing insert size distribution for orientation FF...
[M::mem_pestat] (25, 50, 75) percentile: (49, 58, 70)
[M::mem_pestat] low and high boundaries for computing mean and std.dev: (7, 112)
[M::mem_pestat] mean and std.dev: (59.64, 10.76)
[M::mem_pestat] low and high boundaries for proper pairs: (1, 133)
[M::mem_pestat] analyzing insert size distribution for orientation FR...
[M::mem_pestat] (25, 50, 75) percentile: (329, 380, 430)
[M::mem_pestat] low and high boundaries for computing mean and std.dev: (127, 632)
[M::mem_pestat] mean and std.dev: (379.82, 76.98)
[M::mem_pestat] low and high boundaries for proper pairs: (26, 733)
[M::mem_pestat] skip orientation RF as there are not enough pairs
[M::mem_pestat] skip orientation RR as there are not enough pairs
[M::mem_pestat] skip orientation FF
[M::mem_process_seqs] Processed 1067168 reads in 122.967 CPU sec, 7.906 real sec
[M::process] read 1067192 sequences (160000212 bp)...
[M::mem_pestat] # candidate unique pairs for (FF, FR, RF, RR): (121, 506609, 9, 0)
[M::mem_pestat] analyzing insert size distribution for orientation FF...
[M::mem_pestat] (25, 50, 75) percentile: (47, 57, 70)
[M::mem_pestat] low and high boundaries for computing mean and std.dev: (1, 116)
[M::mem_pestat] mean and std.dev: (57.70, 11.14)
[M::mem_pestat] low and high boundaries for proper pairs: (1, 139)
[M::mem_pestat] analyzing insert size distribution for orientation FR...
[M::mem_pestat] (25, 50, 75) percentile: (334, 383, 433)
[M::mem_pestat] low and high boundaries for computing mean and std.dev: (136, 631)
[M::mem_pestat] mean and std.dev: (383.54, 75.44)
[M::mem_pestat] low and high boundaries for proper pairs: (37, 730)
[M::mem_pestat] skip orientation RF as there are not enough pairs
[M::mem_pestat] skip orientation RR as there are not enough pairs
[M::mem_pestat] skip orientation FF
[M::mem_process_seqs] Processed 1067116 reads in 124.885 CPU sec, 8.020 real sec
[M::process] read 1067110 sequences (160000068 bp)...
[M::mem_pestat] # candidate unique pairs for (FF, FR, RF, RR): (159, 507626, 8, 2)
[M::mem_pestat] analyzing insert size distribution for orientation FF...
[M::mem_pestat] (25, 50, 75) percentile: (49, 57, 69)
[M::mem_pestat] low and high boundaries for computing mean and std.dev: (9, 109)
[M::mem_pestat] mean and std.dev: (59.04, 10.52)
[M::mem_pestat] low and high boundaries for proper pairs: (1, 129)
[M::mem_pestat] analyzing insert size distribution for orientation FR...
[M::mem_pestat] (25, 50, 75) percentile: (331, 381, 432)
[M::mem_pestat] low and high boundaries for computing mean and std.dev: (129, 634)
[M::mem_pestat] mean and std.dev: (381.53, 76.98)
[M::mem_pestat] low and high boundaries for proper pairs: (28, 735)
[M::mem_pestat] skip orientation RF as there are not enough pairs
[M::mem_pestat] skip orientation RR as there are not enough pairs
[M::mem_pestat] skip orientation FF
[M::mem_process_seqs] Processed 1067192 reads in 118.666 CPU sec, 7.565 real sec
[M::process] read 1067092 sequences (160000092 bp)...
[M::mem_pestat] # candidate unique pairs for (FF, FR, RF, RR): (152, 507415, 5, 2)
[M::mem_pestat] analyzing insert size distribution for orientation FF...
[M::mem_pestat] (25, 50, 75) percentile: (48, 59, 71)
[M::mem_pestat] low and high boundaries for computing mean and std.dev: (2, 117)
[M::mem_pestat] mean and std.dev: (59.23, 11.21)
[M::mem_pestat] low and high boundaries for proper pairs: (1, 140)
[M::mem_pestat] analyzing insert size distribution for orientation FR...
[M::mem_pestat] (25, 50, 75) percentile: (333, 383, 433)
[M::mem_pestat] low and high boundaries for computing mean and std.dev: (133, 633)
[M::mem_pestat] mean and std.dev: (383.39, 75.76)
[M::mem_pestat] low and high boundaries for proper pairs: (33, 733)
[M::mem_pestat] skip orientation RF as there are not enough pairs
[M::mem_pestat] skip orientation RR as there are not enough pairs
[M::mem_pestat] skip orientation FF
[M::mem_process_seqs] Processed 1067110 reads in 117.973 CPU sec, 7.608 real sec
[M::process] read 1067246 sequences (160000082 bp)...
[M::mem_pestat] # candidate unique pairs for (FF, FR, RF, RR): (95, 506716, 10, 9)
[M::mem_pestat] analyzing insert size distribution for orientation FF...
[M::mem_pestat] (25, 50, 75) percentile: (47, 50, 64)
[M::mem_pestat] low and high boundaries for computing mean and std.dev: (13, 98)
[M::mem_pestat] mean and std.dev: (54.96, 9.95)
[M::mem_pestat] low and high boundaries for proper pairs: (1, 115)
[M::mem_pestat] analyzing insert size distribution for orientation FR...
[M::mem_pestat] (25, 50, 75) percentile: (334, 383, 434)
[M::mem_pestat] low and high boundaries for computing mean and std.dev: (134, 634)
[M::mem_pestat] mean and std.dev: (384.16, 75.79)
[M::mem_pestat] low and high boundaries for proper pairs: (34, 734)
[M::mem_pestat] analyzing insert size distribution for orientation RF...
[M::mem_pestat] (25, 50, 75) percentile: (477, 3107, 3973)
[M::mem_pestat] low and high boundaries for computing mean and std.dev: (1, 10965)
[M::mem_pestat] mean and std.dev: (2957.50, 2596.61)
[M::mem_pestat] low and high boundaries for proper pairs: (1, 14461)
[M::mem_pestat] skip orientation RR as there are not enough pairs
[M::mem_pestat] skip orientation FF
[M::mem_pestat] skip orientation RF
[M::mem_process_seqs] Processed 1067092 reads in 121.801 CPU sec, 7.816 real sec
[M::process] read 1067162 sequences (160000226 bp)...
[M::mem_pestat] # candidate unique pairs for (FF, FR, RF, RR): (155, 508178, 6, 2)
[M::mem_pestat] analyzing insert size distribution for orientation FF...
[M::mem_pestat] (25, 50, 75) percentile: (49, 59, 71)
[M::mem_pestat] low and high boundaries for computing mean and std.dev: (5, 115)
[M::mem_pestat] mean and std.dev: (60.11, 11.12)
[M::mem_pestat] low and high boundaries for proper pairs: (1, 137)
[M::mem_pestat] analyzing insert size distribution for orientation FR...
[M::mem_pestat] (25, 50, 75) percentile: (325, 375, 424)
[M::mem_pestat] low and high boundaries for computing mean and std.dev: (127, 622)
[M::mem_pestat] mean and std.dev: (374.64, 74.57)
[M::mem_pestat] low and high boundaries for proper pairs: (28, 721)
[M::mem_pestat] skip orientation RF as there are not enough pairs
[M::mem_pestat] skip orientation RR as there are not enough pairs
[M::mem_pestat] skip orientation FF
[M::mem_process_seqs] Processed 1067246 reads in 111.494 CPU sec, 7.272 real sec
[M::process] read 1067252 sequences (160000016 bp)...
[M::mem_pestat] # candidate unique pairs for (FF, FR, RF, RR): (117, 508152, 3, 4)
[M::mem_pestat] analyzing insert size distribution for orientation FF...
[M::mem_pestat] (25, 50, 75) percentile: (48, 55, 66)
[M::mem_pestat] low and high boundaries for computing mean and std.dev: (12, 102)
[M::mem_pestat] mean and std.dev: (57.56, 10.07)
[M::mem_pestat] low and high boundaries for proper pairs: (1, 120)
[M::mem_pestat] analyzing insert size distribution for orientation FR...
[M::mem_pestat] (25, 50, 75) percentile: (326, 375, 424)
[M::mem_pestat] low and high boundaries for computing mean and std.dev: (130, 620)
[M::mem_pestat] mean and std.dev: (375.08, 74.46)
[M::mem_pestat] low and high boundaries for proper pairs: (32, 718)
[M::mem_pestat] skip orientation RF as there are not enough pairs
[M::mem_pestat] skip orientation RR as there are not enough pairs
[M::mem_pestat] skip orientation FF
[M::mem_process_seqs] Processed 1067162 reads in 115.293 CPU sec, 7.416 real sec
[M::process] read 1067146 sequences (160000118 bp)...
[M::mem_pestat] # candidate unique pairs for (FF, FR, RF, RR): (140, 507674, 10, 3)
[M::mem_pestat] analyzing insert size distribution for orientation FF...
[M::mem_pestat] (25, 50, 75) percentile: (49, 56, 71)
[M::mem_pestat] low and high boundaries for computing mean and std.dev: (5, 115)
[M::mem_pestat] mean and std.dev: (59.15, 11.05)
[M::mem_pestat] low and high boundaries for proper pairs: (1, 137)
[M::mem_pestat] analyzing insert size distribution for orientation FR...
[M::mem_pestat] (25, 50, 75) percentile: (326, 376, 425)
[M::mem_pestat] low and high boundaries for computing mean and std.dev: (128, 623)
[M::mem_pestat] mean and std.dev: (375.71, 75.03)
[M::mem_pestat] low and high boundaries for proper pairs: (29, 722)
[M::mem_pestat] analyzing insert size distribution for orientation RF...
[M::mem_pestat] (25, 50, 75) percentile: (404, 468, 1297)
[M::mem_pestat] low and high boundaries for computing mean and std.dev: (1, 3083)
[M::mem_pestat] mean and std.dev: (692.10, 396.86)
[M::mem_pestat] low and high boundaries for proper pairs: (1, 3976)
[M::mem_pestat] skip orientation RR as there are not enough pairs
[M::mem_pestat] skip orientation FF
[M::mem_pestat] skip orientation RF
[M::mem_process_seqs] Processed 1067252 reads in 116.579 CPU sec, 7.533 real sec
[M::process] read 1067262 sequences (160000120 bp)...
[M::mem_pestat] # candidate unique pairs for (FF, FR, RF, RR): (132, 508866, 7, 4)
[M::mem_pestat] analyzing insert size distribution for orientation FF...
[M::mem_pestat] (25, 50, 75) percentile: (48, 55, 70)
[M::mem_pestat] low and high boundaries for computing mean and std.dev: (4, 114)
[M::mem_pestat] mean and std.dev: (57.59, 11.00)
[M::mem_pestat] low and high boundaries for proper pairs: (1, 136)
[M::mem_pestat] analyzing insert size distribution for orientation FR...
[M::mem_pestat] (25, 50, 75) percentile: (326, 375, 425)
[M::mem_pestat] low and high boundaries for computing mean and std.dev: (128, 623)
[M::mem_pestat] mean and std.dev: (375.55, 74.73)
[M::mem_pestat] low and high boundaries for proper pairs: (29, 722)
[M::mem_pestat] skip orientation RF as there are not enough pairs
[M::mem_pestat] skip orientation RR as there are not enough pairs
[M::mem_pestat] skip orientation FF
[M::mem_process_seqs] Processed 1067146 reads in 111.989 CPU sec, 7.242 real sec
[M::process] read 1067232 sequences (160000152 bp)...
[M::mem_pestat] # candidate unique pairs for (FF, FR, RF, RR): (150, 508176, 6, 2)
[M::mem_pestat] analyzing insert size distribution for orientation FF...
[M::mem_pestat] (25, 50, 75) percentile: (50, 63, 72)
[M::mem_pestat] low and high boundaries for computing mean and std.dev: (6, 116)
[M::mem_pestat] mean and std.dev: (61.39, 11.23)
[M::mem_pestat] low and high boundaries for proper pairs: (1, 138)
[M::mem_pestat] analyzing insert size distribution for orientation FR...
[M::mem_pestat] (25, 50, 75) percentile: (326, 376, 425)
[M::mem_pestat] low and high boundaries for computing mean and std.dev: (128, 623)
[M::mem_pestat] mean and std.dev: (376.21, 74.95)
[M::mem_pestat] low and high boundaries for proper pairs: (29, 722)
[M::mem_pestat] skip orientation RF as there are not enough pairs
[M::mem_pestat] skip orientation RR as there are not enough pairs
[M::mem_pestat] skip orientation FF
[M::mem_process_seqs] Processed 1067262 reads in 114.448 CPU sec, 7.408 real sec
[M::process] read 1067138 sequences (160000256 bp)...
[M::mem_pestat] # candidate unique pairs for (FF, FR, RF, RR): (157, 508179, 5, 8)
[M::mem_pestat] analyzing insert size distribution for orientation FF...
[M::mem_pestat] (25, 50, 75) percentile: (49, 56, 69)
[M::mem_pestat] low and high boundaries for computing mean and std.dev: (9, 109)
[M::mem_pestat] mean and std.dev: (58.65, 11.22)
[M::mem_pestat] low and high boundaries for proper pairs: (1, 129)
[M::mem_pestat] analyzing insert size distribution for orientation FR...
[M::mem_pestat] (25, 50, 75) percentile: (326, 375, 424)
[M::mem_pestat] low and high boundaries for computing mean and std.dev: (130, 620)
[M::mem_pestat] mean and std.dev: (375.51, 74.42)
[M::mem_pestat] low and high boundaries for proper pairs: (32, 718)
[M::mem_pestat] skip orientation RF as there are not enough pairs
[M::mem_pestat] skip orientation RR as there are not enough pairs
[M::mem_pestat] skip orientation FF
[M::mem_process_seqs] Processed 1067232 reads in 114.888 CPU sec, 7.408 real sec
[M::process] read 1067220 sequences (160000080 bp)...
[M::mem_pestat] # candidate unique pairs for (FF, FR, RF, RR): (118, 507918, 7, 2)
[M::mem_pestat] analyzing insert size distribution for orientation FF...
[M::mem_pestat] (25, 50, 75) percentile: (49, 58, 70)
[M::mem_pestat] low and high boundaries for computing mean and std.dev: (7, 112)
[M::mem_pestat] mean and std.dev: (59.20, 11.38)
[M::mem_pestat] low and high boundaries for proper pairs: (1, 133)
[M::mem_pestat] analyzing insert size distribution for orientation FR...
[M::mem_pestat] (25, 50, 75) percentile: (328, 377, 425)
[M::mem_pestat] low and high boundaries for computing mean and std.dev: (134, 619)
[M::mem_pestat] mean and std.dev: (376.87, 74.16)
[M::mem_pestat] low and high boundaries for proper pairs: (37, 716)
[M::mem_pestat] skip orientation RF as there are not enough pairs
[M::mem_pestat] skip orientation RR as there are not enough pairs
[M::mem_pestat] skip orientation FF
[M::mem_process_seqs] Processed 1067138 reads in 115.435 CPU sec, 7.421 real sec
[M::process] read 1067282 sequences (160000274 bp)...
[M::mem_pestat] # candidate unique pairs for (FF, FR, RF, RR): (164, 507937, 10, 2)
[M::mem_pestat] analyzing insert size distribution for orientation FF...
[M::mem_pestat] (25, 50, 75) percentile: (49, 58, 70)
[M::mem_pestat] low and high boundaries for computing mean and std.dev: (7, 112)
[M::mem_pestat] mean and std.dev: (59.05, 10.86)
[M::mem_pestat] low and high boundaries for proper pairs: (1, 133)
[M::mem_pestat] analyzing insert size distribution for orientation FR...
[M::mem_pestat] (25, 50, 75) percentile: (326, 376, 425)
[M::mem_pestat] low and high boundaries for computing mean and std.dev: (128, 623)
[M::mem_pestat] mean and std.dev: (375.82, 75.37)
[M::mem_pestat] low and high boundaries for proper pairs: (29, 722)
[M::mem_pestat] analyzing insert size distribution for orientation RF...
[M::mem_pestat] (25, 50, 75) percentile: (98, 433, 5277)
[M::mem_pestat] low and high boundaries for computing mean and std.dev: (1, 15635)
[M::mem_pestat] mean and std.dev: (2117.60, 2838.90)
[M::mem_pestat] low and high boundaries for proper pairs: (1, 20814)
[M::mem_pestat] skip orientation RR as there are not enough pairs
[M::mem_pestat] skip orientation FF
[M::mem_pestat] skip orientation RF
[M::mem_process_seqs] Processed 1067220 reads in 118.784 CPU sec, 7.631 real sec
[M::process] read 1067296 sequences (160000096 bp)...
[M::mem_pestat] # candidate unique pairs for (FF, FR, RF, RR): (167, 508491, 9, 6)
[M::mem_pestat] analyzing insert size distribution for orientation FF...
[M::mem_pestat] (25, 50, 75) percentile: (49, 57, 70)
[M::mem_pestat] low and high boundaries for computing mean and std.dev: (7, 112)
[M::mem_pestat] mean and std.dev: (59.06, 10.82)
[M::mem_pestat] low and high boundaries for proper pairs: (1, 133)
[M::mem_pestat] analyzing insert size distribution for orientation FR...
[M::mem_pestat] (25, 50, 75) percentile: (324, 374, 424)
[M::mem_pestat] low and high boundaries for computing mean and std.dev: (124, 624)
[M::mem_pestat] mean and std.dev: (374.22, 75.90)
[M::mem_pestat] low and high boundaries for proper pairs: (24, 724)
[M::mem_pestat] skip orientation RF as there are not enough pairs
[M::mem_pestat] skip orientation RR as there are not enough pairs
[M::mem_pestat] skip orientation FF
[M::mem_process_seqs] Processed 1067282 reads in 118.911 CPU sec, 7.708 real sec
[M::process] read 1067304 sequences (160000160 bp)...
[M::mem_pestat] # candidate unique pairs for (FF, FR, RF, RR): (200, 508637, 5, 7)
[M::mem_pestat] analyzing insert size distribution for orientation FF...
[M::mem_pestat] (25, 50, 75) percentile: (49, 61, 71)
[M::mem_pestat] low and high boundaries for computing mean and std.dev: (5, 115)
[M::mem_pestat] mean and std.dev: (60.39, 10.92)
[M::mem_pestat] low and high boundaries for proper pairs: (1, 137)
[M::mem_pestat] analyzing insert size distribution for orientation FR...
[M::mem_pestat] (25, 50, 75) percentile: (322, 373, 423)
[M::mem_pestat] low and high boundaries for computing mean and std.dev: (120, 625)
[M::mem_pestat] mean and std.dev: (373.30, 76.16)
[M::mem_pestat] low and high boundaries for proper pairs: (19, 726)
[M::mem_pestat] skip orientation RF as there are not enough pairs
[M::mem_pestat] skip orientation RR as there are not enough pairs
[M::mem_pestat] skip orientation FF
[M::mem_process_seqs] Processed 1067296 reads in 117.230 CPU sec, 7.505 real sec
[M::process] read 1067320 sequences (160000224 bp)...
[M::mem_pestat] # candidate unique pairs for (FF, FR, RF, RR): (170, 508072, 9, 2)
[M::mem_pestat] analyzing insert size distribution for orientation FF...
[M::mem_pestat] (25, 50, 75) percentile: (51, 61, 71)
[M::mem_pestat] low and high boundaries for computing mean and std.dev: (11, 111)
[M::mem_pestat] mean and std.dev: (61.04, 10.56)
[M::mem_pestat] low and high boundaries for proper pairs: (1, 131)
[M::mem_pestat] analyzing insert size distribution for orientation FR...
[M::mem_pestat] (25, 50, 75) percentile: (323, 374, 424)
[M::mem_pestat] low and high boundaries for computing mean and std.dev: (121, 626)
[M::mem_pestat] mean and std.dev: (374.16, 76.29)
[M::mem_pestat] low and high boundaries for proper pairs: (20, 727)
[M::mem_pestat] skip orientation RF as there are not enough pairs
[M::mem_pestat] skip orientation RR as there are not enough pairs
[M::mem_pestat] skip orientation FF
[M::mem_process_seqs] Processed 1067304 reads in 121.485 CPU sec, 7.746 real sec
[M::process] read 1067336 sequences (160000192 bp)...
[M::mem_pestat] # candidate unique pairs for (FF, FR, RF, RR): (190, 508907, 6, 4)
[M::mem_pestat] analyzing insert size distribution for orientation FF...
[M::mem_pestat] (25, 50, 75) percentile: (49, 63, 73)
[M::mem_pestat] low and high boundaries for computing mean and std.dev: (1, 121)
[M::mem_pestat] mean and std.dev: (61.16, 11.43)
[M::mem_pestat] low and high boundaries for proper pairs: (1, 145)
[M::mem_pestat] analyzing insert size distribution for orientation FR...
[M::mem_pestat] (25, 50, 75) percentile: (323, 373, 423)
[M::mem_pestat] low and high boundaries for computing mean and std.dev: (123, 623)
[M::mem_pestat] mean and std.dev: (373.38, 76.03)
[M::mem_pestat] low and high boundaries for proper pairs: (23, 723)
[M::mem_pestat] skip orientation RF as there are not enough pairs
[M::mem_pestat] skip orientation RR as there are not enough pairs
[M::mem_pestat] skip orientation FF
[M::mem_process_seqs] Processed 1067320 reads in 113.484 CPU sec, 7.424 real sec
[M::process] read 941424 sequences (141140360 bp)...
[M::mem_pestat] # candidate unique pairs for (FF, FR, RF, RR): (159, 508982, 13, 3)
[M::mem_pestat] analyzing insert size distribution for orientation FF...
[M::mem_pestat] (25, 50, 75) percentile: (48, 53, 67)
[M::mem_pestat] low and high boundaries for computing mean and std.dev: (10, 105)
[M::mem_pestat] mean and std.dev: (57.06, 10.15)
[M::mem_pestat] low and high boundaries for proper pairs: (1, 124)
[M::mem_pestat] analyzing insert size distribution for orientation FR...
[M::mem_pestat] (25, 50, 75) percentile: (324, 374, 424)
[M::mem_pestat] low and high boundaries for computing mean and std.dev: (124, 624)
[M::mem_pestat] mean and std.dev: (374.27, 76.05)
[M::mem_pestat] low and high boundaries for proper pairs: (24, 724)
[M::mem_pestat] analyzing insert size distribution for orientation RF...
[M::mem_pestat] (25, 50, 75) percentile: (402, 410, 5380)
[M::mem_pestat] low and high boundaries for computing mean and std.dev: (1, 15336)
[M::mem_pestat] mean and std.dev: (2852.15, 3520.86)
[M::mem_pestat] low and high boundaries for proper pairs: (1, 20314)
[M::mem_pestat] skip orientation RR as there are not enough pairs
[M::mem_pestat] skip orientation FF
[M::mem_pestat] skip orientation RF
[M::mem_process_seqs] Processed 1067336 reads in 115.276 CPU sec, 7.624 real sec
[M::mem_pestat] # candidate unique pairs for (FF, FR, RF, RR): (123, 448231, 5, 2)
[M::mem_pestat] analyzing insert size distribution for orientation FF...
[M::mem_pestat] (25, 50, 75) percentile: (48, 54, 70)
[M::mem_pestat] low and high boundaries for computing mean and std.dev: (4, 114)
[M::mem_pestat] mean and std.dev: (58.04, 10.96)
[M::mem_pestat] low and high boundaries for proper pairs: (1, 136)
[M::mem_pestat] analyzing insert size distribution for orientation FR...
[M::mem_pestat] (25, 50, 75) percentile: (327, 377, 427)
[M::mem_pestat] low and high boundaries for computing mean and std.dev: (127, 627)
[M::mem_pestat] mean and std.dev: (377.29, 76.10)
[M::mem_pestat] low and high boundaries for proper pairs: (27, 727)
[M::mem_pestat] skip orientation RF as there are not enough pairs
[M::mem_pestat] skip orientation RR as there are not enough pairs
[M::mem_pestat] skip orientation FF
[M::mem_process_seqs] Processed 941424 reads in 105.852 CPU sec, 6.828 real sec
[main] Version: 0.7.17-r1188
[main] CMD: bwa mem -t 16 /data/NCBR/projects/NCBR-492/data/manual_analysis/MAGs/SF12_metawrap.bin.1.fa /data/NCBR/projects/NCBR-492/data/manual_analysis/fastp/SF12.trimmed.R1.fastq /data/NCBR/projects/NCBR-492/data/manual_analysis/fastp/SF12.trimmed.R2.fastq
[main] Real time: 269.056 sec; CPU: 4151.647 sec
