[+] Loading samtools 1.21  ... 
[+] Loading bbtools  39.06 
java -da -Xmx43520m -Xms43520m -cp /usr/local/apps/bbtools/39.06/bbmap_src/current/ align2.BBMap build=1 overwrite=true fastareadlen=500 -da -Xmx43520m threads=16 path=/data/NCBR/projects/NCBR-492/data/manual_analysis/MAGs nodisk ref=/data/NCBR/projects/NCBR-492/data/manual_analysis/MAGs/SF1_metawrap.bin.1.fa in=/data/NCBR/projects/NCBR-492/data/manual_analysis/fastp/SF1.trimmed.R1.fastq in2=/data/NCBR/projects/NCBR-492/data/manual_analysis/fastp/SF1.trimmed.R2.fastq out=/data/NCBR/projects/NCBR-492/data/manual_analysis/MAGs/SF1_metawrap.bin.1.coverage.mapped.sam statsfile=/data/NCBR/projects/NCBR-492/data/manual_analysis/MAGs/SF1_metawrap.bin.1.coverage.scafstats covstats=/data/NCBR/projects/NCBR-492/data/manual_analysis/MAGs/SF1_metawrap.bin.1.coverage.covstat rpkm=/data/NCBR/projects/NCBR-492/data/manual_analysis/MAGs/SF1_metawrap.bin.1.coverage.rpkm refstats=/data/NCBR/projects/NCBR-492/data/manual_analysis/MAGs/SF1_metawrap.bin.1.refstats outm=/data/NCBR/projects/NCBR-492/data/manual_analysis/MAGs/SF1_metawrap.bin.1.mapped.fq outu=/data/NCBR/projects/NCBR-492/data/manual_analysis/MAGs/SF1_metawrap.bin.1.unmapped.fq
Executing align2.BBMap [build=1, overwrite=true, fastareadlen=500, -da, -Xmx43520m, threads=16, path=/data/NCBR/projects/NCBR-492/data/manual_analysis/MAGs, nodisk, ref=/data/NCBR/projects/NCBR-492/data/manual_analysis/MAGs/SF1_metawrap.bin.1.fa, in=/data/NCBR/projects/NCBR-492/data/manual_analysis/fastp/SF1.trimmed.R1.fastq, in2=/data/NCBR/projects/NCBR-492/data/manual_analysis/fastp/SF1.trimmed.R2.fastq, out=/data/NCBR/projects/NCBR-492/data/manual_analysis/MAGs/SF1_metawrap.bin.1.coverage.mapped.sam, statsfile=/data/NCBR/projects/NCBR-492/data/manual_analysis/MAGs/SF1_metawrap.bin.1.coverage.scafstats, covstats=/data/NCBR/projects/NCBR-492/data/manual_analysis/MAGs/SF1_metawrap.bin.1.coverage.covstat, rpkm=/data/NCBR/projects/NCBR-492/data/manual_analysis/MAGs/SF1_metawrap.bin.1.coverage.rpkm, refstats=/data/NCBR/projects/NCBR-492/data/manual_analysis/MAGs/SF1_metawrap.bin.1.refstats, outm=/data/NCBR/projects/NCBR-492/data/manual_analysis/MAGs/SF1_metawrap.bin.1.mapped.fq, outu=/data/NCBR/projects/NCBR-492/data/manual_analysis/MAGs/SF1_metawrap.bin.1.unmapped.fq]
Version 39.06

Reference set statistics will be written to /data/NCBR/projects/NCBR-492/data/manual_analysis/MAGs/SF1_metawrap.bin.1.refstats
Retaining first best site only for ambiguous mappings.
Executing dna.FastaToChromArrays2 [/data/NCBR/projects/NCBR-492/data/manual_analysis/MAGs/SF1_metawrap.bin.1.fa, 1, writeinthread=false, genscaffoldinfo=true, retain, waitforwriting=false, gz=true, maxlen=536670912, writechroms=false, minscaf=1, midpad=300, startpad=8000, stoppad=8000, nodisk=true]

Set genScaffoldInfo=true
Set genome to 1

Loaded Reference:	0.003 seconds.
Loading index for chunk 1-1, build 1
Indexing threads started for block 0-1
Indexing threads finished for block 0-1
Generated Index:	0.723 seconds.
Analyzed Index:   	2.790 seconds.
Started output stream:	0.026 seconds.
Started output stream:	0.002 seconds.
Started output stream:	0.002 seconds.
Cleared Memory:    	0.540 seconds.
Processing reads in paired-ended mode.
Started read stream.
Started 16 mapping threads.
Detecting finished threads: 0, 1, 2, 3, 4, 5, 6, 7, 8, 9, 10, 11, 12, 13, 14, 15

   ------------------   Results   ------------------   

Genome:                	1
Key Length:            	13
Max Indel:             	16000
Minimum Score Ratio:  	0.56
Mapping Mode:         	normal

Reads:                               	56146050
Mapped reads:                        	55442302
Mapped bases:                        	8369135666
Ref scaffolds:                       	15
Ref bases:                           	5121175

Percent mapped:                      	98.747
Percent proper pairs:                	97.502
Average coverage:                    	1634.222
Average coverage with deletions:     	1625.983
Standard deviation:                    	206.756
Percent scaffolds with any coverage: 	100.00
Percent of reference bases covered:  	100.00

Total time:     	1604.964 seconds.
