[+] Loading bwa 0.7.17 on cn4320 
[bwa_index] Pack FASTA... 0.03 sec
[bwa_index] Construct BWT for the packed sequence...
[bwa_index] 0.93 seconds elapse.
[bwa_index] Update BWT... 0.02 sec
[bwa_index] Pack forward-only FASTA... 0.02 sec
[bwa_index] Construct SA from BWT and Occ... 0.38 sec
[main] Version: 0.7.17-r1188
[main] CMD: bwa index /data/NCBR/projects/NCBR-492/data/manual_analysis/MAGs/SF17_metawrap.bin.1.fa
[main] Real time: 1.447 sec; CPU: 1.370 sec
[M::bwa_idx_load_from_disk] read 0 ALT contigs
[M::process] read 1067606 sequences (160000078 bp)...
[M::process] read 1067590 sequences (160000236 bp)...
[M::mem_pestat] # candidate unique pairs for (FF, FR, RF, RR): (0, 495681, 26, 3)
[M::mem_pestat] skip orientation FF as there are not enough pairs
[M::mem_pestat] analyzing insert size distribution for orientation FR...
[M::mem_pestat] (25, 50, 75) percentile: (280, 325, 369)
[M::mem_pestat] low and high boundaries for computing mean and std.dev: (102, 547)
[M::mem_pestat] mean and std.dev: (324.86, 65.75)
[M::mem_pestat] low and high boundaries for proper pairs: (13, 636)
[M::mem_pestat] analyzing insert size distribution for orientation RF...
[M::mem_pestat] (25, 50, 75) percentile: (175, 2288, 7076)
[M::mem_pestat] low and high boundaries for computing mean and std.dev: (1, 20878)
[M::mem_pestat] mean and std.dev: (3478.35, 3209.93)
[M::mem_pestat] low and high boundaries for proper pairs: (1, 27779)
[M::mem_pestat] skip orientation RR as there are not enough pairs
[M::mem_pestat] skip orientation RF
[M::mem_process_seqs] Processed 1067606 reads in 64.860 CPU sec, 5.475 real sec
[M::mem_pestat] # candidate unique pairs for (FF, FR, RF, RR): (3, 494970, 26, 7)
[M::mem_pestat] skip orientation FF as there are not enough pairs
[M::mem_pestat] analyzing insert size distribution for orientation FR...
[M::mem_pestat] (25, 50, 75) percentile: (279, 324, 369)
[M::mem_pestat] low and high boundaries for computing mean and std.dev: (99, 549)
[M::mem_pestat] mean and std.dev: (324.68, 65.91)
[M::mem_pestat] low and high boundaries for proper pairs: (9, 639)
[M::mem_pestat] analyzing insert size distribution for orientation RF...
[M::mem_pestat] (25, 50, 75) percentile: (2055, 2258, 7054)
[M::mem_pestat] low and high boundaries for computing mean and std.dev: (1, 17052)
[M::mem_pestat] mean and std.dev: (3598.65, 2878.71)
[M::mem_pestat] low and high boundaries for proper pairs: (1, 22051)
[M::mem_pestat] skip orientation RR as there are not enough pairs
[M::mem_pestat] skip orientation RF
[M::mem_process_seqs] Processed 1067590 reads in 71.274 CPU sec, 6.124 real sec
[M::process] read 1067526 sequences (160000014 bp)...
[M::process] read 1067528 sequences (160000018 bp)...
[M::mem_pestat] # candidate unique pairs for (FF, FR, RF, RR): (5, 495623, 34, 1)
[M::mem_pestat] skip orientation FF as there are not enough pairs
[M::mem_pestat] analyzing insert size distribution for orientation FR...
[M::mem_pestat] (25, 50, 75) percentile: (281, 326, 370)
[M::mem_pestat] low and high boundaries for computing mean and std.dev: (103, 548)
[M::mem_pestat] mean and std.dev: (326.02, 65.69)
[M::mem_pestat] low and high boundaries for proper pairs: (14, 637)
[M::mem_pestat] analyzing insert size distribution for orientation RF...
[M::mem_pestat] (25, 50, 75) percentile: (2220, 4130, 7106)
[M::mem_pestat] low and high boundaries for computing mean and std.dev: (1, 16878)
[M::mem_pestat] mean and std.dev: (4166.29, 3097.51)
[M::mem_pestat] low and high boundaries for proper pairs: (1, 21764)
[M::mem_pestat] skip orientation RR as there are not enough pairs
[M::mem_pestat] skip orientation RF
[M::mem_process_seqs] Processed 1067526 reads in 61.889 CPU sec, 5.604 real sec
[M::process] read 1067564 sequences (160000298 bp)...
[M::mem_pestat] # candidate unique pairs for (FF, FR, RF, RR): (6, 494964, 33, 1)
[M::mem_pestat] skip orientation FF as there are not enough pairs
[M::mem_pestat] analyzing insert size distribution for orientation FR...
[M::mem_pestat] (25, 50, 75) percentile: (282, 326, 371)
[M::mem_pestat] low and high boundaries for computing mean and std.dev: (104, 549)
[M::mem_pestat] mean and std.dev: (326.82, 65.88)
[M::mem_pestat] low and high boundaries for proper pairs: (15, 638)
[M::mem_pestat] analyzing insert size distribution for orientation RF...
[M::mem_pestat] (25, 50, 75) percentile: (394, 2665, 7110)
[M::mem_pestat] low and high boundaries for computing mean and std.dev: (1, 20542)
[M::mem_pestat] mean and std.dev: (3878.30, 3201.65)
[M::mem_pestat] low and high boundaries for proper pairs: (1, 27258)
[M::mem_pestat] skip orientation RR as there are not enough pairs
[M::mem_pestat] skip orientation RF
[M::mem_process_seqs] Processed 1067528 reads in 65.066 CPU sec, 5.004 real sec
[M::process] read 1067536 sequences (160000216 bp)...
[M::mem_pestat] # candidate unique pairs for (FF, FR, RF, RR): (1, 494142, 46, 2)
[M::mem_pestat] skip orientation FF as there are not enough pairs
[M::mem_pestat] analyzing insert size distribution for orientation FR...
[M::mem_pestat] (25, 50, 75) percentile: (280, 325, 370)
[M::mem_pestat] low and high boundaries for computing mean and std.dev: (100, 550)
[M::mem_pestat] mean and std.dev: (325.62, 66.28)
[M::mem_pestat] low and high boundaries for proper pairs: (10, 640)
[M::mem_pestat] analyzing insert size distribution for orientation RF...
[M::mem_pestat] (25, 50, 75) percentile: (2200, 2296, 7077)
[M::mem_pestat] low and high boundaries for computing mean and std.dev: (1, 16831)
[M::mem_pestat] mean and std.dev: (3819.59, 2895.83)
[M::mem_pestat] low and high boundaries for proper pairs: (1, 21708)
[M::mem_pestat] skip orientation RR as there are not enough pairs
[M::mem_pestat] skip orientation RF
[M::mem_process_seqs] Processed 1067564 reads in 62.877 CPU sec, 4.695 real sec
[M::process] read 1067534 sequences (160000290 bp)...
[M::mem_pestat] # candidate unique pairs for (FF, FR, RF, RR): (0, 494437, 28, 3)
[M::mem_pestat] skip orientation FF as there are not enough pairs
[M::mem_pestat] analyzing insert size distribution for orientation FR...
[M::mem_pestat] (25, 50, 75) percentile: (280, 325, 369)
[M::mem_pestat] low and high boundaries for computing mean and std.dev: (102, 547)
[M::mem_pestat] mean and std.dev: (325.42, 65.93)
[M::mem_pestat] low and high boundaries for proper pairs: (13, 636)
[M::mem_pestat] analyzing insert size distribution for orientation RF...
[M::mem_pestat] (25, 50, 75) percentile: (2188, 2278, 2366)
[M::mem_pestat] low and high boundaries for computing mean and std.dev: (1832, 2722)
[M::mem_pestat] mean and std.dev: (2250.76, 57.19)
[M::mem_pestat] low and high boundaries for proper pairs: (1654, 2900)
[M::mem_pestat] skip orientation RR as there are not enough pairs
[M::mem_pestat] skip orientation RF
[M::mem_process_seqs] Processed 1067536 reads in 62.787 CPU sec, 4.427 real sec
[M::process] read 1067450 sequences (160000110 bp)...
[M::mem_pestat] # candidate unique pairs for (FF, FR, RF, RR): (4, 494735, 29, 8)
[M::mem_pestat] skip orientation FF as there are not enough pairs
[M::mem_pestat] analyzing insert size distribution for orientation FR...
[M::mem_pestat] (25, 50, 75) percentile: (281, 326, 370)
[M::mem_pestat] low and high boundaries for computing mean and std.dev: (103, 548)
[M::mem_pestat] mean and std.dev: (326.22, 65.87)
[M::mem_pestat] low and high boundaries for proper pairs: (14, 637)
[M::mem_pestat] analyzing insert size distribution for orientation RF...
[M::mem_pestat] (25, 50, 75) percentile: (2147, 2266, 7128)
[M::mem_pestat] low and high boundaries for computing mean and std.dev: (1, 17090)
[M::mem_pestat] mean and std.dev: (3391.90, 2854.26)
[M::mem_pestat] low and high boundaries for proper pairs: (1, 22071)
[M::mem_pestat] skip orientation RR as there are not enough pairs
[M::mem_pestat] skip orientation RF
[M::mem_process_seqs] Processed 1067534 reads in 61.817 CPU sec, 4.490 real sec
[M::process] read 1067552 sequences (160000152 bp)...
[M::mem_pestat] # candidate unique pairs for (FF, FR, RF, RR): (0, 495082, 31, 1)
[M::mem_pestat] skip orientation FF as there are not enough pairs
[M::mem_pestat] analyzing insert size distribution for orientation FR...
[M::mem_pestat] (25, 50, 75) percentile: (281, 326, 371)
[M::mem_pestat] low and high boundaries for computing mean and std.dev: (101, 551)
[M::mem_pestat] mean and std.dev: (326.61, 65.94)
[M::mem_pestat] low and high boundaries for proper pairs: (11, 641)
[M::mem_pestat] analyzing insert size distribution for orientation RF...
[M::mem_pestat] (25, 50, 75) percentile: (2309, 7052, 7094)
[M::mem_pestat] low and high boundaries for computing mean and std.dev: (1, 16664)
[M::mem_pestat] mean and std.dev: (5154.97, 2727.81)
[M::mem_pestat] low and high boundaries for proper pairs: (1, 21449)
[M::mem_pestat] skip orientation RR as there are not enough pairs
[M::mem_pestat] skip orientation RF
[M::mem_process_seqs] Processed 1067450 reads in 65.188 CPU sec, 5.156 real sec
[M::process] read 1067502 sequences (160000110 bp)...
[M::mem_pestat] # candidate unique pairs for (FF, FR, RF, RR): (1, 495626, 31, 5)
[M::mem_pestat] skip orientation FF as there are not enough pairs
[M::mem_pestat] analyzing insert size distribution for orientation FR...
[M::mem_pestat] (25, 50, 75) percentile: (280, 325, 369)
[M::mem_pestat] low and high boundaries for computing mean and std.dev: (102, 547)
[M::mem_pestat] mean and std.dev: (324.93, 66.09)
[M::mem_pestat] low and high boundaries for proper pairs: (13, 636)
[M::mem_pestat] analyzing insert size distribution for orientation RF...
[M::mem_pestat] (25, 50, 75) percentile: (76, 2406, 7134)
[M::mem_pestat] low and high boundaries for computing mean and std.dev: (1, 21250)
[M::mem_pestat] mean and std.dev: (3744.00, 3308.27)
[M::mem_pestat] low and high boundaries for proper pairs: (1, 28308)
[M::mem_pestat] skip orientation RR as there are not enough pairs
[M::mem_pestat] skip orientation RF
[M::mem_process_seqs] Processed 1067552 reads in 67.848 CPU sec, 5.127 real sec
[M::process] read 1067494 sequences (160000064 bp)...
[M::mem_pestat] # candidate unique pairs for (FF, FR, RF, RR): (3, 495173, 48, 6)
[M::mem_pestat] skip orientation FF as there are not enough pairs
[M::mem_pestat] analyzing insert size distribution for orientation FR...
[M::mem_pestat] (25, 50, 75) percentile: (279, 325, 369)
[M::mem_pestat] low and high boundaries for computing mean and std.dev: (99, 549)
[M::mem_pestat] mean and std.dev: (324.84, 66.20)
[M::mem_pestat] low and high boundaries for proper pairs: (9, 639)
[M::mem_pestat] analyzing insert size distribution for orientation RF...
[M::mem_pestat] (25, 50, 75) percentile: (352, 2291, 7057)
[M::mem_pestat] low and high boundaries for computing mean and std.dev: (1, 20467)
[M::mem_pestat] mean and std.dev: (3614.12, 3045.99)
[M::mem_pestat] low and high boundaries for proper pairs: (1, 27172)
[M::mem_pestat] skip orientation RR as there are not enough pairs
[M::mem_pestat] skip orientation RF
[M::mem_process_seqs] Processed 1067502 reads in 64.540 CPU sec, 4.496 real sec
[M::process] read 1067488 sequences (160000114 bp)...
[M::mem_pestat] # candidate unique pairs for (FF, FR, RF, RR): (2, 495775, 39, 2)
[M::mem_pestat] skip orientation FF as there are not enough pairs
[M::mem_pestat] analyzing insert size distribution for orientation FR...
[M::mem_pestat] (25, 50, 75) percentile: (280, 325, 370)
[M::mem_pestat] low and high boundaries for computing mean and std.dev: (100, 550)
[M::mem_pestat] mean and std.dev: (325.49, 66.17)
[M::mem_pestat] low and high boundaries for proper pairs: (10, 640)
[M::mem_pestat] analyzing insert size distribution for orientation RF...
[M::mem_pestat] (25, 50, 75) percentile: (91, 2327, 7103)
[M::mem_pestat] low and high boundaries for computing mean and std.dev: (1, 21127)
[M::mem_pestat] mean and std.dev: (4028.31, 3289.79)
[M::mem_pestat] low and high boundaries for proper pairs: (1, 28139)
[M::mem_pestat] skip orientation RR as there are not enough pairs
[M::mem_pestat] skip orientation RF
[M::mem_process_seqs] Processed 1067494 reads in 63.082 CPU sec, 5.045 real sec
[M::mem_pestat] # candidate unique pairs for (FF, FR, RF, RR): (2, 495122, 34, 1)
[M::mem_pestat] skip orientation FF as there are not enough pairs
[M::mem_pestat] analyzing insert size distribution for orientation FR...
[M::mem_pestat] (25, 50, 75) percentile: (282, 327, 371)
[M::mem_pestat] low and high boundaries for computing mean and std.dev: (104, 549)
[M::mem_pestat] mean and std.dev: (327.11, 66.11)
[M::mem_pestat] low and high boundaries for proper pairs: (15, 638)
[M::mem_pestat] analyzing insert size distribution for orientation RF...
[M::mem_pestat] (25, 50, 75) percentile: (703, 2260, 7113)
[M::mem_pestat] low and high boundaries for computing mean and std.dev: (1, 19933)
[M::mem_pestat] mean and std.dev: (3560.74, 2999.49)
[M::mem_pestat] low and high boundaries for proper pairs: (1, 26343)
[M::mem_pestat] skip orientation RR as there are not enough pairs
[M::mem_pestat] skip orientation RF
[M::process] read 1067556 sequences (160000196 bp)...
[M::mem_process_seqs] Processed 1067488 reads in 66.131 CPU sec, 5.024 real sec
[M::process] read 1067532 sequences (160000130 bp)...
[M::mem_pestat] # candidate unique pairs for (FF, FR, RF, RR): (3, 495390, 30, 2)
[M::mem_pestat] skip orientation FF as there are not enough pairs
[M::mem_pestat] analyzing insert size distribution for orientation FR...
[M::mem_pestat] (25, 50, 75) percentile: (280, 325, 369)
[M::mem_pestat] low and high boundaries for computing mean and std.dev: (102, 547)
[M::mem_pestat] mean and std.dev: (325.35, 66.25)
[M::mem_pestat] low and high boundaries for proper pairs: (13, 636)
[M::mem_pestat] analyzing insert size distribution for orientation RF...
[M::mem_pestat] (25, 50, 75) percentile: (883, 2303, 7103)
[M::mem_pestat] low and high boundaries for computing mean and std.dev: (1, 19543)
[M::mem_pestat] mean and std.dev: (3889.73, 3106.80)
[M::mem_pestat] low and high boundaries for proper pairs: (1, 25763)
[M::mem_pestat] skip orientation RR as there are not enough pairs
[M::mem_pestat] skip orientation RF
[M::mem_process_seqs] Processed 1067556 reads in 61.762 CPU sec, 4.850 real sec
[M::process] read 1067432 sequences (160000290 bp)...
[M::mem_pestat] # candidate unique pairs for (FF, FR, RF, RR): (1, 494985, 27, 3)
[M::mem_pestat] skip orientation FF as there are not enough pairs
[M::mem_pestat] analyzing insert size distribution for orientation FR...
[M::mem_pestat] (25, 50, 75) percentile: (280, 325, 369)
[M::mem_pestat] low and high boundaries for computing mean and std.dev: (102, 547)
[M::mem_pestat] mean and std.dev: (325.32, 66.09)
[M::mem_pestat] low and high boundaries for proper pairs: (13, 636)
[M::mem_pestat] analyzing insert size distribution for orientation RF...
[M::mem_pestat] (25, 50, 75) percentile: (86, 7026, 7151)
[M::mem_pestat] low and high boundaries for computing mean and std.dev: (1, 21281)
[M::mem_pestat] mean and std.dev: (4015.70, 3396.62)
[M::mem_pestat] low and high boundaries for proper pairs: (1, 28346)
[M::mem_pestat] skip orientation RR as there are not enough pairs
[M::mem_pestat] skip orientation RF
[M::mem_process_seqs] Processed 1067532 reads in 62.477 CPU sec, 4.936 real sec
[M::process] read 1067448 sequences (160000010 bp)...
[M::mem_pestat] # candidate unique pairs for (FF, FR, RF, RR): (5, 495194, 35, 3)
[M::mem_pestat] skip orientation FF as there are not enough pairs
[M::mem_pestat] analyzing insert size distribution for orientation FR...
[M::mem_pestat] (25, 50, 75) percentile: (281, 326, 370)
[M::mem_pestat] low and high boundaries for computing mean and std.dev: (103, 548)
[M::mem_pestat] mean and std.dev: (326.25, 65.87)
[M::mem_pestat] low and high boundaries for proper pairs: (14, 637)
[M::mem_pestat] analyzing insert size distribution for orientation RF...
[M::mem_pestat] (25, 50, 75) percentile: (364, 2263, 7062)
[M::mem_pestat] low and high boundaries for computing mean and std.dev: (1, 20458)
[M::mem_pestat] mean and std.dev: (3204.63, 2962.39)
[M::mem_pestat] low and high boundaries for proper pairs: (1, 27156)
[M::mem_pestat] skip orientation RR as there are not enough pairs
[M::mem_pestat] skip orientation RF
[M::mem_process_seqs] Processed 1067432 reads in 61.898 CPU sec, 4.493 real sec
[M::process] read 1067506 sequences (160000038 bp)...
[M::mem_pestat] # candidate unique pairs for (FF, FR, RF, RR): (6, 495733, 32, 6)
[M::mem_pestat] skip orientation FF as there are not enough pairs
[M::mem_pestat] analyzing insert size distribution for orientation FR...
[M::mem_pestat] (25, 50, 75) percentile: (282, 327, 371)
[M::mem_pestat] low and high boundaries for computing mean and std.dev: (104, 549)
[M::mem_pestat] mean and std.dev: (327.21, 66.07)
[M::mem_pestat] low and high boundaries for proper pairs: (15, 638)
[M::mem_pestat] analyzing insert size distribution for orientation RF...
[M::mem_pestat] (25, 50, 75) percentile: (1023, 2497, 7105)
[M::mem_pestat] low and high boundaries for computing mean and std.dev: (1, 19269)
[M::mem_pestat] mean and std.dev: (3892.38, 3031.12)
[M::mem_pestat] low and high boundaries for proper pairs: (1, 25351)
[M::mem_pestat] skip orientation RR as there are not enough pairs
[M::mem_pestat] skip orientation RF
[M::mem_process_seqs] Processed 1067448 reads in 65.703 CPU sec, 4.593 real sec
[M::process] read 1067522 sequences (160000252 bp)...
[M::mem_pestat] # candidate unique pairs for (FF, FR, RF, RR): (2, 495339, 44, 3)
[M::mem_pestat] skip orientation FF as there are not enough pairs
[M::mem_pestat] analyzing insert size distribution for orientation FR...
[M::mem_pestat] (25, 50, 75) percentile: (282, 327, 372)
[M::mem_pestat] low and high boundaries for computing mean and std.dev: (102, 552)
[M::mem_pestat] mean and std.dev: (327.73, 66.47)
[M::mem_pestat] low and high boundaries for proper pairs: (12, 642)
[M::mem_pestat] analyzing insert size distribution for orientation RF...
[M::mem_pestat] (25, 50, 75) percentile: (195, 2260, 7037)
[M::mem_pestat] low and high boundaries for computing mean and std.dev: (1, 20721)
[M::mem_pestat] mean and std.dev: (3082.02, 2919.53)
[M::mem_pestat] low and high boundaries for proper pairs: (1, 27563)
[M::mem_pestat] skip orientation RR as there are not enough pairs
[M::mem_pestat] skip orientation RF
[M::mem_process_seqs] Processed 1067506 reads in 66.094 CPU sec, 4.955 real sec
[M::process] read 1067496 sequences (160000014 bp)...
[M::mem_pestat] # candidate unique pairs for (FF, FR, RF, RR): (2, 495278, 23, 1)
[M::mem_pestat] skip orientation FF as there are not enough pairs
[M::mem_pestat] analyzing insert size distribution for orientation FR...
[M::mem_pestat] (25, 50, 75) percentile: (283, 328, 372)
[M::mem_pestat] low and high boundaries for computing mean and std.dev: (105, 550)
[M::mem_pestat] mean and std.dev: (328.30, 66.41)
[M::mem_pestat] low and high boundaries for proper pairs: (16, 639)
[M::mem_pestat] analyzing insert size distribution for orientation RF...
[M::mem_pestat] (25, 50, 75) percentile: (240, 2233, 7070)
[M::mem_pestat] low and high boundaries for computing mean and std.dev: (1, 20730)
[M::mem_pestat] mean and std.dev: (3263.96, 2914.35)
[M::mem_pestat] low and high boundaries for proper pairs: (1, 27560)
[M::mem_pestat] skip orientation RR as there are not enough pairs
[M::mem_pestat] skip orientation RF
[M::mem_process_seqs] Processed 1067522 reads in 64.429 CPU sec, 4.868 real sec
[M::process] read 1067474 sequences (160000046 bp)...
[M::mem_pestat] # candidate unique pairs for (FF, FR, RF, RR): (4, 495690, 30, 3)
[M::mem_pestat] skip orientation FF as there are not enough pairs
[M::mem_pestat] analyzing insert size distribution for orientation FR...
[M::mem_pestat] (25, 50, 75) percentile: (283, 329, 373)
[M::mem_pestat] low and high boundaries for computing mean and std.dev: (103, 553)
[M::mem_pestat] mean and std.dev: (328.87, 66.23)
[M::mem_pestat] low and high boundaries for proper pairs: (13, 643)
[M::mem_pestat] analyzing insert size distribution for orientation RF...
[M::mem_pestat] (25, 50, 75) percentile: (64, 2213, 7085)
[M::mem_pestat] low and high boundaries for computing mean and std.dev: (1, 21127)
[M::mem_pestat] mean and std.dev: (3193.47, 3068.65)
[M::mem_pestat] low and high boundaries for proper pairs: (1, 28148)
[M::mem_pestat] skip orientation RR as there are not enough pairs
[M::mem_pestat] skip orientation RF
[M::mem_process_seqs] Processed 1067496 reads in 62.921 CPU sec, 4.624 real sec
[M::process] read 1067532 sequences (160000002 bp)...
[M::mem_pestat] # candidate unique pairs for (FF, FR, RF, RR): (4, 495508, 37, 3)
[M::mem_pestat] skip orientation FF as there are not enough pairs
[M::mem_pestat] analyzing insert size distribution for orientation FR...
[M::mem_pestat] (25, 50, 75) percentile: (283, 328, 372)
[M::mem_pestat] low and high boundaries for computing mean and std.dev: (105, 550)
[M::mem_pestat] mean and std.dev: (328.42, 66.14)
[M::mem_pestat] low and high boundaries for proper pairs: (16, 639)
[M::mem_pestat] analyzing insert size distribution for orientation RF...
[M::mem_pestat] (25, 50, 75) percentile: (2243, 5500, 7084)
[M::mem_pestat] low and high boundaries for computing mean and std.dev: (1, 16766)
[M::mem_pestat] mean and std.dev: (4311.11, 2942.87)
[M::mem_pestat] low and high boundaries for proper pairs: (1, 21607)
[M::mem_pestat] skip orientation RR as there are not enough pairs
[M::mem_pestat] skip orientation RF
[M::mem_process_seqs] Processed 1067474 reads in 66.442 CPU sec, 4.723 real sec
[M::process] read 1067526 sequences (160000104 bp)...
[M::mem_pestat] # candidate unique pairs for (FF, FR, RF, RR): (3, 495559, 46, 7)
[M::mem_pestat] skip orientation FF as there are not enough pairs
[M::mem_pestat] analyzing insert size distribution for orientation FR...
[M::mem_pestat] (25, 50, 75) percentile: (281, 326, 371)
[M::mem_pestat] low and high boundaries for computing mean and std.dev: (101, 551)
[M::mem_pestat] mean and std.dev: (326.77, 66.42)
[M::mem_pestat] low and high boundaries for proper pairs: (11, 641)
[M::mem_pestat] analyzing insert size distribution for orientation RF...
[M::mem_pestat] (25, 50, 75) percentile: (2250, 4993, 7100)
[M::mem_pestat] low and high boundaries for computing mean and std.dev: (1, 16800)
[M::mem_pestat] mean and std.dev: (4227.74, 2816.70)
[M::mem_pestat] low and high boundaries for proper pairs: (1, 21650)
[M::mem_pestat] skip orientation RR as there are not enough pairs
[M::mem_pestat] skip orientation RF
[M::mem_process_seqs] Processed 1067532 reads in 70.660 CPU sec, 4.940 real sec
[M::process] read 1067454 sequences (160000232 bp)...
[M::mem_pestat] # candidate unique pairs for (FF, FR, RF, RR): (2, 496022, 34, 1)
[M::mem_pestat] skip orientation FF as there are not enough pairs
[M::mem_pestat] analyzing insert size distribution for orientation FR...
[M::mem_pestat] (25, 50, 75) percentile: (281, 326, 371)
[M::mem_pestat] low and high boundaries for computing mean and std.dev: (101, 551)
[M::mem_pestat] mean and std.dev: (326.38, 66.23)
[M::mem_pestat] low and high boundaries for proper pairs: (11, 641)
[M::mem_pestat] analyzing insert size distribution for orientation RF...
[M::mem_pestat] (25, 50, 75) percentile: (209, 2268, 7061)
[M::mem_pestat] low and high boundaries for computing mean and std.dev: (1, 20765)
[M::mem_pestat] mean and std.dev: (3101.18, 2897.48)
[M::mem_pestat] low and high boundaries for proper pairs: (1, 27617)
[M::mem_pestat] skip orientation RR as there are not enough pairs
[M::mem_pestat] skip orientation RF
[M::mem_process_seqs] Processed 1067526 reads in 65.991 CPU sec, 4.679 real sec
[M::process] read 1067424 sequences (160000024 bp)...
[M::mem_pestat] # candidate unique pairs for (FF, FR, RF, RR): (1, 496322, 27, 3)
[M::mem_pestat] skip orientation FF as there are not enough pairs
[M::mem_pestat] analyzing insert size distribution for orientation FR...
[M::mem_pestat] (25, 50, 75) percentile: (283, 328, 372)
[M::mem_pestat] low and high boundaries for computing mean and std.dev: (105, 550)
[M::mem_pestat] mean and std.dev: (328.28, 66.13)
[M::mem_pestat] low and high boundaries for proper pairs: (16, 639)
[M::mem_pestat] analyzing insert size distribution for orientation RF...
[M::mem_pestat] (25, 50, 75) percentile: (53, 2189, 2326)
[M::mem_pestat] low and high boundaries for computing mean and std.dev: (1, 6872)
[M::mem_pestat] mean and std.dev: (987.38, 1059.14)
[M::mem_pestat] low and high boundaries for proper pairs: (1, 9145)
[M::mem_pestat] skip orientation RR as there are not enough pairs
[M::mem_pestat] skip orientation RF
[M::mem_process_seqs] Processed 1067454 reads in 65.333 CPU sec, 4.467 real sec
[M::process] read 1067518 sequences (160000130 bp)...
[M::mem_pestat] # candidate unique pairs for (FF, FR, RF, RR): (2, 496099, 39, 3)
[M::mem_pestat] skip orientation FF as there are not enough pairs
[M::mem_pestat] analyzing insert size distribution for orientation FR...
[M::mem_pestat] (25, 50, 75) percentile: (284, 328, 373)
[M::mem_pestat] low and high boundaries for computing mean and std.dev: (106, 551)
[M::mem_pestat] mean and std.dev: (328.81, 66.26)
[M::mem_pestat] low and high boundaries for proper pairs: (17, 640)
[M::mem_pestat] analyzing insert size distribution for orientation RF...
[M::mem_pestat] (25, 50, 75) percentile: (43, 2248, 7027)
[M::mem_pestat] low and high boundaries for computing mean and std.dev: (1, 20995)
[M::mem_pestat] mean and std.dev: (3057.23, 2993.82)
[M::mem_pestat] low and high boundaries for proper pairs: (1, 27979)
[M::mem_pestat] skip orientation RR as there are not enough pairs
[M::mem_pestat] skip orientation RF
[M::mem_process_seqs] Processed 1067424 reads in 66.012 CPU sec, 4.644 real sec
[M::process] read 1067462 sequences (160000006 bp)...
[M::mem_pestat] # candidate unique pairs for (FF, FR, RF, RR): (2, 495177, 32, 4)
[M::mem_pestat] skip orientation FF as there are not enough pairs
[M::mem_pestat] analyzing insert size distribution for orientation FR...
[M::mem_pestat] (25, 50, 75) percentile: (281, 326, 371)
[M::mem_pestat] low and high boundaries for computing mean and std.dev: (101, 551)
[M::mem_pestat] mean and std.dev: (326.70, 66.35)
[M::mem_pestat] low and high boundaries for proper pairs: (11, 641)
[M::mem_pestat] analyzing insert size distribution for orientation RF...
[M::mem_pestat] (25, 50, 75) percentile: (46, 4398, 7147)
[M::mem_pestat] low and high boundaries for computing mean and std.dev: (1, 21349)
[M::mem_pestat] mean and std.dev: (3653.78, 3155.69)
[M::mem_pestat] low and high boundaries for proper pairs: (1, 28450)
[M::mem_pestat] skip orientation RR as there are not enough pairs
[M::mem_pestat] skip orientation RF
[M::mem_process_seqs] Processed 1067518 reads in 77.649 CPU sec, 5.351 real sec
[M::process] read 1067426 sequences (160000068 bp)...
[M::mem_pestat] # candidate unique pairs for (FF, FR, RF, RR): (5, 496467, 20, 4)
[M::mem_pestat] skip orientation FF as there are not enough pairs
[M::mem_pestat] analyzing insert size distribution for orientation FR...
[M::mem_pestat] (25, 50, 75) percentile: (281, 327, 372)
[M::mem_pestat] low and high boundaries for computing mean and std.dev: (99, 554)
[M::mem_pestat] mean and std.dev: (327.22, 66.79)
[M::mem_pestat] low and high boundaries for proper pairs: (8, 645)
[M::mem_pestat] analyzing insert size distribution for orientation RF...
[M::mem_pestat] (25, 50, 75) percentile: (20, 1939, 7095)
[M::mem_pestat] low and high boundaries for computing mean and std.dev: (1, 21245)
[M::mem_pestat] mean and std.dev: (2601.65, 3075.48)
[M::mem_pestat] low and high boundaries for proper pairs: (1, 28320)
[M::mem_pestat] skip orientation RR as there are not enough pairs
[M::mem_pestat] skip orientation RF
[M::mem_process_seqs] Processed 1067462 reads in 62.568 CPU sec, 4.535 real sec
[M::process] read 1067416 sequences (160000246 bp)...
[M::mem_pestat] # candidate unique pairs for (FF, FR, RF, RR): (8, 496601, 30, 2)
[M::mem_pestat] skip orientation FF as there are not enough pairs
[M::mem_pestat] analyzing insert size distribution for orientation FR...
[M::mem_pestat] (25, 50, 75) percentile: (282, 327, 372)
[M::mem_pestat] low and high boundaries for computing mean and std.dev: (102, 552)
[M::mem_pestat] mean and std.dev: (327.80, 66.52)
[M::mem_pestat] low and high boundaries for proper pairs: (12, 642)
[M::mem_pestat] analyzing insert size distribution for orientation RF...
[M::mem_pestat] (25, 50, 75) percentile: (371, 2219, 2326)
[M::mem_pestat] low and high boundaries for computing mean and std.dev: (1, 6236)
[M::mem_pestat] mean and std.dev: (1476.43, 1015.17)
[M::mem_pestat] low and high boundaries for proper pairs: (1, 8191)
[M::mem_pestat] skip orientation RR as there are not enough pairs
[M::mem_pestat] skip orientation RF
[M::mem_process_seqs] Processed 1067426 reads in 62.835 CPU sec, 4.607 real sec
[M::process] read 1067456 sequences (160000022 bp)...
[M::mem_pestat] # candidate unique pairs for (FF, FR, RF, RR): (2, 497028, 44, 5)
[M::mem_pestat] skip orientation FF as there are not enough pairs
[M::mem_pestat] analyzing insert size distribution for orientation FR...
[M::mem_pestat] (25, 50, 75) percentile: (283, 329, 373)
[M::mem_pestat] low and high boundaries for computing mean and std.dev: (103, 553)
[M::mem_pestat] mean and std.dev: (328.97, 66.61)
[M::mem_pestat] low and high boundaries for proper pairs: (13, 643)
[M::mem_pestat] analyzing insert size distribution for orientation RF...
[M::mem_pestat] (25, 50, 75) percentile: (197, 2267, 5787)
[M::mem_pestat] low and high boundaries for computing mean and std.dev: (1, 16967)
[M::mem_pestat] mean and std.dev: (2577.93, 2723.03)
[M::mem_pestat] low and high boundaries for proper pairs: (1, 22557)
[M::mem_pestat] skip orientation RR as there are not enough pairs
[M::mem_pestat] skip orientation RF
[M::mem_process_seqs] Processed 1067416 reads in 63.449 CPU sec, 4.579 real sec
[M::process] read 1067500 sequences (160000146 bp)...
[M::mem_pestat] # candidate unique pairs for (FF, FR, RF, RR): (1, 495534, 35, 7)
[M::mem_pestat] skip orientation FF as there are not enough pairs
[M::mem_pestat] analyzing insert size distribution for orientation FR...
[M::mem_pestat] (25, 50, 75) percentile: (281, 326, 370)
[M::mem_pestat] low and high boundaries for computing mean and std.dev: (103, 548)
[M::mem_pestat] mean and std.dev: (326.45, 66.16)
[M::mem_pestat] low and high boundaries for proper pairs: (14, 637)
[M::mem_pestat] analyzing insert size distribution for orientation RF...
[M::mem_pestat] (25, 50, 75) percentile: (29, 2205, 7084)
[M::mem_pestat] low and high boundaries for computing mean and std.dev: (1, 21194)
[M::mem_pestat] mean and std.dev: (2645.97, 3021.78)
[M::mem_pestat] low and high boundaries for proper pairs: (1, 28249)
[M::mem_pestat] skip orientation RR as there are not enough pairs
[M::mem_pestat] skip orientation RF
[M::mem_process_seqs] Processed 1067456 reads in 77.413 CPU sec, 5.887 real sec
[M::process] read 1067386 sequences (160000240 bp)...
[M::mem_pestat] # candidate unique pairs for (FF, FR, RF, RR): (1, 496905, 27, 2)
[M::mem_pestat] skip orientation FF as there are not enough pairs
[M::mem_pestat] analyzing insert size distribution for orientation FR...
[M::mem_pestat] (25, 50, 75) percentile: (281, 326, 371)
[M::mem_pestat] low and high boundaries for computing mean and std.dev: (101, 551)
[M::mem_pestat] mean and std.dev: (326.36, 66.57)
[M::mem_pestat] low and high boundaries for proper pairs: (11, 641)
[M::mem_pestat] analyzing insert size distribution for orientation RF...
[M::mem_pestat] (25, 50, 75) percentile: (188, 2266, 7036)
[M::mem_pestat] low and high boundaries for computing mean and std.dev: (1, 20732)
[M::mem_pestat] mean and std.dev: (3466.19, 3090.23)
[M::mem_pestat] low and high boundaries for proper pairs: (1, 27580)
[M::mem_pestat] skip orientation RR as there are not enough pairs
[M::mem_pestat] skip orientation RF
[M::mem_process_seqs] Processed 1067500 reads in 66.185 CPU sec, 4.814 real sec
[M::process] read 1067420 sequences (160000020 bp)...
[M::mem_pestat] # candidate unique pairs for (FF, FR, RF, RR): (3, 496562, 20, 2)
[M::mem_pestat] skip orientation FF as there are not enough pairs
[M::mem_pestat] analyzing insert size distribution for orientation FR...
[M::mem_pestat] (25, 50, 75) percentile: (282, 328, 372)
[M::mem_pestat] low and high boundaries for computing mean and std.dev: (102, 552)
[M::mem_pestat] mean and std.dev: (328.06, 66.50)
[M::mem_pestat] low and high boundaries for proper pairs: (12, 642)
[M::mem_pestat] analyzing insert size distribution for orientation RF...
[M::mem_pestat] (25, 50, 75) percentile: (2119, 2233, 7155)
[M::mem_pestat] low and high boundaries for computing mean and std.dev: (1, 17227)
[M::mem_pestat] mean and std.dev: (3459.10, 2833.01)
[M::mem_pestat] low and high boundaries for proper pairs: (1, 22263)
[M::mem_pestat] skip orientation RR as there are not enough pairs
[M::mem_pestat] skip orientation RF
[M::mem_process_seqs] Processed 1067386 reads in 64.637 CPU sec, 4.677 real sec
[M::process] read 1067476 sequences (160000280 bp)...
[M::mem_pestat] # candidate unique pairs for (FF, FR, RF, RR): (6, 496734, 33, 3)
[M::mem_pestat] skip orientation FF as there are not enough pairs
[M::mem_pestat] analyzing insert size distribution for orientation FR...
[M::mem_pestat] (25, 50, 75) percentile: (283, 328, 373)
[M::mem_pestat] low and high boundaries for computing mean and std.dev: (103, 553)
[M::mem_pestat] mean and std.dev: (328.79, 66.44)
[M::mem_pestat] low and high boundaries for proper pairs: (13, 643)
[M::mem_pestat] analyzing insert size distribution for orientation RF...
[M::mem_pestat] (25, 50, 75) percentile: (358, 2305, 7055)
[M::mem_pestat] low and high boundaries for computing mean and std.dev: (1, 20449)
[M::mem_pestat] mean and std.dev: (3881.82, 3020.00)
[M::mem_pestat] low and high boundaries for proper pairs: (1, 27146)
[M::mem_pestat] skip orientation RR as there are not enough pairs
[M::mem_pestat] skip orientation RF
[M::mem_process_seqs] Processed 1067420 reads in 65.065 CPU sec, 4.926 real sec
[M::process] read 1067434 sequences (160000080 bp)...
[M::mem_pestat] # candidate unique pairs for (FF, FR, RF, RR): (4, 495374, 36, 1)
[M::mem_pestat] skip orientation FF as there are not enough pairs
[M::mem_pestat] analyzing insert size distribution for orientation FR...
[M::mem_pestat] (25, 50, 75) percentile: (282, 327, 372)
[M::mem_pestat] low and high boundaries for computing mean and std.dev: (102, 552)
[M::mem_pestat] mean and std.dev: (327.86, 66.25)
[M::mem_pestat] low and high boundaries for proper pairs: (12, 642)
[M::mem_pestat] analyzing insert size distribution for orientation RF...
[M::mem_pestat] (25, 50, 75) percentile: (193, 2307, 7082)
[M::mem_pestat] low and high boundaries for computing mean and std.dev: (1, 20860)
[M::mem_pestat] mean and std.dev: (3592.17, 2977.14)
[M::mem_pestat] low and high boundaries for proper pairs: (1, 27749)
[M::mem_pestat] skip orientation RR as there are not enough pairs
[M::mem_pestat] skip orientation RF
[M::mem_process_seqs] Processed 1067476 reads in 65.182 CPU sec, 4.761 real sec
[M::process] read 1067364 sequences (160000032 bp)...
[M::mem_pestat] # candidate unique pairs for (FF, FR, RF, RR): (2, 494299, 36, 3)
[M::mem_pestat] skip orientation FF as there are not enough pairs
[M::mem_pestat] analyzing insert size distribution for orientation FR...
[M::mem_pestat] (25, 50, 75) percentile: (283, 328, 372)
[M::mem_pestat] low and high boundaries for computing mean and std.dev: (105, 550)
[M::mem_pestat] mean and std.dev: (328.30, 65.76)
[M::mem_pestat] low and high boundaries for proper pairs: (16, 639)
[M::mem_pestat] analyzing insert size distribution for orientation RF...
[M::mem_pestat] (25, 50, 75) percentile: (2107, 2200, 7089)
[M::mem_pestat] low and high boundaries for computing mean and std.dev: (1, 17053)
[M::mem_pestat] mean and std.dev: (3854.00, 2999.43)
[M::mem_pestat] low and high boundaries for proper pairs: (1, 22035)
[M::mem_pestat] skip orientation RR as there are not enough pairs
[M::mem_pestat] skip orientation RF
[M::mem_process_seqs] Processed 1067434 reads in 66.009 CPU sec, 4.729 real sec
[M::process] read 1067376 sequences (160000250 bp)...
[M::mem_pestat] # candidate unique pairs for (FF, FR, RF, RR): (5, 493054, 22, 2)
[M::mem_pestat] skip orientation FF as there are not enough pairs
[M::mem_pestat] analyzing insert size distribution for orientation FR...
[M::mem_pestat] (25, 50, 75) percentile: (286, 331, 375)
[M::mem_pestat] low and high boundaries for computing mean and std.dev: (108, 553)
[M::mem_pestat] mean and std.dev: (331.25, 65.85)
[M::mem_pestat] low and high boundaries for proper pairs: (19, 642)
[M::mem_pestat] analyzing insert size distribution for orientation RF...
[M::mem_pestat] (25, 50, 75) percentile: (52, 7043, 7078)
[M::mem_pestat] low and high boundaries for computing mean and std.dev: (1, 21130)
[M::mem_pestat] mean and std.dev: (3988.23, 3204.42)
[M::mem_pestat] low and high boundaries for proper pairs: (1, 28156)
[M::mem_pestat] skip orientation RR as there are not enough pairs
[M::mem_pestat] skip orientation RF
[M::mem_process_seqs] Processed 1067364 reads in 60.138 CPU sec, 4.326 real sec
[M::mem_pestat] # candidate unique pairs for (FF, FR, RF, RR): (4, 492728, 46, 5)
[M::mem_pestat] skip orientation FF as there are not enough pairs
[M::mem_pestat] analyzing insert size distribution for orientation FR...
[M::mem_pestat] (25, 50, 75) percentile: (287, 331, 376)
[M::mem_pestat] low and high boundaries for computing mean and std.dev: (109, 554)
[M::mem_pestat] mean and std.dev: (331.72, 65.96)
[M::mem_pestat] low and high boundaries for proper pairs: (20, 643)
[M::mem_pestat] analyzing insert size distribution for orientation RF...
[M::mem_pestat] (25, 50, 75) percentile: (119, 2270, 7084)
[M::mem_pestat] low and high boundaries for computing mean and std.dev: (1, 21014)
[M::mem_pestat] mean and std.dev: (3538.80, 3052.16)
[M::mem_pestat] low and high boundaries for proper pairs: (1, 27979)
[M::mem_pestat] skip orientation RR as there are not enough pairs
[M::mem_pestat] skip orientation RF
[M::process] read 1067364 sequences (160000104 bp)...
[M::mem_process_seqs] Processed 1067376 reads in 62.029 CPU sec, 4.651 real sec
[M::process] read 1067284 sequences (160000286 bp)...
[M::mem_pestat] # candidate unique pairs for (FF, FR, RF, RR): (0, 493730, 27, 1)
[M::mem_pestat] skip orientation FF as there are not enough pairs
[M::mem_pestat] analyzing insert size distribution for orientation FR...
[M::mem_pestat] (25, 50, 75) percentile: (286, 331, 375)
[M::mem_pestat] low and high boundaries for computing mean and std.dev: (108, 553)
[M::mem_pestat] mean and std.dev: (331.42, 66.12)
[M::mem_pestat] low and high boundaries for proper pairs: (19, 642)
[M::mem_pestat] analyzing insert size distribution for orientation RF...
[M::mem_pestat] (25, 50, 75) percentile: (64, 2260, 7095)
[M::mem_pestat] low and high boundaries for computing mean and std.dev: (1, 21157)
[M::mem_pestat] mean and std.dev: (3440.07, 3343.40)
[M::mem_pestat] low and high boundaries for proper pairs: (1, 28188)
[M::mem_pestat] skip orientation RR as there are not enough pairs
[M::mem_pestat] skip orientation RF
[M::mem_process_seqs] Processed 1067364 reads in 62.472 CPU sec, 4.527 real sec
[M::process] read 1067384 sequences (160000076 bp)...
[M::mem_pestat] # candidate unique pairs for (FF, FR, RF, RR): (5, 492391, 24, 9)
[M::mem_pestat] skip orientation FF as there are not enough pairs
[M::mem_pestat] analyzing insert size distribution for orientation FR...
[M::mem_pestat] (25, 50, 75) percentile: (287, 332, 376)
[M::mem_pestat] low and high boundaries for computing mean and std.dev: (109, 554)
[M::mem_pestat] mean and std.dev: (332.40, 66.10)
[M::mem_pestat] low and high boundaries for proper pairs: (20, 643)
[M::mem_pestat] analyzing insert size distribution for orientation RF...
[M::mem_pestat] (25, 50, 75) percentile: (2186, 3364, 7085)
[M::mem_pestat] low and high boundaries for computing mean and std.dev: (1, 16883)
[M::mem_pestat] mean and std.dev: (3955.38, 2825.69)
[M::mem_pestat] low and high boundaries for proper pairs: (1, 21782)
[M::mem_pestat] skip orientation RR as there are not enough pairs
[M::mem_pestat] skip orientation RF
[M::mem_process_seqs] Processed 1067284 reads in 60.918 CPU sec, 4.410 real sec
[M::process] read 1067406 sequences (160000214 bp)...
[M::mem_pestat] # candidate unique pairs for (FF, FR, RF, RR): (3, 492939, 35, 4)
[M::mem_pestat] skip orientation FF as there are not enough pairs
[M::mem_pestat] analyzing insert size distribution for orientation FR...
[M::mem_pestat] (25, 50, 75) percentile: (287, 331, 376)
[M::mem_pestat] low and high boundaries for computing mean and std.dev: (109, 554)
[M::mem_pestat] mean and std.dev: (331.82, 66.04)
[M::mem_pestat] low and high boundaries for proper pairs: (20, 643)
[M::mem_pestat] analyzing insert size distribution for orientation RF...
[M::mem_pestat] (25, 50, 75) percentile: (296, 2294, 6997)
[M::mem_pestat] low and high boundaries for computing mean and std.dev: (1, 20399)
[M::mem_pestat] mean and std.dev: (3005.09, 2772.93)
[M::mem_pestat] low and high boundaries for proper pairs: (1, 27100)
[M::mem_pestat] skip orientation RR as there are not enough pairs
[M::mem_pestat] skip orientation RF
[M::mem_process_seqs] Processed 1067384 reads in 61.795 CPU sec, 4.367 real sec
[M::process] read 1067366 sequences (160000050 bp)...
[M::mem_pestat] # candidate unique pairs for (FF, FR, RF, RR): (6, 492433, 29, 6)
[M::mem_pestat] skip orientation FF as there are not enough pairs
[M::mem_pestat] analyzing insert size distribution for orientation FR...
[M::mem_pestat] (25, 50, 75) percentile: (288, 333, 377)
[M::mem_pestat] low and high boundaries for computing mean and std.dev: (110, 555)
[M::mem_pestat] mean and std.dev: (333.00, 66.22)
[M::mem_pestat] low and high boundaries for proper pairs: (21, 644)
[M::mem_pestat] analyzing insert size distribution for orientation RF...
[M::mem_pestat] (25, 50, 75) percentile: (16, 2221, 7024)
[M::mem_pestat] low and high boundaries for computing mean and std.dev: (1, 21040)
[M::mem_pestat] mean and std.dev: (2631.86, 2907.19)
[M::mem_pestat] low and high boundaries for proper pairs: (1, 28048)
[M::mem_pestat] skip orientation RR as there are not enough pairs
[M::mem_pestat] skip orientation RF
[M::mem_process_seqs] Processed 1067406 reads in 63.039 CPU sec, 4.307 real sec
[M::process] read 1067378 sequences (160000086 bp)...
[M::mem_pestat] # candidate unique pairs for (FF, FR, RF, RR): (8, 492687, 32, 4)
[M::mem_pestat] skip orientation FF as there are not enough pairs
[M::mem_pestat] analyzing insert size distribution for orientation FR...
[M::mem_pestat] (25, 50, 75) percentile: (289, 334, 378)
[M::mem_pestat] low and high boundaries for computing mean and std.dev: (111, 556)
[M::mem_pestat] mean and std.dev: (334.13, 66.28)
[M::mem_pestat] low and high boundaries for proper pairs: (22, 645)
[M::mem_pestat] analyzing insert size distribution for orientation RF...
[M::mem_pestat] (25, 50, 75) percentile: (105, 2230, 7120)
[M::mem_pestat] low and high boundaries for computing mean and std.dev: (1, 21150)
[M::mem_pestat] mean and std.dev: (3639.91, 3310.96)
[M::mem_pestat] low and high boundaries for proper pairs: (1, 28165)
[M::mem_pestat] skip orientation RR as there are not enough pairs
[M::mem_pestat] skip orientation RF
[M::mem_process_seqs] Processed 1067366 reads in 63.184 CPU sec, 4.323 real sec
[M::process] read 1067386 sequences (160000192 bp)...
[M::mem_pestat] # candidate unique pairs for (FF, FR, RF, RR): (0, 492780, 34, 5)
[M::mem_pestat] skip orientation FF as there are not enough pairs
[M::mem_pestat] analyzing insert size distribution for orientation FR...
[M::mem_pestat] (25, 50, 75) percentile: (288, 333, 378)
[M::mem_pestat] low and high boundaries for computing mean and std.dev: (108, 558)
[M::mem_pestat] mean and std.dev: (333.59, 66.37)
[M::mem_pestat] low and high boundaries for proper pairs: (18, 648)
[M::mem_pestat] analyzing insert size distribution for orientation RF...
[M::mem_pestat] (25, 50, 75) percentile: (2219, 7033, 7124)
[M::mem_pestat] low and high boundaries for computing mean and std.dev: (1, 16934)
[M::mem_pestat] mean and std.dev: (4166.91, 3047.22)
[M::mem_pestat] low and high boundaries for proper pairs: (1, 21839)
[M::mem_pestat] skip orientation RR as there are not enough pairs
[M::mem_pestat] skip orientation RF
[M::mem_process_seqs] Processed 1067378 reads in 61.935 CPU sec, 4.282 real sec
[M::process] read 1067318 sequences (160000116 bp)...
[M::mem_pestat] # candidate unique pairs for (FF, FR, RF, RR): (1, 491996, 40, 4)
[M::mem_pestat] skip orientation FF as there are not enough pairs
[M::mem_pestat] analyzing insert size distribution for orientation FR...
[M::mem_pestat] (25, 50, 75) percentile: (289, 334, 378)
[M::mem_pestat] low and high boundaries for computing mean and std.dev: (111, 556)
[M::mem_pestat] mean and std.dev: (334.05, 66.22)
[M::mem_pestat] low and high boundaries for proper pairs: (22, 645)
[M::mem_pestat] analyzing insert size distribution for orientation RF...
[M::mem_pestat] (25, 50, 75) percentile: (2261, 7008, 7102)
[M::mem_pestat] low and high boundaries for computing mean and std.dev: (1, 16784)
[M::mem_pestat] mean and std.dev: (4537.90, 2819.85)
[M::mem_pestat] low and high boundaries for proper pairs: (1, 21625)
[M::mem_pestat] skip orientation RR as there are not enough pairs
[M::mem_pestat] skip orientation RF
[M::mem_process_seqs] Processed 1067386 reads in 64.666 CPU sec, 4.575 real sec
[M::process] read 1067356 sequences (160000030 bp)...
[M::mem_pestat] # candidate unique pairs for (FF, FR, RF, RR): (0, 492412, 27, 9)
[M::mem_pestat] skip orientation FF as there are not enough pairs
[M::mem_pestat] analyzing insert size distribution for orientation FR...
[M::mem_pestat] (25, 50, 75) percentile: (289, 334, 378)
[M::mem_pestat] low and high boundaries for computing mean and std.dev: (111, 556)
[M::mem_pestat] mean and std.dev: (334.18, 66.29)
[M::mem_pestat] low and high boundaries for proper pairs: (22, 645)
[M::mem_pestat] analyzing insert size distribution for orientation RF...
[M::mem_pestat] (25, 50, 75) percentile: (2231, 2271, 7024)
[M::mem_pestat] low and high boundaries for computing mean and std.dev: (1, 16610)
[M::mem_pestat] mean and std.dev: (3624.70, 2628.11)
[M::mem_pestat] low and high boundaries for proper pairs: (1, 21403)
[M::mem_pestat] skip orientation RR as there are not enough pairs
[M::mem_pestat] skip orientation RF
[M::mem_process_seqs] Processed 1067318 reads in 63.541 CPU sec, 4.623 real sec
[M::process] read 688938 sequences (103277072 bp)...
[M::mem_pestat] # candidate unique pairs for (FF, FR, RF, RR): (6, 492510, 43, 3)
[M::mem_pestat] skip orientation FF as there are not enough pairs
[M::mem_pestat] analyzing insert size distribution for orientation FR...
[M::mem_pestat] (25, 50, 75) percentile: (289, 334, 378)
[M::mem_pestat] low and high boundaries for computing mean and std.dev: (111, 556)
[M::mem_pestat] mean and std.dev: (334.14, 66.56)
[M::mem_pestat] low and high boundaries for proper pairs: (22, 645)
[M::mem_pestat] analyzing insert size distribution for orientation RF...
[M::mem_pestat] (25, 50, 75) percentile: (79, 2254, 7075)
[M::mem_pestat] low and high boundaries for computing mean and std.dev: (1, 21067)
[M::mem_pestat] mean and std.dev: (3654.33, 3214.13)
[M::mem_pestat] low and high boundaries for proper pairs: (1, 28063)
[M::mem_pestat] skip orientation RR as there are not enough pairs
[M::mem_pestat] skip orientation RF
[M::mem_process_seqs] Processed 1067356 reads in 64.369 CPU sec, 4.517 real sec
[M::mem_pestat] # candidate unique pairs for (FF, FR, RF, RR): (2, 318112, 19, 4)
[M::mem_pestat] skip orientation FF as there are not enough pairs
[M::mem_pestat] analyzing insert size distribution for orientation FR...
[M::mem_pestat] (25, 50, 75) percentile: (291, 336, 380)
[M::mem_pestat] low and high boundaries for computing mean and std.dev: (113, 558)
[M::mem_pestat] mean and std.dev: (335.83, 66.23)
[M::mem_pestat] low and high boundaries for proper pairs: (24, 647)
[M::mem_pestat] analyzing insert size distribution for orientation RF...
[M::mem_pestat] (25, 50, 75) percentile: (439, 3764, 7102)
[M::mem_pestat] low and high boundaries for computing mean and std.dev: (1, 20428)
[M::mem_pestat] mean and std.dev: (3590.89, 3031.55)
[M::mem_pestat] low and high boundaries for proper pairs: (1, 27091)
[M::mem_pestat] skip orientation RR as there are not enough pairs
[M::mem_pestat] skip orientation RF
[M::mem_process_seqs] Processed 688938 reads in 39.837 CPU sec, 2.938 real sec
[main] Version: 0.7.17-r1188
[main] CMD: bwa mem -t 16 /data/NCBR/projects/NCBR-492/data/manual_analysis/MAGs/SF17_metawrap.bin.1.fa /data/NCBR/projects/NCBR-492/data/manual_analysis/fastp/SF17.trimmed.R1.fastq /data/NCBR/projects/NCBR-492/data/manual_analysis/fastp/SF17.trimmed.R2.fastq
[main] Real time: 219.214 sec; CPU: 2957.013 sec
