[+] Loading bwa 0.7.17 on cn2310 
[bwa_index] Pack FASTA... 0.05 sec
[bwa_index] Construct BWT for the packed sequence...
[bwa_index] 1.24 seconds elapse.
[bwa_index] Update BWT... 0.03 sec
[bwa_index] Pack forward-only FASTA... 0.03 sec
[bwa_index] Construct SA from BWT and Occ... 0.65 sec
[main] Version: 0.7.17-r1188
[main] CMD: bwa index /data/NCBR/projects/NCBR-492/data/manual_analysis/MAGs/SF1_metawrap.bin.1.fa
[main] Real time: 2.067 sec; CPU: 1.995 sec
[M::bwa_idx_load_from_disk] read 0 ALT contigs
[M::process] read 1067080 sequences (160000194 bp)...
[M::process] read 1066986 sequences (160000098 bp)...
[M::mem_pestat] # candidate unique pairs for (FF, FR, RF, RR): (4, 519301, 6, 5)
[M::mem_pestat] skip orientation FF as there are not enough pairs
[M::mem_pestat] analyzing insert size distribution for orientation FR...
[M::mem_pestat] (25, 50, 75) percentile: (305, 354, 404)
[M::mem_pestat] low and high boundaries for computing mean and std.dev: (107, 602)
[M::mem_pestat] mean and std.dev: (355.19, 73.18)
[M::mem_pestat] low and high boundaries for proper pairs: (8, 701)
[M::mem_pestat] skip orientation RF as there are not enough pairs
[M::mem_pestat] skip orientation RR as there are not enough pairs
[M::mem_process_seqs] Processed 1067080 reads in 98.554 CPU sec, 7.906 real sec
[M::process] read 1067038 sequences (160000162 bp)...
[M::mem_pestat] # candidate unique pairs for (FF, FR, RF, RR): (3, 519324, 8, 4)
[M::mem_pestat] skip orientation FF as there are not enough pairs
[M::mem_pestat] analyzing insert size distribution for orientation FR...
[M::mem_pestat] (25, 50, 75) percentile: (306, 355, 405)
[M::mem_pestat] low and high boundaries for computing mean and std.dev: (108, 603)
[M::mem_pestat] mean and std.dev: (356.20, 73.22)
[M::mem_pestat] low and high boundaries for proper pairs: (9, 702)
[M::mem_pestat] skip orientation RF as there are not enough pairs
[M::mem_pestat] skip orientation RR as there are not enough pairs
[M::mem_process_seqs] Processed 1066986 reads in 98.570 CPU sec, 6.775 real sec
[M::mem_pestat] # candidate unique pairs for (FF, FR, RF, RR): (8, 518520, 5, 6)
[M::mem_pestat] skip orientation FF as there are not enough pairs
[M::mem_pestat] analyzing insert size distribution for orientation FR...
[M::mem_pestat] (25, 50, 75) percentile: (307, 356, 406)
[M::mem_pestat] low and high boundaries for computing mean and std.dev: (109, 604)
[M::mem_pestat] mean and std.dev: (356.90, 73.50)
[M::mem_pestat] low and high boundaries for proper pairs: (10, 703)
[M::mem_pestat] skip orientation RF as there are not enough pairs
[M::mem_pestat] skip orientation RR as there are not enough pairs
[M::process] read 1067016 sequences (160000048 bp)...
[M::mem_process_seqs] Processed 1067038 reads in 96.525 CPU sec, 8.522 real sec
[M::process] read 1067008 sequences (160000160 bp)...
[M::mem_pestat] # candidate unique pairs for (FF, FR, RF, RR): (2, 518122, 3, 7)
[M::mem_pestat] skip orientation FF as there are not enough pairs
[M::mem_pestat] analyzing insert size distribution for orientation FR...
[M::mem_pestat] (25, 50, 75) percentile: (306, 356, 405)
[M::mem_pestat] low and high boundaries for computing mean and std.dev: (108, 603)
[M::mem_pestat] mean and std.dev: (356.47, 73.51)
[M::mem_pestat] low and high boundaries for proper pairs: (9, 702)
[M::mem_pestat] skip orientation RF as there are not enough pairs
[M::mem_pestat] skip orientation RR as there are not enough pairs
[M::mem_process_seqs] Processed 1067016 reads in 94.229 CPU sec, 8.062 real sec
[M::process] read 1067000 sequences (160000036 bp)...
[M::mem_pestat] # candidate unique pairs for (FF, FR, RF, RR): (6, 518661, 6, 4)
[M::mem_pestat] skip orientation FF as there are not enough pairs
[M::mem_pestat] analyzing insert size distribution for orientation FR...
[M::mem_pestat] (25, 50, 75) percentile: (306, 355, 405)
[M::mem_pestat] low and high boundaries for computing mean and std.dev: (108, 603)
[M::mem_pestat] mean and std.dev: (356.20, 73.47)
[M::mem_pestat] low and high boundaries for proper pairs: (9, 702)
[M::mem_pestat] skip orientation RF as there are not enough pairs
[M::mem_pestat] skip orientation RR as there are not enough pairs
[M::mem_process_seqs] Processed 1067008 reads in 94.553 CPU sec, 8.070 real sec
[M::process] read 1067026 sequences (160000100 bp)...
[M::mem_pestat] # candidate unique pairs for (FF, FR, RF, RR): (3, 519079, 2, 1)
[M::mem_pestat] skip orientation FF as there are not enough pairs
[M::mem_pestat] analyzing insert size distribution for orientation FR...
[M::mem_pestat] (25, 50, 75) percentile: (306, 355, 405)
[M::mem_pestat] low and high boundaries for computing mean and std.dev: (108, 603)
[M::mem_pestat] mean and std.dev: (356.13, 73.27)
[M::mem_pestat] low and high boundaries for proper pairs: (9, 702)
[M::mem_pestat] skip orientation RF as there are not enough pairs
[M::mem_pestat] skip orientation RR as there are not enough pairs
[M::mem_process_seqs] Processed 1067000 reads in 102.109 CPU sec, 8.697 real sec
[M::process] read 1066996 sequences (160000266 bp)...
[M::mem_pestat] # candidate unique pairs for (FF, FR, RF, RR): (5, 518958, 5, 4)
[M::mem_pestat] skip orientation FF as there are not enough pairs
[M::mem_pestat] analyzing insert size distribution for orientation FR...
[M::mem_pestat] (25, 50, 75) percentile: (306, 355, 405)
[M::mem_pestat] low and high boundaries for computing mean and std.dev: (108, 603)
[M::mem_pestat] mean and std.dev: (355.98, 73.27)
[M::mem_pestat] low and high boundaries for proper pairs: (9, 702)
[M::mem_pestat] skip orientation RF as there are not enough pairs
[M::mem_pestat] skip orientation RR as there are not enough pairs
[M::mem_process_seqs] Processed 1067026 reads in 98.635 CPU sec, 8.013 real sec
[M::process] read 1067016 sequences (160000178 bp)...
[M::mem_pestat] # candidate unique pairs for (FF, FR, RF, RR): (3, 518840, 3, 4)
[M::mem_pestat] skip orientation FF as there are not enough pairs
[M::mem_pestat] analyzing insert size distribution for orientation FR...
[M::mem_pestat] (25, 50, 75) percentile: (306, 355, 405)
[M::mem_pestat] low and high boundaries for computing mean and std.dev: (108, 603)
[M::mem_pestat] mean and std.dev: (356.14, 73.48)
[M::mem_pestat] low and high boundaries for proper pairs: (9, 702)
[M::mem_pestat] skip orientation RF as there are not enough pairs
[M::mem_pestat] skip orientation RR as there are not enough pairs
[M::mem_process_seqs] Processed 1066996 reads in 93.618 CPU sec, 7.005 real sec
[M::process] read 1066998 sequences (160000292 bp)...
[M::mem_pestat] # candidate unique pairs for (FF, FR, RF, RR): (2, 518747, 3, 5)
[M::mem_pestat] skip orientation FF as there are not enough pairs
[M::mem_pestat] analyzing insert size distribution for orientation FR...
[M::mem_pestat] (25, 50, 75) percentile: (307, 356, 405)
[M::mem_pestat] low and high boundaries for computing mean and std.dev: (111, 601)
[M::mem_pestat] mean and std.dev: (356.51, 73.04)
[M::mem_pestat] low and high boundaries for proper pairs: (13, 699)
[M::mem_pestat] skip orientation RF as there are not enough pairs
[M::mem_pestat] skip orientation RR as there are not enough pairs
[M::mem_process_seqs] Processed 1067016 reads in 99.260 CPU sec, 6.565 real sec
[M::mem_pestat] # candidate unique pairs for (FF, FR, RF, RR): (8, 518603, 2, 4)
[M::mem_pestat] skip orientation FF as there are not enough pairs
[M::mem_pestat] analyzing insert size distribution for orientation FR...
[M::mem_pestat] (25, 50, 75) percentile: (307, 356, 406)
[M::mem_pestat] low and high boundaries for computing mean and std.dev: (109, 604)
[M::mem_pestat] mean and std.dev: (357.00, 73.28)
[M::mem_pestat] low and high boundaries for proper pairs: (10, 703)
[M::mem_pestat] skip orientation RF as there are not enough pairs
[M::mem_pestat] skip orientation RR as there are not enough pairs
[M::process] read 1066984 sequences (160000082 bp)...
[M::mem_process_seqs] Processed 1066998 reads in 99.744 CPU sec, 6.660 real sec
[M::process] read 1067038 sequences (160000280 bp)...
[M::mem_pestat] # candidate unique pairs for (FF, FR, RF, RR): (7, 518820, 7, 6)
[M::mem_pestat] skip orientation FF as there are not enough pairs
[M::mem_pestat] analyzing insert size distribution for orientation FR...
[M::mem_pestat] (25, 50, 75) percentile: (307, 356, 405)
[M::mem_pestat] low and high boundaries for computing mean and std.dev: (111, 601)
[M::mem_pestat] mean and std.dev: (356.88, 73.37)
[M::mem_pestat] low and high boundaries for proper pairs: (13, 699)
[M::mem_pestat] skip orientation RF as there are not enough pairs
[M::mem_pestat] skip orientation RR as there are not enough pairs
[M::mem_process_seqs] Processed 1066984 reads in 98.535 CPU sec, 6.487 real sec
[M::mem_pestat] # candidate unique pairs for (FF, FR, RF, RR): (1, 518717, 4, 4)
[M::mem_pestat] skip orientation FF as there are not enough pairs
[M::mem_pestat] analyzing insert size distribution for orientation FR...
[M::mem_pestat] (25, 50, 75) percentile: (306, 356, 406)
[M::mem_pestat] low and high boundaries for computing mean and std.dev: (106, 606)
[M::mem_pestat] mean and std.dev: (356.75, 73.77)
[M::mem_pestat] low and high boundaries for proper pairs: (6, 706)
[M::mem_pestat] skip orientation RF as there are not enough pairs
[M::mem_pestat] skip orientation RR as there are not enough pairs
[M::process] read 1066998 sequences (160000226 bp)...
[M::mem_process_seqs] Processed 1067038 reads in 103.865 CPU sec, 6.926 real sec
[M::process] read 1066988 sequences (160000102 bp)...
[M::mem_pestat] # candidate unique pairs for (FF, FR, RF, RR): (10, 518627, 1, 7)
[M::mem_pestat] analyzing insert size distribution for orientation FF...
[M::mem_pestat] (25, 50, 75) percentile: (654, 6921, 7664)
[M::mem_pestat] low and high boundaries for computing mean and std.dev: (1, 21684)
[M::mem_pestat] mean and std.dev: (5462.20, 3184.58)
[M::mem_pestat] low and high boundaries for proper pairs: (1, 28694)
[M::mem_pestat] analyzing insert size distribution for orientation FR...
[M::mem_pestat] (25, 50, 75) percentile: (309, 358, 408)
[M::mem_pestat] low and high boundaries for computing mean and std.dev: (111, 606)
[M::mem_pestat] mean and std.dev: (358.93, 73.59)
[M::mem_pestat] low and high boundaries for proper pairs: (12, 705)
[M::mem_pestat] skip orientation RF as there are not enough pairs
[M::mem_pestat] skip orientation RR as there are not enough pairs
[M::mem_pestat] skip orientation FF
[M::mem_process_seqs] Processed 1066998 reads in 108.696 CPU sec, 7.301 real sec
[M::process] read 1067062 sequences (160000162 bp)...
[M::mem_pestat] # candidate unique pairs for (FF, FR, RF, RR): (8, 518288, 6, 7)
[M::mem_pestat] skip orientation FF as there are not enough pairs
[M::mem_pestat] analyzing insert size distribution for orientation FR...
[M::mem_pestat] (25, 50, 75) percentile: (307, 356, 406)
[M::mem_pestat] low and high boundaries for computing mean and std.dev: (109, 604)
[M::mem_pestat] mean and std.dev: (357.16, 73.77)
[M::mem_pestat] low and high boundaries for proper pairs: (10, 703)
[M::mem_pestat] skip orientation RF as there are not enough pairs
[M::mem_pestat] skip orientation RR as there are not enough pairs
[M::mem_process_seqs] Processed 1066988 reads in 110.263 CPU sec, 7.223 real sec
[M::process] read 1067012 sequences (160000298 bp)...
[M::mem_pestat] # candidate unique pairs for (FF, FR, RF, RR): (1, 519249, 5, 2)
[M::mem_pestat] skip orientation FF as there are not enough pairs
[M::mem_pestat] analyzing insert size distribution for orientation FR...
[M::mem_pestat] (25, 50, 75) percentile: (305, 355, 405)
[M::mem_pestat] low and high boundaries for computing mean and std.dev: (105, 605)
[M::mem_pestat] mean and std.dev: (355.69, 73.74)
[M::mem_pestat] low and high boundaries for proper pairs: (5, 705)
[M::mem_pestat] skip orientation RF as there are not enough pairs
[M::mem_pestat] skip orientation RR as there are not enough pairs
[M::mem_process_seqs] Processed 1067062 reads in 109.268 CPU sec, 8.040 real sec
[M::process] read 1067014 sequences (160000130 bp)...
[M::mem_pestat] # candidate unique pairs for (FF, FR, RF, RR): (6, 519051, 4, 6)
[M::mem_pestat] skip orientation FF as there are not enough pairs
[M::mem_pestat] analyzing insert size distribution for orientation FR...
[M::mem_pestat] (25, 50, 75) percentile: (308, 358, 408)
[M::mem_pestat] low and high boundaries for computing mean and std.dev: (108, 608)
[M::mem_pestat] mean and std.dev: (358.68, 73.72)
[M::mem_pestat] low and high boundaries for proper pairs: (8, 708)
[M::mem_pestat] skip orientation RF as there are not enough pairs
[M::mem_pestat] skip orientation RR as there are not enough pairs
[M::mem_process_seqs] Processed 1067012 reads in 110.028 CPU sec, 7.442 real sec
[M::process] read 1067026 sequences (160000012 bp)...
[M::mem_pestat] # candidate unique pairs for (FF, FR, RF, RR): (5, 519088, 1, 1)
[M::mem_pestat] skip orientation FF as there are not enough pairs
[M::mem_pestat] analyzing insert size distribution for orientation FR...
[M::mem_pestat] (25, 50, 75) percentile: (306, 356, 406)
[M::mem_pestat] low and high boundaries for computing mean and std.dev: (106, 606)
[M::mem_pestat] mean and std.dev: (356.78, 73.97)
[M::mem_pestat] low and high boundaries for proper pairs: (6, 706)
[M::mem_pestat] skip orientation RF as there are not enough pairs
[M::mem_pestat] skip orientation RR as there are not enough pairs
[M::mem_process_seqs] Processed 1067014 reads in 127.804 CPU sec, 8.678 real sec
[M::mem_pestat] # candidate unique pairs for (FF, FR, RF, RR): (5, 519128, 6, 1)
[M::mem_pestat] skip orientation FF as there are not enough pairs
[M::mem_pestat] analyzing insert size distribution for orientation FR...
[M::mem_pestat] (25, 50, 75) percentile: (307, 357, 407)
[M::mem_pestat] low and high boundaries for computing mean and std.dev: (107, 607)
[M::mem_pestat] mean and std.dev: (357.60, 73.71)
[M::mem_pestat] low and high boundaries for proper pairs: (7, 707)
[M::mem_pestat] skip orientation RF as there are not enough pairs
[M::mem_pestat] skip orientation RR as there are not enough pairs
[M::process] read 1066996 sequences (160000110 bp)...
[M::mem_process_seqs] Processed 1067026 reads in 105.067 CPU sec, 6.930 real sec
[M::process] read 1067022 sequences (160000154 bp)...
[M::mem_pestat] # candidate unique pairs for (FF, FR, RF, RR): (10, 518681, 2, 6)
[M::mem_pestat] analyzing insert size distribution for orientation FF...
[M::mem_pestat] (25, 50, 75) percentile: (2400, 7901, 7901)
[M::mem_pestat] low and high boundaries for computing mean and std.dev: (1, 18903)
[M::mem_pestat] mean and std.dev: (5300.40, 3041.98)
[M::mem_pestat] low and high boundaries for proper pairs: (1, 24404)
[M::mem_pestat] analyzing insert size distribution for orientation FR...
[M::mem_pestat] (25, 50, 75) percentile: (308, 358, 408)
[M::mem_pestat] low and high boundaries for computing mean and std.dev: (108, 608)
[M::mem_pestat] mean and std.dev: (358.90, 73.89)
[M::mem_pestat] low and high boundaries for proper pairs: (8, 708)
[M::mem_pestat] skip orientation RF as there are not enough pairs
[M::mem_pestat] skip orientation RR as there are not enough pairs
[M::mem_pestat] skip orientation FF
[M::mem_process_seqs] Processed 1066996 reads in 104.806 CPU sec, 6.842 real sec
[M::process] read 1067048 sequences (160000060 bp)...
[M::mem_pestat] # candidate unique pairs for (FF, FR, RF, RR): (8, 519437, 0, 2)
[M::mem_pestat] skip orientation FF as there are not enough pairs
[M::mem_pestat] analyzing insert size distribution for orientation FR...
[M::mem_pestat] (25, 50, 75) percentile: (305, 355, 404)
[M::mem_pestat] low and high boundaries for computing mean and std.dev: (107, 602)
[M::mem_pestat] mean and std.dev: (355.54, 73.77)
[M::mem_pestat] low and high boundaries for proper pairs: (8, 701)
[M::mem_pestat] skip orientation RF as there are not enough pairs
[M::mem_pestat] skip orientation RR as there are not enough pairs
[M::mem_process_seqs] Processed 1067022 reads in 131.878 CPU sec, 8.547 real sec
[M::process] read 1066996 sequences (160000234 bp)...
[M::mem_pestat] # candidate unique pairs for (FF, FR, RF, RR): (10, 519771, 0, 3)
[M::mem_pestat] analyzing insert size distribution for orientation FF...
[M::mem_pestat] (25, 50, 75) percentile: (2851, 3916, 7182)
[M::mem_pestat] low and high boundaries for computing mean and std.dev: (1, 15844)
[M::mem_pestat] mean and std.dev: (4910.90, 2939.34)
[M::mem_pestat] low and high boundaries for proper pairs: (1, 20175)
[M::mem_pestat] analyzing insert size distribution for orientation FR...
[M::mem_pestat] (25, 50, 75) percentile: (308, 357, 407)
[M::mem_pestat] low and high boundaries for computing mean and std.dev: (110, 605)
[M::mem_pestat] mean and std.dev: (357.90, 73.37)
[M::mem_pestat] low and high boundaries for proper pairs: (11, 704)
[M::mem_pestat] skip orientation RF as there are not enough pairs
[M::mem_pestat] skip orientation RR as there are not enough pairs
[M::mem_pestat] skip orientation FF
[M::mem_process_seqs] Processed 1067048 reads in 109.588 CPU sec, 7.193 real sec
[M::process] read 1067044 sequences (160000114 bp)...
[M::mem_pestat] # candidate unique pairs for (FF, FR, RF, RR): (1, 518897, 3, 2)
[M::mem_pestat] skip orientation FF as there are not enough pairs
[M::mem_pestat] analyzing insert size distribution for orientation FR...
[M::mem_pestat] (25, 50, 75) percentile: (308, 358, 407)
[M::mem_pestat] low and high boundaries for computing mean and std.dev: (110, 605)
[M::mem_pestat] mean and std.dev: (358.53, 73.73)
[M::mem_pestat] low and high boundaries for proper pairs: (11, 704)
[M::mem_pestat] skip orientation RF as there are not enough pairs
[M::mem_pestat] skip orientation RR as there are not enough pairs
[M::mem_process_seqs] Processed 1066996 reads in 106.127 CPU sec, 7.270 real sec
[M::process] read 1067032 sequences (160000134 bp)...
[M::mem_pestat] # candidate unique pairs for (FF, FR, RF, RR): (9, 518817, 4, 0)
[M::mem_pestat] skip orientation FF as there are not enough pairs
[M::mem_pestat] analyzing insert size distribution for orientation FR...
[M::mem_pestat] (25, 50, 75) percentile: (304, 353, 403)
[M::mem_pestat] low and high boundaries for computing mean and std.dev: (106, 601)
[M::mem_pestat] mean and std.dev: (353.99, 73.62)
[M::mem_pestat] low and high boundaries for proper pairs: (7, 700)
[M::mem_pestat] skip orientation RF as there are not enough pairs
[M::mem_pestat] skip orientation RR as there are not enough pairs
[M::mem_process_seqs] Processed 1067044 reads in 107.364 CPU sec, 7.094 real sec
[M::mem_pestat] # candidate unique pairs for (FF, FR, RF, RR): (4, 517024, 2, 7)
[M::mem_pestat] skip orientation FF as there are not enough pairs
[M::mem_pestat] analyzing insert size distribution for orientation FR...
[M::mem_pestat] (25, 50, 75) percentile: (305, 355, 405)
[M::mem_pestat] low and high boundaries for computing mean and std.dev: (105, 605)
[M::mem_pestat] mean and std.dev: (355.75, 73.90)
[M::mem_pestat] low and high boundaries for proper pairs: (5, 705)
[M::mem_pestat] skip orientation RF as there are not enough pairs
[M::mem_pestat] skip orientation RR as there are not enough pairs
[M::process] read 1067006 sequences (160000090 bp)...
[M::mem_process_seqs] Processed 1067032 reads in 95.130 CPU sec, 6.313 real sec
[M::process] read 1066986 sequences (160000266 bp)...
[M::mem_pestat] # candidate unique pairs for (FF, FR, RF, RR): (3, 516164, 2, 5)
[M::mem_pestat] skip orientation FF as there are not enough pairs
[M::mem_pestat] analyzing insert size distribution for orientation FR...
[M::mem_pestat] (25, 50, 75) percentile: (307, 357, 406)
[M::mem_pestat] low and high boundaries for computing mean and std.dev: (109, 604)
[M::mem_pestat] mean and std.dev: (357.63, 73.50)
[M::mem_pestat] low and high boundaries for proper pairs: (10, 703)
[M::mem_pestat] skip orientation RF as there are not enough pairs
[M::mem_pestat] skip orientation RR as there are not enough pairs
[M::mem_process_seqs] Processed 1067006 reads in 94.502 CPU sec, 6.426 real sec
[M::process] read 1067074 sequences (160000232 bp)...
[M::mem_pestat] # candidate unique pairs for (FF, FR, RF, RR): (0, 517612, 4, 8)
[M::mem_pestat] skip orientation FF as there are not enough pairs
[M::mem_pestat] analyzing insert size distribution for orientation FR...
[M::mem_pestat] (25, 50, 75) percentile: (310, 359, 408)
[M::mem_pestat] low and high boundaries for computing mean and std.dev: (114, 604)
[M::mem_pestat] mean and std.dev: (360.05, 73.12)
[M::mem_pestat] low and high boundaries for proper pairs: (16, 702)
[M::mem_pestat] skip orientation RF as there are not enough pairs
[M::mem_pestat] skip orientation RR as there are not enough pairs
[M::mem_process_seqs] Processed 1066986 reads in 93.987 CPU sec, 6.808 real sec
[M::process] read 1067024 sequences (160000288 bp)...
[M::mem_pestat] # candidate unique pairs for (FF, FR, RF, RR): (2, 517459, 2, 8)
[M::mem_pestat] skip orientation FF as there are not enough pairs
[M::mem_pestat] analyzing insert size distribution for orientation FR...
[M::mem_pestat] (25, 50, 75) percentile: (302, 352, 402)
[M::mem_pestat] low and high boundaries for computing mean and std.dev: (102, 602)
[M::mem_pestat] mean and std.dev: (353.09, 73.79)
[M::mem_pestat] low and high boundaries for proper pairs: (2, 702)
[M::mem_pestat] skip orientation RF as there are not enough pairs
[M::mem_pestat] skip orientation RR as there are not enough pairs
[M::mem_process_seqs] Processed 1067074 reads in 95.445 CPU sec, 6.874 real sec
[M::process] read 1066962 sequences (160000128 bp)...
[M::mem_pestat] # candidate unique pairs for (FF, FR, RF, RR): (1, 516712, 4, 1)
[M::mem_pestat] skip orientation FF as there are not enough pairs
[M::mem_pestat] analyzing insert size distribution for orientation FR...
[M::mem_pestat] (25, 50, 75) percentile: (305, 354, 404)
[M::mem_pestat] low and high boundaries for computing mean and std.dev: (107, 602)
[M::mem_pestat] mean and std.dev: (355.28, 73.83)
[M::mem_pestat] low and high boundaries for proper pairs: (8, 701)
[M::mem_pestat] skip orientation RF as there are not enough pairs
[M::mem_pestat] skip orientation RR as there are not enough pairs
[M::mem_process_seqs] Processed 1067024 reads in 93.179 CPU sec, 6.658 real sec
[M::process] read 1067002 sequences (160000228 bp)...
[M::mem_pestat] # candidate unique pairs for (FF, FR, RF, RR): (7, 517977, 16, 2)
[M::mem_pestat] skip orientation FF as there are not enough pairs
[M::mem_pestat] analyzing insert size distribution for orientation FR...
[M::mem_pestat] (25, 50, 75) percentile: (309, 358, 407)
[M::mem_pestat] low and high boundaries for computing mean and std.dev: (113, 603)
[M::mem_pestat] mean and std.dev: (358.57, 73.34)
[M::mem_pestat] low and high boundaries for proper pairs: (15, 701)
[M::mem_pestat] analyzing insert size distribution for orientation RF...
[M::mem_pestat] (25, 50, 75) percentile: (4435, 7514, 7517)
[M::mem_pestat] low and high boundaries for computing mean and std.dev: (1, 13681)
[M::mem_pestat] mean and std.dev: (5564.38, 2692.48)
[M::mem_pestat] low and high boundaries for proper pairs: (1, 16763)
[M::mem_pestat] skip orientation RR as there are not enough pairs
[M::mem_pestat] skip orientation RF
[M::mem_process_seqs] Processed 1066962 reads in 97.218 CPU sec, 6.569 real sec
[M::process] read 1067024 sequences (160000240 bp)...
[M::mem_pestat] # candidate unique pairs for (FF, FR, RF, RR): (1, 519258, 3, 3)
[M::mem_pestat] skip orientation FF as there are not enough pairs
[M::mem_pestat] analyzing insert size distribution for orientation FR...
[M::mem_pestat] (25, 50, 75) percentile: (307, 356, 405)
[M::mem_pestat] low and high boundaries for computing mean and std.dev: (111, 601)
[M::mem_pestat] mean and std.dev: (356.50, 73.24)
[M::mem_pestat] low and high boundaries for proper pairs: (13, 699)
[M::mem_pestat] skip orientation RF as there are not enough pairs
[M::mem_pestat] skip orientation RR as there are not enough pairs
[M::mem_process_seqs] Processed 1067002 reads in 103.395 CPU sec, 7.360 real sec
[M::process] read 1067014 sequences (160000024 bp)...
[M::mem_pestat] # candidate unique pairs for (FF, FR, RF, RR): (6, 517818, 4, 3)
[M::mem_pestat] skip orientation FF as there are not enough pairs
[M::mem_pestat] analyzing insert size distribution for orientation FR...
[M::mem_pestat] (25, 50, 75) percentile: (302, 352, 402)
[M::mem_pestat] low and high boundaries for computing mean and std.dev: (102, 602)
[M::mem_pestat] mean and std.dev: (352.86, 73.85)
[M::mem_pestat] low and high boundaries for proper pairs: (2, 702)
[M::mem_pestat] skip orientation RF as there are not enough pairs
[M::mem_pestat] skip orientation RR as there are not enough pairs
[M::mem_process_seqs] Processed 1067024 reads in 94.331 CPU sec, 7.461 real sec
[M::process] read 1066998 sequences (160000008 bp)...
[M::mem_pestat] # candidate unique pairs for (FF, FR, RF, RR): (1, 517385, 3, 10)
[M::mem_pestat] skip orientation FF as there are not enough pairs
[M::mem_pestat] analyzing insert size distribution for orientation FR...
[M::mem_pestat] (25, 50, 75) percentile: (307, 356, 406)
[M::mem_pestat] low and high boundaries for computing mean and std.dev: (109, 604)
[M::mem_pestat] mean and std.dev: (357.13, 73.73)
[M::mem_pestat] low and high boundaries for proper pairs: (10, 703)
[M::mem_pestat] skip orientation RF as there are not enough pairs
[M::mem_pestat] analyzing insert size distribution for orientation RR...
[M::mem_pestat] (25, 50, 75) percentile: (2161, 2700, 3568)
[M::mem_pestat] low and high boundaries for computing mean and std.dev: (1, 6382)
[M::mem_pestat] mean and std.dev: (2591.56, 999.75)
[M::mem_pestat] low and high boundaries for proper pairs: (1, 7789)
[M::mem_pestat] skip orientation RR
[M::mem_process_seqs] Processed 1067014 reads in 93.470 CPU sec, 7.022 real sec
[M::process] read 1067026 sequences (160000098 bp)...
[M::mem_pestat] # candidate unique pairs for (FF, FR, RF, RR): (5, 518167, 1, 14)
[M::mem_pestat] skip orientation FF as there are not enough pairs
[M::mem_pestat] analyzing insert size distribution for orientation FR...
[M::mem_pestat] (25, 50, 75) percentile: (309, 358, 407)
[M::mem_pestat] low and high boundaries for computing mean and std.dev: (113, 603)
[M::mem_pestat] mean and std.dev: (358.90, 73.25)
[M::mem_pestat] low and high boundaries for proper pairs: (15, 701)
[M::mem_pestat] skip orientation RF as there are not enough pairs
[M::mem_pestat] analyzing insert size distribution for orientation RR...
[M::mem_pestat] (25, 50, 75) percentile: (1081, 5900, 7178)
[M::mem_pestat] low and high boundaries for computing mean and std.dev: (1, 19372)
[M::mem_pestat] mean and std.dev: (4701.93, 2909.26)
[M::mem_pestat] low and high boundaries for proper pairs: (1, 25469)
[M::mem_pestat] skip orientation RR
[M::mem_process_seqs] Processed 1066998 reads in 93.230 CPU sec, 6.919 real sec
[M::process] read 1067012 sequences (160000064 bp)...
[M::mem_pestat] # candidate unique pairs for (FF, FR, RF, RR): (5, 518094, 4, 5)
[M::mem_pestat] skip orientation FF as there are not enough pairs
[M::mem_pestat] analyzing insert size distribution for orientation FR...
[M::mem_pestat] (25, 50, 75) percentile: (306, 355, 405)
[M::mem_pestat] low and high boundaries for computing mean and std.dev: (108, 603)
[M::mem_pestat] mean and std.dev: (356.09, 73.61)
[M::mem_pestat] low and high boundaries for proper pairs: (9, 702)
[M::mem_pestat] skip orientation RF as there are not enough pairs
[M::mem_pestat] skip orientation RR as there are not enough pairs
[M::mem_process_seqs] Processed 1067026 reads in 96.860 CPU sec, 6.631 real sec
[M::process] read 1066970 sequences (160000210 bp)...
[M::mem_pestat] # candidate unique pairs for (FF, FR, RF, RR): (1, 517155, 3, 7)
[M::mem_pestat] skip orientation FF as there are not enough pairs
[M::mem_pestat] analyzing insert size distribution for orientation FR...
[M::mem_pestat] (25, 50, 75) percentile: (305, 355, 405)
[M::mem_pestat] low and high boundaries for computing mean and std.dev: (105, 605)
[M::mem_pestat] mean and std.dev: (355.55, 73.98)
[M::mem_pestat] low and high boundaries for proper pairs: (5, 705)
[M::mem_pestat] skip orientation RF as there are not enough pairs
[M::mem_pestat] skip orientation RR as there are not enough pairs
[M::mem_process_seqs] Processed 1067012 reads in 93.497 CPU sec, 6.508 real sec
[M::process] read 1067020 sequences (160000182 bp)...
[M::mem_pestat] # candidate unique pairs for (FF, FR, RF, RR): (10, 517514, 3, 7)
[M::mem_pestat] analyzing insert size distribution for orientation FF...
[M::mem_pestat] (25, 50, 75) percentile: (1003, 6306, 7755)
[M::mem_pestat] low and high boundaries for computing mean and std.dev: (1, 21259)
[M::mem_pestat] mean and std.dev: (4324.70, 3573.48)
[M::mem_pestat] low and high boundaries for proper pairs: (1, 28011)
[M::mem_pestat] analyzing insert size distribution for orientation FR...
[M::mem_pestat] (25, 50, 75) percentile: (307, 356, 406)
[M::mem_pestat] low and high boundaries for computing mean and std.dev: (109, 604)
[M::mem_pestat] mean and std.dev: (357.37, 73.88)
[M::mem_pestat] low and high boundaries for proper pairs: (10, 703)
[M::mem_pestat] skip orientation RF as there are not enough pairs
[M::mem_pestat] skip orientation RR as there are not enough pairs
[M::mem_pestat] skip orientation FF
[M::mem_process_seqs] Processed 1066970 reads in 93.731 CPU sec, 7.996 real sec
[M::process] read 1067052 sequences (160000140 bp)...
[M::mem_pestat] # candidate unique pairs for (FF, FR, RF, RR): (2, 519205, 0, 6)
[M::mem_pestat] skip orientation FF as there are not enough pairs
[M::mem_pestat] analyzing insert size distribution for orientation FR...
[M::mem_pestat] (25, 50, 75) percentile: (309, 358, 407)
[M::mem_pestat] low and high boundaries for computing mean and std.dev: (113, 603)
[M::mem_pestat] mean and std.dev: (358.43, 72.87)
[M::mem_pestat] low and high boundaries for proper pairs: (15, 701)
[M::mem_pestat] skip orientation RF as there are not enough pairs
[M::mem_pestat] skip orientation RR as there are not enough pairs
[M::mem_process_seqs] Processed 1067020 reads in 103.084 CPU sec, 8.801 real sec
[M::process] read 1067014 sequences (160000166 bp)...
[M::mem_pestat] # candidate unique pairs for (FF, FR, RF, RR): (4, 516850, 6, 3)
[M::mem_pestat] skip orientation FF as there are not enough pairs
[M::mem_pestat] analyzing insert size distribution for orientation FR...
[M::mem_pestat] (25, 50, 75) percentile: (306, 356, 406)
[M::mem_pestat] low and high boundaries for computing mean and std.dev: (106, 606)
[M::mem_pestat] mean and std.dev: (356.76, 73.95)
[M::mem_pestat] low and high boundaries for proper pairs: (6, 706)
[M::mem_pestat] skip orientation RF as there are not enough pairs
[M::mem_pestat] skip orientation RR as there are not enough pairs
[M::mem_process_seqs] Processed 1067052 reads in 94.172 CPU sec, 6.540 real sec
[M::process] read 1066964 sequences (160000202 bp)...
[M::mem_pestat] # candidate unique pairs for (FF, FR, RF, RR): (0, 517654, 5, 1)
[M::mem_pestat] skip orientation FF as there are not enough pairs
[M::mem_pestat] analyzing insert size distribution for orientation FR...
[M::mem_pestat] (25, 50, 75) percentile: (311, 361, 410)
[M::mem_pestat] low and high boundaries for computing mean and std.dev: (113, 608)
[M::mem_pestat] mean and std.dev: (361.30, 73.39)
[M::mem_pestat] low and high boundaries for proper pairs: (14, 707)
[M::mem_pestat] skip orientation RF as there are not enough pairs
[M::mem_pestat] skip orientation RR as there are not enough pairs
[M::mem_process_seqs] Processed 1067014 reads in 108.350 CPU sec, 9.231 real sec
[M::process] read 1066976 sequences (160000066 bp)...
[M::mem_pestat] # candidate unique pairs for (FF, FR, RF, RR): (9, 517704, 3, 2)
[M::mem_pestat] skip orientation FF as there are not enough pairs
[M::mem_pestat] analyzing insert size distribution for orientation FR...
[M::mem_pestat] (25, 50, 75) percentile: (312, 361, 410)
[M::mem_pestat] low and high boundaries for computing mean and std.dev: (116, 606)
[M::mem_pestat] mean and std.dev: (361.65, 73.31)
[M::mem_pestat] low and high boundaries for proper pairs: (18, 704)
[M::mem_pestat] skip orientation RF as there are not enough pairs
[M::mem_pestat] skip orientation RR as there are not enough pairs
[M::mem_process_seqs] Processed 1066964 reads in 95.591 CPU sec, 6.423 real sec
[M::process] read 1067066 sequences (160000212 bp)...
[M::mem_pestat] # candidate unique pairs for (FF, FR, RF, RR): (3, 518035, 5, 11)
[M::mem_pestat] skip orientation FF as there are not enough pairs
[M::mem_pestat] analyzing insert size distribution for orientation FR...
[M::mem_pestat] (25, 50, 75) percentile: (309, 358, 408)
[M::mem_pestat] low and high boundaries for computing mean and std.dev: (111, 606)
[M::mem_pestat] mean and std.dev: (359.16, 73.52)
[M::mem_pestat] low and high boundaries for proper pairs: (12, 705)
[M::mem_pestat] skip orientation RF as there are not enough pairs
[M::mem_pestat] analyzing insert size distribution for orientation RR...
[M::mem_pestat] (25, 50, 75) percentile: (2811, 4811, 5407)
[M::mem_pestat] low and high boundaries for computing mean and std.dev: (1, 10599)
[M::mem_pestat] mean and std.dev: (4543.91, 2007.81)
[M::mem_pestat] low and high boundaries for proper pairs: (1, 13195)
[M::mem_pestat] skip orientation RR
[M::mem_process_seqs] Processed 1066976 reads in 99.072 CPU sec, 8.487 real sec
[M::process] read 1067014 sequences (160000280 bp)...
[M::mem_pestat] # candidate unique pairs for (FF, FR, RF, RR): (2, 517793, 4, 5)
[M::mem_pestat] skip orientation FF as there are not enough pairs
[M::mem_pestat] analyzing insert size distribution for orientation FR...
[M::mem_pestat] (25, 50, 75) percentile: (305, 354, 404)
[M::mem_pestat] low and high boundaries for computing mean and std.dev: (107, 602)
[M::mem_pestat] mean and std.dev: (355.19, 73.85)
[M::mem_pestat] low and high boundaries for proper pairs: (8, 701)
[M::mem_pestat] skip orientation RF as there are not enough pairs
[M::mem_pestat] skip orientation RR as there are not enough pairs
[M::mem_process_seqs] Processed 1067066 reads in 93.385 CPU sec, 8.000 real sec
[M::process] read 1066952 sequences (160000058 bp)...
[M::mem_pestat] # candidate unique pairs for (FF, FR, RF, RR): (2, 517619, 6, 8)
[M::mem_pestat] skip orientation FF as there are not enough pairs
[M::mem_pestat] analyzing insert size distribution for orientation FR...
[M::mem_pestat] (25, 50, 75) percentile: (309, 359, 408)
[M::mem_pestat] low and high boundaries for computing mean and std.dev: (111, 606)
[M::mem_pestat] mean and std.dev: (359.42, 73.67)
[M::mem_pestat] low and high boundaries for proper pairs: (12, 705)
[M::mem_pestat] skip orientation RF as there are not enough pairs
[M::mem_pestat] skip orientation RR as there are not enough pairs
[M::mem_process_seqs] Processed 1067014 reads in 109.029 CPU sec, 9.266 real sec
[M::process] read 1066960 sequences (160000236 bp)...
[M::mem_pestat] # candidate unique pairs for (FF, FR, RF, RR): (1, 517302, 3, 4)
[M::mem_pestat] skip orientation FF as there are not enough pairs
[M::mem_pestat] analyzing insert size distribution for orientation FR...
[M::mem_pestat] (25, 50, 75) percentile: (311, 360, 410)
[M::mem_pestat] low and high boundaries for computing mean and std.dev: (113, 608)
[M::mem_pestat] mean and std.dev: (361.23, 73.60)
[M::mem_pestat] low and high boundaries for proper pairs: (14, 707)
[M::mem_pestat] skip orientation RF as there are not enough pairs
[M::mem_pestat] skip orientation RR as there are not enough pairs
[M::mem_process_seqs] Processed 1066952 reads in 92.964 CPU sec, 7.957 real sec
[M::process] read 1067026 sequences (160000234 bp)...
[M::mem_pestat] # candidate unique pairs for (FF, FR, RF, RR): (3, 517441, 1, 6)
[M::mem_pestat] skip orientation FF as there are not enough pairs
[M::mem_pestat] analyzing insert size distribution for orientation FR...
[M::mem_pestat] (25, 50, 75) percentile: (309, 359, 409)
[M::mem_pestat] low and high boundaries for computing mean and std.dev: (109, 609)
[M::mem_pestat] mean and std.dev: (359.92, 74.05)
[M::mem_pestat] low and high boundaries for proper pairs: (9, 709)
[M::mem_pestat] skip orientation RF as there are not enough pairs
[M::mem_pestat] skip orientation RR as there are not enough pairs
[M::mem_process_seqs] Processed 1066960 reads in 102.354 CPU sec, 8.724 real sec
[M::process] read 1067002 sequences (160000238 bp)...
[M::mem_pestat] # candidate unique pairs for (FF, FR, RF, RR): (4, 517096, 4, 4)
[M::mem_pestat] skip orientation FF as there are not enough pairs
[M::mem_pestat] analyzing insert size distribution for orientation FR...
[M::mem_pestat] (25, 50, 75) percentile: (305, 355, 405)
[M::mem_pestat] low and high boundaries for computing mean and std.dev: (105, 605)
[M::mem_pestat] mean and std.dev: (356.03, 74.45)
[M::mem_pestat] low and high boundaries for proper pairs: (5, 705)
[M::mem_pestat] skip orientation RF as there are not enough pairs
[M::mem_pestat] skip orientation RR as there are not enough pairs
[M::mem_process_seqs] Processed 1067026 reads in 93.578 CPU sec, 7.976 real sec
[M::process] read 1066944 sequences (160000096 bp)...
[M::mem_pestat] # candidate unique pairs for (FF, FR, RF, RR): (6, 517919, 6, 2)
[M::mem_pestat] skip orientation FF as there are not enough pairs
[M::mem_pestat] analyzing insert size distribution for orientation FR...
[M::mem_pestat] (25, 50, 75) percentile: (309, 359, 409)
[M::mem_pestat] low and high boundaries for computing mean and std.dev: (109, 609)
[M::mem_pestat] mean and std.dev: (359.72, 74.18)
[M::mem_pestat] low and high boundaries for proper pairs: (9, 709)
[M::mem_pestat] skip orientation RF as there are not enough pairs
[M::mem_pestat] skip orientation RR as there are not enough pairs
[M::mem_process_seqs] Processed 1067002 reads in 117.997 CPU sec, 10.053 real sec
[M::process] read 1067018 sequences (160000096 bp)...
[M::mem_pestat] # candidate unique pairs for (FF, FR, RF, RR): (0, 517681, 13, 7)
[M::mem_pestat] skip orientation FF as there are not enough pairs
[M::mem_pestat] analyzing insert size distribution for orientation FR...
[M::mem_pestat] (25, 50, 75) percentile: (311, 361, 410)
[M::mem_pestat] low and high boundaries for computing mean and std.dev: (113, 608)
[M::mem_pestat] mean and std.dev: (361.29, 73.79)
[M::mem_pestat] low and high boundaries for proper pairs: (14, 707)
[M::mem_pestat] analyzing insert size distribution for orientation RF...
[M::mem_pestat] (25, 50, 75) percentile: (5502, 5502, 6348)
[M::mem_pestat] low and high boundaries for computing mean and std.dev: (3810, 8040)
[M::mem_pestat] mean and std.dev: (5951.89, 406.00)
[M::mem_pestat] low and high boundaries for proper pairs: (2964, 8886)
[M::mem_pestat] skip orientation RR as there are not enough pairs
[M::mem_pestat] skip orientation RF
[M::mem_process_seqs] Processed 1066944 reads in 95.806 CPU sec, 8.193 real sec
[M::process] read 1067010 sequences (160000074 bp)...
[M::mem_pestat] # candidate unique pairs for (FF, FR, RF, RR): (5, 517828, 4, 9)
[M::mem_pestat] skip orientation FF as there are not enough pairs
[M::mem_pestat] analyzing insert size distribution for orientation FR...
[M::mem_pestat] (25, 50, 75) percentile: (307, 357, 406)
[M::mem_pestat] low and high boundaries for computing mean and std.dev: (109, 604)
[M::mem_pestat] mean and std.dev: (357.43, 74.06)
[M::mem_pestat] low and high boundaries for proper pairs: (10, 703)
[M::mem_pestat] skip orientation RF as there are not enough pairs
[M::mem_pestat] skip orientation RR as there are not enough pairs
[M::mem_process_seqs] Processed 1067018 reads in 113.902 CPU sec, 8.598 real sec
[M::process] read 1066976 sequences (160000050 bp)...
[M::mem_pestat] # candidate unique pairs for (FF, FR, RF, RR): (3, 517136, 9, 0)
[M::mem_pestat] skip orientation FF as there are not enough pairs
[M::mem_pestat] analyzing insert size distribution for orientation FR...
[M::mem_pestat] (25, 50, 75) percentile: (309, 359, 409)
[M::mem_pestat] low and high boundaries for computing mean and std.dev: (109, 609)
[M::mem_pestat] mean and std.dev: (359.54, 74.25)
[M::mem_pestat] low and high boundaries for proper pairs: (9, 709)
[M::mem_pestat] skip orientation RF as there are not enough pairs
[M::mem_pestat] skip orientation RR as there are not enough pairs
[M::mem_process_seqs] Processed 1067010 reads in 94.879 CPU sec, 7.474 real sec
[M::process] read 1066994 sequences (160000106 bp)...
[M::mem_pestat] # candidate unique pairs for (FF, FR, RF, RR): (8, 517455, 5, 4)
[M::mem_pestat] skip orientation FF as there are not enough pairs
[M::mem_pestat] analyzing insert size distribution for orientation FR...
[M::mem_pestat] (25, 50, 75) percentile: (312, 361, 410)
[M::mem_pestat] low and high boundaries for computing mean and std.dev: (116, 606)
[M::mem_pestat] mean and std.dev: (361.53, 73.48)
[M::mem_pestat] low and high boundaries for proper pairs: (18, 704)
[M::mem_pestat] skip orientation RF as there are not enough pairs
[M::mem_pestat] skip orientation RR as there are not enough pairs
[M::mem_process_seqs] Processed 1066976 reads in 99.886 CPU sec, 8.078 real sec
[M::process] read 661540 sequences (99204424 bp)...
[M::mem_pestat] # candidate unique pairs for (FF, FR, RF, RR): (6, 517583, 6, 8)
[M::mem_pestat] skip orientation FF as there are not enough pairs
[M::mem_pestat] analyzing insert size distribution for orientation FR...
[M::mem_pestat] (25, 50, 75) percentile: (311, 360, 409)
[M::mem_pestat] low and high boundaries for computing mean and std.dev: (115, 605)
[M::mem_pestat] mean and std.dev: (361.07, 73.32)
[M::mem_pestat] low and high boundaries for proper pairs: (17, 703)
[M::mem_pestat] skip orientation RF as there are not enough pairs
[M::mem_pestat] skip orientation RR as there are not enough pairs
[M::mem_process_seqs] Processed 1066994 reads in 90.701 CPU sec, 7.750 real sec
[M::mem_pestat] # candidate unique pairs for (FF, FR, RF, RR): (1, 320880, 2, 3)
[M::mem_pestat] skip orientation FF as there are not enough pairs
[M::mem_pestat] analyzing insert size distribution for orientation FR...
[M::mem_pestat] (25, 50, 75) percentile: (309, 358, 408)
[M::mem_pestat] low and high boundaries for computing mean and std.dev: (111, 606)
[M::mem_pestat] mean and std.dev: (359.29, 73.84)
[M::mem_pestat] low and high boundaries for proper pairs: (12, 705)
[M::mem_pestat] skip orientation RF as there are not enough pairs
[M::mem_pestat] skip orientation RR as there are not enough pairs
[M::mem_process_seqs] Processed 661540 reads in 58.775 CPU sec, 4.483 real sec
[main] Version: 0.7.17-r1188
[main] CMD: bwa mem -t 16 /data/NCBR/projects/NCBR-492/data/manual_analysis/MAGs/SF1_metawrap.bin.1.fa /data/NCBR/projects/NCBR-492/data/manual_analysis/fastp/SF1.trimmed.R1.fastq /data/NCBR/projects/NCBR-492/data/manual_analysis/fastp/SF1.trimmed.R2.fastq
[main] Real time: 399.814 sec; CPU: 5312.501 sec
