[+] Loading samtools 1.21  ... 
[+] Loading bbtools  39.06 
java -da -Xmx43520m -Xms43520m -cp /usr/local/apps/bbtools/39.06/bbmap_src/current/ align2.BBMap build=1 overwrite=true fastareadlen=500 -da -Xmx43520m threads=16 path=/data/NCBR/projects/NCBR-492/data/manual_analysis/MAGs nodisk ref=/data/NCBR/projects/NCBR-492/data/manual_analysis/MAGs/SF2_metawrap.bin.1.fa in=/data/NCBR/projects/NCBR-492/data/manual_analysis/fastp/SF2.trimmed.R1.fastq in2=/data/NCBR/projects/NCBR-492/data/manual_analysis/fastp/SF2.trimmed.R2.fastq out=/data/NCBR/projects/NCBR-492/data/manual_analysis/MAGs/SF2_metawrap.bin.1.coverage.mapped.sam statsfile=/data/NCBR/projects/NCBR-492/data/manual_analysis/MAGs/SF2_metawrap.bin.1.coverage.scafstats covstats=/data/NCBR/projects/NCBR-492/data/manual_analysis/MAGs/SF2_metawrap.bin.1.coverage.covstat rpkm=/data/NCBR/projects/NCBR-492/data/manual_analysis/MAGs/SF2_metawrap.bin.1.coverage.rpkm refstats=/data/NCBR/projects/NCBR-492/data/manual_analysis/MAGs/SF2_metawrap.bin.1.refstats outm=/data/NCBR/projects/NCBR-492/data/manual_analysis/MAGs/SF2_metawrap.bin.1.mapped.fq outu=/data/NCBR/projects/NCBR-492/data/manual_analysis/MAGs/SF2_metawrap.bin.1.unmapped.fq
Executing align2.BBMap [build=1, overwrite=true, fastareadlen=500, -da, -Xmx43520m, threads=16, path=/data/NCBR/projects/NCBR-492/data/manual_analysis/MAGs, nodisk, ref=/data/NCBR/projects/NCBR-492/data/manual_analysis/MAGs/SF2_metawrap.bin.1.fa, in=/data/NCBR/projects/NCBR-492/data/manual_analysis/fastp/SF2.trimmed.R1.fastq, in2=/data/NCBR/projects/NCBR-492/data/manual_analysis/fastp/SF2.trimmed.R2.fastq, out=/data/NCBR/projects/NCBR-492/data/manual_analysis/MAGs/SF2_metawrap.bin.1.coverage.mapped.sam, statsfile=/data/NCBR/projects/NCBR-492/data/manual_analysis/MAGs/SF2_metawrap.bin.1.coverage.scafstats, covstats=/data/NCBR/projects/NCBR-492/data/manual_analysis/MAGs/SF2_metawrap.bin.1.coverage.covstat, rpkm=/data/NCBR/projects/NCBR-492/data/manual_analysis/MAGs/SF2_metawrap.bin.1.coverage.rpkm, refstats=/data/NCBR/projects/NCBR-492/data/manual_analysis/MAGs/SF2_metawrap.bin.1.refstats, outm=/data/NCBR/projects/NCBR-492/data/manual_analysis/MAGs/SF2_metawrap.bin.1.mapped.fq, outu=/data/NCBR/projects/NCBR-492/data/manual_analysis/MAGs/SF2_metawrap.bin.1.unmapped.fq]
Version 39.06

Reference set statistics will be written to /data/NCBR/projects/NCBR-492/data/manual_analysis/MAGs/SF2_metawrap.bin.1.refstats
Retaining first best site only for ambiguous mappings.
Executing dna.FastaToChromArrays2 [/data/NCBR/projects/NCBR-492/data/manual_analysis/MAGs/SF2_metawrap.bin.1.fa, 1, writeinthread=false, genscaffoldinfo=true, retain, waitforwriting=false, gz=true, maxlen=536670912, writechroms=false, minscaf=1, midpad=300, startpad=8000, stoppad=8000, nodisk=true]

Set genScaffoldInfo=true
Set genome to 1

Loaded Reference:	0.004 seconds.
Loading index for chunk 1-1, build 1
Indexing threads started for block 0-1
Indexing threads finished for block 0-1
Generated Index:	0.431 seconds.
Analyzed Index:   	2.496 seconds.
Started output stream:	0.038 seconds.
Started output stream:	0.002 seconds.
Started output stream:	0.002 seconds.
Cleared Memory:    	0.299 seconds.
Processing reads in paired-ended mode.
Started read stream.
Started 16 mapping threads.
Detecting finished threads: 0, 1, 2, 3, 4, 5, 6, 7, 8, 9, 10, 11, 12, 13, 14, 15

   ------------------   Results   ------------------   

Genome:                	1
Key Length:            	13
Max Indel:             	16000
Minimum Score Ratio:  	0.56
Mapping Mode:         	normal

Reads:                               	40881246
Mapped reads:                        	37160188
Mapped bases:                        	5607240982
Ref scaffolds:                       	42
Ref bases:                           	3109673

Percent mapped:                      	90.898
Percent proper pairs:                	89.794
Average coverage:                    	1803.161
Average coverage with deletions:     	1795.130
Standard deviation:                    	2058.975
Percent scaffolds with any coverage: 	100.00
Percent of reference bases covered:  	100.00

Total time:     	773.427 seconds.
