[+] Loading bwa 0.7.17 on cn3302 
[bwa_index] Pack FASTA... 0.03 sec
[bwa_index] Construct BWT for the packed sequence...
[bwa_index] 0.87 seconds elapse.
[bwa_index] Update BWT... 0.02 sec
[bwa_index] Pack forward-only FASTA... 0.02 sec
[bwa_index] Construct SA from BWT and Occ... 0.47 sec
[main] Version: 0.7.17-r1188
[main] CMD: bwa index /data/NCBR/projects/NCBR-492/data/manual_analysis/MAGs/SF8_metawrap.bin.1.fa
[main] Real time: 1.516 sec; CPU: 1.420 sec
[M::bwa_idx_load_from_disk] read 0 ALT contigs
[M::process] read 1067142 sequences (160000070 bp)...
[M::mem_pestat] # candidate unique pairs for (FF, FR, RF, RR): (6, 485040, 3, 4)
[M::mem_pestat] skip orientation FF as there are not enough pairs
[M::mem_pestat] analyzing insert size distribution for orientation FR...
[M::mem_pestat] (25, 50, 75) percentile: (297, 347, 397)
[M::mem_pestat] low and high boundaries for computing mean and std.dev: (97, 597)
[M::mem_pestat] mean and std.dev: (347.89, 74.00)
[M::mem_pestat] low and high boundaries for proper pairs: (1, 697)
[M::mem_pestat] skip orientation RF as there are not enough pairs
[M::mem_pestat] skip orientation RR as there are not enough pairs
[M::process] read 1067144 sequences (160000090 bp)...
[M::mem_process_seqs] Processed 1067142 reads in 91.839 CPU sec, 7.026 real sec
[M::mem_pestat] # candidate unique pairs for (FF, FR, RF, RR): (1, 485437, 6, 16)
[M::mem_pestat] skip orientation FF as there are not enough pairs
[M::mem_pestat] analyzing insert size distribution for orientation FR...
[M::mem_pestat] (25, 50, 75) percentile: (300, 349, 398)
[M::mem_pestat] low and high boundaries for computing mean and std.dev: (104, 594)
[M::mem_pestat] mean and std.dev: (350.25, 73.46)
[M::mem_pestat] low and high boundaries for proper pairs: (6, 692)
[M::mem_pestat] skip orientation RF as there are not enough pairs
[M::mem_pestat] analyzing insert size distribution for orientation RR...
[M::mem_pestat] (25, 50, 75) percentile: (296, 6330, 6330)
[M::mem_pestat] low and high boundaries for computing mean and std.dev: (1, 18398)
[M::mem_pestat] mean and std.dev: (4351.06, 2780.14)
[M::mem_pestat] low and high boundaries for proper pairs: (1, 24432)
[M::mem_pestat] skip orientation RR
[M::process] read 1067114 sequences (160000072 bp)...
[M::mem_process_seqs] Processed 1067144 reads in 96.654 CPU sec, 6.432 real sec
[M::process] read 1067150 sequences (160000174 bp)...
[M::mem_pestat] # candidate unique pairs for (FF, FR, RF, RR): (2, 485442, 0, 3)
[M::mem_pestat] skip orientation FF as there are not enough pairs
[M::mem_pestat] analyzing insert size distribution for orientation FR...
[M::mem_pestat] (25, 50, 75) percentile: (302, 351, 400)
[M::mem_pestat] low and high boundaries for computing mean and std.dev: (106, 596)
[M::mem_pestat] mean and std.dev: (351.98, 73.16)
[M::mem_pestat] low and high boundaries for proper pairs: (8, 694)
[M::mem_pestat] skip orientation RF as there are not enough pairs
[M::mem_pestat] skip orientation RR as there are not enough pairs
[M::mem_process_seqs] Processed 1067114 reads in 95.720 CPU sec, 6.293 real sec
[M::mem_pestat] # candidate unique pairs for (FF, FR, RF, RR): (9, 485861, 0, 0)
[M::mem_pestat] skip orientation FF as there are not enough pairs
[M::mem_pestat] analyzing insert size distribution for orientation FR...
[M::mem_pestat] (25, 50, 75) percentile: (301, 350, 399)
[M::mem_pestat] low and high boundaries for computing mean and std.dev: (105, 595)
[M::mem_pestat] mean and std.dev: (350.84, 72.86)
[M::mem_pestat] low and high boundaries for proper pairs: (7, 693)
[M::mem_pestat] skip orientation RF as there are not enough pairs
[M::mem_pestat] skip orientation RR as there are not enough pairs
[M::process] read 1067138 sequences (160000028 bp)...
[M::mem_process_seqs] Processed 1067150 reads in 94.470 CPU sec, 6.180 real sec
[M::process] read 1067056 sequences (160000262 bp)...
[M::mem_pestat] # candidate unique pairs for (FF, FR, RF, RR): (5, 486321, 5, 0)
[M::mem_pestat] skip orientation FF as there are not enough pairs
[M::mem_pestat] analyzing insert size distribution for orientation FR...
[M::mem_pestat] (25, 50, 75) percentile: (303, 351, 400)
[M::mem_pestat] low and high boundaries for computing mean and std.dev: (109, 594)
[M::mem_pestat] mean and std.dev: (352.63, 72.87)
[M::mem_pestat] low and high boundaries for proper pairs: (12, 691)
[M::mem_pestat] skip orientation RF as there are not enough pairs
[M::mem_pestat] skip orientation RR as there are not enough pairs
[M::mem_process_seqs] Processed 1067138 reads in 94.810 CPU sec, 6.202 real sec
[M::mem_pestat] # candidate unique pairs for (FF, FR, RF, RR): (1, 487503, 1, 12)
[M::mem_pestat] skip orientation FF as there are not enough pairs
[M::mem_pestat] analyzing insert size distribution for orientation FR...
[M::mem_pestat] (25, 50, 75) percentile: (305, 353, 402)
[M::mem_pestat] low and high boundaries for computing mean and std.dev: (111, 596)
[M::mem_pestat] mean and std.dev: (354.23, 73.03)
[M::mem_pestat] low and high boundaries for proper pairs: (14, 693)
[M::mem_pestat] skip orientation RF as there are not enough pairs
[M::mem_pestat] analyzing insert size distribution for orientation RR...
[M::mem_pestat] (25, 50, 75) percentile: (401, 603, 752)
[M::mem_pestat] low and high boundaries for computing mean and std.dev: (1, 1454)
[M::mem_pestat] mean and std.dev: (560.50, 288.93)
[M::mem_pestat] low and high boundaries for proper pairs: (1, 1805)
[M::mem_pestat] skip orientation RR
[M::process] read 1067040 sequences (160000224 bp)...
[M::mem_process_seqs] Processed 1067056 reads in 94.238 CPU sec, 6.214 real sec
[M::process] read 1067110 sequences (160000298 bp)...
[M::mem_pestat] # candidate unique pairs for (FF, FR, RF, RR): (5, 486579, 6, 3)
[M::mem_pestat] skip orientation FF as there are not enough pairs
[M::mem_pestat] analyzing insert size distribution for orientation FR...
[M::mem_pestat] (25, 50, 75) percentile: (304, 352, 403)
[M::mem_pestat] low and high boundaries for computing mean and std.dev: (106, 601)
[M::mem_pestat] mean and std.dev: (354.29, 73.90)
[M::mem_pestat] low and high boundaries for proper pairs: (7, 700)
[M::mem_pestat] skip orientation RF as there are not enough pairs
[M::mem_pestat] skip orientation RR as there are not enough pairs
[M::mem_process_seqs] Processed 1067040 reads in 93.379 CPU sec, 6.089 real sec
[M::mem_pestat] # candidate unique pairs for (FF, FR, RF, RR): (4, 485596, 3, 9)
[M::mem_pestat] skip orientation FF as there are not enough pairs
[M::mem_pestat] analyzing insert size distribution for orientation FR...
[M::mem_pestat] (25, 50, 75) percentile: (300, 350, 400)
[M::mem_pestat] low and high boundaries for computing mean and std.dev: (100, 600)
[M::mem_pestat] mean and std.dev: (351.07, 74.38)
[M::mem_pestat] low and high boundaries for proper pairs: (1, 700)
[M::mem_pestat] skip orientation RF as there are not enough pairs
[M::mem_pestat] skip orientation RR as there are not enough pairs
[M::process] read 1067122 sequences (160000222 bp)...
[M::mem_process_seqs] Processed 1067110 reads in 97.519 CPU sec, 6.429 real sec
[M::process] read 1067084 sequences (160000006 bp)...
[M::mem_pestat] # candidate unique pairs for (FF, FR, RF, RR): (1, 485754, 0, 8)
[M::mem_pestat] skip orientation FF as there are not enough pairs
[M::mem_pestat] analyzing insert size distribution for orientation FR...
[M::mem_pestat] (25, 50, 75) percentile: (304, 353, 402)
[M::mem_pestat] low and high boundaries for computing mean and std.dev: (108, 598)
[M::mem_pestat] mean and std.dev: (353.70, 73.89)
[M::mem_pestat] low and high boundaries for proper pairs: (10, 696)
[M::mem_pestat] skip orientation RF as there are not enough pairs
[M::mem_pestat] skip orientation RR as there are not enough pairs
[M::mem_process_seqs] Processed 1067122 reads in 94.707 CPU sec, 6.177 real sec
[M::mem_pestat] # candidate unique pairs for (FF, FR, RF, RR): (1, 486493, 13, 1)
[M::mem_pestat] skip orientation FF as there are not enough pairs
[M::mem_pestat] analyzing insert size distribution for orientation FR...
[M::mem_pestat] (25, 50, 75) percentile: (306, 354, 404)
[M::mem_pestat] low and high boundaries for computing mean and std.dev: (110, 600)
[M::mem_pestat] mean and std.dev: (355.45, 73.65)
[M::mem_pestat] low and high boundaries for proper pairs: (12, 698)
[M::mem_pestat] analyzing insert size distribution for orientation RF...
[M::mem_pestat] (25, 50, 75) percentile: (2893, 2893, 4043)
[M::mem_pestat] low and high boundaries for computing mean and std.dev: (593, 6343)
[M::mem_pestat] mean and std.dev: (3468.00, 575.00)
[M::mem_pestat] low and high boundaries for proper pairs: (1, 7493)
[M::mem_pestat] skip orientation RR as there are not enough pairs
[M::mem_pestat] skip orientation RF
[M::process] read 1067088 sequences (160000270 bp)...
[M::mem_process_seqs] Processed 1067084 reads in 94.502 CPU sec, 6.255 real sec
[M::process] read 1067096 sequences (160000076 bp)...
[M::mem_pestat] # candidate unique pairs for (FF, FR, RF, RR): (4, 486016, 2, 0)
[M::mem_pestat] skip orientation FF as there are not enough pairs
[M::mem_pestat] analyzing insert size distribution for orientation FR...
[M::mem_pestat] (25, 50, 75) percentile: (305, 353, 403)
[M::mem_pestat] low and high boundaries for computing mean and std.dev: (109, 599)
[M::mem_pestat] mean and std.dev: (354.50, 73.61)
[M::mem_pestat] low and high boundaries for proper pairs: (11, 697)
[M::mem_pestat] skip orientation RF as there are not enough pairs
[M::mem_pestat] skip orientation RR as there are not enough pairs
[M::mem_process_seqs] Processed 1067088 reads in 93.519 CPU sec, 6.144 real sec
[M::process] read 1067074 sequences (160000226 bp)...
[M::mem_pestat] # candidate unique pairs for (FF, FR, RF, RR): (3, 486305, 1, 4)
[M::mem_pestat] skip orientation FF as there are not enough pairs
[M::mem_pestat] analyzing insert size distribution for orientation FR...
[M::mem_pestat] (25, 50, 75) percentile: (305, 353, 402)
[M::mem_pestat] low and high boundaries for computing mean and std.dev: (111, 596)
[M::mem_pestat] mean and std.dev: (354.06, 72.84)
[M::mem_pestat] low and high boundaries for proper pairs: (14, 693)
[M::mem_pestat] skip orientation RF as there are not enough pairs
[M::mem_pestat] skip orientation RR as there are not enough pairs
[M::mem_process_seqs] Processed 1067096 reads in 95.087 CPU sec, 6.288 real sec
[M::process] read 1067046 sequences (160000024 bp)...
[M::mem_pestat] # candidate unique pairs for (FF, FR, RF, RR): (6, 486476, 0, 0)
[M::mem_pestat] skip orientation FF as there are not enough pairs
[M::mem_pestat] analyzing insert size distribution for orientation FR...
[M::mem_pestat] (25, 50, 75) percentile: (305, 353, 402)
[M::mem_pestat] low and high boundaries for computing mean and std.dev: (111, 596)
[M::mem_pestat] mean and std.dev: (354.57, 72.88)
[M::mem_pestat] low and high boundaries for proper pairs: (14, 693)
[M::mem_pestat] skip orientation RF as there are not enough pairs
[M::mem_pestat] skip orientation RR as there are not enough pairs
[M::mem_process_seqs] Processed 1067074 reads in 92.067 CPU sec, 6.022 real sec
[M::process] read 1067064 sequences (160000264 bp)...
[M::mem_pestat] # candidate unique pairs for (FF, FR, RF, RR): (0, 486229, 3, 5)
[M::mem_pestat] skip orientation FF as there are not enough pairs
[M::mem_pestat] analyzing insert size distribution for orientation FR...
[M::mem_pestat] (25, 50, 75) percentile: (304, 352, 402)
[M::mem_pestat] low and high boundaries for computing mean and std.dev: (108, 598)
[M::mem_pestat] mean and std.dev: (354.21, 73.25)
[M::mem_pestat] low and high boundaries for proper pairs: (10, 696)
[M::mem_pestat] skip orientation RF as there are not enough pairs
[M::mem_pestat] skip orientation RR as there are not enough pairs
[M::mem_process_seqs] Processed 1067046 reads in 94.584 CPU sec, 6.167 real sec
[M::process] read 1067144 sequences (160000060 bp)...
[M::mem_pestat] # candidate unique pairs for (FF, FR, RF, RR): (4, 486476, 14, 7)
[M::mem_pestat] skip orientation FF as there are not enough pairs
[M::mem_pestat] analyzing insert size distribution for orientation FR...
[M::mem_pestat] (25, 50, 75) percentile: (303, 351, 401)
[M::mem_pestat] low and high boundaries for computing mean and std.dev: (107, 597)
[M::mem_pestat] mean and std.dev: (352.64, 73.51)
[M::mem_pestat] low and high boundaries for proper pairs: (9, 695)
[M::mem_pestat] analyzing insert size distribution for orientation RF...
[M::mem_pestat] (25, 50, 75) percentile: (5, 1194, 5514)
[M::mem_pestat] low and high boundaries for computing mean and std.dev: (1, 16532)
[M::mem_pestat] mean and std.dev: (2658.14, 3211.46)
[M::mem_pestat] low and high boundaries for proper pairs: (1, 22041)
[M::mem_pestat] skip orientation RR as there are not enough pairs
[M::mem_pestat] skip orientation RF
[M::mem_process_seqs] Processed 1067064 reads in 93.587 CPU sec, 6.332 real sec
[M::process] read 1067074 sequences (160000090 bp)...
[M::mem_pestat] # candidate unique pairs for (FF, FR, RF, RR): (7, 486612, 5, 2)
[M::mem_pestat] skip orientation FF as there are not enough pairs
[M::mem_pestat] analyzing insert size distribution for orientation FR...
[M::mem_pestat] (25, 50, 75) percentile: (302, 352, 402)
[M::mem_pestat] low and high boundaries for computing mean and std.dev: (102, 602)
[M::mem_pestat] mean and std.dev: (352.99, 74.42)
[M::mem_pestat] low and high boundaries for proper pairs: (2, 702)
[M::mem_pestat] skip orientation RF as there are not enough pairs
[M::mem_pestat] skip orientation RR as there are not enough pairs
[M::mem_process_seqs] Processed 1067144 reads in 95.343 CPU sec, 6.350 real sec
[M::process] read 1067108 sequences (160000188 bp)...
[M::mem_pestat] # candidate unique pairs for (FF, FR, RF, RR): (1, 486097, 7, 13)
[M::mem_pestat] skip orientation FF as there are not enough pairs
[M::mem_pestat] analyzing insert size distribution for orientation FR...
[M::mem_pestat] (25, 50, 75) percentile: (306, 355, 405)
[M::mem_pestat] low and high boundaries for computing mean and std.dev: (108, 603)
[M::mem_pestat] mean and std.dev: (355.99, 74.17)
[M::mem_pestat] low and high boundaries for proper pairs: (9, 702)
[M::mem_pestat] skip orientation RF as there are not enough pairs
[M::mem_pestat] analyzing insert size distribution for orientation RR...
[M::mem_pestat] (25, 50, 75) percentile: (252, 2504, 9940)
[M::mem_pestat] low and high boundaries for computing mean and std.dev: (1, 29316)
[M::mem_pestat] mean and std.dev: (4702.31, 3979.35)
[M::mem_pestat] low and high boundaries for proper pairs: (1, 39004)
[M::mem_pestat] skip orientation RR
[M::mem_process_seqs] Processed 1067074 reads in 95.523 CPU sec, 6.336 real sec
[M::process] read 1067108 sequences (160000052 bp)...
[M::mem_pestat] # candidate unique pairs for (FF, FR, RF, RR): (5, 487066, 4, 9)
[M::mem_pestat] skip orientation FF as there are not enough pairs
[M::mem_pestat] analyzing insert size distribution for orientation FR...
[M::mem_pestat] (25, 50, 75) percentile: (305, 354, 403)
[M::mem_pestat] low and high boundaries for computing mean and std.dev: (109, 599)
[M::mem_pestat] mean and std.dev: (355.03, 73.30)
[M::mem_pestat] low and high boundaries for proper pairs: (11, 697)
[M::mem_pestat] skip orientation RF as there are not enough pairs
[M::mem_pestat] skip orientation RR as there are not enough pairs
[M::mem_process_seqs] Processed 1067108 reads in 93.537 CPU sec, 6.394 real sec
[M::process] read 1067086 sequences (160000244 bp)...
[M::mem_pestat] # candidate unique pairs for (FF, FR, RF, RR): (3, 486756, 8, 1)
[M::mem_pestat] skip orientation FF as there are not enough pairs
[M::mem_pestat] analyzing insert size distribution for orientation FR...
[M::mem_pestat] (25, 50, 75) percentile: (304, 352, 402)
[M::mem_pestat] low and high boundaries for computing mean and std.dev: (108, 598)
[M::mem_pestat] mean and std.dev: (353.87, 73.05)
[M::mem_pestat] low and high boundaries for proper pairs: (10, 696)
[M::mem_pestat] skip orientation RF as there are not enough pairs
[M::mem_pestat] skip orientation RR as there are not enough pairs
[M::mem_process_seqs] Processed 1067108 reads in 93.274 CPU sec, 6.555 real sec
[M::process] read 1067040 sequences (160000082 bp)...
[M::mem_pestat] # candidate unique pairs for (FF, FR, RF, RR): (5, 486114, 0, 6)
[M::mem_pestat] skip orientation FF as there are not enough pairs
[M::mem_pestat] analyzing insert size distribution for orientation FR...
[M::mem_pestat] (25, 50, 75) percentile: (305, 353, 402)
[M::mem_pestat] low and high boundaries for computing mean and std.dev: (111, 596)
[M::mem_pestat] mean and std.dev: (354.01, 72.59)
[M::mem_pestat] low and high boundaries for proper pairs: (14, 693)
[M::mem_pestat] skip orientation RF as there are not enough pairs
[M::mem_pestat] skip orientation RR as there are not enough pairs
[M::mem_process_seqs] Processed 1067086 reads in 94.119 CPU sec, 6.272 real sec
[M::process] read 1067058 sequences (160000162 bp)...
[M::mem_pestat] # candidate unique pairs for (FF, FR, RF, RR): (0, 486511, 3, 2)
[M::mem_pestat] skip orientation FF as there are not enough pairs
[M::mem_pestat] analyzing insert size distribution for orientation FR...
[M::mem_pestat] (25, 50, 75) percentile: (305, 353, 402)
[M::mem_pestat] low and high boundaries for computing mean and std.dev: (111, 596)
[M::mem_pestat] mean and std.dev: (354.22, 72.79)
[M::mem_pestat] low and high boundaries for proper pairs: (14, 693)
[M::mem_pestat] skip orientation RF as there are not enough pairs
[M::mem_pestat] skip orientation RR as there are not enough pairs
[M::mem_process_seqs] Processed 1067040 reads in 94.681 CPU sec, 6.206 real sec
[M::process] read 1067110 sequences (160000002 bp)...
[M::mem_pestat] # candidate unique pairs for (FF, FR, RF, RR): (8, 486559, 6, 2)
[M::mem_pestat] skip orientation FF as there are not enough pairs
[M::mem_pestat] analyzing insert size distribution for orientation FR...
[M::mem_pestat] (25, 50, 75) percentile: (304, 352, 401)
[M::mem_pestat] low and high boundaries for computing mean and std.dev: (110, 595)
[M::mem_pestat] mean and std.dev: (353.31, 73.14)
[M::mem_pestat] low and high boundaries for proper pairs: (13, 692)
[M::mem_pestat] skip orientation RF as there are not enough pairs
[M::mem_pestat] skip orientation RR as there are not enough pairs
[M::mem_process_seqs] Processed 1067058 reads in 93.764 CPU sec, 6.129 real sec
[M::process] read 1067096 sequences (160000178 bp)...
[M::mem_pestat] # candidate unique pairs for (FF, FR, RF, RR): (1, 486726, 8, 2)
[M::mem_pestat] skip orientation FF as there are not enough pairs
[M::mem_pestat] analyzing insert size distribution for orientation FR...
[M::mem_pestat] (25, 50, 75) percentile: (302, 351, 401)
[M::mem_pestat] low and high boundaries for computing mean and std.dev: (104, 599)
[M::mem_pestat] mean and std.dev: (352.60, 73.65)
[M::mem_pestat] low and high boundaries for proper pairs: (5, 698)
[M::mem_pestat] skip orientation RF as there are not enough pairs
[M::mem_pestat] skip orientation RR as there are not enough pairs
[M::mem_process_seqs] Processed 1067110 reads in 93.668 CPU sec, 6.240 real sec
[M::mem_pestat] # candidate unique pairs for (FF, FR, RF, RR): (8, 485804, 2, 2)
[M::mem_pestat] skip orientation FF as there are not enough pairs
[M::mem_pestat] analyzing insert size distribution for orientation FR...
[M::mem_pestat] (25, 50, 75) percentile: (302, 351, 400)
[M::mem_pestat] low and high boundaries for computing mean and std.dev: (106, 596)
[M::mem_pestat] mean and std.dev: (351.93, 73.73)
[M::mem_pestat] low and high boundaries for proper pairs: (8, 694)
[M::mem_pestat] skip orientation RF as there are not enough pairs
[M::mem_pestat] skip orientation RR as there are not enough pairs
[M::process] read 1067074 sequences (160000088 bp)...
[M::mem_process_seqs] Processed 1067096 reads in 98.160 CPU sec, 6.503 real sec
[M::process] read 1067050 sequences (160000250 bp)...
[M::mem_pestat] # candidate unique pairs for (FF, FR, RF, RR): (0, 486271, 0, 9)
[M::mem_pestat] skip orientation FF as there are not enough pairs
[M::mem_pestat] analyzing insert size distribution for orientation FR...
[M::mem_pestat] (25, 50, 75) percentile: (305, 354, 404)
[M::mem_pestat] low and high boundaries for computing mean and std.dev: (107, 602)
[M::mem_pestat] mean and std.dev: (355.16, 74.03)
[M::mem_pestat] low and high boundaries for proper pairs: (8, 701)
[M::mem_pestat] skip orientation RF as there are not enough pairs
[M::mem_pestat] skip orientation RR as there are not enough pairs
[M::mem_process_seqs] Processed 1067074 reads in 93.008 CPU sec, 6.065 real sec
[M::mem_pestat] # candidate unique pairs for (FF, FR, RF, RR): (4, 486372, 3, 4)
[M::mem_pestat] skip orientation FF as there are not enough pairs
[M::mem_pestat] analyzing insert size distribution for orientation FR...
[M::mem_pestat] (25, 50, 75) percentile: (305, 354, 404)
[M::mem_pestat] low and high boundaries for computing mean and std.dev: (107, 602)
[M::mem_pestat] mean and std.dev: (355.27, 73.48)
[M::mem_pestat] low and high boundaries for proper pairs: (8, 701)
[M::mem_pestat] skip orientation RF as there are not enough pairs
[M::mem_pestat] skip orientation RR as there are not enough pairs
[M::process] read 1067100 sequences (160000070 bp)...
[M::mem_process_seqs] Processed 1067050 reads in 94.200 CPU sec, 6.168 real sec
[M::process] read 1067086 sequences (160000074 bp)...
[M::mem_pestat] # candidate unique pairs for (FF, FR, RF, RR): (2, 487050, 6, 6)
[M::mem_pestat] skip orientation FF as there are not enough pairs
[M::mem_pestat] analyzing insert size distribution for orientation FR...
[M::mem_pestat] (25, 50, 75) percentile: (303, 352, 401)
[M::mem_pestat] low and high boundaries for computing mean and std.dev: (107, 597)
[M::mem_pestat] mean and std.dev: (353.22, 73.43)
[M::mem_pestat] low and high boundaries for proper pairs: (9, 695)
[M::mem_pestat] skip orientation RF as there are not enough pairs
[M::mem_pestat] skip orientation RR as there are not enough pairs
[M::mem_process_seqs] Processed 1067100 reads in 92.596 CPU sec, 6.029 real sec
[M::process] read 1067082 sequences (160000148 bp)...
[M::mem_pestat] # candidate unique pairs for (FF, FR, RF, RR): (2, 486629, 0, 3)
[M::mem_pestat] skip orientation FF as there are not enough pairs
[M::mem_pestat] analyzing insert size distribution for orientation FR...
[M::mem_pestat] (25, 50, 75) percentile: (304, 352, 401)
[M::mem_pestat] low and high boundaries for computing mean and std.dev: (110, 595)
[M::mem_pestat] mean and std.dev: (353.52, 72.95)
[M::mem_pestat] low and high boundaries for proper pairs: (13, 692)
[M::mem_pestat] skip orientation RF as there are not enough pairs
[M::mem_pestat] skip orientation RR as there are not enough pairs
[M::mem_process_seqs] Processed 1067086 reads in 92.524 CPU sec, 6.024 real sec
[M::process] read 1067076 sequences (160000000 bp)...
[M::mem_pestat] # candidate unique pairs for (FF, FR, RF, RR): (1, 486887, 5, 7)
[M::mem_pestat] skip orientation FF as there are not enough pairs
[M::mem_pestat] analyzing insert size distribution for orientation FR...
[M::mem_pestat] (25, 50, 75) percentile: (303, 351, 401)
[M::mem_pestat] low and high boundaries for computing mean and std.dev: (107, 597)
[M::mem_pestat] mean and std.dev: (352.92, 73.23)
[M::mem_pestat] low and high boundaries for proper pairs: (9, 695)
[M::mem_pestat] skip orientation RF as there are not enough pairs
[M::mem_pestat] skip orientation RR as there are not enough pairs
[M::mem_process_seqs] Processed 1067082 reads in 93.640 CPU sec, 6.194 real sec
[M::process] read 1067114 sequences (160000022 bp)...
[M::mem_pestat] # candidate unique pairs for (FF, FR, RF, RR): (7, 486765, 0, 2)
[M::mem_pestat] skip orientation FF as there are not enough pairs
[M::mem_pestat] analyzing insert size distribution for orientation FR...
[M::mem_pestat] (25, 50, 75) percentile: (303, 351, 400)
[M::mem_pestat] low and high boundaries for computing mean and std.dev: (109, 594)
[M::mem_pestat] mean and std.dev: (352.37, 73.08)
[M::mem_pestat] low and high boundaries for proper pairs: (12, 691)
[M::mem_pestat] skip orientation RF as there are not enough pairs
[M::mem_pestat] skip orientation RR as there are not enough pairs
[M::mem_process_seqs] Processed 1067076 reads in 93.997 CPU sec, 6.216 real sec
[M::process] read 1067302 sequences (160000136 bp)...
[M::mem_pestat] # candidate unique pairs for (FF, FR, RF, RR): (3, 486775, 0, 7)
[M::mem_pestat] skip orientation FF as there are not enough pairs
[M::mem_pestat] analyzing insert size distribution for orientation FR...
[M::mem_pestat] (25, 50, 75) percentile: (302, 350, 400)
[M::mem_pestat] low and high boundaries for computing mean and std.dev: (106, 596)
[M::mem_pestat] mean and std.dev: (351.94, 73.58)
[M::mem_pestat] low and high boundaries for proper pairs: (8, 694)
[M::mem_pestat] skip orientation RF as there are not enough pairs
[M::mem_pestat] skip orientation RR as there are not enough pairs
[M::mem_process_seqs] Processed 1067114 reads in 93.147 CPU sec, 6.135 real sec
[M::process] read 1067224 sequences (160000052 bp)...
[M::mem_pestat] # candidate unique pairs for (FF, FR, RF, RR): (8, 485075, 9, 4)
[M::mem_pestat] skip orientation FF as there are not enough pairs
[M::mem_pestat] analyzing insert size distribution for orientation FR...
[M::mem_pestat] (25, 50, 75) percentile: (289, 339, 391)
[M::mem_pestat] low and high boundaries for computing mean and std.dev: (85, 595)
[M::mem_pestat] mean and std.dev: (341.34, 75.94)
[M::mem_pestat] low and high boundaries for proper pairs: (1, 697)
[M::mem_pestat] skip orientation RF as there are not enough pairs
[M::mem_pestat] skip orientation RR as there are not enough pairs
[M::mem_process_seqs] Processed 1067302 reads in 96.087 CPU sec, 6.375 real sec
[M::process] read 1067198 sequences (160000172 bp)...
[M::mem_pestat] # candidate unique pairs for (FF, FR, RF, RR): (3, 485009, 13, 5)
[M::mem_pestat] skip orientation FF as there are not enough pairs
[M::mem_pestat] analyzing insert size distribution for orientation FR...
[M::mem_pestat] (25, 50, 75) percentile: (294, 345, 398)
[M::mem_pestat] low and high boundaries for computing mean and std.dev: (86, 606)
[M::mem_pestat] mean and std.dev: (347.14, 77.01)
[M::mem_pestat] low and high boundaries for proper pairs: (1, 710)
[M::mem_pestat] analyzing insert size distribution for orientation RF...
[M::mem_pestat] (25, 50, 75) percentile: (663, 1523, 5314)
[M::mem_pestat] low and high boundaries for computing mean and std.dev: (1, 14616)
[M::mem_pestat] mean and std.dev: (2731.77, 2674.17)
[M::mem_pestat] low and high boundaries for proper pairs: (1, 19267)
[M::mem_pestat] skip orientation RR as there are not enough pairs
[M::mem_pestat] skip orientation RF
[M::mem_process_seqs] Processed 1067224 reads in 94.784 CPU sec, 6.182 real sec
[M::process] read 1067216 sequences (160000214 bp)...
[M::mem_pestat] # candidate unique pairs for (FF, FR, RF, RR): (2, 484657, 6, 4)
[M::mem_pestat] skip orientation FF as there are not enough pairs
[M::mem_pestat] analyzing insert size distribution for orientation FR...
[M::mem_pestat] (25, 50, 75) percentile: (295, 346, 397)
[M::mem_pestat] low and high boundaries for computing mean and std.dev: (91, 601)
[M::mem_pestat] mean and std.dev: (347.22, 75.54)
[M::mem_pestat] low and high boundaries for proper pairs: (1, 703)
[M::mem_pestat] skip orientation RF as there are not enough pairs
[M::mem_pestat] skip orientation RR as there are not enough pairs
[M::mem_process_seqs] Processed 1067198 reads in 97.301 CPU sec, 6.363 real sec
[M::process] read 1067140 sequences (160000122 bp)...
[M::mem_pestat] # candidate unique pairs for (FF, FR, RF, RR): (1, 484377, 3, 10)
[M::mem_pestat] skip orientation FF as there are not enough pairs
[M::mem_pestat] analyzing insert size distribution for orientation FR...
[M::mem_pestat] (25, 50, 75) percentile: (297, 348, 399)
[M::mem_pestat] low and high boundaries for computing mean and std.dev: (93, 603)
[M::mem_pestat] mean and std.dev: (349.36, 75.61)
[M::mem_pestat] low and high boundaries for proper pairs: (1, 705)
[M::mem_pestat] skip orientation RF as there are not enough pairs
[M::mem_pestat] analyzing insert size distribution for orientation RR...
[M::mem_pestat] (25, 50, 75) percentile: (225, 6501, 6501)
[M::mem_pestat] low and high boundaries for computing mean and std.dev: (1, 19053)
[M::mem_pestat] mean and std.dev: (3994.20, 3070.92)
[M::mem_pestat] low and high boundaries for proper pairs: (1, 25329)
[M::mem_pestat] skip orientation RR
[M::mem_process_seqs] Processed 1067216 reads in 93.656 CPU sec, 6.208 real sec
[M::process] read 1067260 sequences (160000114 bp)...
[M::mem_pestat] # candidate unique pairs for (FF, FR, RF, RR): (3, 485752, 3, 4)
[M::mem_pestat] skip orientation FF as there are not enough pairs
[M::mem_pestat] analyzing insert size distribution for orientation FR...
[M::mem_pestat] (25, 50, 75) percentile: (299, 348, 400)
[M::mem_pestat] low and high boundaries for computing mean and std.dev: (97, 602)
[M::mem_pestat] mean and std.dev: (350.24, 75.63)
[M::mem_pestat] low and high boundaries for proper pairs: (1, 703)
[M::mem_pestat] skip orientation RF as there are not enough pairs
[M::mem_pestat] skip orientation RR as there are not enough pairs
[M::mem_process_seqs] Processed 1067140 reads in 95.267 CPU sec, 6.193 real sec
[M::process] read 1067240 sequences (160000098 bp)...
[M::mem_pestat] # candidate unique pairs for (FF, FR, RF, RR): (2, 485004, 6, 12)
[M::mem_pestat] skip orientation FF as there are not enough pairs
[M::mem_pestat] analyzing insert size distribution for orientation FR...
[M::mem_pestat] (25, 50, 75) percentile: (290, 340, 392)
[M::mem_pestat] low and high boundaries for computing mean and std.dev: (86, 596)
[M::mem_pestat] mean and std.dev: (342.58, 76.05)
[M::mem_pestat] low and high boundaries for proper pairs: (1, 698)
[M::mem_pestat] skip orientation RF as there are not enough pairs
[M::mem_pestat] analyzing insert size distribution for orientation RR...
[M::mem_pestat] (25, 50, 75) percentile: (262, 1920, 1920)
[M::mem_pestat] low and high boundaries for computing mean and std.dev: (1, 5236)
[M::mem_pestat] mean and std.dev: (1331.67, 1105.80)
[M::mem_pestat] low and high boundaries for proper pairs: (1, 6894)
[M::mem_pestat] skip orientation RR
[M::mem_process_seqs] Processed 1067260 reads in 100.868 CPU sec, 6.750 real sec
[M::mem_pestat] # candidate unique pairs for (FF, FR, RF, RR): (1, 485672, 2, 3)
[M::mem_pestat] skip orientation FF as there are not enough pairs
[M::mem_pestat] analyzing insert size distribution for orientation FR...
[M::mem_pestat] (25, 50, 75) percentile: (292, 343, 395)
[M::mem_pestat] low and high boundaries for computing mean and std.dev: (86, 601)
[M::mem_pestat] mean and std.dev: (344.88, 76.46)
[M::mem_pestat] low and high boundaries for proper pairs: (1, 704)
[M::mem_pestat] skip orientation RF as there are not enough pairs
[M::mem_pestat] skip orientation RR as there are not enough pairs
[M::process] read 1067252 sequences (160000086 bp)...
[M::mem_process_seqs] Processed 1067240 reads in 100.164 CPU sec, 6.644 real sec
[M::process] read 1067200 sequences (160000200 bp)...
[M::mem_pestat] # candidate unique pairs for (FF, FR, RF, RR): (1, 484899, 0, 6)
[M::mem_pestat] skip orientation FF as there are not enough pairs
[M::mem_pestat] analyzing insert size distribution for orientation FR...
[M::mem_pestat] (25, 50, 75) percentile: (295, 345, 397)
[M::mem_pestat] low and high boundaries for computing mean and std.dev: (91, 601)
[M::mem_pestat] mean and std.dev: (347.07, 75.54)
[M::mem_pestat] low and high boundaries for proper pairs: (1, 703)
[M::mem_pestat] skip orientation RF as there are not enough pairs
[M::mem_pestat] skip orientation RR as there are not enough pairs
[M::mem_process_seqs] Processed 1067252 reads in 97.915 CPU sec, 6.535 real sec
[M::process] read 1067134 sequences (160000100 bp)...
[M::mem_pestat] # candidate unique pairs for (FF, FR, RF, RR): (7, 484881, 0, 3)
[M::mem_pestat] skip orientation FF as there are not enough pairs
[M::mem_pestat] analyzing insert size distribution for orientation FR...
[M::mem_pestat] (25, 50, 75) percentile: (298, 348, 399)
[M::mem_pestat] low and high boundaries for computing mean and std.dev: (96, 601)
[M::mem_pestat] mean and std.dev: (349.54, 75.36)
[M::mem_pestat] low and high boundaries for proper pairs: (1, 702)
[M::mem_pestat] skip orientation RF as there are not enough pairs
[M::mem_pestat] skip orientation RR as there are not enough pairs
[M::mem_process_seqs] Processed 1067200 reads in 96.050 CPU sec, 6.308 real sec
[M::process] read 1067256 sequences (160000100 bp)...
[M::mem_pestat] # candidate unique pairs for (FF, FR, RF, RR): (7, 484244, 1, 5)
[M::mem_pestat] skip orientation FF as there are not enough pairs
[M::mem_pestat] analyzing insert size distribution for orientation FR...
[M::mem_pestat] (25, 50, 75) percentile: (299, 350, 401)
[M::mem_pestat] low and high boundaries for computing mean and std.dev: (95, 605)
[M::mem_pestat] mean and std.dev: (351.30, 75.75)
[M::mem_pestat] low and high boundaries for proper pairs: (1, 707)
[M::mem_pestat] skip orientation RF as there are not enough pairs
[M::mem_pestat] skip orientation RR as there are not enough pairs
[M::mem_process_seqs] Processed 1067134 reads in 95.640 CPU sec, 6.309 real sec
[M::process] read 1067232 sequences (160000262 bp)...
[M::mem_pestat] # candidate unique pairs for (FF, FR, RF, RR): (4, 485284, 4, 4)
[M::mem_pestat] skip orientation FF as there are not enough pairs
[M::mem_pestat] analyzing insert size distribution for orientation FR...
[M::mem_pestat] (25, 50, 75) percentile: (293, 344, 397)
[M::mem_pestat] low and high boundaries for computing mean and std.dev: (85, 605)
[M::mem_pestat] mean and std.dev: (346.00, 76.74)
[M::mem_pestat] low and high boundaries for proper pairs: (1, 709)
[M::mem_pestat] skip orientation RF as there are not enough pairs
[M::mem_pestat] skip orientation RR as there are not enough pairs
[M::mem_process_seqs] Processed 1067256 reads in 97.479 CPU sec, 6.403 real sec
[M::process] read 1067182 sequences (160000214 bp)...
[M::mem_pestat] # candidate unique pairs for (FF, FR, RF, RR): (7, 484995, 4, 5)
[M::mem_pestat] skip orientation FF as there are not enough pairs
[M::mem_pestat] analyzing insert size distribution for orientation FR...
[M::mem_pestat] (25, 50, 75) percentile: (292, 343, 397)
[M::mem_pestat] low and high boundaries for computing mean and std.dev: (82, 607)
[M::mem_pestat] mean and std.dev: (345.86, 77.27)
[M::mem_pestat] low and high boundaries for proper pairs: (1, 712)
[M::mem_pestat] skip orientation RF as there are not enough pairs
[M::mem_pestat] skip orientation RR as there are not enough pairs
[M::mem_process_seqs] Processed 1067232 reads in 94.615 CPU sec, 6.247 real sec
[M::process] read 1067182 sequences (160000142 bp)...
[M::mem_pestat] # candidate unique pairs for (FF, FR, RF, RR): (5, 485095, 1, 0)
[M::mem_pestat] skip orientation FF as there are not enough pairs
[M::mem_pestat] analyzing insert size distribution for orientation FR...
[M::mem_pestat] (25, 50, 75) percentile: (297, 348, 399)
[M::mem_pestat] low and high boundaries for computing mean and std.dev: (93, 603)
[M::mem_pestat] mean and std.dev: (349.30, 75.96)
[M::mem_pestat] low and high boundaries for proper pairs: (1, 705)
[M::mem_pestat] skip orientation RF as there are not enough pairs
[M::mem_pestat] skip orientation RR as there are not enough pairs
[M::mem_process_seqs] Processed 1067182 reads in 95.819 CPU sec, 6.240 real sec
[M::process] read 1067144 sequences (160000082 bp)...
[M::mem_pestat] # candidate unique pairs for (FF, FR, RF, RR): (1, 484631, 0, 4)
[M::mem_pestat] skip orientation FF as there are not enough pairs
[M::mem_pestat] analyzing insert size distribution for orientation FR...
[M::mem_pestat] (25, 50, 75) percentile: (298, 348, 399)
[M::mem_pestat] low and high boundaries for computing mean and std.dev: (96, 601)
[M::mem_pestat] mean and std.dev: (349.52, 75.19)
[M::mem_pestat] low and high boundaries for proper pairs: (1, 702)
[M::mem_pestat] skip orientation RF as there are not enough pairs
[M::mem_pestat] skip orientation RR as there are not enough pairs
[M::mem_process_seqs] Processed 1067182 reads in 94.444 CPU sec, 6.309 real sec
[M::mem_pestat] # candidate unique pairs for (FF, FR, RF, RR): (1, 484347, 1, 0)
[M::mem_pestat] skip orientation FF as there are not enough pairs
[M::mem_pestat] analyzing insert size distribution for orientation FR...
[M::mem_pestat] (25, 50, 75) percentile: (301, 351, 402)
[M::mem_pestat] low and high boundaries for computing mean and std.dev: (99, 604)
[M::mem_pestat] mean and std.dev: (352.64, 75.25)
[M::mem_pestat] low and high boundaries for proper pairs: (1, 705)
[M::mem_pestat] skip orientation RF as there are not enough pairs
[M::mem_pestat] skip orientation RR as there are not enough pairs
[M::process] read 1067114 sequences (160000194 bp)...
[M::mem_process_seqs] Processed 1067144 reads in 96.784 CPU sec, 6.427 real sec
[M::process] read 1067268 sequences (160000276 bp)...
[M::mem_pestat] # candidate unique pairs for (FF, FR, RF, RR): (3, 484973, 1, 6)
[M::mem_pestat] skip orientation FF as there are not enough pairs
[M::mem_pestat] analyzing insert size distribution for orientation FR...
[M::mem_pestat] (25, 50, 75) percentile: (301, 352, 404)
[M::mem_pestat] low and high boundaries for computing mean and std.dev: (95, 610)
[M::mem_pestat] mean and std.dev: (353.35, 76.46)
[M::mem_pestat] low and high boundaries for proper pairs: (1, 713)
[M::mem_pestat] skip orientation RF as there are not enough pairs
[M::mem_pestat] skip orientation RR as there are not enough pairs
[M::mem_process_seqs] Processed 1067114 reads in 95.581 CPU sec, 6.221 real sec
[M::process] read 1067214 sequences (160000262 bp)...
[M::mem_pestat] # candidate unique pairs for (FF, FR, RF, RR): (4, 484817, 2, 3)
[M::mem_pestat] skip orientation FF as there are not enough pairs
[M::mem_pestat] analyzing insert size distribution for orientation FR...
[M::mem_pestat] (25, 50, 75) percentile: (290, 341, 394)
[M::mem_pestat] low and high boundaries for computing mean and std.dev: (82, 602)
[M::mem_pestat] mean and std.dev: (343.61, 77.01)
[M::mem_pestat] low and high boundaries for proper pairs: (1, 706)
[M::mem_pestat] skip orientation RF as there are not enough pairs
[M::mem_pestat] skip orientation RR as there are not enough pairs
[M::mem_process_seqs] Processed 1067268 reads in 98.232 CPU sec, 6.440 real sec
[M::process] read 1067196 sequences (160000128 bp)...
[M::mem_pestat] # candidate unique pairs for (FF, FR, RF, RR): (7, 484638, 8, 9)
[M::mem_pestat] skip orientation FF as there are not enough pairs
[M::mem_pestat] analyzing insert size distribution for orientation FR...
[M::mem_pestat] (25, 50, 75) percentile: (296, 348, 400)
[M::mem_pestat] low and high boundaries for computing mean and std.dev: (88, 608)
[M::mem_pestat] mean and std.dev: (349.47, 76.86)
[M::mem_pestat] low and high boundaries for proper pairs: (1, 712)
[M::mem_pestat] skip orientation RF as there are not enough pairs
[M::mem_pestat] skip orientation RR as there are not enough pairs
[M::mem_process_seqs] Processed 1067214 reads in 96.305 CPU sec, 6.335 real sec
[M::process] read 1067096 sequences (160000102 bp)...
[M::mem_pestat] # candidate unique pairs for (FF, FR, RF, RR): (3, 484881, 1, 1)
[M::mem_pestat] skip orientation FF as there are not enough pairs
[M::mem_pestat] analyzing insert size distribution for orientation FR...
[M::mem_pestat] (25, 50, 75) percentile: (298, 348, 400)
[M::mem_pestat] low and high boundaries for computing mean and std.dev: (94, 604)
[M::mem_pestat] mean and std.dev: (349.90, 75.28)
[M::mem_pestat] low and high boundaries for proper pairs: (1, 706)
[M::mem_pestat] skip orientation RF as there are not enough pairs
[M::mem_pestat] skip orientation RR as there are not enough pairs
[M::mem_process_seqs] Processed 1067196 reads in 96.024 CPU sec, 6.279 real sec
[M::process] read 1067066 sequences (160000006 bp)...
[M::mem_pestat] # candidate unique pairs for (FF, FR, RF, RR): (2, 484934, 5, 0)
[M::mem_pestat] skip orientation FF as there are not enough pairs
[M::mem_pestat] analyzing insert size distribution for orientation FR...
[M::mem_pestat] (25, 50, 75) percentile: (301, 351, 401)
[M::mem_pestat] low and high boundaries for computing mean and std.dev: (101, 601)
[M::mem_pestat] mean and std.dev: (352.01, 74.83)
[M::mem_pestat] low and high boundaries for proper pairs: (1, 701)
[M::mem_pestat] skip orientation RF as there are not enough pairs
[M::mem_pestat] skip orientation RR as there are not enough pairs
[M::mem_process_seqs] Processed 1067096 reads in 93.744 CPU sec, 6.173 real sec
[M::process] read 1067090 sequences (160000134 bp)...
[M::mem_pestat] # candidate unique pairs for (FF, FR, RF, RR): (1, 486211, 5, 0)
[M::mem_pestat] skip orientation FF as there are not enough pairs
[M::mem_pestat] analyzing insert size distribution for orientation FR...
[M::mem_pestat] (25, 50, 75) percentile: (305, 354, 405)
[M::mem_pestat] low and high boundaries for computing mean and std.dev: (105, 605)
[M::mem_pestat] mean and std.dev: (356.01, 75.21)
[M::mem_pestat] low and high boundaries for proper pairs: (5, 705)
[M::mem_pestat] skip orientation RF as there are not enough pairs
[M::mem_pestat] skip orientation RR as there are not enough pairs
[M::mem_process_seqs] Processed 1067066 reads in 94.470 CPU sec, 6.223 real sec
[M::process] read 54932 sequences (8237022 bp)...
[M::mem_pestat] # candidate unique pairs for (FF, FR, RF, RR): (2, 486030, 1, 3)
[M::mem_pestat] skip orientation FF as there are not enough pairs
[M::mem_pestat] analyzing insert size distribution for orientation FR...
[M::mem_pestat] (25, 50, 75) percentile: (303, 353, 405)
[M::mem_pestat] low and high boundaries for computing mean and std.dev: (99, 609)
[M::mem_pestat] mean and std.dev: (355.20, 76.07)
[M::mem_pestat] low and high boundaries for proper pairs: (1, 711)
[M::mem_pestat] skip orientation RF as there are not enough pairs
[M::mem_pestat] skip orientation RR as there are not enough pairs
[M::mem_process_seqs] Processed 1067090 reads in 93.780 CPU sec, 6.260 real sec
[M::mem_pestat] # candidate unique pairs for (FF, FR, RF, RR): (0, 25071, 0, 0)
[M::mem_pestat] skip orientation FF as there are not enough pairs
[M::mem_pestat] analyzing insert size distribution for orientation FR...
[M::mem_pestat] (25, 50, 75) percentile: (300, 351, 405)
[M::mem_pestat] low and high boundaries for computing mean and std.dev: (90, 615)
[M::mem_pestat] mean and std.dev: (353.97, 78.25)
[M::mem_pestat] low and high boundaries for proper pairs: (1, 720)
[M::mem_pestat] skip orientation RF as there are not enough pairs
[M::mem_pestat] skip orientation RR as there are not enough pairs
[M::mem_process_seqs] Processed 54932 reads in 5.354 CPU sec, 0.387 real sec
[main] Version: 0.7.17-r1188
[main] CMD: bwa mem -t 16 /data/NCBR/projects/NCBR-492/data/manual_analysis/MAGs/SF8_metawrap.bin.1.fa /data/NCBR/projects/NCBR-492/data/manual_analysis/fastp/SF8.trimmed.R1.fastq /data/NCBR/projects/NCBR-492/data/manual_analysis/fastp/SF8.trimmed.R2.fastq
[main] Real time: 336.115 sec; CPU: 5044.394 sec
