gzip: /data/NCBR/projects/NCBR-492/data/manual_analysis/fastp/*.gz: No such file or directory
stty: 'standard input': Inappropriate ioctl for device
rm: cannot remove '/data/NCBR/projects/NCBR-492/data/manual_analysis/binning/SF5/*checkm': No such file or directory
[bwa_index] Pack FASTA... 0.02 sec
[bwa_index] Construct BWT for the packed sequence...
[bwa_index] 0.75 seconds elapse.
[bwa_index] Update BWT... 0.01 sec
[bwa_index] Pack forward-only FASTA... 0.01 sec
[bwa_index] Construct SA from BWT and Occ... 0.30 sec
[main] Version: 0.7.17-r1188
[main] CMD: bwa index /data/NCBR/projects/NCBR-492/data/manual_analysis/binning/SF5/work_files/assembly.fa
[main] Real time: 1.122 sec; CPU: 1.097 sec
[M::mem_pestat] skip orientation FF as there are not enough pairs
[M::mem_pestat] analyzing insert size distribution for orientation FR...
[M::mem_pestat] (25, 50, 75) percentile: (314, 361, 409)
[M::mem_pestat] low and high boundaries for computing mean and std.dev: (124, 599)
[M::mem_pestat] mean and std.dev: (361.99, 71.87)
[M::mem_pestat] low and high boundaries for proper pairs: (29, 694)
[M::mem_pestat] skip orientation RF as there are not enough pairs
[M::mem_pestat] skip orientation RR as there are not enough pairs
[M::mem_pestat] skip orientation FF as there are not enough pairs
[M::mem_pestat] analyzing insert size distribution for orientation FR...
[M::mem_pestat] (25, 50, 75) percentile: (316, 363, 411)
[M::mem_pestat] low and high boundaries for computing mean and std.dev: (126, 601)
[M::mem_pestat] mean and std.dev: (364.08, 71.52)
[M::mem_pestat] low and high boundaries for proper pairs: (31, 696)
[M::mem_pestat] skip orientation RF as there are not enough pairs
[M::mem_pestat] skip orientation RR as there are not enough pairs
[M::mem_pestat] skip orientation FF as there are not enough pairs
[M::mem_pestat] analyzing insert size distribution for orientation FR...
[M::mem_pestat] (25, 50, 75) percentile: (317, 364, 411)
[M::mem_pestat] low and high boundaries for computing mean and std.dev: (129, 599)
[M::mem_pestat] mean and std.dev: (364.58, 71.09)
[M::mem_pestat] low and high boundaries for proper pairs: (35, 693)
[M::mem_pestat] skip orientation RF as there are not enough pairs
[M::mem_pestat] skip orientation RR as there are not enough pairs
[M::mem_pestat] skip orientation FF as there are not enough pairs
[M::mem_pestat] analyzing insert size distribution for orientation FR...
[M::mem_pestat] (25, 50, 75) percentile: (316, 363, 410)
[M::mem_pestat] low and high boundaries for computing mean and std.dev: (128, 598)
[M::mem_pestat] mean and std.dev: (363.35, 70.90)
[M::mem_pestat] low and high boundaries for proper pairs: (34, 692)
[M::mem_pestat] analyzing insert size distribution for orientation RF...
[M::mem_pestat] (25, 50, 75) percentile: (1903, 6538, 9562)
[M::mem_pestat] low and high boundaries for computing mean and std.dev: (1, 24880)
[M::mem_pestat] mean and std.dev: (5849.43, 3710.21)
[M::mem_pestat] low and high boundaries for proper pairs: (1, 32539)
[M::mem_pestat] skip orientation RR as there are not enough pairs
[M::mem_pestat] skip orientation RF
[M::mem_pestat] skip orientation FF as there are not enough pairs
[M::mem_pestat] analyzing insert size distribution for orientation FR...
[M::mem_pestat] (25, 50, 75) percentile: (315, 362, 409)
[M::mem_pestat] low and high boundaries for computing mean and std.dev: (127, 597)
[M::mem_pestat] mean and std.dev: (362.79, 70.67)
[M::mem_pestat] low and high boundaries for proper pairs: (33, 691)
[M::mem_pestat] skip orientation RF as there are not enough pairs
[M::mem_pestat] skip orientation RR as there are not enough pairs
[M::mem_pestat] skip orientation FF as there are not enough pairs
[M::mem_pestat] analyzing insert size distribution for orientation FR...
[M::mem_pestat] (25, 50, 75) percentile: (316, 362, 410)
[M::mem_pestat] low and high boundaries for computing mean and std.dev: (128, 598)
[M::mem_pestat] mean and std.dev: (363.24, 70.70)
[M::mem_pestat] low and high boundaries for proper pairs: (34, 692)
[M::mem_pestat] skip orientation RF as there are not enough pairs
[M::mem_pestat] skip orientation RR as there are not enough pairs
[M::mem_pestat] skip orientation FF as there are not enough pairs
[M::mem_pestat] analyzing insert size distribution for orientation FR...
[M::mem_pestat] (25, 50, 75) percentile: (315, 363, 410)
[M::mem_pestat] low and high boundaries for computing mean and std.dev: (125, 600)
[M::mem_pestat] mean and std.dev: (363.53, 71.39)
[M::mem_pestat] low and high boundaries for proper pairs: (30, 695)
[M::mem_pestat] skip orientation RF as there are not enough pairs
[M::mem_pestat] skip orientation RR as there are not enough pairs
[M::mem_pestat] skip orientation FF as there are not enough pairs
[M::mem_pestat] analyzing insert size distribution for orientation FR...
[M::mem_pestat] (25, 50, 75) percentile: (314, 362, 410)
[M::mem_pestat] low and high boundaries for computing mean and std.dev: (122, 602)
[M::mem_pestat] mean and std.dev: (362.38, 71.99)
[M::mem_pestat] low and high boundaries for proper pairs: (26, 698)
[M::mem_pestat] skip orientation RF as there are not enough pairs
[M::mem_pestat] skip orientation RR as there are not enough pairs
[M::mem_pestat] skip orientation FF as there are not enough pairs
[M::mem_pestat] analyzing insert size distribution for orientation FR...
[M::mem_pestat] (25, 50, 75) percentile: (315, 363, 411)
[M::mem_pestat] low and high boundaries for computing mean and std.dev: (123, 603)
[M::mem_pestat] mean and std.dev: (363.83, 71.76)
[M::mem_pestat] low and high boundaries for proper pairs: (27, 699)
[M::mem_pestat] skip orientation RF as there are not enough pairs
[M::mem_pestat] skip orientation RR as there are not enough pairs
[M::mem_pestat] skip orientation FF as there are not enough pairs
[M::mem_pestat] analyzing insert size distribution for orientation FR...
[M::mem_pestat] (25, 50, 75) percentile: (317, 364, 411)
[M::mem_pestat] low and high boundaries for computing mean and std.dev: (129, 599)
[M::mem_pestat] mean and std.dev: (364.19, 71.13)
[M::mem_pestat] low and high boundaries for proper pairs: (35, 693)
[M::mem_pestat] skip orientation RF as there are not enough pairs
[M::mem_pestat] analyzing insert size distribution for orientation RR...
[M::mem_pestat] (25, 50, 75) percentile: (7366, 7366, 7366)
[M::mem_pestat] low and high boundaries for computing mean and std.dev: (7366, 7366)
[M::mem_pestat] mean and std.dev: (7366.00, 0.00)
[M::mem_pestat] low and high boundaries for proper pairs: (7366, 7366)
[M::mem_pestat] skip orientation RR
[M::mem_pestat] skip orientation FF as there are not enough pairs
[M::mem_pestat] analyzing insert size distribution for orientation FR...
[M::mem_pestat] (25, 50, 75) percentile: (315, 363, 410)
[M::mem_pestat] low and high boundaries for computing mean and std.dev: (125, 600)
[M::mem_pestat] mean and std.dev: (363.21, 71.17)
[M::mem_pestat] low and high boundaries for proper pairs: (30, 695)
[M::mem_pestat] skip orientation RF as there are not enough pairs
[M::mem_pestat] skip orientation RR as there are not enough pairs
[M::mem_pestat] skip orientation FF as there are not enough pairs
[M::mem_pestat] analyzing insert size distribution for orientation FR...
[M::mem_pestat] (25, 50, 75) percentile: (316, 363, 410)
[M::mem_pestat] low and high boundaries for computing mean and std.dev: (128, 598)
[M::mem_pestat] mean and std.dev: (363.57, 70.96)
[M::mem_pestat] low and high boundaries for proper pairs: (34, 692)
[M::mem_pestat] skip orientation RF as there are not enough pairs
[M::mem_pestat] skip orientation RR as there are not enough pairs
[M::mem_pestat] skip orientation FF as there are not enough pairs
[M::mem_pestat] analyzing insert size distribution for orientation FR...
[M::mem_pestat] (25, 50, 75) percentile: (316, 363, 410)
[M::mem_pestat] low and high boundaries for computing mean and std.dev: (128, 598)
[M::mem_pestat] mean and std.dev: (363.68, 70.93)
[M::mem_pestat] low and high boundaries for proper pairs: (34, 692)
[M::mem_pestat] skip orientation RF as there are not enough pairs
[M::mem_pestat] skip orientation RR as there are not enough pairs
[M::mem_pestat] skip orientation FF as there are not enough pairs
[M::mem_pestat] analyzing insert size distribution for orientation FR...
[M::mem_pestat] (25, 50, 75) percentile: (315, 363, 410)
[M::mem_pestat] low and high boundaries for computing mean and std.dev: (125, 600)
[M::mem_pestat] mean and std.dev: (363.41, 71.44)
[M::mem_pestat] low and high boundaries for proper pairs: (30, 695)
[M::mem_pestat] skip orientation RF as there are not enough pairs
[M::mem_pestat] skip orientation RR as there are not enough pairs
[M::mem_pestat] skip orientation FF as there are not enough pairs
[M::mem_pestat] analyzing insert size distribution for orientation FR...
[M::mem_pestat] (25, 50, 75) percentile: (314, 361, 409)
[M::mem_pestat] low and high boundaries for computing mean and std.dev: (124, 599)
[M::mem_pestat] mean and std.dev: (361.69, 71.54)
[M::mem_pestat] low and high boundaries for proper pairs: (29, 694)
[M::mem_pestat] skip orientation RF as there are not enough pairs
[M::mem_pestat] skip orientation RR as there are not enough pairs
[M::mem_pestat] skip orientation FF as there are not enough pairs
[M::mem_pestat] analyzing insert size distribution for orientation FR...
[M::mem_pestat] (25, 50, 75) percentile: (315, 363, 411)
[M::mem_pestat] low and high boundaries for computing mean and std.dev: (123, 603)
[M::mem_pestat] mean and std.dev: (363.47, 72.03)
[M::mem_pestat] low and high boundaries for proper pairs: (27, 699)
[M::mem_pestat] skip orientation RF as there are not enough pairs
[M::mem_pestat] skip orientation RR as there are not enough pairs
[M::mem_pestat] skip orientation FF as there are not enough pairs
[M::mem_pestat] analyzing insert size distribution for orientation FR...
[M::mem_pestat] (25, 50, 75) percentile: (316, 363, 411)
[M::mem_pestat] low and high boundaries for computing mean and std.dev: (126, 601)
[M::mem_pestat] mean and std.dev: (364.18, 71.38)
[M::mem_pestat] low and high boundaries for proper pairs: (31, 696)
[M::mem_pestat] skip orientation RF as there are not enough pairs
[M::mem_pestat] analyzing insert size distribution for orientation RR...
[M::mem_pestat] (25, 50, 75) percentile: (5782, 6059, 9962)
[M::mem_pestat] low and high boundaries for computing mean and std.dev: (1, 18322)
[M::mem_pestat] mean and std.dev: (6361.29, 2438.17)
[M::mem_pestat] low and high boundaries for proper pairs: (1, 22502)
[M::mem_pestat] skip orientation RR
[M::mem_pestat] analyzing insert size distribution for orientation FF...
[M::mem_pestat] (25, 50, 75) percentile: (1238, 1238, 1238)
[M::mem_pestat] low and high boundaries for computing mean and std.dev: (1238, 1238)
[M::mem_pestat] mean and std.dev: (1238.00, 0.00)
[M::mem_pestat] low and high boundaries for proper pairs: (1238, 1238)
[M::mem_pestat] analyzing insert size distribution for orientation FR...
[M::mem_pestat] (25, 50, 75) percentile: (315, 362, 409)
[M::mem_pestat] low and high boundaries for computing mean and std.dev: (127, 597)
[M::mem_pestat] mean and std.dev: (362.58, 70.83)
[M::mem_pestat] low and high boundaries for proper pairs: (33, 691)
[M::mem_pestat] skip orientation RF as there are not enough pairs
[M::mem_pestat] analyzing insert size distribution for orientation RR...
[M::mem_pestat] (25, 50, 75) percentile: (6459, 6459, 6728)
[M::mem_pestat] low and high boundaries for computing mean and std.dev: (5921, 7266)
[M::mem_pestat] mean and std.dev: (6488.89, 84.54)
[M::mem_pestat] low and high boundaries for proper pairs: (5652, 7535)
[M::mem_pestat] skip orientation FF
[M::mem_pestat] skip orientation RR
[M::mem_pestat] skip orientation FF as there are not enough pairs
[M::mem_pestat] analyzing insert size distribution for orientation FR...
[M::mem_pestat] (25, 50, 75) percentile: (316, 362, 410)
[M::mem_pestat] low and high boundaries for computing mean and std.dev: (128, 598)
[M::mem_pestat] mean and std.dev: (363.19, 70.55)
[M::mem_pestat] low and high boundaries for proper pairs: (34, 692)
[M::mem_pestat] skip orientation RF as there are not enough pairs
[M::mem_pestat] skip orientation RR as there are not enough pairs
[M::mem_pestat] skip orientation FF as there are not enough pairs
[M::mem_pestat] analyzing insert size distribution for orientation FR...
[M::mem_pestat] (25, 50, 75) percentile: (316, 363, 410)
[M::mem_pestat] low and high boundaries for computing mean and std.dev: (128, 598)
[M::mem_pestat] mean and std.dev: (363.73, 70.80)
[M::mem_pestat] low and high boundaries for proper pairs: (34, 692)
[M::mem_pestat] skip orientation RF as there are not enough pairs
[M::mem_pestat] skip orientation RR as there are not enough pairs
[M::mem_pestat] skip orientation FF as there are not enough pairs
[M::mem_pestat] analyzing insert size distribution for orientation FR...
[M::mem_pestat] (25, 50, 75) percentile: (316, 363, 410)
[M::mem_pestat] low and high boundaries for computing mean and std.dev: (128, 598)
[M::mem_pestat] mean and std.dev: (363.57, 71.24)
[M::mem_pestat] low and high boundaries for proper pairs: (34, 692)
[M::mem_pestat] skip orientation RF as there are not enough pairs
[M::mem_pestat] skip orientation RR as there are not enough pairs
[M::mem_pestat] skip orientation FF as there are not enough pairs
[M::mem_pestat] analyzing insert size distribution for orientation FR...
[M::mem_pestat] (25, 50, 75) percentile: (315, 362, 411)
[M::mem_pestat] low and high boundaries for computing mean and std.dev: (123, 603)
[M::mem_pestat] mean and std.dev: (363.33, 71.69)
[M::mem_pestat] low and high boundaries for proper pairs: (27, 699)
[M::mem_pestat] skip orientation RF as there are not enough pairs
[M::mem_pestat] skip orientation RR as there are not enough pairs
[M::mem_pestat] analyzing insert size distribution for orientation FF...
[M::mem_pestat] (25, 50, 75) percentile: (246, 3100, 3440)
[M::mem_pestat] low and high boundaries for computing mean and std.dev: (1, 9828)
[M::mem_pestat] mean and std.dev: (2925.19, 2332.80)
[M::mem_pestat] low and high boundaries for proper pairs: (1, 13022)
[M::mem_pestat] analyzing insert size distribution for orientation FR...
[M::mem_pestat] (25, 50, 75) percentile: (315, 363, 411)
[M::mem_pestat] low and high boundaries for computing mean and std.dev: (123, 603)
[M::mem_pestat] mean and std.dev: (363.52, 71.80)
[M::mem_pestat] low and high boundaries for proper pairs: (27, 699)
[M::mem_pestat] skip orientation RF as there are not enough pairs
[M::mem_pestat] skip orientation RR as there are not enough pairs
[M::mem_pestat] skip orientation FF
[M::mem_pestat] skip orientation FF as there are not enough pairs
[M::mem_pestat] analyzing insert size distribution for orientation FR...
[M::mem_pestat] (25, 50, 75) percentile: (317, 364, 411)
[M::mem_pestat] low and high boundaries for computing mean and std.dev: (129, 599)
[M::mem_pestat] mean and std.dev: (364.51, 71.22)
[M::mem_pestat] low and high boundaries for proper pairs: (35, 693)
[M::mem_pestat] skip orientation RF as there are not enough pairs
[M::mem_pestat] analyzing insert size distribution for orientation RR...
[M::mem_pestat] (25, 50, 75) percentile: (9036, 9366, 9366)
[M::mem_pestat] low and high boundaries for computing mean and std.dev: (8376, 10026)
[M::mem_pestat] mean and std.dev: (9297.62, 121.75)
[M::mem_pestat] low and high boundaries for proper pairs: (8046, 10356)
[M::mem_pestat] skip orientation RR
[M::mem_pestat] skip orientation FF as there are not enough pairs
[M::mem_pestat] analyzing insert size distribution for orientation FR...
[M::mem_pestat] (25, 50, 75) percentile: (315, 362, 409)
[M::mem_pestat] low and high boundaries for computing mean and std.dev: (127, 597)
[M::mem_pestat] mean and std.dev: (362.80, 71.17)
[M::mem_pestat] low and high boundaries for proper pairs: (33, 691)
[M::mem_pestat] skip orientation RF as there are not enough pairs
[M::mem_pestat] analyzing insert size distribution for orientation RR...
[M::mem_pestat] (25, 50, 75) percentile: (7767, 8868, 8868)
[M::mem_pestat] low and high boundaries for computing mean and std.dev: (5565, 11070)
[M::mem_pestat] mean and std.dev: (8705.62, 615.31)
[M::mem_pestat] low and high boundaries for proper pairs: (4464, 12171)
[M::mem_pestat] skip orientation RR
[M::mem_pestat] skip orientation FF as there are not enough pairs
[M::mem_pestat] analyzing insert size distribution for orientation FR...
[M::mem_pestat] (25, 50, 75) percentile: (316, 362, 410)
[M::mem_pestat] low and high boundaries for computing mean and std.dev: (128, 598)
[M::mem_pestat] mean and std.dev: (363.25, 70.70)
[M::mem_pestat] low and high boundaries for proper pairs: (34, 692)
[M::mem_pestat] skip orientation RF as there are not enough pairs
[M::mem_pestat] skip orientation RR as there are not enough pairs
[M::mem_pestat] skip orientation FF as there are not enough pairs
[M::mem_pestat] analyzing insert size distribution for orientation FR...
[M::mem_pestat] (25, 50, 75) percentile: (315, 362, 410)
[M::mem_pestat] low and high boundaries for computing mean and std.dev: (125, 600)
[M::mem_pestat] mean and std.dev: (363.10, 70.95)
[M::mem_pestat] low and high boundaries for proper pairs: (30, 695)
[M::mem_pestat] skip orientation RF as there are not enough pairs
[M::mem_pestat] skip orientation RR as there are not enough pairs
[M::mem_pestat] skip orientation FF as there are not enough pairs
[M::mem_pestat] analyzing insert size distribution for orientation FR...
[M::mem_pestat] (25, 50, 75) percentile: (315, 362, 410)
[M::mem_pestat] low and high boundaries for computing mean and std.dev: (125, 600)
[M::mem_pestat] mean and std.dev: (363.31, 71.31)
[M::mem_pestat] low and high boundaries for proper pairs: (30, 695)
[M::mem_pestat] skip orientation RF as there are not enough pairs
[M::mem_pestat] skip orientation RR as there are not enough pairs
[M::mem_pestat] skip orientation FF as there are not enough pairs
[M::mem_pestat] analyzing insert size distribution for orientation FR...
[M::mem_pestat] (25, 50, 75) percentile: (310, 358, 407)
[M::mem_pestat] low and high boundaries for computing mean and std.dev: (116, 601)
[M::mem_pestat] mean and std.dev: (359.21, 72.20)
[M::mem_pestat] low and high boundaries for proper pairs: (19, 698)
[M::mem_pestat] skip orientation RF as there are not enough pairs
[M::mem_pestat] skip orientation RR as there are not enough pairs
[M::mem_pestat] skip orientation FF as there are not enough pairs
[M::mem_pestat] analyzing insert size distribution for orientation FR...
[M::mem_pestat] (25, 50, 75) percentile: (308, 356, 406)
[M::mem_pestat] low and high boundaries for computing mean and std.dev: (112, 602)
[M::mem_pestat] mean and std.dev: (357.63, 73.49)
[M::mem_pestat] low and high boundaries for proper pairs: (14, 700)
[M::mem_pestat] skip orientation RF as there are not enough pairs
[M::mem_pestat] skip orientation RR as there are not enough pairs
[M::mem_pestat] skip orientation FF as there are not enough pairs
[M::mem_pestat] analyzing insert size distribution for orientation FR...
[M::mem_pestat] (25, 50, 75) percentile: (312, 361, 409)
[M::mem_pestat] low and high boundaries for computing mean and std.dev: (118, 603)
[M::mem_pestat] mean and std.dev: (361.34, 73.16)
[M::mem_pestat] low and high boundaries for proper pairs: (21, 700)
[M::mem_pestat] skip orientation RF as there are not enough pairs
[M::mem_pestat] analyzing insert size distribution for orientation RR...
[M::mem_pestat] (25, 50, 75) percentile: (2881, 4280, 5573)
[M::mem_pestat] low and high boundaries for computing mean and std.dev: (1, 10957)
[M::mem_pestat] mean and std.dev: (4318.09, 2070.52)
[M::mem_pestat] low and high boundaries for proper pairs: (1, 13649)
[M::mem_pestat] skip orientation RR
[M::mem_pestat] skip orientation FF as there are not enough pairs
[M::mem_pestat] analyzing insert size distribution for orientation FR...
[M::mem_pestat] (25, 50, 75) percentile: (312, 361, 410)
[M::mem_pestat] low and high boundaries for computing mean and std.dev: (116, 606)
[M::mem_pestat] mean and std.dev: (361.96, 73.06)
[M::mem_pestat] low and high boundaries for proper pairs: (18, 704)
[M::mem_pestat] skip orientation RF as there are not enough pairs
[M::mem_pestat] skip orientation RR as there are not enough pairs
[M::mem_pestat] skip orientation FF as there are not enough pairs
[M::mem_pestat] analyzing insert size distribution for orientation FR...
[M::mem_pestat] (25, 50, 75) percentile: (314, 362, 411)
[M::mem_pestat] low and high boundaries for computing mean and std.dev: (120, 605)
[M::mem_pestat] mean and std.dev: (363.10, 72.99)
[M::mem_pestat] low and high boundaries for proper pairs: (23, 702)
[M::mem_pestat] skip orientation RF as there are not enough pairs
[M::mem_pestat] skip orientation RR as there are not enough pairs
[M::mem_pestat] skip orientation FF as there are not enough pairs
[M::mem_pestat] analyzing insert size distribution for orientation FR...
[M::mem_pestat] (25, 50, 75) percentile: (313, 362, 411)
[M::mem_pestat] low and high boundaries for computing mean and std.dev: (117, 607)
[M::mem_pestat] mean and std.dev: (363.04, 73.14)
[M::mem_pestat] low and high boundaries for proper pairs: (19, 705)
[M::mem_pestat] skip orientation RF as there are not enough pairs
[M::mem_pestat] skip orientation RR as there are not enough pairs
[M::mem_pestat] skip orientation FF as there are not enough pairs
[M::mem_pestat] analyzing insert size distribution for orientation FR...
[M::mem_pestat] (25, 50, 75) percentile: (305, 354, 403)
[M::mem_pestat] low and high boundaries for computing mean and std.dev: (109, 599)
[M::mem_pestat] mean and std.dev: (355.17, 73.00)
[M::mem_pestat] low and high boundaries for proper pairs: (11, 697)
[M::mem_pestat] skip orientation RF as there are not enough pairs
[M::mem_pestat] skip orientation RR as there are not enough pairs
[M::mem_pestat] skip orientation FF as there are not enough pairs
[M::mem_pestat] analyzing insert size distribution for orientation FR...
[M::mem_pestat] (25, 50, 75) percentile: (308, 357, 406)
[M::mem_pestat] low and high boundaries for computing mean and std.dev: (112, 602)
[M::mem_pestat] mean and std.dev: (358.10, 73.09)
[M::mem_pestat] low and high boundaries for proper pairs: (14, 700)
[M::mem_pestat] skip orientation RF as there are not enough pairs
[M::mem_pestat] skip orientation RR as there are not enough pairs
[M::mem_pestat] skip orientation FF as there are not enough pairs
[M::mem_pestat] analyzing insert size distribution for orientation FR...
[M::mem_pestat] (25, 50, 75) percentile: (312, 360, 409)
[M::mem_pestat] low and high boundaries for computing mean and std.dev: (118, 603)
[M::mem_pestat] mean and std.dev: (360.86, 72.49)
[M::mem_pestat] low and high boundaries for proper pairs: (21, 700)
[M::mem_pestat] skip orientation RF as there are not enough pairs
[M::mem_pestat] skip orientation RR as there are not enough pairs
[M::mem_pestat] skip orientation FF as there are not enough pairs
[M::mem_pestat] analyzing insert size distribution for orientation FR...
[M::mem_pestat] (25, 50, 75) percentile: (313, 362, 410)
[M::mem_pestat] low and high boundaries for computing mean and std.dev: (119, 604)
[M::mem_pestat] mean and std.dev: (362.34, 72.61)
[M::mem_pestat] low and high boundaries for proper pairs: (22, 701)
[M::mem_pestat] skip orientation RF as there are not enough pairs
[M::mem_pestat] skip orientation RR as there are not enough pairs
[M::mem_pestat] analyzing insert size distribution for orientation FF...
[M::mem_pestat] (25, 50, 75) percentile: (1092, 5973, 7823)
[M::mem_pestat] low and high boundaries for computing mean and std.dev: (1, 21285)
[M::mem_pestat] mean and std.dev: (4569.55, 3309.35)
[M::mem_pestat] low and high boundaries for proper pairs: (1, 28016)
[M::mem_pestat] analyzing insert size distribution for orientation FR...
[M::mem_pestat] (25, 50, 75) percentile: (314, 363, 412)
[M::mem_pestat] low and high boundaries for computing mean and std.dev: (118, 608)
[M::mem_pestat] mean and std.dev: (363.65, 72.84)
[M::mem_pestat] low and high boundaries for proper pairs: (20, 706)
[M::mem_pestat] analyzing insert size distribution for orientation RF...
[M::mem_pestat] (25, 50, 75) percentile: (3890, 5737, 5758)
[M::mem_pestat] low and high boundaries for computing mean and std.dev: (154, 9494)
[M::mem_pestat] mean and std.dev: (4836.40, 1148.43)
[M::mem_pestat] low and high boundaries for proper pairs: (1, 11362)
[M::mem_pestat] skip orientation RR as there are not enough pairs
[M::mem_pestat] skip orientation FF
[M::mem_pestat] skip orientation RF
[M::mem_pestat] skip orientation FF as there are not enough pairs
[M::mem_pestat] analyzing insert size distribution for orientation FR...
[M::mem_pestat] (25, 50, 75) percentile: (310, 358, 408)
[M::mem_pestat] low and high boundaries for computing mean and std.dev: (114, 604)
[M::mem_pestat] mean and std.dev: (359.51, 73.49)
[M::mem_pestat] low and high boundaries for proper pairs: (16, 702)
[M::mem_pestat] skip orientation RF as there are not enough pairs
[M::mem_pestat] skip orientation RR as there are not enough pairs
[M::mem_pestat] skip orientation FF as there are not enough pairs
[M::mem_pestat] analyzing insert size distribution for orientation FR...
[M::mem_pestat] (25, 50, 75) percentile: (308, 357, 407)
[M::mem_pestat] low and high boundaries for computing mean and std.dev: (110, 605)
[M::mem_pestat] mean and std.dev: (358.32, 73.77)
[M::mem_pestat] low and high boundaries for proper pairs: (11, 704)
[M::mem_pestat] skip orientation RF as there are not enough pairs
[M::mem_pestat] skip orientation RR as there are not enough pairs
[M::mem_pestat] skip orientation FF as there are not enough pairs
[M::mem_pestat] analyzing insert size distribution for orientation FR...
[M::mem_pestat] (25, 50, 75) percentile: (312, 361, 410)
[M::mem_pestat] low and high boundaries for computing mean and std.dev: (116, 606)
[M::mem_pestat] mean and std.dev: (361.76, 73.29)
[M::mem_pestat] low and high boundaries for proper pairs: (18, 704)
[M::mem_pestat] skip orientation RF as there are not enough pairs
[M::mem_pestat] skip orientation RR as there are not enough pairs
[M::mem_pestat] skip orientation FF as there are not enough pairs
[M::mem_pestat] analyzing insert size distribution for orientation FR...
[M::mem_pestat] (25, 50, 75) percentile: (313, 362, 410)
[M::mem_pestat] low and high boundaries for computing mean and std.dev: (119, 604)
[M::mem_pestat] mean and std.dev: (362.32, 72.54)
[M::mem_pestat] low and high boundaries for proper pairs: (22, 701)
[M::mem_pestat] skip orientation RF as there are not enough pairs
[M::mem_pestat] skip orientation RR as there are not enough pairs
[M::mem_pestat] skip orientation FF as there are not enough pairs
[M::mem_pestat] analyzing insert size distribution for orientation FR...
[M::mem_pestat] (25, 50, 75) percentile: (315, 363, 412)
[M::mem_pestat] low and high boundaries for computing mean and std.dev: (121, 606)
[M::mem_pestat] mean and std.dev: (363.95, 72.64)
[M::mem_pestat] low and high boundaries for proper pairs: (24, 703)
[M::mem_pestat] skip orientation RF as there are not enough pairs
[M::mem_pestat] skip orientation RR as there are not enough pairs
[M::mem_pestat] skip orientation FF as there are not enough pairs
[M::mem_pestat] analyzing insert size distribution for orientation FR...
[M::mem_pestat] (25, 50, 75) percentile: (315, 364, 413)
[M::mem_pestat] low and high boundaries for computing mean and std.dev: (119, 609)
[M::mem_pestat] mean and std.dev: (364.77, 73.19)
[M::mem_pestat] low and high boundaries for proper pairs: (21, 707)
[M::mem_pestat] analyzing insert size distribution for orientation RF...
[M::mem_pestat] (25, 50, 75) percentile: (2793, 5198, 5600)
[M::mem_pestat] low and high boundaries for computing mean and std.dev: (1, 11214)
[M::mem_pestat] mean and std.dev: (4458.62, 1758.46)
[M::mem_pestat] low and high boundaries for proper pairs: (1, 14021)
[M::mem_pestat] skip orientation RR as there are not enough pairs
[M::mem_pestat] skip orientation RF
[M::mem_pestat] skip orientation FF as there are not enough pairs
[M::mem_pestat] analyzing insert size distribution for orientation FR...
[M::mem_pestat] (25, 50, 75) percentile: (306, 356, 405)
[M::mem_pestat] low and high boundaries for computing mean and std.dev: (108, 603)
[M::mem_pestat] mean and std.dev: (356.68, 73.65)
[M::mem_pestat] low and high boundaries for proper pairs: (9, 702)
[M::mem_pestat] skip orientation RF as there are not enough pairs
[M::mem_pestat] skip orientation RR as there are not enough pairs
[M::mem_pestat] skip orientation FF as there are not enough pairs
[M::mem_pestat] analyzing insert size distribution for orientation FR...
[M::mem_pestat] (25, 50, 75) percentile: (312, 360, 410)
[M::mem_pestat] low and high boundaries for computing mean and std.dev: (116, 606)
[M::mem_pestat] mean and std.dev: (361.41, 73.59)
[M::mem_pestat] low and high boundaries for proper pairs: (18, 704)
[M::mem_pestat] skip orientation RF as there are not enough pairs
[M::mem_pestat] skip orientation RR as there are not enough pairs
[M::mem_pestat] skip orientation FF as there are not enough pairs
[M::mem_pestat] analyzing insert size distribution for orientation FR...
[M::mem_pestat] (25, 50, 75) percentile: (314, 362, 411)
[M::mem_pestat] low and high boundaries for computing mean and std.dev: (120, 605)
[M::mem_pestat] mean and std.dev: (362.67, 72.65)
[M::mem_pestat] low and high boundaries for proper pairs: (23, 702)
[M::mem_pestat] skip orientation RF as there are not enough pairs
[M::mem_pestat] skip orientation RR as there are not enough pairs
[M::mem_pestat] skip orientation FF as there are not enough pairs
[M::mem_pestat] analyzing insert size distribution for orientation FR...
[M::mem_pestat] (25, 50, 75) percentile: (315, 363, 412)
[M::mem_pestat] low and high boundaries for computing mean and std.dev: (121, 606)
[M::mem_pestat] mean and std.dev: (363.91, 72.42)
[M::mem_pestat] low and high boundaries for proper pairs: (24, 703)
[M::mem_pestat] skip orientation RF as there are not enough pairs
[M::mem_pestat] skip orientation RR as there are not enough pairs
[M::mem_pestat] skip orientation FF as there are not enough pairs
[M::mem_pestat] analyzing insert size distribution for orientation FR...
[M::mem_pestat] (25, 50, 75) percentile: (317, 365, 414)
[M::mem_pestat] low and high boundaries for computing mean and std.dev: (123, 608)
[M::mem_pestat] mean and std.dev: (365.91, 72.48)
[M::mem_pestat] low and high boundaries for proper pairs: (26, 705)
[M::mem_pestat] skip orientation RF as there are not enough pairs
[M::mem_pestat] skip orientation RR as there are not enough pairs
[M::mem_pestat] skip orientation FF as there are not enough pairs
[M::mem_pestat] analyzing insert size distribution for orientation FR...
[M::mem_pestat] (25, 50, 75) percentile: (314, 362, 411)
[M::mem_pestat] low and high boundaries for computing mean and std.dev: (120, 605)
[M::mem_pestat] mean and std.dev: (363.25, 72.83)
[M::mem_pestat] low and high boundaries for proper pairs: (23, 702)
[M::mem_pestat] skip orientation RF as there are not enough pairs
[M::mem_pestat] skip orientation RR as there are not enough pairs
[main] Version: 0.7.17-r1188
[main] CMD: bwa mem -v 1 -t 16 /data/NCBR/projects/NCBR-492/data/manual_analysis/binning/SF5/work_files/assembly.fa /data/NCBR/projects/NCBR-492/data/manual_analysis/fastp/SF5.trimmed_1.fastq /data/NCBR/projects/NCBR-492/data/manual_analysis/fastp/SF5.trimmed_2.fastq
[main] Real time: 173.342 sec; CPU: 2305.824 sec
[bam_sort_core] merging from 16 files and 16 in-memory blocks...
Output depth matrix to /data/NCBR/projects/NCBR-492/data/manual_analysis/binning/SF5/work_files/metabat_depth.txt
Output matrix to /data/NCBR/projects/NCBR-492/data/manual_analysis/binning/SF5/work_files/metabat_depth.txt
Opening 1 bams
Consolidating headers
Processing bam files
Thread 0 finished: SF5.trimmed.bam with 54264409 reads and 53689877 readsWellMapped
Creating depth matrix file: /data/NCBR/projects/NCBR-492/data/manual_analysis/binning/SF5/work_files/metabat_depth.txt
Closing most bam files
Closing last bam file
Finished
Output depth matrix to /data/NCBR/projects/NCBR-492/data/manual_analysis/binning/SF5/work_files/mb2_master_depth.txt
Calculating intra contig depth variance
Output matrix to /data/NCBR/projects/NCBR-492/data/manual_analysis/binning/SF5/work_files/mb2_master_depth.txt
Opening 1 bams
Consolidating headers
Processing bam files
Thread 0 finished: SF5.trimmed.bam with 54264409 reads and 53689877 readsWellMapped
Creating depth matrix file: /data/NCBR/projects/NCBR-492/data/manual_analysis/binning/SF5/work_files/mb2_master_depth.txt
Closing most bam files
Closing last bam file
Finished
/data/NCBR/apps/genome-assembly/conda/envs/metawrap-env/bin/concoct_coverage_table.py:48: FutureWarning: read_table is deprecated, use read_csv instead, passing sep='\t'.
  df = pd.read_table(fh, header=None)
Up and running. Check /data/NCBR/projects/NCBR-492/data/manual_analysis/binning/SF5/work_files/concoct_out/log.txt for progress
/data/NCBR/apps/genome-assembly/conda/envs/metawrap-env/lib/python2.7/site-packages/concoct/input.py:82: FutureWarning: read_table is deprecated, use read_csv instead, passing sep='\t'.
  cov = p.read_table(cov_file, header=0, index_col=0)
Setting 16 OMP threads
Generate input data
0,-248501.223149,315061.020713
1,-60000.660018,188500.563132
2,-39708.400897,20292.259121
3,-37454.896188,2253.504709
4,-35299.661716,2155.234472
5,-33189.406640,2110.255075
6,-29240.251599,3949.155041
7,-29238.448754,1.802845
8,-29229.163159,9.285595
9,-29230.894652,1.731493
10,-29230.933351,0.038699
11,-29230.935492,0.002141
12,-29230.935538,0.000046
CONCOCT Finished, the log shows how it went.
NODE_5_length_357174_cov_980.017090	[('9', 2), ('12', 33)], chosen: 12
NODE_9_length_127337_cov_963.987964	[('12', 12)]
NODE_6_length_304410_cov_998.323382	[('2', 1), ('12', 29)], chosen: 12
NODE_4_length_578340_cov_992.807993	[('12', 57)]
NODE_10_length_119951_cov_987.407428	[('12', 11)]
NODE_11_length_36822_cov_1050.323823	[('12', 2), ('6', 1)], chosen: 12
NODE_12_length_31726_cov_975.929999	[('12', 3)]
NODE_8_length_199728_cov_1002.915547	[('11', 2), ('12', 17)], chosen: 12
NODE_3_length_620566_cov_994.018380	[('12', 62)]
NODE_2_length_687112_cov_1003.214447	[('12', 66), ('5', 1), ('4', 1)], chosen: 12
NODE_7_length_214205_cov_987.126341	[('12', 21)]
NODE_1_length_1843327_cov_987.747094	[('9', 2), ('2', 2), ('12', 178), ('10', 1), ('8', 1)], chosen: 12

real	7m29.739s
user	45m29.907s
sys	2m24.343s
