[+] Loading bwa 0.7.17 on cn3126 
[bwa_index] Pack FASTA... 0.03 sec
[bwa_index] Construct BWT for the packed sequence...
[bwa_index] 0.71 seconds elapse.
[bwa_index] Update BWT... 0.02 sec
[bwa_index] Pack forward-only FASTA... 0.02 sec
[bwa_index] Construct SA from BWT and Occ... 0.39 sec
[main] Version: 0.7.17-r1188
[main] CMD: bwa index /data/NCBR/projects/NCBR-492/data/manual_analysis/MAGs/SF2_metawrap.bin.1.fa
[main] Real time: 1.231 sec; CPU: 1.165 sec
[M::bwa_idx_load_from_disk] read 0 ALT contigs
[M::process] read 1067438 sequences (160000080 bp)...
[M::process] read 1067398 sequences (160000094 bp)...
[M::mem_pestat] # candidate unique pairs for (FF, FR, RF, RR): (52, 475355, 188, 57)
[M::mem_pestat] analyzing insert size distribution for orientation FF...
[M::mem_pestat] (25, 50, 75) percentile: (2250, 3583, 5246)
[M::mem_pestat] low and high boundaries for computing mean and std.dev: (1, 11238)
[M::mem_pestat] mean and std.dev: (3631.25, 2009.37)
[M::mem_pestat] low and high boundaries for proper pairs: (1, 14234)
[M::mem_pestat] analyzing insert size distribution for orientation FR...
[M::mem_pestat] (25, 50, 75) percentile: (295, 344, 394)
[M::mem_pestat] low and high boundaries for computing mean and std.dev: (97, 592)
[M::mem_pestat] mean and std.dev: (345.84, 73.55)
[M::mem_pestat] low and high boundaries for proper pairs: (1, 691)
[M::mem_pestat] analyzing insert size distribution for orientation RF...
[M::mem_pestat] (25, 50, 75) percentile: (32, 89, 487)
[M::mem_pestat] low and high boundaries for computing mean and std.dev: (1, 1397)
[M::mem_pestat] mean and std.dev: (146.80, 177.81)
[M::mem_pestat] low and high boundaries for proper pairs: (1, 1852)
[M::mem_pestat] analyzing insert size distribution for orientation RR...
[M::mem_pestat] (25, 50, 75) percentile: (1217, 3495, 3612)
[M::mem_pestat] low and high boundaries for computing mean and std.dev: (1, 8402)
[M::mem_pestat] mean and std.dev: (3139.55, 2024.32)
[M::mem_pestat] low and high boundaries for proper pairs: (1, 11237)
[M::mem_pestat] skip orientation FF
[M::mem_pestat] skip orientation RF
[M::mem_pestat] skip orientation RR
[M::mem_process_seqs] Processed 1067438 reads in 96.073 CPU sec, 6.603 real sec
[M::process] read 1067404 sequences (160000146 bp)...
[M::mem_pestat] # candidate unique pairs for (FF, FR, RF, RR): (65, 474803, 164, 46)
[M::mem_pestat] analyzing insert size distribution for orientation FF...
[M::mem_pestat] (25, 50, 75) percentile: (1116, 3501, 3620)
[M::mem_pestat] low and high boundaries for computing mean and std.dev: (1, 8628)
[M::mem_pestat] mean and std.dev: (3210.78, 1843.01)
[M::mem_pestat] low and high boundaries for proper pairs: (1, 11132)
[M::mem_pestat] analyzing insert size distribution for orientation FR...
[M::mem_pestat] (25, 50, 75) percentile: (297, 346, 396)
[M::mem_pestat] low and high boundaries for computing mean and std.dev: (99, 594)
[M::mem_pestat] mean and std.dev: (347.51, 73.64)
[M::mem_pestat] low and high boundaries for proper pairs: (1, 693)
[M::mem_pestat] analyzing insert size distribution for orientation RF...
[M::mem_pestat] (25, 50, 75) percentile: (23, 108, 497)
[M::mem_pestat] low and high boundaries for computing mean and std.dev: (1, 1445)
[M::mem_pestat] mean and std.dev: (121.14, 160.20)
[M::mem_pestat] low and high boundaries for proper pairs: (1, 1919)
[M::mem_pestat] analyzing insert size distribution for orientation RR...
[M::mem_pestat] (25, 50, 75) percentile: (3457, 3952, 4402)
[M::mem_pestat] low and high boundaries for computing mean and std.dev: (1567, 6292)
[M::mem_pestat] mean and std.dev: (4244.37, 875.61)
[M::mem_pestat] low and high boundaries for proper pairs: (622, 7747)
[M::mem_pestat] skip orientation FF
[M::mem_pestat] skip orientation RF
[M::mem_pestat] skip orientation RR
[M::mem_process_seqs] Processed 1067398 reads in 96.655 CPU sec, 6.279 real sec
[M::process] read 1067386 sequences (160000212 bp)...
[M::mem_pestat] # candidate unique pairs for (FF, FR, RF, RR): (60, 474800, 132, 54)
[M::mem_pestat] analyzing insert size distribution for orientation FF...
[M::mem_pestat] (25, 50, 75) percentile: (1005, 3443, 3620)
[M::mem_pestat] low and high boundaries for computing mean and std.dev: (1, 8850)
[M::mem_pestat] mean and std.dev: (2748.05, 1747.13)
[M::mem_pestat] low and high boundaries for proper pairs: (1, 11465)
[M::mem_pestat] analyzing insert size distribution for orientation FR...
[M::mem_pestat] (25, 50, 75) percentile: (295, 344, 395)
[M::mem_pestat] low and high boundaries for computing mean and std.dev: (95, 595)
[M::mem_pestat] mean and std.dev: (346.10, 73.67)
[M::mem_pestat] low and high boundaries for proper pairs: (1, 695)
[M::mem_pestat] analyzing insert size distribution for orientation RF...
[M::mem_pestat] (25, 50, 75) percentile: (27, 89, 415)
[M::mem_pestat] low and high boundaries for computing mean and std.dev: (1, 1191)
[M::mem_pestat] mean and std.dev: (146.66, 182.28)
[M::mem_pestat] low and high boundaries for proper pairs: (1, 1579)
[M::mem_pestat] analyzing insert size distribution for orientation RR...
[M::mem_pestat] (25, 50, 75) percentile: (3199, 3452, 3631)
[M::mem_pestat] low and high boundaries for computing mean and std.dev: (2335, 4495)
[M::mem_pestat] mean and std.dev: (3566.97, 398.25)
[M::mem_pestat] low and high boundaries for proper pairs: (1903, 5160)
[M::mem_pestat] skip orientation FF
[M::mem_pestat] skip orientation RF
[M::mem_pestat] skip orientation RR
[M::mem_process_seqs] Processed 1067404 reads in 97.606 CPU sec, 6.376 real sec
[M::process] read 1067296 sequences (160000296 bp)...
[M::mem_pestat] # candidate unique pairs for (FF, FR, RF, RR): (46, 474407, 185, 64)
[M::mem_pestat] analyzing insert size distribution for orientation FF...
[M::mem_pestat] (25, 50, 75) percentile: (1084, 3575, 4249)
[M::mem_pestat] low and high boundaries for computing mean and std.dev: (1, 10579)
[M::mem_pestat] mean and std.dev: (3298.65, 1883.79)
[M::mem_pestat] low and high boundaries for proper pairs: (1, 13744)
[M::mem_pestat] analyzing insert size distribution for orientation FR...
[M::mem_pestat] (25, 50, 75) percentile: (295, 345, 396)
[M::mem_pestat] low and high boundaries for computing mean and std.dev: (93, 598)
[M::mem_pestat] mean and std.dev: (347.05, 74.44)
[M::mem_pestat] low and high boundaries for proper pairs: (1, 699)
[M::mem_pestat] analyzing insert size distribution for orientation RF...
[M::mem_pestat] (25, 50, 75) percentile: (31, 89, 536)
[M::mem_pestat] low and high boundaries for computing mean and std.dev: (1, 1546)
[M::mem_pestat] mean and std.dev: (122.47, 163.11)
[M::mem_pestat] low and high boundaries for proper pairs: (1, 2051)
[M::mem_pestat] analyzing insert size distribution for orientation RR...
[M::mem_pestat] (25, 50, 75) percentile: (1403, 3480, 4200)
[M::mem_pestat] low and high boundaries for computing mean and std.dev: (1, 9794)
[M::mem_pestat] mean and std.dev: (3333.97, 1744.51)
[M::mem_pestat] low and high boundaries for proper pairs: (1, 12591)
[M::mem_pestat] skip orientation FF
[M::mem_pestat] skip orientation RF
[M::mem_pestat] skip orientation RR
[M::mem_process_seqs] Processed 1067386 reads in 94.889 CPU sec, 6.157 real sec
[M::process] read 1067446 sequences (160000288 bp)...
[M::mem_pestat] # candidate unique pairs for (FF, FR, RF, RR): (53, 474535, 182, 65)
[M::mem_pestat] analyzing insert size distribution for orientation FF...
[M::mem_pestat] (25, 50, 75) percentile: (1076, 3355, 3620)
[M::mem_pestat] low and high boundaries for computing mean and std.dev: (1, 8708)
[M::mem_pestat] mean and std.dev: (2806.26, 1518.36)
[M::mem_pestat] low and high boundaries for proper pairs: (1, 11252)
[M::mem_pestat] analyzing insert size distribution for orientation FR...
[M::mem_pestat] (25, 50, 75) percentile: (296, 346, 397)
[M::mem_pestat] low and high boundaries for computing mean and std.dev: (94, 599)
[M::mem_pestat] mean and std.dev: (347.74, 74.41)
[M::mem_pestat] low and high boundaries for proper pairs: (1, 700)
[M::mem_pestat] analyzing insert size distribution for orientation RF...
[M::mem_pestat] (25, 50, 75) percentile: (25, 78, 618)
[M::mem_pestat] low and high boundaries for computing mean and std.dev: (1, 1804)
[M::mem_pestat] mean and std.dev: (147.30, 278.96)
[M::mem_pestat] low and high boundaries for proper pairs: (1, 2397)
[M::mem_pestat] analyzing insert size distribution for orientation RR...
[M::mem_pestat] (25, 50, 75) percentile: (3224, 3622, 4440)
[M::mem_pestat] low and high boundaries for computing mean and std.dev: (792, 6872)
[M::mem_pestat] mean and std.dev: (3469.68, 1555.26)
[M::mem_pestat] low and high boundaries for proper pairs: (1, 9691)
[M::mem_pestat] skip orientation FF
[M::mem_pestat] skip orientation RF
[M::mem_pestat] skip orientation RR
[M::mem_process_seqs] Processed 1067296 reads in 95.943 CPU sec, 6.196 real sec
[M::process] read 1067344 sequences (160000256 bp)...
[M::mem_pestat] # candidate unique pairs for (FF, FR, RF, RR): (35, 475588, 143, 60)
[M::mem_pestat] analyzing insert size distribution for orientation FF...
[M::mem_pestat] (25, 50, 75) percentile: (1273, 3417, 3568)
[M::mem_pestat] low and high boundaries for computing mean and std.dev: (1, 8158)
[M::mem_pestat] mean and std.dev: (2789.94, 1483.24)
[M::mem_pestat] low and high boundaries for proper pairs: (1, 10453)
[M::mem_pestat] analyzing insert size distribution for orientation FR...
[M::mem_pestat] (25, 50, 75) percentile: (296, 346, 396)
[M::mem_pestat] low and high boundaries for computing mean and std.dev: (96, 596)
[M::mem_pestat] mean and std.dev: (347.57, 74.17)
[M::mem_pestat] low and high boundaries for proper pairs: (1, 696)
[M::mem_pestat] analyzing insert size distribution for orientation RF...
[M::mem_pestat] (25, 50, 75) percentile: (22, 91, 448)
[M::mem_pestat] low and high boundaries for computing mean and std.dev: (1, 1300)
[M::mem_pestat] mean and std.dev: (139.76, 168.53)
[M::mem_pestat] low and high boundaries for proper pairs: (1, 1726)
[M::mem_pestat] analyzing insert size distribution for orientation RR...
[M::mem_pestat] (25, 50, 75) percentile: (1202, 3604, 3790)
[M::mem_pestat] low and high boundaries for computing mean and std.dev: (1, 8966)
[M::mem_pestat] mean and std.dev: (3074.98, 1352.50)
[M::mem_pestat] low and high boundaries for proper pairs: (1, 11554)
[M::mem_pestat] skip orientation FF
[M::mem_pestat] skip orientation RF
[M::mem_pestat] skip orientation RR
[M::mem_process_seqs] Processed 1067446 reads in 94.515 CPU sec, 6.119 real sec
[M::process] read 1067376 sequences (160000086 bp)...
[M::mem_pestat] # candidate unique pairs for (FF, FR, RF, RR): (59, 474179, 167, 60)
[M::mem_pestat] analyzing insert size distribution for orientation FF...
[M::mem_pestat] (25, 50, 75) percentile: (3421, 3611, 4142)
[M::mem_pestat] low and high boundaries for computing mean and std.dev: (1979, 5584)
[M::mem_pestat] mean and std.dev: (3930.40, 639.54)
[M::mem_pestat] low and high boundaries for proper pairs: (1258, 6489)
[M::mem_pestat] analyzing insert size distribution for orientation FR...
[M::mem_pestat] (25, 50, 75) percentile: (297, 347, 398)
[M::mem_pestat] low and high boundaries for computing mean and std.dev: (95, 600)
[M::mem_pestat] mean and std.dev: (348.73, 74.30)
[M::mem_pestat] low and high boundaries for proper pairs: (1, 701)
[M::mem_pestat] analyzing insert size distribution for orientation RF...
[M::mem_pestat] (25, 50, 75) percentile: (39, 120, 511)
[M::mem_pestat] low and high boundaries for computing mean and std.dev: (1, 1455)
[M::mem_pestat] mean and std.dev: (134.99, 163.29)
[M::mem_pestat] low and high boundaries for proper pairs: (1, 1927)
[M::mem_pestat] analyzing insert size distribution for orientation RR...
[M::mem_pestat] (25, 50, 75) percentile: (3453, 3622, 4306)
[M::mem_pestat] low and high boundaries for computing mean and std.dev: (1747, 6012)
[M::mem_pestat] mean and std.dev: (3966.07, 934.92)
[M::mem_pestat] low and high boundaries for proper pairs: (226, 7706)
[M::mem_pestat] skip orientation FF
[M::mem_pestat] skip orientation RF
[M::mem_pestat] skip orientation RR
[M::mem_process_seqs] Processed 1067344 reads in 94.069 CPU sec, 6.104 real sec
[M::process] read 1067438 sequences (160000028 bp)...
[M::mem_pestat] # candidate unique pairs for (FF, FR, RF, RR): (54, 475072, 159, 47)
[M::mem_pestat] analyzing insert size distribution for orientation FF...
[M::mem_pestat] (25, 50, 75) percentile: (3476, 3615, 4220)
[M::mem_pestat] low and high boundaries for computing mean and std.dev: (1988, 5708)
[M::mem_pestat] mean and std.dev: (4021.66, 778.32)
[M::mem_pestat] low and high boundaries for proper pairs: (908, 7135)
[M::mem_pestat] analyzing insert size distribution for orientation FR...
[M::mem_pestat] (25, 50, 75) percentile: (296, 345, 396)
[M::mem_pestat] low and high boundaries for computing mean and std.dev: (96, 596)
[M::mem_pestat] mean and std.dev: (346.85, 74.17)
[M::mem_pestat] low and high boundaries for proper pairs: (1, 696)
[M::mem_pestat] analyzing insert size distribution for orientation RF...
[M::mem_pestat] (25, 50, 75) percentile: (27, 103, 495)
[M::mem_pestat] low and high boundaries for computing mean and std.dev: (1, 1431)
[M::mem_pestat] mean and std.dev: (167.12, 195.50)
[M::mem_pestat] low and high boundaries for proper pairs: (1, 1899)
[M::mem_pestat] analyzing insert size distribution for orientation RR...
[M::mem_pestat] (25, 50, 75) percentile: (3348, 3604, 5539)
[M::mem_pestat] low and high boundaries for computing mean and std.dev: (1, 9921)
[M::mem_pestat] mean and std.dev: (3744.21, 1847.55)
[M::mem_pestat] low and high boundaries for proper pairs: (1, 12112)
[M::mem_pestat] skip orientation FF
[M::mem_pestat] skip orientation RF
[M::mem_pestat] skip orientation RR
[M::mem_process_seqs] Processed 1067376 reads in 94.344 CPU sec, 6.111 real sec
[M::process] read 1067370 sequences (160000004 bp)...
[M::mem_pestat] # candidate unique pairs for (FF, FR, RF, RR): (54, 474612, 167, 35)
[M::mem_pestat] analyzing insert size distribution for orientation FF...
[M::mem_pestat] (25, 50, 75) percentile: (1193, 3499, 5333)
[M::mem_pestat] low and high boundaries for computing mean and std.dev: (1, 13613)
[M::mem_pestat] mean and std.dev: (3532.41, 2306.46)
[M::mem_pestat] low and high boundaries for proper pairs: (1, 17753)
[M::mem_pestat] analyzing insert size distribution for orientation FR...
[M::mem_pestat] (25, 50, 75) percentile: (295, 344, 396)
[M::mem_pestat] low and high boundaries for computing mean and std.dev: (93, 598)
[M::mem_pestat] mean and std.dev: (346.34, 74.42)
[M::mem_pestat] low and high boundaries for proper pairs: (1, 699)
[M::mem_pestat] analyzing insert size distribution for orientation RF...
[M::mem_pestat] (25, 50, 75) percentile: (21, 80, 461)
[M::mem_pestat] low and high boundaries for computing mean and std.dev: (1, 1341)
[M::mem_pestat] mean and std.dev: (115.47, 154.08)
[M::mem_pestat] low and high boundaries for proper pairs: (1, 1781)
[M::mem_pestat] analyzing insert size distribution for orientation RR...
[M::mem_pestat] (25, 50, 75) percentile: (1239, 3461, 4171)
[M::mem_pestat] low and high boundaries for computing mean and std.dev: (1, 10035)
[M::mem_pestat] mean and std.dev: (3075.91, 1788.12)
[M::mem_pestat] low and high boundaries for proper pairs: (1, 12967)
[M::mem_pestat] skip orientation FF
[M::mem_pestat] skip orientation RF
[M::mem_pestat] skip orientation RR
[M::mem_process_seqs] Processed 1067438 reads in 94.907 CPU sec, 6.105 real sec
[M::process] read 1067386 sequences (160000042 bp)...
[M::mem_pestat] # candidate unique pairs for (FF, FR, RF, RR): (41, 474712, 123, 53)
[M::mem_pestat] analyzing insert size distribution for orientation FF...
[M::mem_pestat] (25, 50, 75) percentile: (3319, 3528, 3911)
[M::mem_pestat] low and high boundaries for computing mean and std.dev: (2135, 5095)
[M::mem_pestat] mean and std.dev: (3675.92, 362.88)
[M::mem_pestat] low and high boundaries for proper pairs: (1543, 5687)
[M::mem_pestat] analyzing insert size distribution for orientation FR...
[M::mem_pestat] (25, 50, 75) percentile: (296, 346, 396)
[M::mem_pestat] low and high boundaries for computing mean and std.dev: (96, 596)
[M::mem_pestat] mean and std.dev: (347.61, 74.01)
[M::mem_pestat] low and high boundaries for proper pairs: (1, 696)
[M::mem_pestat] analyzing insert size distribution for orientation RF...
[M::mem_pestat] (25, 50, 75) percentile: (36, 84, 451)
[M::mem_pestat] low and high boundaries for computing mean and std.dev: (1, 1281)
[M::mem_pestat] mean and std.dev: (146.61, 172.40)
[M::mem_pestat] low and high boundaries for proper pairs: (1, 1696)
[M::mem_pestat] analyzing insert size distribution for orientation RR...
[M::mem_pestat] (25, 50, 75) percentile: (954, 3325, 3600)
[M::mem_pestat] low and high boundaries for computing mean and std.dev: (1, 8892)
[M::mem_pestat] mean and std.dev: (2677.87, 1488.85)
[M::mem_pestat] low and high boundaries for proper pairs: (1, 11538)
[M::mem_pestat] skip orientation FF
[M::mem_pestat] skip orientation RF
[M::mem_pestat] skip orientation RR
[M::mem_process_seqs] Processed 1067370 reads in 97.978 CPU sec, 6.361 real sec
[M::process] read 1067414 sequences (160000178 bp)...
[M::mem_pestat] # candidate unique pairs for (FF, FR, RF, RR): (48, 475414, 169, 56)
[M::mem_pestat] analyzing insert size distribution for orientation FF...
[M::mem_pestat] (25, 50, 75) percentile: (1137, 3510, 3633)
[M::mem_pestat] low and high boundaries for computing mean and std.dev: (1, 8625)
[M::mem_pestat] mean and std.dev: (2900.70, 1603.99)
[M::mem_pestat] low and high boundaries for proper pairs: (1, 11121)
[M::mem_pestat] analyzing insert size distribution for orientation FR...
[M::mem_pestat] (25, 50, 75) percentile: (296, 345, 395)
[M::mem_pestat] low and high boundaries for computing mean and std.dev: (98, 593)
[M::mem_pestat] mean and std.dev: (346.63, 73.70)
[M::mem_pestat] low and high boundaries for proper pairs: (1, 692)
[M::mem_pestat] analyzing insert size distribution for orientation RF...
[M::mem_pestat] (25, 50, 75) percentile: (28, 80, 434)
[M::mem_pestat] low and high boundaries for computing mean and std.dev: (1, 1246)
[M::mem_pestat] mean and std.dev: (121.10, 156.70)
[M::mem_pestat] low and high boundaries for proper pairs: (1, 1652)
[M::mem_pestat] analyzing insert size distribution for orientation RR...
[M::mem_pestat] (25, 50, 75) percentile: (3233, 3601, 5050)
[M::mem_pestat] low and high boundaries for computing mean and std.dev: (1, 8684)
[M::mem_pestat] mean and std.dev: (3527.22, 1731.48)
[M::mem_pestat] low and high boundaries for proper pairs: (1, 10501)
[M::mem_pestat] skip orientation FF
[M::mem_pestat] skip orientation RF
[M::mem_pestat] skip orientation RR
[M::mem_process_seqs] Processed 1067386 reads in 99.459 CPU sec, 6.479 real sec
[M::process] read 1067340 sequences (160000044 bp)...
[M::mem_pestat] # candidate unique pairs for (FF, FR, RF, RR): (72, 475045, 154, 39)
[M::mem_pestat] analyzing insert size distribution for orientation FF...
[M::mem_pestat] (25, 50, 75) percentile: (1035, 3598, 4373)
[M::mem_pestat] low and high boundaries for computing mean and std.dev: (1, 11049)
[M::mem_pestat] mean and std.dev: (3247.78, 1839.16)
[M::mem_pestat] low and high boundaries for proper pairs: (1, 14387)
[M::mem_pestat] analyzing insert size distribution for orientation FR...
[M::mem_pestat] (25, 50, 75) percentile: (297, 347, 397)
[M::mem_pestat] low and high boundaries for computing mean and std.dev: (97, 597)
[M::mem_pestat] mean and std.dev: (348.48, 74.02)
[M::mem_pestat] low and high boundaries for proper pairs: (1, 697)
[M::mem_pestat] analyzing insert size distribution for orientation RF...
[M::mem_pestat] (25, 50, 75) percentile: (30, 98, 424)
[M::mem_pestat] low and high boundaries for computing mean and std.dev: (1, 1212)
[M::mem_pestat] mean and std.dev: (126.03, 163.17)
[M::mem_pestat] low and high boundaries for proper pairs: (1, 1606)
[M::mem_pestat] analyzing insert size distribution for orientation RR...
[M::mem_pestat] (25, 50, 75) percentile: (1106, 3579, 4678)
[M::mem_pestat] low and high boundaries for computing mean and std.dev: (1, 11822)
[M::mem_pestat] mean and std.dev: (3250.36, 1889.55)
[M::mem_pestat] low and high boundaries for proper pairs: (1, 15394)
[M::mem_pestat] skip orientation FF
[M::mem_pestat] skip orientation RF
[M::mem_pestat] skip orientation RR
[M::mem_process_seqs] Processed 1067414 reads in 97.599 CPU sec, 6.305 real sec
[M::process] read 1067332 sequences (160000298 bp)...
[M::mem_pestat] # candidate unique pairs for (FF, FR, RF, RR): (60, 474837, 198, 43)
[M::mem_pestat] analyzing insert size distribution for orientation FF...
[M::mem_pestat] (25, 50, 75) percentile: (3173, 3568, 4003)
[M::mem_pestat] low and high boundaries for computing mean and std.dev: (1513, 5663)
[M::mem_pestat] mean and std.dev: (3656.21, 604.73)
[M::mem_pestat] low and high boundaries for proper pairs: (683, 6493)
[M::mem_pestat] analyzing insert size distribution for orientation FR...
[M::mem_pestat] (25, 50, 75) percentile: (295, 344, 395)
[M::mem_pestat] low and high boundaries for computing mean and std.dev: (95, 595)
[M::mem_pestat] mean and std.dev: (346.09, 73.91)
[M::mem_pestat] low and high boundaries for proper pairs: (1, 695)
[M::mem_pestat] analyzing insert size distribution for orientation RF...
[M::mem_pestat] (25, 50, 75) percentile: (24, 105, 511)
[M::mem_pestat] low and high boundaries for computing mean and std.dev: (1, 1485)
[M::mem_pestat] mean and std.dev: (114.92, 175.56)
[M::mem_pestat] low and high boundaries for proper pairs: (1, 1972)
[M::mem_pestat] analyzing insert size distribution for orientation RR...
[M::mem_pestat] (25, 50, 75) percentile: (1672, 3474, 3620)
[M::mem_pestat] low and high boundaries for computing mean and std.dev: (1, 7516)
[M::mem_pestat] mean and std.dev: (3000.79, 1499.10)
[M::mem_pestat] low and high boundaries for proper pairs: (1, 9464)
[M::mem_pestat] skip orientation FF
[M::mem_pestat] skip orientation RF
[M::mem_pestat] skip orientation RR
[M::mem_process_seqs] Processed 1067340 reads in 97.463 CPU sec, 6.294 real sec
[M::process] read 1067326 sequences (160000024 bp)...
[M::mem_pestat] # candidate unique pairs for (FF, FR, RF, RR): (47, 474947, 148, 39)
[M::mem_pestat] analyzing insert size distribution for orientation FF...
[M::mem_pestat] (25, 50, 75) percentile: (3545, 3611, 4425)
[M::mem_pestat] low and high boundaries for computing mean and std.dev: (1785, 6185)
[M::mem_pestat] mean and std.dev: (4004.75, 858.87)
[M::mem_pestat] low and high boundaries for proper pairs: (569, 7440)
[M::mem_pestat] analyzing insert size distribution for orientation FR...
[M::mem_pestat] (25, 50, 75) percentile: (294, 344, 395)
[M::mem_pestat] low and high boundaries for computing mean and std.dev: (92, 597)
[M::mem_pestat] mean and std.dev: (346.03, 74.60)
[M::mem_pestat] low and high boundaries for proper pairs: (1, 698)
[M::mem_pestat] analyzing insert size distribution for orientation RF...
[M::mem_pestat] (25, 50, 75) percentile: (27, 82, 239)
[M::mem_pestat] low and high boundaries for computing mean and std.dev: (1, 663)
[M::mem_pestat] mean and std.dev: (115.53, 139.82)
[M::mem_pestat] low and high boundaries for proper pairs: (1, 875)
[M::mem_pestat] analyzing insert size distribution for orientation RR...
[M::mem_pestat] (25, 50, 75) percentile: (1158, 3500, 4211)
[M::mem_pestat] low and high boundaries for computing mean and std.dev: (1, 10317)
[M::mem_pestat] mean and std.dev: (3564.90, 2460.23)
[M::mem_pestat] low and high boundaries for proper pairs: (1, 13406)
[M::mem_pestat] skip orientation FF
[M::mem_pestat] skip orientation RF
[M::mem_pestat] skip orientation RR
[M::mem_process_seqs] Processed 1067332 reads in 95.614 CPU sec, 6.178 real sec
[M::process] read 1067420 sequences (160000166 bp)...
[M::mem_pestat] # candidate unique pairs for (FF, FR, RF, RR): (41, 474484, 137, 49)
[M::mem_pestat] analyzing insert size distribution for orientation FF...
[M::mem_pestat] (25, 50, 75) percentile: (3421, 3620, 3632)
[M::mem_pestat] low and high boundaries for computing mean and std.dev: (2999, 4054)
[M::mem_pestat] mean and std.dev: (3570.43, 72.83)
[M::mem_pestat] low and high boundaries for proper pairs: (2788, 4265)
[M::mem_pestat] analyzing insert size distribution for orientation FR...
[M::mem_pestat] (25, 50, 75) percentile: (297, 346, 396)
[M::mem_pestat] low and high boundaries for computing mean and std.dev: (99, 594)
[M::mem_pestat] mean and std.dev: (347.71, 73.78)
[M::mem_pestat] low and high boundaries for proper pairs: (1, 693)
[M::mem_pestat] analyzing insert size distribution for orientation RF...
[M::mem_pestat] (25, 50, 75) percentile: (29, 81, 236)
[M::mem_pestat] low and high boundaries for computing mean and std.dev: (1, 650)
[M::mem_pestat] mean and std.dev: (124.10, 152.71)
[M::mem_pestat] low and high boundaries for proper pairs: (1, 857)
[M::mem_pestat] analyzing insert size distribution for orientation RR...
[M::mem_pestat] (25, 50, 75) percentile: (2088, 3612, 4430)
[M::mem_pestat] low and high boundaries for computing mean and std.dev: (1, 9114)
[M::mem_pestat] mean and std.dev: (3264.40, 1641.82)
[M::mem_pestat] low and high boundaries for proper pairs: (1, 11456)
[M::mem_pestat] skip orientation FF
[M::mem_pestat] skip orientation RF
[M::mem_pestat] skip orientation RR
[M::mem_process_seqs] Processed 1067326 reads in 97.511 CPU sec, 6.322 real sec
[M::process] read 1067360 sequences (160000264 bp)...
[M::mem_pestat] # candidate unique pairs for (FF, FR, RF, RR): (55, 474932, 139, 50)
[M::mem_pestat] analyzing insert size distribution for orientation FF...
[M::mem_pestat] (25, 50, 75) percentile: (1810, 3500, 4085)
[M::mem_pestat] low and high boundaries for computing mean and std.dev: (1, 8635)
[M::mem_pestat] mean and std.dev: (3132.17, 1609.57)
[M::mem_pestat] low and high boundaries for proper pairs: (1, 10910)
[M::mem_pestat] analyzing insert size distribution for orientation FR...
[M::mem_pestat] (25, 50, 75) percentile: (297, 346, 396)
[M::mem_pestat] low and high boundaries for computing mean and std.dev: (99, 594)
[M::mem_pestat] mean and std.dev: (347.55, 73.69)
[M::mem_pestat] low and high boundaries for proper pairs: (1, 693)
[M::mem_pestat] analyzing insert size distribution for orientation RF...
[M::mem_pestat] (25, 50, 75) percentile: (30, 74, 227)
[M::mem_pestat] low and high boundaries for computing mean and std.dev: (1, 621)
[M::mem_pestat] mean and std.dev: (93.74, 115.26)
[M::mem_pestat] low and high boundaries for proper pairs: (1, 818)
[M::mem_pestat] analyzing insert size distribution for orientation RR...
[M::mem_pestat] (25, 50, 75) percentile: (1021, 3464, 4234)
[M::mem_pestat] low and high boundaries for computing mean and std.dev: (1, 10660)
[M::mem_pestat] mean and std.dev: (3082.28, 2096.75)
[M::mem_pestat] low and high boundaries for proper pairs: (1, 13873)
[M::mem_pestat] skip orientation FF
[M::mem_pestat] skip orientation RF
[M::mem_pestat] skip orientation RR
[M::mem_process_seqs] Processed 1067420 reads in 95.539 CPU sec, 6.197 real sec
[M::process] read 1067370 sequences (160000194 bp)...
[M::mem_pestat] # candidate unique pairs for (FF, FR, RF, RR): (61, 475104, 165, 47)
[M::mem_pestat] analyzing insert size distribution for orientation FF...
[M::mem_pestat] (25, 50, 75) percentile: (2865, 3496, 3914)
[M::mem_pestat] low and high boundaries for computing mean and std.dev: (767, 6012)
[M::mem_pestat] mean and std.dev: (3048.09, 1336.23)
[M::mem_pestat] low and high boundaries for proper pairs: (1, 8393)
[M::mem_pestat] analyzing insert size distribution for orientation FR...
[M::mem_pestat] (25, 50, 75) percentile: (298, 347, 397)
[M::mem_pestat] low and high boundaries for computing mean and std.dev: (100, 595)
[M::mem_pestat] mean and std.dev: (348.94, 73.52)
[M::mem_pestat] low and high boundaries for proper pairs: (1, 694)
[M::mem_pestat] analyzing insert size distribution for orientation RF...
[M::mem_pestat] (25, 50, 75) percentile: (35, 105, 531)
[M::mem_pestat] low and high boundaries for computing mean and std.dev: (1, 1523)
[M::mem_pestat] mean and std.dev: (162.61, 187.65)
[M::mem_pestat] low and high boundaries for proper pairs: (1, 2019)
[M::mem_pestat] analyzing insert size distribution for orientation RR...
[M::mem_pestat] (25, 50, 75) percentile: (3428, 3593, 4216)
[M::mem_pestat] low and high boundaries for computing mean and std.dev: (1852, 5792)
[M::mem_pestat] mean and std.dev: (3860.97, 736.69)
[M::mem_pestat] low and high boundaries for proper pairs: (914, 6808)
[M::mem_pestat] skip orientation FF
[M::mem_pestat] skip orientation RF
[M::mem_pestat] skip orientation RR
[M::mem_process_seqs] Processed 1067360 reads in 93.593 CPU sec, 6.017 real sec
[M::process] read 1067368 sequences (160000222 bp)...
[M::mem_pestat] # candidate unique pairs for (FF, FR, RF, RR): (61, 474439, 147, 47)
[M::mem_pestat] analyzing insert size distribution for orientation FF...
[M::mem_pestat] (25, 50, 75) percentile: (1100, 3548, 4420)
[M::mem_pestat] low and high boundaries for computing mean and std.dev: (1, 11060)
[M::mem_pestat] mean and std.dev: (3299.25, 1907.99)
[M::mem_pestat] low and high boundaries for proper pairs: (1, 14380)
[M::mem_pestat] analyzing insert size distribution for orientation FR...
[M::mem_pestat] (25, 50, 75) percentile: (296, 346, 396)
[M::mem_pestat] low and high boundaries for computing mean and std.dev: (96, 596)
[M::mem_pestat] mean and std.dev: (347.60, 74.08)
[M::mem_pestat] low and high boundaries for proper pairs: (1, 696)
[M::mem_pestat] analyzing insert size distribution for orientation RF...
[M::mem_pestat] (25, 50, 75) percentile: (34, 169, 4170)
[M::mem_pestat] low and high boundaries for computing mean and std.dev: (1, 12442)
[M::mem_pestat] mean and std.dev: (1465.54, 2259.74)
[M::mem_pestat] low and high boundaries for proper pairs: (1, 16578)
[M::mem_pestat] analyzing insert size distribution for orientation RR...
[M::mem_pestat] (25, 50, 75) percentile: (1859, 3397, 3610)
[M::mem_pestat] low and high boundaries for computing mean and std.dev: (1, 7112)
[M::mem_pestat] mean and std.dev: (3020.28, 1475.30)
[M::mem_pestat] low and high boundaries for proper pairs: (1, 8921)
[M::mem_pestat] skip orientation FF
[M::mem_pestat] skip orientation RF
[M::mem_pestat] skip orientation RR
[M::mem_process_seqs] Processed 1067370 reads in 94.279 CPU sec, 6.087 real sec
[M::process] read 1067344 sequences (160000168 bp)...
[M::mem_pestat] # candidate unique pairs for (FF, FR, RF, RR): (54, 474294, 208, 56)
[M::mem_pestat] analyzing insert size distribution for orientation FF...
[M::mem_pestat] (25, 50, 75) percentile: (1945, 3508, 3626)
[M::mem_pestat] low and high boundaries for computing mean and std.dev: (1, 6988)
[M::mem_pestat] mean and std.dev: (3119.36, 1450.16)
[M::mem_pestat] low and high boundaries for proper pairs: (1, 8920)
[M::mem_pestat] analyzing insert size distribution for orientation FR...
[M::mem_pestat] (25, 50, 75) percentile: (296, 345, 396)
[M::mem_pestat] low and high boundaries for computing mean and std.dev: (96, 596)
[M::mem_pestat] mean and std.dev: (347.10, 74.26)
[M::mem_pestat] low and high boundaries for proper pairs: (1, 696)
[M::mem_pestat] analyzing insert size distribution for orientation RF...
[M::mem_pestat] (25, 50, 75) percentile: (27, 94, 472)
[M::mem_pestat] low and high boundaries for computing mean and std.dev: (1, 1362)
[M::mem_pestat] mean and std.dev: (130.30, 167.30)
[M::mem_pestat] low and high boundaries for proper pairs: (1, 1807)
[M::mem_pestat] analyzing insert size distribution for orientation RR...
[M::mem_pestat] (25, 50, 75) percentile: (3461, 3585, 4120)
[M::mem_pestat] low and high boundaries for computing mean and std.dev: (2143, 5438)
[M::mem_pestat] mean and std.dev: (3677.22, 346.88)
[M::mem_pestat] low and high boundaries for proper pairs: (1484, 6097)
[M::mem_pestat] skip orientation FF
[M::mem_pestat] skip orientation RF
[M::mem_pestat] skip orientation RR
[M::mem_process_seqs] Processed 1067368 reads in 94.728 CPU sec, 6.091 real sec
[M::process] read 1067410 sequences (160000080 bp)...
[M::mem_pestat] # candidate unique pairs for (FF, FR, RF, RR): (57, 474360, 144, 62)
[M::mem_pestat] analyzing insert size distribution for orientation FF...
[M::mem_pestat] (25, 50, 75) percentile: (1060, 3488, 3635)
[M::mem_pestat] low and high boundaries for computing mean and std.dev: (1, 8785)
[M::mem_pestat] mean and std.dev: (2945.51, 1606.91)
[M::mem_pestat] low and high boundaries for proper pairs: (1, 11360)
[M::mem_pestat] analyzing insert size distribution for orientation FR...
[M::mem_pestat] (25, 50, 75) percentile: (296, 345, 396)
[M::mem_pestat] low and high boundaries for computing mean and std.dev: (96, 596)
[M::mem_pestat] mean and std.dev: (347.27, 74.35)
[M::mem_pestat] low and high boundaries for proper pairs: (1, 696)
[M::mem_pestat] analyzing insert size distribution for orientation RF...
[M::mem_pestat] (25, 50, 75) percentile: (24, 99, 464)
[M::mem_pestat] low and high boundaries for computing mean and std.dev: (1, 1344)
[M::mem_pestat] mean and std.dev: (127.69, 165.91)
[M::mem_pestat] low and high boundaries for proper pairs: (1, 1784)
[M::mem_pestat] analyzing insert size distribution for orientation RR...
[M::mem_pestat] (25, 50, 75) percentile: (1269, 3540, 4119)
[M::mem_pestat] low and high boundaries for computing mean and std.dev: (1, 9819)
[M::mem_pestat] mean and std.dev: (3314.08, 1713.30)
[M::mem_pestat] low and high boundaries for proper pairs: (1, 12669)
[M::mem_pestat] skip orientation FF
[M::mem_pestat] skip orientation RF
[M::mem_pestat] skip orientation RR
[M::mem_process_seqs] Processed 1067344 reads in 97.427 CPU sec, 6.316 real sec
[M::process] read 1067408 sequences (160000196 bp)...
[M::mem_pestat] # candidate unique pairs for (FF, FR, RF, RR): (60, 473255, 146, 55)
[M::mem_pestat] analyzing insert size distribution for orientation FF...
[M::mem_pestat] (25, 50, 75) percentile: (1019, 3467, 4322)
[M::mem_pestat] low and high boundaries for computing mean and std.dev: (1, 10928)
[M::mem_pestat] mean and std.dev: (3270.77, 2659.47)
[M::mem_pestat] low and high boundaries for proper pairs: (1, 14231)
[M::mem_pestat] analyzing insert size distribution for orientation FR...
[M::mem_pestat] (25, 50, 75) percentile: (294, 344, 395)
[M::mem_pestat] low and high boundaries for computing mean and std.dev: (92, 597)
[M::mem_pestat] mean and std.dev: (345.71, 74.55)
[M::mem_pestat] low and high boundaries for proper pairs: (1, 698)
[M::mem_pestat] analyzing insert size distribution for orientation RF...
[M::mem_pestat] (25, 50, 75) percentile: (23, 56, 429)
[M::mem_pestat] low and high boundaries for computing mean and std.dev: (1, 1241)
[M::mem_pestat] mean and std.dev: (110.66, 157.71)
[M::mem_pestat] low and high boundaries for proper pairs: (1, 1647)
[M::mem_pestat] analyzing insert size distribution for orientation RR...
[M::mem_pestat] (25, 50, 75) percentile: (3353, 3536, 4080)
[M::mem_pestat] low and high boundaries for computing mean and std.dev: (1899, 5534)
[M::mem_pestat] mean and std.dev: (3619.88, 485.88)
[M::mem_pestat] low and high boundaries for proper pairs: (1172, 6261)
[M::mem_pestat] skip orientation FF
[M::mem_pestat] skip orientation RF
[M::mem_pestat] skip orientation RR
[M::mem_process_seqs] Processed 1067410 reads in 97.761 CPU sec, 6.374 real sec
[M::process] read 1067374 sequences (160000092 bp)...
[M::mem_pestat] # candidate unique pairs for (FF, FR, RF, RR): (59, 473435, 160, 51)
[M::mem_pestat] analyzing insert size distribution for orientation FF...
[M::mem_pestat] (25, 50, 75) percentile: (1165, 3442, 4102)
[M::mem_pestat] low and high boundaries for computing mean and std.dev: (1, 9976)
[M::mem_pestat] mean and std.dev: (2882.22, 1628.19)
[M::mem_pestat] low and high boundaries for proper pairs: (1, 12913)
[M::mem_pestat] analyzing insert size distribution for orientation FR...
[M::mem_pestat] (25, 50, 75) percentile: (295, 344, 396)
[M::mem_pestat] low and high boundaries for computing mean and std.dev: (93, 598)
[M::mem_pestat] mean and std.dev: (346.19, 74.57)
[M::mem_pestat] low and high boundaries for proper pairs: (1, 699)
[M::mem_pestat] analyzing insert size distribution for orientation RF...
[M::mem_pestat] (25, 50, 75) percentile: (29, 108, 379)
[M::mem_pestat] low and high boundaries for computing mean and std.dev: (1, 1079)
[M::mem_pestat] mean and std.dev: (137.38, 169.96)
[M::mem_pestat] low and high boundaries for proper pairs: (1, 1429)
[M::mem_pestat] analyzing insert size distribution for orientation RR...
[M::mem_pestat] (25, 50, 75) percentile: (1991, 3533, 3620)
[M::mem_pestat] low and high boundaries for computing mean and std.dev: (1, 6878)
[M::mem_pestat] mean and std.dev: (3213.69, 1598.25)
[M::mem_pestat] low and high boundaries for proper pairs: (1, 9607)
[M::mem_pestat] skip orientation FF
[M::mem_pestat] skip orientation RF
[M::mem_pestat] skip orientation RR
[M::mem_process_seqs] Processed 1067408 reads in 98.773 CPU sec, 6.376 real sec
[M::process] read 1067340 sequences (160000242 bp)...
[M::mem_pestat] # candidate unique pairs for (FF, FR, RF, RR): (46, 473228, 136, 61)
[M::mem_pestat] analyzing insert size distribution for orientation FF...
[M::mem_pestat] (25, 50, 75) percentile: (933, 3448, 4209)
[M::mem_pestat] low and high boundaries for computing mean and std.dev: (1, 10761)
[M::mem_pestat] mean and std.dev: (3097.80, 2236.82)
[M::mem_pestat] low and high boundaries for proper pairs: (1, 14037)
[M::mem_pestat] analyzing insert size distribution for orientation FR...
[M::mem_pestat] (25, 50, 75) percentile: (298, 347, 398)
[M::mem_pestat] low and high boundaries for computing mean and std.dev: (98, 598)
[M::mem_pestat] mean and std.dev: (348.78, 74.31)
[M::mem_pestat] low and high boundaries for proper pairs: (1, 698)
[M::mem_pestat] analyzing insert size distribution for orientation RF...
[M::mem_pestat] (25, 50, 75) percentile: (22, 57, 358)
[M::mem_pestat] low and high boundaries for computing mean and std.dev: (1, 1030)
[M::mem_pestat] mean and std.dev: (140.97, 177.34)
[M::mem_pestat] low and high boundaries for proper pairs: (1, 1366)
[M::mem_pestat] analyzing insert size distribution for orientation RR...
[M::mem_pestat] (25, 50, 75) percentile: (1183, 3572, 4713)
[M::mem_pestat] low and high boundaries for computing mean and std.dev: (1, 11773)
[M::mem_pestat] mean and std.dev: (3626.21, 2539.23)
[M::mem_pestat] low and high boundaries for proper pairs: (1, 15303)
[M::mem_pestat] skip orientation FF
[M::mem_pestat] skip orientation RF
[M::mem_pestat] skip orientation RR
[M::mem_process_seqs] Processed 1067374 reads in 105.002 CPU sec, 6.752 real sec
[M::process] read 1067322 sequences (160000010 bp)...
[M::mem_pestat] # candidate unique pairs for (FF, FR, RF, RR): (49, 473699, 123, 48)
[M::mem_pestat] analyzing insert size distribution for orientation FF...
[M::mem_pestat] (25, 50, 75) percentile: (1059, 3293, 3618)
[M::mem_pestat] low and high boundaries for computing mean and std.dev: (1, 8736)
[M::mem_pestat] mean and std.dev: (2805.78, 1746.57)
[M::mem_pestat] low and high boundaries for proper pairs: (1, 11295)
[M::mem_pestat] analyzing insert size distribution for orientation FR...
[M::mem_pestat] (25, 50, 75) percentile: (298, 348, 400)
[M::mem_pestat] low and high boundaries for computing mean and std.dev: (94, 604)
[M::mem_pestat] mean and std.dev: (350.17, 74.79)
[M::mem_pestat] low and high boundaries for proper pairs: (1, 706)
[M::mem_pestat] analyzing insert size distribution for orientation RF...
[M::mem_pestat] (25, 50, 75) percentile: (19, 61, 188)
[M::mem_pestat] low and high boundaries for computing mean and std.dev: (1, 526)
[M::mem_pestat] mean and std.dev: (89.76, 109.14)
[M::mem_pestat] low and high boundaries for proper pairs: (1, 695)
[M::mem_pestat] analyzing insert size distribution for orientation RR...
[M::mem_pestat] (25, 50, 75) percentile: (3363, 3569, 4091)
[M::mem_pestat] low and high boundaries for computing mean and std.dev: (1907, 5547)
[M::mem_pestat] mean and std.dev: (3744.00, 337.83)
[M::mem_pestat] low and high boundaries for proper pairs: (1179, 6275)
[M::mem_pestat] skip orientation FF
[M::mem_pestat] skip orientation RF
[M::mem_pestat] skip orientation RR
[M::mem_process_seqs] Processed 1067340 reads in 97.830 CPU sec, 6.313 real sec
[M::process] read 1067440 sequences (160000240 bp)...
[M::mem_pestat] # candidate unique pairs for (FF, FR, RF, RR): (50, 473508, 142, 40)
[M::mem_pestat] analyzing insert size distribution for orientation FF...
[M::mem_pestat] (25, 50, 75) percentile: (1209, 3550, 4151)
[M::mem_pestat] low and high boundaries for computing mean and std.dev: (1, 10035)
[M::mem_pestat] mean and std.dev: (3135.62, 1602.90)
[M::mem_pestat] low and high boundaries for proper pairs: (1, 12977)
[M::mem_pestat] analyzing insert size distribution for orientation FR...
[M::mem_pestat] (25, 50, 75) percentile: (296, 346, 398)
[M::mem_pestat] low and high boundaries for computing mean and std.dev: (92, 602)
[M::mem_pestat] mean and std.dev: (348.25, 75.02)
[M::mem_pestat] low and high boundaries for proper pairs: (1, 704)
[M::mem_pestat] analyzing insert size distribution for orientation RF...
[M::mem_pestat] (25, 50, 75) percentile: (24, 60, 488)
[M::mem_pestat] low and high boundaries for computing mean and std.dev: (1, 1416)
[M::mem_pestat] mean and std.dev: (105.09, 141.73)
[M::mem_pestat] low and high boundaries for proper pairs: (1, 1880)
[M::mem_pestat] analyzing insert size distribution for orientation RR...
[M::mem_pestat] (25, 50, 75) percentile: (3263, 3479, 4275)
[M::mem_pestat] low and high boundaries for computing mean and std.dev: (1239, 6299)
[M::mem_pestat] mean and std.dev: (3893.65, 1002.76)
[M::mem_pestat] low and high boundaries for proper pairs: (1, 7905)
[M::mem_pestat] skip orientation FF
[M::mem_pestat] skip orientation RF
[M::mem_pestat] skip orientation RR
[M::mem_process_seqs] Processed 1067322 reads in 105.616 CPU sec, 6.780 real sec
[M::process] read 1067402 sequences (160000010 bp)...
[M::mem_pestat] # candidate unique pairs for (FF, FR, RF, RR): (52, 474398, 147, 50)
[M::mem_pestat] analyzing insert size distribution for orientation FF...
[M::mem_pestat] (25, 50, 75) percentile: (1167, 3559, 5718)
[M::mem_pestat] low and high boundaries for computing mean and std.dev: (1, 14820)
[M::mem_pestat] mean and std.dev: (3531.46, 2010.31)
[M::mem_pestat] low and high boundaries for proper pairs: (1, 19371)
[M::mem_pestat] analyzing insert size distribution for orientation FR...
[M::mem_pestat] (25, 50, 75) percentile: (291, 342, 393)
[M::mem_pestat] low and high boundaries for computing mean and std.dev: (87, 597)
[M::mem_pestat] mean and std.dev: (343.47, 74.83)
[M::mem_pestat] low and high boundaries for proper pairs: (1, 699)
[M::mem_pestat] analyzing insert size distribution for orientation RF...
[M::mem_pestat] (25, 50, 75) percentile: (31, 68, 489)
[M::mem_pestat] low and high boundaries for computing mean and std.dev: (1, 1405)
[M::mem_pestat] mean and std.dev: (140.95, 192.55)
[M::mem_pestat] low and high boundaries for proper pairs: (1, 1863)
[M::mem_pestat] analyzing insert size distribution for orientation RR...
[M::mem_pestat] (25, 50, 75) percentile: (1051, 3595, 4313)
[M::mem_pestat] low and high boundaries for computing mean and std.dev: (1, 10837)
[M::mem_pestat] mean and std.dev: (3745.98, 2287.13)
[M::mem_pestat] low and high boundaries for proper pairs: (1, 14099)
[M::mem_pestat] skip orientation FF
[M::mem_pestat] skip orientation RF
[M::mem_pestat] skip orientation RR
[M::mem_process_seqs] Processed 1067440 reads in 103.375 CPU sec, 6.697 real sec
[M::process] read 1067376 sequences (160000080 bp)...
[M::mem_pestat] # candidate unique pairs for (FF, FR, RF, RR): (36, 473159, 145, 52)
[M::mem_pestat] analyzing insert size distribution for orientation FF...
[M::mem_pestat] (25, 50, 75) percentile: (1183, 3515, 4229)
[M::mem_pestat] low and high boundaries for computing mean and std.dev: (1, 10321)
[M::mem_pestat] mean and std.dev: (3463.33, 1980.74)
[M::mem_pestat] low and high boundaries for proper pairs: (1, 13367)
[M::mem_pestat] analyzing insert size distribution for orientation FR...
[M::mem_pestat] (25, 50, 75) percentile: (294, 344, 395)
[M::mem_pestat] low and high boundaries for computing mean and std.dev: (92, 597)
[M::mem_pestat] mean and std.dev: (345.93, 74.47)
[M::mem_pestat] low and high boundaries for proper pairs: (1, 698)
[M::mem_pestat] analyzing insert size distribution for orientation RF...
[M::mem_pestat] (25, 50, 75) percentile: (38, 142, 580)
[M::mem_pestat] low and high boundaries for computing mean and std.dev: (1, 1664)
[M::mem_pestat] mean and std.dev: (170.59, 204.64)
[M::mem_pestat] low and high boundaries for proper pairs: (1, 2206)
[M::mem_pestat] analyzing insert size distribution for orientation RR...
[M::mem_pestat] (25, 50, 75) percentile: (1125, 3522, 4246)
[M::mem_pestat] low and high boundaries for computing mean and std.dev: (1, 10488)
[M::mem_pestat] mean and std.dev: (3346.69, 1811.01)
[M::mem_pestat] low and high boundaries for proper pairs: (1, 13609)
[M::mem_pestat] skip orientation FF
[M::mem_pestat] skip orientation RF
[M::mem_pestat] skip orientation RR
[M::mem_process_seqs] Processed 1067402 reads in 102.885 CPU sec, 6.625 real sec
[M::process] read 1067360 sequences (160000254 bp)...
[M::mem_pestat] # candidate unique pairs for (FF, FR, RF, RR): (47, 473347, 168, 66)
[M::mem_pestat] analyzing insert size distribution for orientation FF...
[M::mem_pestat] (25, 50, 75) percentile: (1227, 3474, 4262)
[M::mem_pestat] low and high boundaries for computing mean and std.dev: (1, 10332)
[M::mem_pestat] mean and std.dev: (3538.09, 2543.00)
[M::mem_pestat] low and high boundaries for proper pairs: (1, 13710)
[M::mem_pestat] analyzing insert size distribution for orientation FR...
[M::mem_pestat] (25, 50, 75) percentile: (296, 347, 398)
[M::mem_pestat] low and high boundaries for computing mean and std.dev: (92, 602)
[M::mem_pestat] mean and std.dev: (348.34, 74.89)
[M::mem_pestat] low and high boundaries for proper pairs: (1, 704)
[M::mem_pestat] analyzing insert size distribution for orientation RF...
[M::mem_pestat] (25, 50, 75) percentile: (27, 82, 226)
[M::mem_pestat] low and high boundaries for computing mean and std.dev: (1, 624)
[M::mem_pestat] mean and std.dev: (112.95, 144.06)
[M::mem_pestat] low and high boundaries for proper pairs: (1, 823)
[M::mem_pestat] analyzing insert size distribution for orientation RR...
[M::mem_pestat] (25, 50, 75) percentile: (2314, 3451, 3620)
[M::mem_pestat] low and high boundaries for computing mean and std.dev: (1, 6232)
[M::mem_pestat] mean and std.dev: (3023.34, 1589.88)
[M::mem_pestat] low and high boundaries for proper pairs: (1, 9383)
[M::mem_pestat] skip orientation FF
[M::mem_pestat] skip orientation RF
[M::mem_pestat] skip orientation RR
[M::mem_process_seqs] Processed 1067376 reads in 103.410 CPU sec, 6.689 real sec
[M::process] read 1067438 sequences (160000062 bp)...
[M::mem_pestat] # candidate unique pairs for (FF, FR, RF, RR): (68, 472664, 133, 58)
[M::mem_pestat] analyzing insert size distribution for orientation FF...
[M::mem_pestat] (25, 50, 75) percentile: (1139, 3858, 4234)
[M::mem_pestat] low and high boundaries for computing mean and std.dev: (1, 10424)
[M::mem_pestat] mean and std.dev: (3376.84, 1793.50)
[M::mem_pestat] low and high boundaries for proper pairs: (1, 13519)
[M::mem_pestat] analyzing insert size distribution for orientation FR...
[M::mem_pestat] (25, 50, 75) percentile: (297, 348, 399)
[M::mem_pestat] low and high boundaries for computing mean and std.dev: (93, 603)
[M::mem_pestat] mean and std.dev: (349.35, 75.12)
[M::mem_pestat] low and high boundaries for proper pairs: (1, 705)
[M::mem_pestat] analyzing insert size distribution for orientation RF...
[M::mem_pestat] (25, 50, 75) percentile: (34, 77, 479)
[M::mem_pestat] low and high boundaries for computing mean and std.dev: (1, 1369)
[M::mem_pestat] mean and std.dev: (118.31, 148.91)
[M::mem_pestat] low and high boundaries for proper pairs: (1, 1814)
[M::mem_pestat] analyzing insert size distribution for orientation RR...
[M::mem_pestat] (25, 50, 75) percentile: (1116, 3554, 3982)
[M::mem_pestat] low and high boundaries for computing mean and std.dev: (1, 9714)
[M::mem_pestat] mean and std.dev: (3121.88, 1602.18)
[M::mem_pestat] low and high boundaries for proper pairs: (1, 12580)
[M::mem_pestat] skip orientation FF
[M::mem_pestat] skip orientation RF
[M::mem_pestat] skip orientation RR
[M::mem_process_seqs] Processed 1067360 reads in 103.157 CPU sec, 6.666 real sec
[M::process] read 1067380 sequences (160000198 bp)...
[M::mem_pestat] # candidate unique pairs for (FF, FR, RF, RR): (41, 473737, 183, 51)
[M::mem_pestat] analyzing insert size distribution for orientation FF...
[M::mem_pestat] (25, 50, 75) percentile: (3413, 3583, 4218)
[M::mem_pestat] low and high boundaries for computing mean and std.dev: (1803, 5828)
[M::mem_pestat] mean and std.dev: (3858.09, 758.56)
[M::mem_pestat] low and high boundaries for proper pairs: (824, 6892)
[M::mem_pestat] analyzing insert size distribution for orientation FR...
[M::mem_pestat] (25, 50, 75) percentile: (292, 342, 394)
[M::mem_pestat] low and high boundaries for computing mean and std.dev: (88, 598)
[M::mem_pestat] mean and std.dev: (344.17, 74.70)
[M::mem_pestat] low and high boundaries for proper pairs: (1, 700)
[M::mem_pestat] analyzing insert size distribution for orientation RF...
[M::mem_pestat] (25, 50, 75) percentile: (23, 60, 228)
[M::mem_pestat] low and high boundaries for computing mean and std.dev: (1, 638)
[M::mem_pestat] mean and std.dev: (122.72, 160.85)
[M::mem_pestat] low and high boundaries for proper pairs: (1, 843)
[M::mem_pestat] analyzing insert size distribution for orientation RR...
[M::mem_pestat] (25, 50, 75) percentile: (2583, 3621, 4251)
[M::mem_pestat] low and high boundaries for computing mean and std.dev: (1, 7587)
[M::mem_pestat] mean and std.dev: (3268.87, 1579.60)
[M::mem_pestat] low and high boundaries for proper pairs: (1, 9587)
[M::mem_pestat] skip orientation FF
[M::mem_pestat] skip orientation RF
[M::mem_pestat] skip orientation RR
[M::mem_process_seqs] Processed 1067438 reads in 127.667 CPU sec, 8.176 real sec
[M::process] read 1067364 sequences (160000260 bp)...
[M::mem_pestat] # candidate unique pairs for (FF, FR, RF, RR): (47, 473323, 146, 29)
[M::mem_pestat] analyzing insert size distribution for orientation FF...
[M::mem_pestat] (25, 50, 75) percentile: (1125, 3431, 3627)
[M::mem_pestat] low and high boundaries for computing mean and std.dev: (1, 8631)
[M::mem_pestat] mean and std.dev: (3120.96, 1604.78)
[M::mem_pestat] low and high boundaries for proper pairs: (1, 11133)
[M::mem_pestat] analyzing insert size distribution for orientation FR...
[M::mem_pestat] (25, 50, 75) percentile: (294, 345, 395)
[M::mem_pestat] low and high boundaries for computing mean and std.dev: (92, 597)
[M::mem_pestat] mean and std.dev: (345.88, 74.51)
[M::mem_pestat] low and high boundaries for proper pairs: (1, 698)
[M::mem_pestat] analyzing insert size distribution for orientation RF...
[M::mem_pestat] (25, 50, 75) percentile: (19, 64, 417)
[M::mem_pestat] low and high boundaries for computing mean and std.dev: (1, 1213)
[M::mem_pestat] mean and std.dev: (129.02, 170.86)
[M::mem_pestat] low and high boundaries for proper pairs: (1, 1611)
[M::mem_pestat] analyzing insert size distribution for orientation RR...
[M::mem_pestat] (25, 50, 75) percentile: (1091, 3476, 3620)
[M::mem_pestat] low and high boundaries for computing mean and std.dev: (1, 8678)
[M::mem_pestat] mean and std.dev: (2780.93, 1444.27)
[M::mem_pestat] low and high boundaries for proper pairs: (1, 11207)
[M::mem_pestat] skip orientation FF
[M::mem_pestat] skip orientation RF
[M::mem_pestat] skip orientation RR
[M::mem_process_seqs] Processed 1067380 reads in 98.147 CPU sec, 6.324 real sec
[M::process] read 1067362 sequences (160000028 bp)...
[M::mem_pestat] # candidate unique pairs for (FF, FR, RF, RR): (52, 472652, 152, 64)
[M::mem_pestat] analyzing insert size distribution for orientation FF...
[M::mem_pestat] (25, 50, 75) percentile: (1095, 3567, 5704)
[M::mem_pestat] low and high boundaries for computing mean and std.dev: (1, 14922)
[M::mem_pestat] mean and std.dev: (3606.35, 1978.28)
[M::mem_pestat] low and high boundaries for proper pairs: (1, 19531)
[M::mem_pestat] analyzing insert size distribution for orientation FR...
[M::mem_pestat] (25, 50, 75) percentile: (296, 347, 398)
[M::mem_pestat] low and high boundaries for computing mean and std.dev: (92, 602)
[M::mem_pestat] mean and std.dev: (348.02, 74.59)
[M::mem_pestat] low and high boundaries for proper pairs: (1, 704)
[M::mem_pestat] analyzing insert size distribution for orientation RF...
[M::mem_pestat] (25, 50, 75) percentile: (18, 84, 554)
[M::mem_pestat] low and high boundaries for computing mean and std.dev: (1, 1626)
[M::mem_pestat] mean and std.dev: (129.02, 198.44)
[M::mem_pestat] low and high boundaries for proper pairs: (1, 2162)
[M::mem_pestat] analyzing insert size distribution for orientation RR...
[M::mem_pestat] (25, 50, 75) percentile: (1142, 3463, 3628)
[M::mem_pestat] low and high boundaries for computing mean and std.dev: (1, 8600)
[M::mem_pestat] mean and std.dev: (3047.58, 1849.68)
[M::mem_pestat] low and high boundaries for proper pairs: (1, 11086)
[M::mem_pestat] skip orientation FF
[M::mem_pestat] skip orientation RF
[M::mem_pestat] skip orientation RR
[M::mem_process_seqs] Processed 1067364 reads in 101.553 CPU sec, 6.543 real sec
[M::process] read 1067436 sequences (160000276 bp)...
[M::mem_pestat] # candidate unique pairs for (FF, FR, RF, RR): (27, 472949, 119, 66)
[M::mem_pestat] analyzing insert size distribution for orientation FF...
[M::mem_pestat] (25, 50, 75) percentile: (3410, 3545, 4173)
[M::mem_pestat] low and high boundaries for computing mean and std.dev: (1884, 5699)
[M::mem_pestat] mean and std.dev: (3723.82, 522.36)
[M::mem_pestat] low and high boundaries for proper pairs: (1121, 6462)
[M::mem_pestat] analyzing insert size distribution for orientation FR...
[M::mem_pestat] (25, 50, 75) percentile: (297, 347, 399)
[M::mem_pestat] low and high boundaries for computing mean and std.dev: (93, 603)
[M::mem_pestat] mean and std.dev: (349.06, 74.89)
[M::mem_pestat] low and high boundaries for proper pairs: (1, 705)
[M::mem_pestat] analyzing insert size distribution for orientation RF...
[M::mem_pestat] (25, 50, 75) percentile: (25, 108, 548)
[M::mem_pestat] low and high boundaries for computing mean and std.dev: (1, 1594)
[M::mem_pestat] mean and std.dev: (139.69, 177.49)
[M::mem_pestat] low and high boundaries for proper pairs: (1, 2117)
[M::mem_pestat] analyzing insert size distribution for orientation RR...
[M::mem_pestat] (25, 50, 75) percentile: (1106, 3397, 3627)
[M::mem_pestat] low and high boundaries for computing mean and std.dev: (1, 8669)
[M::mem_pestat] mean and std.dev: (2927.35, 1702.87)
[M::mem_pestat] low and high boundaries for proper pairs: (1, 11190)
[M::mem_pestat] skip orientation FF
[M::mem_pestat] skip orientation RF
[M::mem_pestat] skip orientation RR
[M::mem_process_seqs] Processed 1067362 reads in 100.892 CPU sec, 6.531 real sec
[M::process] read 1067450 sequences (160000128 bp)...
[M::mem_pestat] # candidate unique pairs for (FF, FR, RF, RR): (62, 474476, 142, 49)
[M::mem_pestat] analyzing insert size distribution for orientation FF...
[M::mem_pestat] (25, 50, 75) percentile: (1240, 3360, 3595)
[M::mem_pestat] low and high boundaries for computing mean and std.dev: (1, 8305)
[M::mem_pestat] mean and std.dev: (2887.11, 1475.42)
[M::mem_pestat] low and high boundaries for proper pairs: (1, 10660)
[M::mem_pestat] analyzing insert size distribution for orientation FR...
[M::mem_pestat] (25, 50, 75) percentile: (293, 343, 395)
[M::mem_pestat] low and high boundaries for computing mean and std.dev: (89, 599)
[M::mem_pestat] mean and std.dev: (344.83, 75.01)
[M::mem_pestat] low and high boundaries for proper pairs: (1, 701)
[M::mem_pestat] analyzing insert size distribution for orientation RF...
[M::mem_pestat] (25, 50, 75) percentile: (21, 69, 205)
[M::mem_pestat] low and high boundaries for computing mean and std.dev: (1, 573)
[M::mem_pestat] mean and std.dev: (115.08, 154.01)
[M::mem_pestat] low and high boundaries for proper pairs: (1, 757)
[M::mem_pestat] analyzing insert size distribution for orientation RR...
[M::mem_pestat] (25, 50, 75) percentile: (3358, 3590, 5623)
[M::mem_pestat] low and high boundaries for computing mean and std.dev: (1, 10153)
[M::mem_pestat] mean and std.dev: (3978.41, 1569.35)
[M::mem_pestat] low and high boundaries for proper pairs: (1, 12418)
[M::mem_pestat] skip orientation FF
[M::mem_pestat] skip orientation RF
[M::mem_pestat] skip orientation RR
[M::mem_process_seqs] Processed 1067436 reads in 134.236 CPU sec, 8.600 real sec
[M::process] read 1067440 sequences (160000138 bp)...
[M::mem_pestat] # candidate unique pairs for (FF, FR, RF, RR): (64, 473905, 172, 51)
[M::mem_pestat] analyzing insert size distribution for orientation FF...
[M::mem_pestat] (25, 50, 75) percentile: (3199, 3554, 4087)
[M::mem_pestat] low and high boundaries for computing mean and std.dev: (1423, 5863)
[M::mem_pestat] mean and std.dev: (3879.23, 791.40)
[M::mem_pestat] low and high boundaries for proper pairs: (535, 7045)
[M::mem_pestat] analyzing insert size distribution for orientation FR...
[M::mem_pestat] (25, 50, 75) percentile: (293, 343, 393)
[M::mem_pestat] low and high boundaries for computing mean and std.dev: (93, 593)
[M::mem_pestat] mean and std.dev: (344.29, 74.23)
[M::mem_pestat] low and high boundaries for proper pairs: (1, 693)
[M::mem_pestat] analyzing insert size distribution for orientation RF...
[M::mem_pestat] (25, 50, 75) percentile: (31, 84, 520)
[M::mem_pestat] low and high boundaries for computing mean and std.dev: (1, 1498)
[M::mem_pestat] mean and std.dev: (129.14, 160.50)
[M::mem_pestat] low and high boundaries for proper pairs: (1, 1987)
[M::mem_pestat] analyzing insert size distribution for orientation RR...
[M::mem_pestat] (25, 50, 75) percentile: (3371, 3533, 4299)
[M::mem_pestat] low and high boundaries for computing mean and std.dev: (1515, 6155)
[M::mem_pestat] mean and std.dev: (3986.95, 1028.59)
[M::mem_pestat] low and high boundaries for proper pairs: (1, 8101)
[M::mem_pestat] skip orientation FF
[M::mem_pestat] skip orientation RF
[M::mem_pestat] skip orientation RR
[M::mem_process_seqs] Processed 1067450 reads in 101.908 CPU sec, 6.560 real sec
[M::process] read 1067400 sequences (160000002 bp)...
[M::mem_pestat] # candidate unique pairs for (FF, FR, RF, RR): (43, 473508, 207, 58)
[M::mem_pestat] analyzing insert size distribution for orientation FF...
[M::mem_pestat] (25, 50, 75) percentile: (3274, 3504, 4377)
[M::mem_pestat] low and high boundaries for computing mean and std.dev: (1068, 6583)
[M::mem_pestat] mean and std.dev: (3596.53, 1204.55)
[M::mem_pestat] low and high boundaries for proper pairs: (1, 8415)
[M::mem_pestat] analyzing insert size distribution for orientation FR...
[M::mem_pestat] (25, 50, 75) percentile: (296, 346, 397)
[M::mem_pestat] low and high boundaries for computing mean and std.dev: (94, 599)
[M::mem_pestat] mean and std.dev: (347.45, 74.73)
[M::mem_pestat] low and high boundaries for proper pairs: (1, 700)
[M::mem_pestat] analyzing insert size distribution for orientation RF...
[M::mem_pestat] (25, 50, 75) percentile: (24, 99, 497)
[M::mem_pestat] low and high boundaries for computing mean and std.dev: (1, 1443)
[M::mem_pestat] mean and std.dev: (147.99, 184.59)
[M::mem_pestat] low and high boundaries for proper pairs: (1, 1916)
[M::mem_pestat] analyzing insert size distribution for orientation RR...
[M::mem_pestat] (25, 50, 75) percentile: (3335, 3556, 4091)
[M::mem_pestat] low and high boundaries for computing mean and std.dev: (1823, 5603)
[M::mem_pestat] mean and std.dev: (3603.53, 383.52)
[M::mem_pestat] low and high boundaries for proper pairs: (1067, 6359)
[M::mem_pestat] skip orientation FF
[M::mem_pestat] skip orientation RF
[M::mem_pestat] skip orientation RR
[M::mem_process_seqs] Processed 1067440 reads in 103.632 CPU sec, 6.669 real sec
[M::process] read 1067348 sequences (160000168 bp)...
[M::mem_pestat] # candidate unique pairs for (FF, FR, RF, RR): (53, 473465, 164, 49)
[M::mem_pestat] analyzing insert size distribution for orientation FF...
[M::mem_pestat] (25, 50, 75) percentile: (1179, 3422, 3614)
[M::mem_pestat] low and high boundaries for computing mean and std.dev: (1, 8484)
[M::mem_pestat] mean and std.dev: (2758.89, 1529.58)
[M::mem_pestat] low and high boundaries for proper pairs: (1, 10919)
[M::mem_pestat] analyzing insert size distribution for orientation FR...
[M::mem_pestat] (25, 50, 75) percentile: (297, 347, 398)
[M::mem_pestat] low and high boundaries for computing mean and std.dev: (95, 600)
[M::mem_pestat] mean and std.dev: (348.39, 74.35)
[M::mem_pestat] low and high boundaries for proper pairs: (1, 701)
[M::mem_pestat] analyzing insert size distribution for orientation RF...
[M::mem_pestat] (25, 50, 75) percentile: (24, 72, 438)
[M::mem_pestat] low and high boundaries for computing mean and std.dev: (1, 1266)
[M::mem_pestat] mean and std.dev: (129.25, 164.33)
[M::mem_pestat] low and high boundaries for proper pairs: (1, 1680)
[M::mem_pestat] analyzing insert size distribution for orientation RR...
[M::mem_pestat] (25, 50, 75) percentile: (3360, 3562, 4229)
[M::mem_pestat] low and high boundaries for computing mean and std.dev: (1622, 5967)
[M::mem_pestat] mean and std.dev: (4025.67, 976.85)
[M::mem_pestat] low and high boundaries for proper pairs: (118, 7933)
[M::mem_pestat] skip orientation FF
[M::mem_pestat] skip orientation RF
[M::mem_pestat] skip orientation RR
[M::mem_process_seqs] Processed 1067400 reads in 99.910 CPU sec, 6.479 real sec
[M::process] read 320640 sequences (48065958 bp)...
[M::mem_pestat] # candidate unique pairs for (FF, FR, RF, RR): (43, 473953, 157, 63)
[M::mem_pestat] analyzing insert size distribution for orientation FF...
[M::mem_pestat] (25, 50, 75) percentile: (1954, 3491, 3628)
[M::mem_pestat] low and high boundaries for computing mean and std.dev: (1, 6976)
[M::mem_pestat] mean and std.dev: (2986.69, 1420.94)
[M::mem_pestat] low and high boundaries for proper pairs: (1, 8670)
[M::mem_pestat] analyzing insert size distribution for orientation FR...
[M::mem_pestat] (25, 50, 75) percentile: (296, 346, 397)
[M::mem_pestat] low and high boundaries for computing mean and std.dev: (94, 599)
[M::mem_pestat] mean and std.dev: (347.90, 74.86)
[M::mem_pestat] low and high boundaries for proper pairs: (1, 700)
[M::mem_pestat] analyzing insert size distribution for orientation RF...
[M::mem_pestat] (25, 50, 75) percentile: (27, 111, 571)
[M::mem_pestat] low and high boundaries for computing mean and std.dev: (1, 1659)
[M::mem_pestat] mean and std.dev: (158.47, 240.60)
[M::mem_pestat] low and high boundaries for proper pairs: (1, 2203)
[M::mem_pestat] analyzing insert size distribution for orientation RR...
[M::mem_pestat] (25, 50, 75) percentile: (3278, 3592, 3620)
[M::mem_pestat] low and high boundaries for computing mean and std.dev: (2594, 4304)
[M::mem_pestat] mean and std.dev: (3609.21, 241.67)
[M::mem_pestat] low and high boundaries for proper pairs: (2252, 4646)
[M::mem_pestat] skip orientation FF
[M::mem_pestat] skip orientation RF
[M::mem_pestat] skip orientation RR
[M::mem_process_seqs] Processed 1067348 reads in 103.336 CPU sec, 6.690 real sec
[M::mem_pestat] # candidate unique pairs for (FF, FR, RF, RR): (9, 142607, 36, 11)
[M::mem_pestat] skip orientation FF as there are not enough pairs
[M::mem_pestat] analyzing insert size distribution for orientation FR...
[M::mem_pestat] (25, 50, 75) percentile: (295, 345, 397)
[M::mem_pestat] low and high boundaries for computing mean and std.dev: (91, 601)
[M::mem_pestat] mean and std.dev: (347.37, 75.07)
[M::mem_pestat] low and high boundaries for proper pairs: (1, 703)
[M::mem_pestat] analyzing insert size distribution for orientation RF...
[M::mem_pestat] (25, 50, 75) percentile: (25, 56, 166)
[M::mem_pestat] low and high boundaries for computing mean and std.dev: (1, 448)
[M::mem_pestat] mean and std.dev: (84.26, 99.90)
[M::mem_pestat] low and high boundaries for proper pairs: (1, 589)
[M::mem_pestat] analyzing insert size distribution for orientation RR...
[M::mem_pestat] (25, 50, 75) percentile: (1193, 3448, 4075)
[M::mem_pestat] low and high boundaries for computing mean and std.dev: (1, 9839)
[M::mem_pestat] mean and std.dev: (3165.64, 1866.97)
[M::mem_pestat] low and high boundaries for proper pairs: (1, 12721)
[M::mem_pestat] skip orientation RF
[M::mem_pestat] skip orientation RR
[M::mem_process_seqs] Processed 320640 reads in 34.443 CPU sec, 2.240 real sec
[main] Version: 0.7.17-r1188
[main] CMD: bwa mem -t 16 /data/NCBR/projects/NCBR-492/data/manual_analysis/MAGs/SF2_metawrap.bin.1.fa /data/NCBR/projects/NCBR-492/data/manual_analysis/fastp/SF2.trimmed.R1.fastq /data/NCBR/projects/NCBR-492/data/manual_analysis/fastp/SF2.trimmed.R2.fastq
[main] Real time: 250.531 sec; CPU: 3845.474 sec
