gzip: /data/NCBR/projects/NCBR-492/data/manual_analysis/fastp/*.gz: No such file or directory
ln: failed to create symbolic link '/data/NCBR/projects/NCBR-492/data/manual_analysis/fastp/SF12.trimmed_1.fastq': File exists
ln: failed to create symbolic link '/data/NCBR/projects/NCBR-492/data/manual_analysis/fastp/SF12.trimmed_2.fastq': File exists
stty: 'standard input': Inappropriate ioctl for device
rm: cannot remove '/data/NCBR/projects/NCBR-492/data/manual_analysis/binning/SF12/*checkm': No such file or directory
[bwa_index] Pack FASTA... 0.02 sec
[bwa_index] Construct BWT for the packed sequence...
[bwa_index] 0.78 seconds elapse.
[bwa_index] Update BWT... 0.02 sec
[bwa_index] Pack forward-only FASTA... 0.01 sec
[bwa_index] Construct SA from BWT and Occ... 0.29 sec
[main] Version: 0.7.17-r1188
[main] CMD: bwa index /data/NCBR/projects/NCBR-492/data/manual_analysis/binning/SF12/work_files/assembly.fa
[main] Real time: 1.165 sec; CPU: 1.127 sec
[M::mem_pestat] skip orientation FF as there are not enough pairs
[M::mem_pestat] analyzing insert size distribution for orientation FR...
[M::mem_pestat] (25, 50, 75) percentile: (334, 383, 432)
[M::mem_pestat] low and high boundaries for computing mean and std.dev: (138, 628)
[M::mem_pestat] mean and std.dev: (383.31, 74.27)
[M::mem_pestat] low and high boundaries for proper pairs: (40, 726)
[M::mem_pestat] skip orientation RF as there are not enough pairs
[M::mem_pestat] skip orientation RR as there are not enough pairs
[M::mem_pestat] skip orientation FF as there are not enough pairs
[M::mem_pestat] analyzing insert size distribution for orientation FR...
[M::mem_pestat] (25, 50, 75) percentile: (335, 382, 431)
[M::mem_pestat] low and high boundaries for computing mean and std.dev: (143, 623)
[M::mem_pestat] mean and std.dev: (382.85, 73.47)
[M::mem_pestat] low and high boundaries for proper pairs: (47, 719)
[M::mem_pestat] skip orientation RF as there are not enough pairs
[M::mem_pestat] skip orientation RR as there are not enough pairs
[M::mem_pestat] skip orientation FF as there are not enough pairs
[M::mem_pestat] analyzing insert size distribution for orientation FR...
[M::mem_pestat] (25, 50, 75) percentile: (335, 383, 432)
[M::mem_pestat] low and high boundaries for computing mean and std.dev: (141, 626)
[M::mem_pestat] mean and std.dev: (383.37, 74.06)
[M::mem_pestat] low and high boundaries for proper pairs: (44, 723)
[M::mem_pestat] analyzing insert size distribution for orientation RF...
[M::mem_pestat] (25, 50, 75) percentile: (342, 411, 5007)
[M::mem_pestat] low and high boundaries for computing mean and std.dev: (1, 14337)
[M::mem_pestat] mean and std.dev: (1796.10, 2223.14)
[M::mem_pestat] low and high boundaries for proper pairs: (1, 19002)
[M::mem_pestat] skip orientation RR as there are not enough pairs
[M::mem_pestat] skip orientation RF
[M::mem_pestat] skip orientation FF as there are not enough pairs
[M::mem_pestat] analyzing insert size distribution for orientation FR...
[M::mem_pestat] (25, 50, 75) percentile: (334, 383, 432)
[M::mem_pestat] low and high boundaries for computing mean and std.dev: (138, 628)
[M::mem_pestat] mean and std.dev: (383.44, 74.66)
[M::mem_pestat] low and high boundaries for proper pairs: (40, 726)
[M::mem_pestat] skip orientation RF as there are not enough pairs
[M::mem_pestat] skip orientation RR as there are not enough pairs
[M::mem_pestat] analyzing insert size distribution for orientation FF...
[M::mem_pestat] (25, 50, 75) percentile: (137, 6199, 6199)
[M::mem_pestat] low and high boundaries for computing mean and std.dev: (1, 18323)
[M::mem_pestat] mean and std.dev: (3875.80, 2626.82)
[M::mem_pestat] low and high boundaries for proper pairs: (1, 24385)
[M::mem_pestat] analyzing insert size distribution for orientation FR...
[M::mem_pestat] (25, 50, 75) percentile: (335, 383, 431)
[M::mem_pestat] low and high boundaries for computing mean and std.dev: (143, 623)
[M::mem_pestat] mean and std.dev: (383.22, 73.42)
[M::mem_pestat] low and high boundaries for proper pairs: (47, 719)
[M::mem_pestat] skip orientation RF as there are not enough pairs
[M::mem_pestat] skip orientation RR as there are not enough pairs
[M::mem_pestat] skip orientation FF
[M::mem_pestat] skip orientation FF as there are not enough pairs
[M::mem_pestat] analyzing insert size distribution for orientation FR...
[M::mem_pestat] (25, 50, 75) percentile: (335, 383, 432)
[M::mem_pestat] low and high boundaries for computing mean and std.dev: (141, 626)
[M::mem_pestat] mean and std.dev: (383.61, 73.96)
[M::mem_pestat] low and high boundaries for proper pairs: (44, 723)
[M::mem_pestat] skip orientation RF as there are not enough pairs
[M::mem_pestat] skip orientation RR as there are not enough pairs
[M::mem_pestat] skip orientation FF as there are not enough pairs
[M::mem_pestat] analyzing insert size distribution for orientation FR...
[M::mem_pestat] (25, 50, 75) percentile: (334, 383, 432)
[M::mem_pestat] low and high boundaries for computing mean and std.dev: (138, 628)
[M::mem_pestat] mean and std.dev: (383.19, 74.52)
[M::mem_pestat] low and high boundaries for proper pairs: (40, 726)
[M::mem_pestat] skip orientation RF as there are not enough pairs
[M::mem_pestat] skip orientation RR as there are not enough pairs
[M::mem_pestat] skip orientation FF as there are not enough pairs
[M::mem_pestat] analyzing insert size distribution for orientation FR...
[M::mem_pestat] (25, 50, 75) percentile: (334, 383, 431)
[M::mem_pestat] low and high boundaries for computing mean and std.dev: (140, 625)
[M::mem_pestat] mean and std.dev: (382.97, 73.71)
[M::mem_pestat] low and high boundaries for proper pairs: (43, 722)
[M::mem_pestat] skip orientation RF as there are not enough pairs
[M::mem_pestat] skip orientation RR as there are not enough pairs
[M::mem_pestat] skip orientation FF as there are not enough pairs
[M::mem_pestat] analyzing insert size distribution for orientation FR...
[M::mem_pestat] (25, 50, 75) percentile: (335, 383, 432)
[M::mem_pestat] low and high boundaries for computing mean and std.dev: (141, 626)
[M::mem_pestat] mean and std.dev: (383.53, 73.61)
[M::mem_pestat] low and high boundaries for proper pairs: (44, 723)
[M::mem_pestat] analyzing insert size distribution for orientation RF...
[M::mem_pestat] (25, 50, 75) percentile: (402, 4187, 5527)
[M::mem_pestat] low and high boundaries for computing mean and std.dev: (1, 15777)
[M::mem_pestat] mean and std.dev: (3334.38, 2849.24)
[M::mem_pestat] low and high boundaries for proper pairs: (1, 20902)
[M::mem_pestat] skip orientation RR as there are not enough pairs
[M::mem_pestat] skip orientation RF
[M::mem_pestat] skip orientation FF as there are not enough pairs
[M::mem_pestat] analyzing insert size distribution for orientation FR...
[M::mem_pestat] (25, 50, 75) percentile: (335, 384, 433)
[M::mem_pestat] low and high boundaries for computing mean and std.dev: (139, 629)
[M::mem_pestat] mean and std.dev: (383.95, 74.55)
[M::mem_pestat] low and high boundaries for proper pairs: (41, 727)
[M::mem_pestat] skip orientation RF as there are not enough pairs
[M::mem_pestat] skip orientation RR as there are not enough pairs
[M::mem_pestat] skip orientation FF as there are not enough pairs
[M::mem_pestat] analyzing insert size distribution for orientation FR...
[M::mem_pestat] (25, 50, 75) percentile: (334, 383, 432)
[M::mem_pestat] low and high boundaries for computing mean and std.dev: (138, 628)
[M::mem_pestat] mean and std.dev: (383.28, 73.89)
[M::mem_pestat] low and high boundaries for proper pairs: (40, 726)
[M::mem_pestat] skip orientation RF as there are not enough pairs
[M::mem_pestat] skip orientation RR as there are not enough pairs
[M::mem_pestat] skip orientation FF as there are not enough pairs
[M::mem_pestat] analyzing insert size distribution for orientation FR...
[M::mem_pestat] (25, 50, 75) percentile: (334, 382, 431)
[M::mem_pestat] low and high boundaries for computing mean and std.dev: (140, 625)
[M::mem_pestat] mean and std.dev: (382.88, 73.87)
[M::mem_pestat] low and high boundaries for proper pairs: (43, 722)
[M::mem_pestat] skip orientation RF as there are not enough pairs
[M::mem_pestat] skip orientation RR as there are not enough pairs
[M::mem_pestat] skip orientation FF as there are not enough pairs
[M::mem_pestat] analyzing insert size distribution for orientation FR...
[M::mem_pestat] (25, 50, 75) percentile: (328, 379, 429)
[M::mem_pestat] low and high boundaries for computing mean and std.dev: (126, 631)
[M::mem_pestat] mean and std.dev: (379.33, 76.61)
[M::mem_pestat] low and high boundaries for proper pairs: (25, 732)
[M::mem_pestat] skip orientation RF as there are not enough pairs
[M::mem_pestat] skip orientation RR as there are not enough pairs
[M::mem_pestat] skip orientation FF as there are not enough pairs
[M::mem_pestat] analyzing insert size distribution for orientation FR...
[M::mem_pestat] (25, 50, 75) percentile: (332, 382, 433)
[M::mem_pestat] low and high boundaries for computing mean and std.dev: (130, 635)
[M::mem_pestat] mean and std.dev: (382.48, 76.22)
[M::mem_pestat] low and high boundaries for proper pairs: (29, 736)
[M::mem_pestat] skip orientation RF as there are not enough pairs
[M::mem_pestat] skip orientation RR as there are not enough pairs
[M::mem_pestat] skip orientation FF as there are not enough pairs
[M::mem_pestat] analyzing insert size distribution for orientation FR...
[M::mem_pestat] (25, 50, 75) percentile: (329, 380, 430)
[M::mem_pestat] low and high boundaries for computing mean and std.dev: (127, 632)
[M::mem_pestat] mean and std.dev: (380.23, 76.48)
[M::mem_pestat] low and high boundaries for proper pairs: (26, 733)
[M::mem_pestat] skip orientation RF as there are not enough pairs
[M::mem_pestat] skip orientation RR as there are not enough pairs
[M::mem_pestat] skip orientation FF as there are not enough pairs
[M::mem_pestat] analyzing insert size distribution for orientation FR...
[M::mem_pestat] (25, 50, 75) percentile: (330, 380, 430)
[M::mem_pestat] low and high boundaries for computing mean and std.dev: (130, 630)
[M::mem_pestat] mean and std.dev: (380.06, 75.77)
[M::mem_pestat] low and high boundaries for proper pairs: (30, 730)
[M::mem_pestat] skip orientation RF as there are not enough pairs
[M::mem_pestat] skip orientation RR as there are not enough pairs
[M::mem_pestat] skip orientation FF as there are not enough pairs
[M::mem_pestat] analyzing insert size distribution for orientation FR...
[M::mem_pestat] (25, 50, 75) percentile: (333, 383, 433)
[M::mem_pestat] low and high boundaries for computing mean and std.dev: (133, 633)
[M::mem_pestat] mean and std.dev: (383.49, 75.92)
[M::mem_pestat] low and high boundaries for proper pairs: (33, 733)
[M::mem_pestat] skip orientation RF as there are not enough pairs
[M::mem_pestat] skip orientation RR as there are not enough pairs
[M::mem_pestat] skip orientation FF as there are not enough pairs
[M::mem_pestat] analyzing insert size distribution for orientation FR...
[M::mem_pestat] (25, 50, 75) percentile: (329, 380, 430)
[M::mem_pestat] low and high boundaries for computing mean and std.dev: (127, 632)
[M::mem_pestat] mean and std.dev: (379.86, 76.97)
[M::mem_pestat] low and high boundaries for proper pairs: (26, 733)
[M::mem_pestat] skip orientation RF as there are not enough pairs
[M::mem_pestat] skip orientation RR as there are not enough pairs
[M::mem_pestat] skip orientation FF as there are not enough pairs
[M::mem_pestat] analyzing insert size distribution for orientation FR...
[M::mem_pestat] (25, 50, 75) percentile: (334, 384, 433)
[M::mem_pestat] low and high boundaries for computing mean and std.dev: (136, 631)
[M::mem_pestat] mean and std.dev: (383.57, 75.46)
[M::mem_pestat] low and high boundaries for proper pairs: (37, 730)
[M::mem_pestat] skip orientation RF as there are not enough pairs
[M::mem_pestat] skip orientation RR as there are not enough pairs
[M::mem_pestat] skip orientation FF as there are not enough pairs
[M::mem_pestat] analyzing insert size distribution for orientation FR...
[M::mem_pestat] (25, 50, 75) percentile: (331, 381, 432)
[M::mem_pestat] low and high boundaries for computing mean and std.dev: (129, 634)
[M::mem_pestat] mean and std.dev: (381.56, 76.97)
[M::mem_pestat] low and high boundaries for proper pairs: (28, 735)
[M::mem_pestat] skip orientation RF as there are not enough pairs
[M::mem_pestat] skip orientation RR as there are not enough pairs
[M::mem_pestat] skip orientation FF as there are not enough pairs
[M::mem_pestat] analyzing insert size distribution for orientation FR...
[M::mem_pestat] (25, 50, 75) percentile: (333, 383, 433)
[M::mem_pestat] low and high boundaries for computing mean and std.dev: (133, 633)
[M::mem_pestat] mean and std.dev: (383.39, 75.75)
[M::mem_pestat] low and high boundaries for proper pairs: (33, 733)
[M::mem_pestat] skip orientation RF as there are not enough pairs
[M::mem_pestat] skip orientation RR as there are not enough pairs
[M::mem_pestat] skip orientation FF as there are not enough pairs
[M::mem_pestat] analyzing insert size distribution for orientation FR...
[M::mem_pestat] (25, 50, 75) percentile: (334, 383, 434)
[M::mem_pestat] low and high boundaries for computing mean and std.dev: (134, 634)
[M::mem_pestat] mean and std.dev: (384.18, 75.81)
[M::mem_pestat] low and high boundaries for proper pairs: (34, 734)
[M::mem_pestat] skip orientation RF as there are not enough pairs
[M::mem_pestat] skip orientation RR as there are not enough pairs
[M::mem_pestat] skip orientation FF as there are not enough pairs
[M::mem_pestat] analyzing insert size distribution for orientation FR...
[M::mem_pestat] (25, 50, 75) percentile: (325, 375, 424)
[M::mem_pestat] low and high boundaries for computing mean and std.dev: (127, 622)
[M::mem_pestat] mean and std.dev: (374.67, 74.59)
[M::mem_pestat] low and high boundaries for proper pairs: (28, 721)
[M::mem_pestat] skip orientation RF as there are not enough pairs
[M::mem_pestat] skip orientation RR as there are not enough pairs
[M::mem_pestat] skip orientation FF as there are not enough pairs
[M::mem_pestat] analyzing insert size distribution for orientation FR...
[M::mem_pestat] (25, 50, 75) percentile: (326, 375, 424)
[M::mem_pestat] low and high boundaries for computing mean and std.dev: (130, 620)
[M::mem_pestat] mean and std.dev: (375.11, 74.48)
[M::mem_pestat] low and high boundaries for proper pairs: (32, 718)
[M::mem_pestat] skip orientation RF as there are not enough pairs
[M::mem_pestat] skip orientation RR as there are not enough pairs
[M::mem_pestat] skip orientation FF as there are not enough pairs
[M::mem_pestat] analyzing insert size distribution for orientation FR...
[M::mem_pestat] (25, 50, 75) percentile: (326, 376, 425)
[M::mem_pestat] low and high boundaries for computing mean and std.dev: (128, 623)
[M::mem_pestat] mean and std.dev: (375.73, 75.03)
[M::mem_pestat] low and high boundaries for proper pairs: (29, 722)
[M::mem_pestat] analyzing insert size distribution for orientation RF...
[M::mem_pestat] (25, 50, 75) percentile: (404, 468, 1297)
[M::mem_pestat] low and high boundaries for computing mean and std.dev: (1, 3083)
[M::mem_pestat] mean and std.dev: (692.10, 396.86)
[M::mem_pestat] low and high boundaries for proper pairs: (1, 3976)
[M::mem_pestat] skip orientation RR as there are not enough pairs
[M::mem_pestat] skip orientation RF
[M::mem_pestat] skip orientation FF as there are not enough pairs
[M::mem_pestat] analyzing insert size distribution for orientation FR...
[M::mem_pestat] (25, 50, 75) percentile: (326, 375, 425)
[M::mem_pestat] low and high boundaries for computing mean and std.dev: (128, 623)
[M::mem_pestat] mean and std.dev: (375.58, 74.74)
[M::mem_pestat] low and high boundaries for proper pairs: (29, 722)
[M::mem_pestat] skip orientation RF as there are not enough pairs
[M::mem_pestat] skip orientation RR as there are not enough pairs
[M::mem_pestat] skip orientation FF as there are not enough pairs
[M::mem_pestat] analyzing insert size distribution for orientation FR...
[M::mem_pestat] (25, 50, 75) percentile: (326, 376, 425)
[M::mem_pestat] low and high boundaries for computing mean and std.dev: (128, 623)
[M::mem_pestat] mean and std.dev: (376.25, 74.94)
[M::mem_pestat] low and high boundaries for proper pairs: (29, 722)
[M::mem_pestat] skip orientation RF as there are not enough pairs
[M::mem_pestat] skip orientation RR as there are not enough pairs
[M::mem_pestat] skip orientation FF as there are not enough pairs
[M::mem_pestat] analyzing insert size distribution for orientation FR...
[M::mem_pestat] (25, 50, 75) percentile: (326, 375, 424)
[M::mem_pestat] low and high boundaries for computing mean and std.dev: (130, 620)
[M::mem_pestat] mean and std.dev: (375.52, 74.41)
[M::mem_pestat] low and high boundaries for proper pairs: (32, 718)
[M::mem_pestat] skip orientation RF as there are not enough pairs
[M::mem_pestat] skip orientation RR as there are not enough pairs
[M::mem_pestat] skip orientation FF as there are not enough pairs
[M::mem_pestat] analyzing insert size distribution for orientation FR...
[M::mem_pestat] (25, 50, 75) percentile: (328, 377, 426)
[M::mem_pestat] low and high boundaries for computing mean and std.dev: (132, 622)
[M::mem_pestat] mean and std.dev: (376.90, 74.25)
[M::mem_pestat] low and high boundaries for proper pairs: (34, 720)
[M::mem_pestat] skip orientation RF as there are not enough pairs
[M::mem_pestat] skip orientation RR as there are not enough pairs
[M::mem_pestat] skip orientation FF as there are not enough pairs
[M::mem_pestat] analyzing insert size distribution for orientation FR...
[M::mem_pestat] (25, 50, 75) percentile: (326, 376, 425)
[M::mem_pestat] low and high boundaries for computing mean and std.dev: (128, 623)
[M::mem_pestat] mean and std.dev: (375.85, 75.38)
[M::mem_pestat] low and high boundaries for proper pairs: (29, 722)
[M::mem_pestat] skip orientation RF as there are not enough pairs
[M::mem_pestat] skip orientation RR as there are not enough pairs
[M::mem_pestat] skip orientation FF as there are not enough pairs
[M::mem_pestat] analyzing insert size distribution for orientation FR...
[M::mem_pestat] (25, 50, 75) percentile: (324, 374, 424)
[M::mem_pestat] low and high boundaries for computing mean and std.dev: (124, 624)
[M::mem_pestat] mean and std.dev: (374.22, 75.90)
[M::mem_pestat] low and high boundaries for proper pairs: (24, 724)
[M::mem_pestat] skip orientation RF as there are not enough pairs
[M::mem_pestat] skip orientation RR as there are not enough pairs
[M::mem_pestat] skip orientation FF as there are not enough pairs
[M::mem_pestat] analyzing insert size distribution for orientation FR...
[M::mem_pestat] (25, 50, 75) percentile: (322, 373, 423)
[M::mem_pestat] low and high boundaries for computing mean and std.dev: (120, 625)
[M::mem_pestat] mean and std.dev: (373.31, 76.17)
[M::mem_pestat] low and high boundaries for proper pairs: (19, 726)
[M::mem_pestat] skip orientation RF as there are not enough pairs
[M::mem_pestat] skip orientation RR as there are not enough pairs
[M::mem_pestat] skip orientation FF as there are not enough pairs
[M::mem_pestat] analyzing insert size distribution for orientation FR...
[M::mem_pestat] (25, 50, 75) percentile: (323, 374, 424)
[M::mem_pestat] low and high boundaries for computing mean and std.dev: (121, 626)
[M::mem_pestat] mean and std.dev: (374.15, 76.30)
[M::mem_pestat] low and high boundaries for proper pairs: (20, 727)
[M::mem_pestat] skip orientation RF as there are not enough pairs
[M::mem_pestat] skip orientation RR as there are not enough pairs
[M::mem_pestat] skip orientation FF as there are not enough pairs
[M::mem_pestat] analyzing insert size distribution for orientation FR...
[M::mem_pestat] (25, 50, 75) percentile: (323, 373, 423)
[M::mem_pestat] low and high boundaries for computing mean and std.dev: (123, 623)
[M::mem_pestat] mean and std.dev: (373.36, 76.03)
[M::mem_pestat] low and high boundaries for proper pairs: (23, 723)
[M::mem_pestat] skip orientation RF as there are not enough pairs
[M::mem_pestat] skip orientation RR as there are not enough pairs
[M::mem_pestat] skip orientation FF as there are not enough pairs
[M::mem_pestat] analyzing insert size distribution for orientation FR...
[M::mem_pestat] (25, 50, 75) percentile: (324, 374, 424)
[M::mem_pestat] low and high boundaries for computing mean and std.dev: (124, 624)
[M::mem_pestat] mean and std.dev: (374.28, 76.06)
[M::mem_pestat] low and high boundaries for proper pairs: (24, 724)
[M::mem_pestat] analyzing insert size distribution for orientation RF...
[M::mem_pestat] (25, 50, 75) percentile: (402, 410, 5380)
[M::mem_pestat] low and high boundaries for computing mean and std.dev: (1, 15336)
[M::mem_pestat] mean and std.dev: (2852.15, 3520.86)
[M::mem_pestat] low and high boundaries for proper pairs: (1, 20314)
[M::mem_pestat] skip orientation RR as there are not enough pairs
[M::mem_pestat] skip orientation RF
[M::mem_pestat] skip orientation FF as there are not enough pairs
[M::mem_pestat] analyzing insert size distribution for orientation FR...
[M::mem_pestat] (25, 50, 75) percentile: (327, 377, 427)
[M::mem_pestat] low and high boundaries for computing mean and std.dev: (127, 627)
[M::mem_pestat] mean and std.dev: (377.29, 76.09)
[M::mem_pestat] low and high boundaries for proper pairs: (27, 727)
[M::mem_pestat] skip orientation RF as there are not enough pairs
[M::mem_pestat] skip orientation RR as there are not enough pairs
[main] Version: 0.7.17-r1188
[main] CMD: bwa mem -v 1 -t 16 /data/NCBR/projects/NCBR-492/data/manual_analysis/binning/SF12/work_files/assembly.fa /data/NCBR/projects/NCBR-492/data/manual_analysis/fastp/SF12.trimmed_1.fastq /data/NCBR/projects/NCBR-492/data/manual_analysis/fastp/SF12.trimmed_2.fastq
[main] Real time: 421.068 sec; CPU: 5081.035 sec
[bam_sort_core] merging from 16 files and 16 in-memory blocks...
Output depth matrix to /data/NCBR/projects/NCBR-492/data/manual_analysis/binning/SF12/work_files/metabat_depth.txt
Output matrix to /data/NCBR/projects/NCBR-492/data/manual_analysis/binning/SF12/work_files/metabat_depth.txt
Opening 1 bams
Consolidating headers
Processing bam files
Thread 0 finished: SF12.trimmed.bam with 39036994 reads and 38524134 readsWellMapped
Creating depth matrix file: /data/NCBR/projects/NCBR-492/data/manual_analysis/binning/SF12/work_files/metabat_depth.txt
Closing most bam files
Closing last bam file
Finished
Output depth matrix to /data/NCBR/projects/NCBR-492/data/manual_analysis/binning/SF12/work_files/mb2_master_depth.txt
Calculating intra contig depth variance
Output matrix to /data/NCBR/projects/NCBR-492/data/manual_analysis/binning/SF12/work_files/mb2_master_depth.txt
Opening 1 bams
Consolidating headers
Processing bam files
Thread 0 finished: SF12.trimmed.bam with 39036994 reads and 38524134 readsWellMapped
Creating depth matrix file: /data/NCBR/projects/NCBR-492/data/manual_analysis/binning/SF12/work_files/mb2_master_depth.txt
Closing most bam files
Closing last bam file
Finished
/data/NCBR/apps/genome-assembly/conda/envs/metawrap-env/bin/concoct_coverage_table.py:48: FutureWarning: read_table is deprecated, use read_csv instead, passing sep='\t'.
  df = pd.read_table(fh, header=None)
Up and running. Check /data/NCBR/projects/NCBR-492/data/manual_analysis/binning/SF12/work_files/concoct_out/log.txt for progress
/data/NCBR/apps/genome-assembly/conda/envs/metawrap-env/lib/python2.7/site-packages/concoct/input.py:82: FutureWarning: read_table is deprecated, use read_csv instead, passing sep='\t'.
  cov = p.read_table(cov_file, header=0, index_col=0)
Setting 16 OMP threads
Generate input data
0,-253484.223504,402755.902762
1,-82037.884196,171446.339309
2,-45980.651770,36057.232426
3,-31798.322856,14182.328914
4,-29445.322147,2353.000710
5,-29415.977979,29.344167
6,-27079.805668,2336.172311
7,-27076.047587,3.758081
8,-27070.412627,5.634960
9,-27068.149211,2.263416
10,-27067.877373,0.271838
11,-27067.695717,0.181655
12,-27066.628723,1.066994
13,-27066.210667,0.418056
14,-27066.341116,0.130449
15,-27066.463767,0.122651
16,-27065.959653,0.504114
17,-27065.883013,0.076640
18,-27065.828974,0.054038
19,-27065.941931,0.112956
20,-27065.940845,0.001086
21,-27065.625522,0.315323
22,-27065.579269,0.046253
23,-27065.620992,0.041723
24,-27065.801585,0.180593
25,-27065.697143,0.104442
26,-27065.688308,0.008835
27,-27065.735222,0.046914
28,-27065.752400,0.017178
29,-27065.754495,0.002096
30,-27065.755467,0.000972
31,-27065.756296,0.000829
32,-27065.756782,0.000486
33,-27065.757030,0.000248
34,-27065.757154,0.000124
35,-27065.757216,0.000062
CONCOCT Finished, the log shows how it went.
NODE_11_length_119990_cov_729.815683	[('0', 9), ('5', 2)], chosen: 0
NODE_1_length_1843371_cov_649.137038	[('0', 128), ('2', 3), ('5', 51), ('7', 1), ('6', 1)], chosen: 0
NODE_8_length_182155_cov_675.833377	[('0', 16), ('5', 2)], chosen: 0
NODE_14_length_22119_cov_725.562908	[('0', 2)]
NODE_5_length_356863_cov_689.469278	[('0', 29), ('2', 2), ('5', 4)], chosen: 0
NODE_12_length_36822_cov_776.957598	[('0', 1), ('5', 2)], chosen: 5
NODE_6_length_306616_cov_739.243462	[('0', 23), ('2', 1), ('5', 6)], chosen: 0
NODE_13_length_31726_cov_721.874017	[('0', 3)]
NODE_4_length_438856_cov_721.824757	[('0', 28), ('5', 15)], chosen: 0
NODE_9_length_177239_cov_742.978429	[('9', 2), ('0', 14), ('5', 1)], chosen: 0
NODE_2_length_687113_cov_735.397643	[('1', 1), ('0', 55), ('5', 11), ('8', 1)], chosen: 0
NODE_7_length_213944_cov_680.758244	[('0', 13), ('5', 8)], chosen: 0
NODE_10_length_127337_cov_657.417145	[('0', 10), ('5', 2)], chosen: 0
NODE_3_length_577194_cov_728.717952	[('0', 46), ('2', 1), ('5', 10)], chosen: 0

real	11m33.196s
user	92m23.433s
sys	4m54.290s
